2026-07-03 00:13:06,958  INFO      [AAPL] Process started  PID=17484
2026-07-03 00:13:08,114  INFO      [AAPL] Config loaded — max alloc 35%  stop 2.0%
2026-07-03 00:13:08,114  INFO      [BOT] Alpaca GA Trading Bot starting up
2026-07-03 00:13:08,115  INFO         Mode    : PAPER
2026-07-03 00:13:08,115  INFO         Ticker  : AAPL
2026-07-03 00:13:08,115  INFO         Chromosome : AAPL_best_chromosome.csv
2026-07-03 00:13:08,117  INFO      Alpaca clients initialised  [[PAPER] PAPER MODE]
2026-07-03 00:13:08,126  INFO      Chromosome loaded from AAPL_best_chromosome.csv  (24 genes)
2026-07-03 00:13:08,325  INFO      Market closed. Next open in 60 min. Sleeping...
2026-07-03 01:17:18,371  INFO      Market closed. Next open in 60 min. Sleeping...
2026-07-03 02:17:18,843  INFO      Market closed. Next open in 60 min. Sleeping...
2026-07-03 03:17:19,052  INFO      Market closed. Next open in 60 min. Sleeping...
2026-07-03 04:17:19,373  INFO      Market closed. Next open in 60 min. Sleeping...
2026-07-03 05:17:21,100  INFO      Market closed. Next open in 60 min. Sleeping...
2026-07-03 06:17:21,302  INFO      Market closed. Next open in 60 min. Sleeping...
2026-07-03 07:17:21,497  INFO      Market closed. Next open in 60 min. Sleeping...
2026-07-03 08:17:21,705  INFO      Market closed. Next open in 60 min. Sleeping...
2026-07-03 09:17:21,906  INFO      Market closed. Next open in 60 min. Sleeping...
2026-07-03 10:17:22,108  INFO      Market closed. Next open in 60 min. Sleeping...
2026-07-03 11:17:22,305  INFO      Market closed. Next open in 60 min. Sleeping...
2026-07-03 12:17:22,534  INFO      Market closed. Next open in 60 min. Sleeping...
2026-07-03 12:25:48,554  INFO      [AAPL] Process started  PID=29600
2026-07-03 12:25:49,697  INFO      [AAPL] Config loaded — max alloc 35%  stop 2.0%
2026-07-03 12:25:49,697  INFO      [BOT] Alpaca GA Trading Bot starting up
2026-07-03 12:25:49,697  INFO         Mode    : PAPER
2026-07-03 12:25:49,697  INFO         Ticker  : AAPL
2026-07-03 12:25:49,697  INFO         Chromosome : AAPL_best_chromosome.csv
2026-07-03 12:25:49,699  INFO      Alpaca clients initialised  [[PAPER] PAPER MODE]
2026-07-03 12:25:49,707  INFO      Chromosome loaded from AAPL_best_chromosome.csv  (24 genes)
2026-07-03 12:25:49,921  INFO      Market closed. Next open in 60 min. Sleeping...
2026-07-03 13:25:50,130  INFO      Market closed. Next open in 60 min. Sleeping...
2026-07-03 14:25:50,328  INFO      Market closed. Next open in 60 min. Sleeping...
2026-07-03 15:25:50,532  INFO      Market closed. Next open in 60 min. Sleeping...
2026-07-03 16:25:50,726  INFO      Market closed. Next open in 60 min. Sleeping...
2026-07-03 17:25:50,927  INFO      Market closed. Next open in 60 min. Sleeping...
2026-07-03 17:56:49,562  INFO      [AAPL] Process started  PID=29048
2026-07-03 17:56:50,690  INFO      [AAPL] Config loaded — max alloc 35%  stop 2.0%
2026-07-03 17:56:50,690  INFO      [BOT] Alpaca GA Trading Bot starting up
2026-07-03 17:56:50,690  INFO         Mode    : PAPER
2026-07-03 17:56:50,691  INFO         Ticker  : AAPL
2026-07-03 17:56:50,691  INFO         Chromosome : AAPL_best_chromosome.csv
2026-07-03 17:56:50,692  INFO      Alpaca clients initialised  [[PAPER] PAPER MODE]
2026-07-03 17:56:50,699  INFO      Chromosome loaded from AAPL_best_chromosome.csv  (24 genes)
2026-07-03 17:56:50,900  INFO      Market closed. Next open in 60 min. Sleeping...
2026-07-04 17:35:33,604  INFO      [AAPL] Process started  PID=40768
2026-07-04 17:35:34,804  INFO      [AAPL] Config loaded — max alloc 35%  stop 2.0%
2026-07-04 17:35:34,804  INFO      [BOT] Alpaca GA Trading Bot starting up
2026-07-04 17:35:34,805  INFO         Mode    : PAPER
2026-07-04 17:35:34,805  INFO         Ticker  : AAPL
2026-07-04 17:35:34,805  INFO         Chromosome : AAPL_best_chromosome.csv
2026-07-04 17:35:34,807  INFO      Alpaca clients initialised  [[PAPER] PAPER MODE]
2026-07-04 17:35:34,818  INFO      Chromosome loaded from AAPL_best_chromosome.csv  (24 genes)
2026-07-04 17:35:35,006  INFO      Market closed. Next open in 60 min. Sleeping...
2026-07-04 17:49:37,313  INFO      Bot stopped by user (KeyboardInterrupt)
2026-07-04 17:49:37,316  INFO      [AAPL] Process exiting
2026-07-04 17:49:57,569  INFO      [AAPL] Process started  PID=37404
2026-07-04 17:49:58,753  INFO      [AAPL] Config loaded — max alloc 35%  stop 2.0%
2026-07-04 17:49:58,753  INFO      [BOT] Alpaca GA Trading Bot starting up
2026-07-04 17:49:58,753  INFO         Mode    : PAPER
2026-07-04 17:49:58,753  INFO         Ticker  : AAPL
2026-07-04 17:49:58,753  INFO         Chromosome : AAPL_best_chromosome.csv
2026-07-04 17:49:58,754  INFO      Alpaca clients initialised  [[PAPER] PAPER MODE]
2026-07-04 17:49:58,756  INFO      Chromosome loaded from AAPL_best_chromosome.csv  (24 genes)
2026-07-04 17:49:58,945  INFO      Market closed. Next open in 60 min. Sleeping...
2026-07-04 18:49:59,135  INFO      Market closed. Next open in 60 min. Sleeping...
2026-07-04 19:49:59,334  INFO      Market closed. Next open in 60 min. Sleeping...
2026-07-04 20:49:59,517  INFO      Market closed. Next open in 60 min. Sleeping...
2026-07-04 21:49:59,720  INFO      Market closed. Next open in 60 min. Sleeping...
2026-07-04 22:50:02,605  INFO      Market closed. Next open in 60 min. Sleeping...
2026-07-04 23:50:02,794  INFO      Market closed. Next open in 60 min. Sleeping...
2026-07-05 00:50:02,993  INFO      Market closed. Next open in 60 min. Sleeping...
2026-07-05 01:50:03,191  INFO      Market closed. Next open in 60 min. Sleeping...
2026-07-05 02:50:03,390  INFO      Market closed. Next open in 60 min. Sleeping...
2026-07-05 03:50:03,576  INFO      Market closed. Next open in 60 min. Sleeping...
2026-07-05 04:50:03,766  INFO      Market closed. Next open in 60 min. Sleeping...
2026-07-05 05:50:03,965  INFO      Market closed. Next open in 60 min. Sleeping...
2026-07-05 06:50:04,166  INFO      Market closed. Next open in 60 min. Sleeping...
2026-07-05 07:50:04,355  INFO      Market closed. Next open in 60 min. Sleeping...
2026-07-05 08:50:04,543  INFO      Market closed. Next open in 60 min. Sleeping...
2026-07-05 09:50:04,734  INFO      Market closed. Next open in 60 min. Sleeping...
2026-07-05 10:50:04,939  INFO      Market closed. Next open in 60 min. Sleeping...
2026-07-05 11:50:05,136  INFO      Market closed. Next open in 60 min. Sleeping...
2026-07-05 12:50:05,323  INFO      Market closed. Next open in 60 min. Sleeping...
2026-07-05 13:50:05,519  INFO      Market closed. Next open in 60 min. Sleeping...
2026-07-05 14:50:05,815  INFO      Market closed. Next open in 60 min. Sleeping...
2026-07-05 15:50:06,010  INFO      Market closed. Next open in 60 min. Sleeping...
2026-07-05 16:50:06,201  INFO      Market closed. Next open in 60 min. Sleeping...
2026-07-05 17:14:44,002  INFO      [AAPL] Process started  PID=38832
2026-07-05 17:14:45,243  INFO      [AAPL] Config loaded — max alloc 35%  stop 2.0%
2026-07-05 17:14:45,243  INFO      [BOT] Alpaca GA Trading Bot starting up
2026-07-05 17:14:45,243  INFO         Mode    : PAPER
2026-07-05 17:14:45,243  INFO         Ticker  : AAPL
2026-07-05 17:14:45,244  INFO         Chromosome : AAPL_best_chromosome.csv
2026-07-05 17:14:45,246  INFO      Alpaca clients initialised  [[PAPER] PAPER MODE]
2026-07-05 17:14:45,254  INFO      Chromosome loaded from AAPL_best_chromosome.csv  (24 genes)
2026-07-05 17:14:45,481  INFO      Market closed. Next open in 60 min. Sleeping...
2026-07-05 17:17:25,021  INFO      Bot stopped by user (KeyboardInterrupt)
2026-07-05 17:17:25,025  INFO      [AAPL] Process exiting
2026-07-05 17:19:07,103  INFO      [AAPL] Process started  PID=51648
2026-07-05 17:19:08,278  INFO      [AAPL] Config loaded — max alloc 35%  stop 2.0%
2026-07-05 17:19:08,278  INFO      [BOT] Alpaca GA Trading Bot starting up
2026-07-05 17:19:08,278  INFO         Mode    : PAPER
2026-07-05 17:19:08,278  INFO         Ticker  : AAPL
2026-07-05 17:19:08,278  INFO         Chromosome : AAPL_best_chromosome.csv
2026-07-05 17:19:08,280  INFO      Alpaca clients initialised  [[PAPER] PAPER MODE]
2026-07-05 17:19:08,281  INFO      Chromosome loaded from AAPL_best_chromosome.csv  (24 genes)
2026-07-05 17:19:08,475  INFO      Market closed. Next open in 60 min. Sleeping...
2026-07-05 18:19:08,663  INFO      Market closed. Next open in 60 min. Sleeping...
2026-07-05 18:26:45,852  INFO      [AAPL] Process started  PID=36532
2026-07-05 18:26:47,057  INFO      [AAPL] Config loaded — max alloc 35%  stop 2.0%
2026-07-05 18:26:47,057  INFO      [BOT] Alpaca GA Trading Bot starting up
2026-07-05 18:26:47,057  INFO         Mode    : PAPER
2026-07-05 18:26:47,058  INFO         Ticker  : AAPL
2026-07-05 18:26:47,058  INFO         Chromosome : AAPL_best_chromosome.csv
2026-07-05 18:26:47,060  INFO      Alpaca clients initialised  [[PAPER] PAPER MODE]
2026-07-05 18:26:47,061  INFO      Chromosome loaded from AAPL_best_chromosome.csv  (24 genes)
2026-07-05 18:26:47,245  INFO      Market closed. Next open in 60 min. Sleeping...
2026-07-05 18:35:34,103  INFO      [AAPL] Process started  PID=59244
2026-07-05 18:35:35,297  INFO      [AAPL] Config loaded — max alloc 35%  stop 2.0%
2026-07-05 18:35:35,297  INFO      [BOT] Alpaca GA Trading Bot starting up
2026-07-05 18:35:35,297  INFO         Mode    : PAPER
2026-07-05 18:35:35,297  INFO         Ticker  : AAPL
2026-07-05 18:35:35,297  INFO         Chromosome : AAPL_best_chromosome.csv
2026-07-05 18:35:35,299  INFO      Alpaca clients initialised  [[PAPER] PAPER MODE]
2026-07-05 18:35:35,301  INFO      Chromosome loaded from AAPL_best_chromosome.csv  (24 genes)
2026-07-05 18:35:35,490  INFO      Market closed. Next open in 60 min. Sleeping...
2026-07-05 19:35:35,700  INFO      Market closed. Next open in 60 min. Sleeping...
2026-07-05 20:35:35,886  INFO      Market closed. Next open in 60 min. Sleeping...
2026-07-05 21:35:36,105  INFO      Market closed. Next open in 60 min. Sleeping...
