2026-07-02 19:49:42,686  INFO      [AMZN] Process started  PID=29044
2026-07-02 19:49:43,890  INFO      [AMZN] Config loaded — max alloc 35%  stop 2.0%
2026-07-02 19:49:43,890  INFO      [BOT] Alpaca GA Trading Bot starting up
2026-07-02 19:49:43,890  INFO         Mode    : PAPER
2026-07-02 19:49:43,891  INFO         Ticker  : AMZN
2026-07-02 19:49:43,891  INFO         Chromosome : AMZN_best_chromosome.csv
2026-07-02 19:49:43,893  INFO      Alpaca clients initialised  [[PAPER] PAPER MODE]
2026-07-02 19:49:43,903  INFO      Chromosome loaded from AMZN_best_chromosome.csv  (24 genes)
2026-07-02 19:49:44,100  INFO      Market closed. Next open in 60 min. Sleeping...
2026-07-02 20:49:44,362  INFO      Market closed. Next open in 60 min. Sleeping...
2026-07-02 21:49:59,673  INFO      Market closed. Next open in 60 min. Sleeping...
2026-07-02 22:49:59,888  INFO      Market closed. Next open in 60 min. Sleeping...
2026-07-02 23:40:25,493  INFO      [AMZN] Process started  PID=13348
2026-07-02 23:40:26,879  INFO      [AMZN] Config loaded — max alloc 35%  stop 2.0%
2026-07-02 23:40:26,879  INFO      [BOT] Alpaca GA Trading Bot starting up
2026-07-02 23:40:26,879  INFO         Mode    : PAPER
2026-07-02 23:40:26,879  INFO         Ticker  : AMZN
2026-07-02 23:40:26,879  INFO         Chromosome : AMZN_best_chromosome.csv
2026-07-02 23:40:26,881  INFO      Alpaca clients initialised  [[PAPER] PAPER MODE]
2026-07-02 23:40:26,890  INFO      Chromosome loaded from AMZN_best_chromosome.csv  (24 genes)
2026-07-02 23:40:27,122  INFO      Market closed. Next open in 60 min. Sleeping...
2026-07-03 00:00:12,536  INFO      [AMZN] Process started  PID=26716
2026-07-03 00:00:13,716  INFO      [AMZN] Config loaded — max alloc 35%  stop 2.0%
2026-07-03 00:00:13,717  INFO      [BOT] Alpaca GA Trading Bot starting up
2026-07-03 00:00:13,717  INFO         Mode    : PAPER
2026-07-03 00:00:13,717  INFO         Ticker  : AMZN
2026-07-03 00:00:13,717  INFO         Chromosome : AMZN_best_chromosome.csv
2026-07-03 00:00:13,719  INFO      Alpaca clients initialised  [[PAPER] PAPER MODE]
2026-07-03 00:00:13,720  INFO      Chromosome loaded from AMZN_best_chromosome.csv  (24 genes)
2026-07-03 00:00:13,955  INFO      Market closed. Next open in 60 min. Sleeping...
2026-07-03 00:12:28,965  INFO      Bot stopped by user (KeyboardInterrupt)
2026-07-03 00:12:28,970  INFO      [AMZN] Process exiting
2026-07-03 00:13:02,947  INFO      [AMZN] Process started  PID=22156
2026-07-03 00:13:04,101  INFO      [AMZN] Config loaded — max alloc 35%  stop 2.0%
2026-07-03 00:13:04,101  INFO      [BOT] Alpaca GA Trading Bot starting up
2026-07-03 00:13:04,101  INFO         Mode    : PAPER
2026-07-03 00:13:04,102  INFO         Ticker  : AMZN
2026-07-03 00:13:04,102  INFO         Chromosome : AMZN_best_chromosome.csv
2026-07-03 00:13:04,103  INFO      Alpaca clients initialised  [[PAPER] PAPER MODE]
2026-07-03 00:13:04,105  INFO      Chromosome loaded from AMZN_best_chromosome.csv  (24 genes)
2026-07-03 00:13:04,320  INFO      Market closed. Next open in 60 min. Sleeping...
2026-07-03 01:17:14,349  INFO      Market closed. Next open in 60 min. Sleeping...
2026-07-03 02:17:14,548  INFO      Market closed. Next open in 60 min. Sleeping...
2026-07-03 03:17:14,743  INFO      Market closed. Next open in 60 min. Sleeping...
2026-07-03 04:17:15,157  INFO      Market closed. Next open in 60 min. Sleeping...
2026-07-03 05:17:16,873  INFO      Market closed. Next open in 60 min. Sleeping...
2026-07-03 06:17:17,099  INFO      Market closed. Next open in 60 min. Sleeping...
2026-07-03 07:17:17,296  INFO      Market closed. Next open in 60 min. Sleeping...
2026-07-03 08:17:17,512  INFO      Market closed. Next open in 60 min. Sleeping...
2026-07-03 09:17:17,719  INFO      Market closed. Next open in 60 min. Sleeping...
2026-07-03 10:17:17,917  INFO      Market closed. Next open in 60 min. Sleeping...
2026-07-03 11:17:18,115  INFO      Market closed. Next open in 60 min. Sleeping...
2026-07-03 12:17:18,327  INFO      Market closed. Next open in 60 min. Sleeping...
2026-07-03 12:25:44,541  INFO      [AMZN] Process started  PID=24032
2026-07-03 12:25:45,691  INFO      [AMZN] Config loaded — max alloc 35%  stop 2.0%
2026-07-03 12:25:45,691  INFO      [BOT] Alpaca GA Trading Bot starting up
2026-07-03 12:25:45,691  INFO         Mode    : PAPER
2026-07-03 12:25:45,691  INFO         Ticker  : AMZN
2026-07-03 12:25:45,691  INFO         Chromosome : AMZN_best_chromosome.csv
2026-07-03 12:25:45,693  INFO      Alpaca clients initialised  [[PAPER] PAPER MODE]
2026-07-03 12:25:45,702  INFO      Chromosome loaded from AMZN_best_chromosome.csv  (24 genes)
2026-07-03 12:25:46,032  INFO      Market closed. Next open in 60 min. Sleeping...
2026-07-03 13:25:46,240  INFO      Market closed. Next open in 60 min. Sleeping...
2026-07-03 14:25:46,441  INFO      Market closed. Next open in 60 min. Sleeping...
2026-07-03 15:25:46,646  INFO      Market closed. Next open in 60 min. Sleeping...
2026-07-03 16:25:46,840  INFO      Market closed. Next open in 60 min. Sleeping...
2026-07-03 17:25:47,041  INFO      Market closed. Next open in 60 min. Sleeping...
2026-07-03 17:56:45,559  INFO      [AMZN] Process started  PID=29564
2026-07-03 17:56:46,677  INFO      [AMZN] Config loaded — max alloc 35%  stop 2.0%
2026-07-03 17:56:46,677  INFO      [BOT] Alpaca GA Trading Bot starting up
2026-07-03 17:56:46,677  INFO         Mode    : PAPER
2026-07-03 17:56:46,677  INFO         Ticker  : AMZN
2026-07-03 17:56:46,677  INFO         Chromosome : AMZN_best_chromosome.csv
2026-07-03 17:56:46,679  INFO      Alpaca clients initialised  [[PAPER] PAPER MODE]
2026-07-03 17:56:46,691  INFO      Chromosome loaded from AMZN_best_chromosome.csv  (24 genes)
2026-07-03 17:56:46,893  INFO      Market closed. Next open in 60 min. Sleeping...
2026-07-04 17:35:29,589  INFO      [AMZN] Process started  PID=36172
2026-07-04 17:35:30,768  INFO      [AMZN] Config loaded — max alloc 35%  stop 2.0%
2026-07-04 17:35:30,769  INFO      [BOT] Alpaca GA Trading Bot starting up
2026-07-04 17:35:30,769  INFO         Mode    : PAPER
2026-07-04 17:35:30,769  INFO         Ticker  : AMZN
2026-07-04 17:35:30,769  INFO         Chromosome : AMZN_best_chromosome.csv
2026-07-04 17:35:30,771  INFO      Alpaca clients initialised  [[PAPER] PAPER MODE]
2026-07-04 17:35:30,779  INFO      Chromosome loaded from AMZN_best_chromosome.csv  (24 genes)
2026-07-04 17:35:30,971  INFO      Market closed. Next open in 60 min. Sleeping...
2026-07-04 17:49:37,313  INFO      Bot stopped by user (KeyboardInterrupt)
2026-07-04 17:49:37,317  INFO      [AMZN] Process exiting
2026-07-04 17:49:53,561  INFO      [AMZN] Process started  PID=40036
2026-07-04 17:49:54,770  INFO      [AMZN] Config loaded — max alloc 35%  stop 2.0%
2026-07-04 17:49:54,770  INFO      [BOT] Alpaca GA Trading Bot starting up
2026-07-04 17:49:54,770  INFO         Mode    : PAPER
2026-07-04 17:49:54,770  INFO         Ticker  : AMZN
2026-07-04 17:49:54,770  INFO         Chromosome : AMZN_best_chromosome.csv
2026-07-04 17:49:54,773  INFO      Alpaca clients initialised  [[PAPER] PAPER MODE]
2026-07-04 17:49:54,775  INFO      Chromosome loaded from AMZN_best_chromosome.csv  (24 genes)
2026-07-04 17:49:54,960  INFO      Market closed. Next open in 60 min. Sleeping...
2026-07-04 18:49:55,149  INFO      Market closed. Next open in 60 min. Sleeping...
2026-07-04 19:49:55,338  INFO      Market closed. Next open in 60 min. Sleeping...
2026-07-04 20:49:55,520  INFO      Market closed. Next open in 60 min. Sleeping...
2026-07-04 21:49:55,718  INFO      Market closed. Next open in 60 min. Sleeping...
2026-07-04 22:49:58,608  INFO      Market closed. Next open in 60 min. Sleeping...
2026-07-04 23:49:58,795  INFO      Market closed. Next open in 60 min. Sleeping...
2026-07-05 00:49:58,990  INFO      Market closed. Next open in 60 min. Sleeping...
2026-07-05 01:49:59,177  INFO      Market closed. Next open in 60 min. Sleeping...
2026-07-05 02:49:59,370  INFO      Market closed. Next open in 60 min. Sleeping...
2026-07-05 03:49:59,553  INFO      Market closed. Next open in 60 min. Sleeping...
2026-07-05 04:49:59,742  INFO      Market closed. Next open in 60 min. Sleeping...
2026-07-05 05:49:59,931  INFO      Market closed. Next open in 60 min. Sleeping...
2026-07-05 06:50:00,119  INFO      Market closed. Next open in 60 min. Sleeping...
2026-07-05 07:50:00,309  INFO      Market closed. Next open in 60 min. Sleeping...
2026-07-05 08:50:00,492  INFO      Market closed. Next open in 60 min. Sleeping...
2026-07-05 09:50:00,694  INFO      Market closed. Next open in 60 min. Sleeping...
2026-07-05 10:50:00,890  INFO      Market closed. Next open in 60 min. Sleeping...
2026-07-05 11:50:01,098  INFO      Market closed. Next open in 60 min. Sleeping...
2026-07-05 12:50:01,284  INFO      Market closed. Next open in 60 min. Sleeping...
2026-07-05 13:50:01,494  INFO      Market closed. Next open in 60 min. Sleeping...
2026-07-05 14:50:01,755  INFO      Market closed. Next open in 60 min. Sleeping...
2026-07-05 15:50:01,966  INFO      Market closed. Next open in 60 min. Sleeping...
2026-07-05 16:50:02,153  INFO      Market closed. Next open in 60 min. Sleeping...
2026-07-05 17:14:39,986  INFO      [AMZN] Process started  PID=57748
2026-07-05 17:14:41,178  INFO      [AMZN] Config loaded — max alloc 35%  stop 2.0%
2026-07-05 17:14:41,178  INFO      [BOT] Alpaca GA Trading Bot starting up
2026-07-05 17:14:41,179  INFO         Mode    : PAPER
2026-07-05 17:14:41,179  INFO         Ticker  : AMZN
2026-07-05 17:14:41,179  INFO         Chromosome : AMZN_best_chromosome.csv
2026-07-05 17:14:41,181  INFO      Alpaca clients initialised  [[PAPER] PAPER MODE]
2026-07-05 17:14:41,189  INFO      Chromosome loaded from AMZN_best_chromosome.csv  (24 genes)
2026-07-05 17:14:41,391  INFO      Market closed. Next open in 60 min. Sleeping...
2026-07-05 17:17:25,021  INFO      Bot stopped by user (KeyboardInterrupt)
2026-07-05 17:17:25,025  INFO      [AMZN] Process exiting
2026-07-05 17:19:03,095  INFO      [AMZN] Process started  PID=8392
2026-07-05 17:19:04,281  INFO      [AMZN] Config loaded — max alloc 35%  stop 2.0%
2026-07-05 17:19:04,281  INFO      [BOT] Alpaca GA Trading Bot starting up
2026-07-05 17:19:04,281  INFO         Mode    : PAPER
2026-07-05 17:19:04,281  INFO         Ticker  : AMZN
2026-07-05 17:19:04,281  INFO         Chromosome : AMZN_best_chromosome.csv
2026-07-05 17:19:04,283  INFO      Alpaca clients initialised  [[PAPER] PAPER MODE]
2026-07-05 17:19:04,285  INFO      Chromosome loaded from AMZN_best_chromosome.csv  (24 genes)
2026-07-05 17:19:04,496  INFO      Market closed. Next open in 60 min. Sleeping...
2026-07-05 18:19:04,698  INFO      Market closed. Next open in 60 min. Sleeping...
2026-07-05 18:26:41,838  INFO      [AMZN] Process started  PID=39100
2026-07-05 18:26:43,010  INFO      [AMZN] Config loaded — max alloc 35%  stop 2.0%
2026-07-05 18:26:43,010  INFO      [BOT] Alpaca GA Trading Bot starting up
2026-07-05 18:26:43,010  INFO         Mode    : PAPER
2026-07-05 18:26:43,010  INFO         Ticker  : AMZN
2026-07-05 18:26:43,010  INFO         Chromosome : AMZN_best_chromosome.csv
2026-07-05 18:26:43,012  INFO      Alpaca clients initialised  [[PAPER] PAPER MODE]
2026-07-05 18:26:43,014  INFO      Chromosome loaded from AMZN_best_chromosome.csv  (24 genes)
2026-07-05 18:26:43,196  INFO      Market closed. Next open in 60 min. Sleeping...
2026-07-05 18:35:30,095  INFO      [AMZN] Process started  PID=41896
2026-07-05 18:35:31,277  INFO      [AMZN] Config loaded — max alloc 35%  stop 2.0%
2026-07-05 18:35:31,277  INFO      [BOT] Alpaca GA Trading Bot starting up
2026-07-05 18:35:31,277  INFO         Mode    : PAPER
2026-07-05 18:35:31,277  INFO         Ticker  : AMZN
2026-07-05 18:35:31,277  INFO         Chromosome : AMZN_best_chromosome.csv
2026-07-05 18:35:31,279  INFO      Alpaca clients initialised  [[PAPER] PAPER MODE]
2026-07-05 18:35:31,281  INFO      Chromosome loaded from AMZN_best_chromosome.csv  (24 genes)
2026-07-05 18:35:31,510  INFO      Market closed. Next open in 60 min. Sleeping...
2026-07-05 19:35:31,721  INFO      Market closed. Next open in 60 min. Sleeping...
2026-07-05 20:35:31,917  INFO      Market closed. Next open in 60 min. Sleeping...
2026-07-05 21:35:32,151  INFO      Market closed. Next open in 60 min. Sleeping...
2026-07-05 22:35:32,363  INFO      Market closed. Next open in 60 min. Sleeping...
2026-07-05 23:35:32,551  INFO      Market closed. Next open in 60 min. Sleeping...
2026-07-05 23:46:35,596  INFO      [AMZN] Process started  PID=39796
2026-07-05 23:46:36,758  INFO      [AMZN] Config loaded — max alloc 35%  stop 2.0%
2026-07-05 23:46:36,758  INFO      [BOT] Alpaca GA Trading Bot starting up
2026-07-05 23:46:36,758  INFO         Mode    : PAPER
2026-07-05 23:46:36,758  INFO         Ticker  : AMZN
2026-07-05 23:46:36,758  INFO         Chromosome : AMZN_best_chromosome.csv
2026-07-05 23:46:36,760  INFO      Alpaca clients initialised  [[PAPER] PAPER MODE]
2026-07-05 23:46:36,775  INFO      Chromosome loaded from AMZN_best_chromosome.csv  (24 genes)
2026-07-05 23:46:37,047  INFO      Market closed. Next open in 60 min. Sleeping...
2026-07-06 00:46:37,262  INFO      Market closed. Next open in 60 min. Sleeping...
2026-07-06 01:46:37,451  INFO      Market closed. Next open in 60 min. Sleeping...
2026-07-06 02:46:37,634  INFO      Market closed. Next open in 60 min. Sleeping...
2026-07-06 03:46:37,849  INFO      Market closed. Next open in 60 min. Sleeping...
2026-07-06 04:46:39,204  INFO      Market closed. Next open in 60 min. Sleeping...
2026-07-06 05:46:39,387  INFO      Market closed. Next open in 60 min. Sleeping...
2026-07-06 06:46:39,568  INFO      Market closed. Next open in 43 min. Sleeping...
2026-07-06 07:30:05,403  INFO      Market open — waiting 300s before first signal...
2026-07-06 07:35:05,404  INFO      =======================================================
2026-07-06 07:35:05,406  INFO      Daily signal run  [2026-07-06 07:35]
2026-07-06 07:35:05,406  INFO      =======================================================
2026-07-06 07:35:07,628  INFO      Fetched 70 bars for AMZN  (2026-03-25 → 2026-07-06)
2026-07-06 07:35:07,908  INFO      Signal: SELL/HOLD  |  Confidence: 0.236
2026-07-06 07:35:08,177  INFO      Portfolio value : $100,408.78
2026-07-06 07:35:08,177  INFO      Current price   : $243.33
2026-07-06 07:35:08,177  INFO      Open position   : None
2026-07-06 07:35:08,177  INFO      Confidence 0.236 below threshold 0.3 — skipping trade
2026-07-06 07:35:08,177  INFO      Signal check complete. Sleeping 5 minutes until next check.
2026-07-06 07:40:08,384  INFO      Market open — waiting 300s before first signal...
2026-07-06 07:45:08,385  INFO      =======================================================
2026-07-06 07:45:08,388  INFO      Daily signal run  [2026-07-06 07:45]
2026-07-06 07:45:08,388  INFO      =======================================================
2026-07-06 07:45:08,941  INFO      Fetched 70 bars for AMZN  (2026-03-25 → 2026-07-06)
2026-07-06 07:45:09,095  INFO      Signal: SELL/HOLD  |  Confidence: 0.236
2026-07-06 07:45:09,230  INFO      Portfolio value : $100,411.37
2026-07-06 07:45:09,231  INFO      Current price   : $241.63
2026-07-06 07:45:09,231  INFO      Open position   : None
2026-07-06 07:45:09,231  INFO      Confidence 0.236 below threshold 0.3 — skipping trade
2026-07-06 07:45:09,231  INFO      Signal check complete. Sleeping 5 minutes until next check.
2026-07-06 07:50:09,484  INFO      Market open — waiting 300s before first signal...
2026-07-06 07:55:09,484  INFO      =======================================================
2026-07-06 07:55:09,484  INFO      Daily signal run  [2026-07-06 07:55]
2026-07-06 07:55:09,484  INFO      =======================================================
2026-07-06 07:55:09,966  INFO      Fetched 70 bars for AMZN  (2026-03-25 → 2026-07-06)
2026-07-06 07:55:10,160  INFO      Signal: SELL/HOLD  |  Confidence: 0.236
2026-07-06 07:55:10,310  INFO      Portfolio value : $100,375.08
2026-07-06 07:55:10,310  INFO      Current price   : $241.57
2026-07-06 07:55:10,310  INFO      Open position   : None
2026-07-06 07:55:10,311  INFO      Confidence 0.236 below threshold 0.3 — skipping trade
2026-07-06 07:55:10,311  INFO      Signal check complete. Sleeping 5 minutes until next check.
2026-07-06 08:00:10,560  INFO      Market open — waiting 300s before first signal...
2026-07-06 08:05:10,560  INFO      =======================================================
2026-07-06 08:05:10,561  INFO      Daily signal run  [2026-07-06 08:05]
2026-07-06 08:05:10,561  INFO      =======================================================
2026-07-06 08:05:10,941  INFO      Fetched 70 bars for AMZN  (2026-03-25 → 2026-07-06)
2026-07-06 08:05:11,073  INFO      Signal: SELL/HOLD  |  Confidence: 0.236
2026-07-06 08:05:11,208  INFO      Portfolio value : $100,309.75
2026-07-06 08:05:11,208  INFO      Current price   : $241.79
2026-07-06 08:05:11,208  INFO      Open position   : None
2026-07-06 08:05:11,208  INFO      Confidence 0.236 below threshold 0.3 — skipping trade
2026-07-06 08:05:11,208  INFO      Signal check complete. Sleeping 5 minutes until next check.
2026-07-06 08:10:11,402  INFO      Market open — waiting 300s before first signal...
2026-07-06 08:15:11,403  INFO      =======================================================
2026-07-06 08:15:11,404  INFO      Daily signal run  [2026-07-06 08:15]
2026-07-06 08:15:11,404  INFO      =======================================================
2026-07-06 08:15:11,887  INFO      Fetched 70 bars for AMZN  (2026-03-25 → 2026-07-06)
2026-07-06 08:15:12,074  INFO      Signal: SELL/HOLD  |  Confidence: 0.236
2026-07-06 08:15:12,203  INFO      Portfolio value : $100,378.48
2026-07-06 08:15:12,203  INFO      Current price   : $242.63
2026-07-06 08:15:12,203  INFO      Open position   : None
2026-07-06 08:15:12,203  INFO      Confidence 0.236 below threshold 0.3 — skipping trade
2026-07-06 08:15:12,203  INFO      Signal check complete. Sleeping 5 minutes until next check.
2026-07-06 08:20:12,394  INFO      Market open — waiting 300s before first signal...
2026-07-06 08:25:12,395  INFO      =======================================================
2026-07-06 08:25:12,395  INFO      Daily signal run  [2026-07-06 08:25]
2026-07-06 08:25:12,395  INFO      =======================================================
2026-07-06 08:25:12,732  INFO      Fetched 70 bars for AMZN  (2026-03-25 → 2026-07-06)
2026-07-06 08:25:12,896  INFO      Signal: SELL/HOLD  |  Confidence: 0.236
2026-07-06 08:25:13,019  INFO      Portfolio value : $100,383.72
2026-07-06 08:25:13,021  INFO      Current price   : $243.01
2026-07-06 08:25:13,021  INFO      Open position   : None
2026-07-06 08:25:13,021  INFO      Confidence 0.236 below threshold 0.3 — skipping trade
2026-07-06 08:25:13,021  INFO      Signal check complete. Sleeping 5 minutes until next check.
2026-07-06 08:30:13,214  INFO      Market open — waiting 300s before first signal...
2026-07-06 08:35:13,215  INFO      =======================================================
2026-07-06 08:35:13,216  INFO      Daily signal run  [2026-07-06 08:35]
2026-07-06 08:35:13,216  INFO      =======================================================
2026-07-06 08:35:13,610  INFO      Fetched 70 bars for AMZN  (2026-03-25 → 2026-07-06)
2026-07-06 08:35:13,778  INFO      Signal: SELL/HOLD  |  Confidence: 0.236
2026-07-06 08:35:13,905  INFO      Portfolio value : $100,400.26
2026-07-06 08:35:13,905  INFO      Current price   : $243.14
2026-07-06 08:35:13,906  INFO      Open position   : None
2026-07-06 08:35:13,906  INFO      Confidence 0.236 below threshold 0.3 — skipping trade
2026-07-06 08:35:13,906  INFO      Signal check complete. Sleeping 5 minutes until next check.
2026-07-06 08:40:14,186  INFO      Market open — waiting 300s before first signal...
2026-07-06 08:45:14,187  INFO      =======================================================
2026-07-06 08:45:14,187  INFO      Daily signal run  [2026-07-06 08:45]
2026-07-06 08:45:14,187  INFO      =======================================================
2026-07-06 08:45:14,527  INFO      Fetched 70 bars for AMZN  (2026-03-25 → 2026-07-06)
2026-07-06 08:45:14,676  INFO      Signal: SELL/HOLD  |  Confidence: 0.236
2026-07-06 08:45:14,886  INFO      Portfolio value : $100,406.64
2026-07-06 08:45:14,886  INFO      Current price   : $242.63
2026-07-06 08:45:14,886  INFO      Open position   : None
2026-07-06 08:45:14,887  INFO      Confidence 0.236 below threshold 0.3 — skipping trade
2026-07-06 08:45:14,887  INFO      Signal check complete. Sleeping 5 minutes until next check.
2026-07-06 08:50:15,108  INFO      Market open — waiting 300s before first signal...
2026-07-06 08:55:15,108  INFO      =======================================================
2026-07-06 08:55:15,108  INFO      Daily signal run  [2026-07-06 08:55]
2026-07-06 08:55:15,109  INFO      =======================================================
2026-07-06 08:55:15,479  INFO      Fetched 70 bars for AMZN  (2026-03-25 → 2026-07-06)
2026-07-06 08:55:15,638  INFO      Signal: SELL/HOLD  |  Confidence: 0.236
2026-07-06 08:55:15,827  INFO      Portfolio value : $100,389.54
2026-07-06 08:55:15,827  INFO      Current price   : $242.77
2026-07-06 08:55:15,827  INFO      Open position   : None
2026-07-06 08:55:15,827  INFO      Confidence 0.236 below threshold 0.3 — skipping trade
2026-07-06 08:55:15,827  INFO      Signal check complete. Sleeping 5 minutes until next check.
2026-07-06 09:00:16,063  INFO      Market open — waiting 300s before first signal...
2026-07-06 09:05:16,063  INFO      =======================================================
2026-07-06 09:05:16,063  INFO      Daily signal run  [2026-07-06 09:05]
2026-07-06 09:05:16,063  INFO      =======================================================
2026-07-06 09:05:16,450  INFO      Fetched 70 bars for AMZN  (2026-03-25 → 2026-07-06)
2026-07-06 09:05:16,647  INFO      Signal: SELL/HOLD  |  Confidence: 0.236
2026-07-06 09:05:16,773  INFO      Portfolio value : $100,387.59
2026-07-06 09:05:16,773  INFO      Current price   : $243.16
2026-07-06 09:05:16,773  INFO      Open position   : None
2026-07-06 09:05:16,773  INFO      Confidence 0.236 below threshold 0.3 — skipping trade
2026-07-06 09:05:16,774  INFO      Signal check complete. Sleeping 5 minutes until next check.
2026-07-06 09:10:17,042  INFO      Market open — waiting 300s before first signal...
2026-07-06 09:15:17,043  INFO      =======================================================
2026-07-06 09:15:17,044  INFO      Daily signal run  [2026-07-06 09:15]
2026-07-06 09:15:17,044  INFO      =======================================================
2026-07-06 09:15:17,435  INFO      Fetched 70 bars for AMZN  (2026-03-25 → 2026-07-06)
2026-07-06 09:15:17,627  INFO      Signal: SELL/HOLD  |  Confidence: 0.422
2026-07-06 09:15:17,765  INFO      Portfolio value : $100,356.19
2026-07-06 09:15:17,765  INFO      Current price   : $244.45
2026-07-06 09:15:17,765  INFO      Open position   : None
2026-07-06 09:15:17,765  INFO      Position size: 72 shares  (confidence=0.422, alloc=17.7%, $17,734 of $100,356)
2026-07-06 09:15:17,766  INFO      Opening SHORT position: 72 x AMZN
2026-07-06 09:15:17,845  INFO      [OK] SELL SHORT order submitted: 72 x AMZN  [id=a0d3d134-2567-4af6-9b09-a81d8da23850]
2026-07-06 09:15:22,910  INFO      Monitoring AMZN  |  entry=244.43  stop=239.54  target=254.21
2026-07-06 09:16:23,117  INFO        AMZN [short] price=244.62  stop=249.32  trailing=244.43  target=234.65  P&L=-13.68
2026-07-06 09:16:23,117  WARNING   [STOP] SHORT TRAILING STOP at 244.62
2026-07-06 09:16:23,195  INFO      [CLOSE] BUY TO COVER (trailing-stop): 72 x AMZN  [id=94516bbc-4df7-44db-bd8c-18ab6f52e2b5]
2026-07-06 09:16:23,195  INFO      Signal check complete. Sleeping 5 minutes until next check.
2026-07-06 09:21:23,386  INFO      Market open — waiting 300s before first signal...
2026-07-06 09:26:23,386  INFO      =======================================================
2026-07-06 09:26:23,387  INFO      Daily signal run  [2026-07-06 09:26]
2026-07-06 09:26:23,387  INFO      =======================================================
2026-07-06 09:26:23,768  INFO      Fetched 70 bars for AMZN  (2026-03-25 → 2026-07-06)
2026-07-06 09:26:23,943  INFO      Signal: SELL/HOLD  |  Confidence: 0.422
2026-07-06 09:26:24,075  INFO      Portfolio value : $100,340.32
2026-07-06 09:26:24,075  INFO      Current price   : $244.82
2026-07-06 09:26:24,076  INFO      Open position   : None
2026-07-06 09:26:24,076  INFO      Position size: 72 shares  (confidence=0.422, alloc=17.7%, $17,731 of $100,340)
2026-07-06 09:26:24,076  INFO      Opening SHORT position: 72 x AMZN
2026-07-06 09:26:24,152  INFO      [OK] SELL SHORT order submitted: 72 x AMZN  [id=910ad6f2-49cc-4481-b623-e850da031603]
2026-07-06 09:26:29,214  INFO      Monitoring AMZN  |  entry=244.77  stop=239.87  target=254.56
2026-07-06 09:27:29,472  INFO        AMZN [short] price=244.44  stop=249.67  trailing=248.11  target=234.98  P&L=+23.76
2026-07-06 09:28:29,729  INFO        AMZN [short] price=244.62  stop=249.67  trailing=248.11  target=234.98  P&L=+12.60
2026-07-06 09:29:29,965  INFO        AMZN [short] price=244.64  stop=249.67  trailing=248.11  target=234.98  P&L=+9.21
2026-07-06 09:30:30,206  INFO        AMZN [short] price=244.83  stop=249.67  trailing=248.11  target=234.98  P&L=-4.32
2026-07-06 09:31:30,455  INFO        AMZN [short] price=244.87  stop=249.67  trailing=248.11  target=234.98  P&L=-7.20
2026-07-06 09:32:30,694  INFO        AMZN [short] price=244.78  stop=249.67  trailing=248.11  target=234.98  P&L=+2.16
2026-07-06 09:33:30,959  INFO        AMZN [short] price=244.85  stop=249.67  trailing=248.11  target=234.98  P&L=-7.56
2026-07-06 09:34:31,238  INFO        AMZN [short] price=244.70  stop=249.67  trailing=248.11  target=234.98  P&L=+5.04
2026-07-06 09:35:31,484  INFO        AMZN [short] price=244.90  stop=249.67  trailing=248.11  target=234.98  P&L=-9.36
2026-07-06 09:36:31,719  INFO        AMZN [short] price=244.95  stop=249.67  trailing=248.11  target=234.98  P&L=-12.96
2026-07-06 09:37:31,966  INFO        AMZN [short] price=245.07  stop=249.67  trailing=248.11  target=234.98  P&L=-21.25
2026-07-06 09:38:32,201  INFO        AMZN [short] price=244.90  stop=249.67  trailing=248.11  target=234.98  P&L=-9.00
2026-07-06 09:39:32,434  INFO        AMZN [short] price=244.70  stop=249.67  trailing=248.11  target=234.98  P&L=+6.12
2026-07-06 09:40:32,638  INFO        AMZN [short] price=244.62  stop=249.67  trailing=248.11  target=234.98  P&L=+10.80
2026-07-06 09:41:32,944  INFO        AMZN [short] price=244.66  stop=249.67  trailing=248.11  target=234.98  P&L=+7.20
2026-07-06 09:42:33,249  INFO        AMZN [short] price=245.01  stop=249.67  trailing=248.11  target=234.98  P&L=-18.00
2026-07-06 09:43:33,505  INFO        AMZN [short] price=245.26  stop=249.67  trailing=248.11  target=234.98  P&L=-37.44
2026-07-06 09:44:33,787  INFO        AMZN [short] price=245.48  stop=249.67  trailing=248.11  target=234.98  P&L=-51.84
2026-07-06 09:45:34,015  INFO        AMZN [short] price=245.50  stop=249.67  trailing=248.11  target=234.98  P&L=-52.56
2026-07-06 09:46:34,261  INFO        AMZN [short] price=245.42  stop=249.67  trailing=248.11  target=234.98  P&L=-48.96
2026-07-06 09:47:34,529  INFO        AMZN [short] price=245.49  stop=249.67  trailing=248.11  target=234.98  P&L=-51.12
2026-07-06 09:48:34,741  INFO        AMZN [short] price=245.34  stop=249.67  trailing=248.11  target=234.98  P&L=-41.04
2026-07-06 09:49:34,963  INFO        AMZN [short] price=245.18  stop=249.67  trailing=248.11  target=234.98  P&L=-30.96
2026-07-06 09:50:35,212  INFO        AMZN [short] price=245.37  stop=249.67  trailing=248.11  target=234.98  P&L=-40.68
2026-07-06 09:51:35,508  INFO        AMZN [short] price=245.15  stop=249.67  trailing=248.11  target=234.98  P&L=-25.92
2026-07-06 09:52:35,739  INFO        AMZN [short] price=244.99  stop=249.67  trailing=248.11  target=234.98  P&L=-16.20
2026-07-06 09:53:35,972  INFO        AMZN [short] price=245.14  stop=249.67  trailing=248.11  target=234.98  P&L=-26.64
2026-07-06 09:54:36,287  INFO        AMZN [short] price=245.28  stop=249.67  trailing=248.11  target=234.98  P&L=-35.28
2026-07-06 09:55:36,548  INFO        AMZN [short] price=245.40  stop=249.67  trailing=248.11  target=234.98  P&L=-46.80
2026-07-06 09:56:36,796  INFO        AMZN [short] price=245.55  stop=249.67  trailing=248.11  target=234.98  P&L=-56.52
2026-07-06 09:57:37,008  INFO        AMZN [short] price=245.51  stop=249.67  trailing=248.11  target=234.98  P&L=-53.10
2026-07-06 09:58:37,316  INFO        AMZN [short] price=245.33  stop=249.67  trailing=248.11  target=234.98  P&L=-40.32
2026-07-06 09:59:37,562  INFO        AMZN [short] price=245.36  stop=249.67  trailing=248.11  target=234.98  P&L=-43.20
2026-07-06 10:00:37,814  INFO        AMZN [short] price=245.52  stop=249.67  trailing=248.11  target=234.98  P&L=-56.16
2026-07-06 10:01:38,041  INFO        AMZN [short] price=245.64  stop=249.67  trailing=248.11  target=234.98  P&L=-61.20
2026-07-06 10:02:38,281  INFO        AMZN [short] price=245.64  stop=249.67  trailing=248.11  target=234.98  P&L=-62.64
2026-07-06 10:03:38,505  INFO        AMZN [short] price=245.73  stop=249.67  trailing=248.11  target=234.98  P&L=-69.12
2026-07-06 10:04:38,733  INFO        AMZN [short] price=245.73  stop=249.67  trailing=248.11  target=234.98  P&L=-69.12
2026-07-06 10:05:38,984  INFO        AMZN [short] price=245.87  stop=249.67  trailing=248.11  target=234.98  P&L=-82.08
2026-07-06 10:06:39,234  INFO        AMZN [short] price=245.85  stop=249.67  trailing=248.11  target=234.98  P&L=-71.28
2026-07-06 10:07:39,506  INFO        AMZN [short] price=245.87  stop=249.67  trailing=248.11  target=234.98  P&L=-79.20
2026-07-06 10:08:39,751  INFO        AMZN [short] price=245.60  stop=249.67  trailing=248.11  target=234.98  P&L=-59.76
2026-07-06 10:09:39,954  INFO        AMZN [short] price=245.56  stop=249.67  trailing=248.11  target=234.98  P&L=-54.72
2026-07-06 10:10:40,189  INFO        AMZN [short] price=245.49  stop=249.67  trailing=248.11  target=234.98  P&L=-49.68
2026-07-06 10:11:40,428  INFO        AMZN [short] price=245.74  stop=249.67  trailing=248.11  target=234.98  P&L=-71.64
2026-07-06 10:12:40,825  INFO        AMZN [short] price=245.61  stop=249.67  trailing=248.11  target=234.98  P&L=-59.76
2026-07-06 10:13:41,065  INFO        AMZN [short] price=245.57  stop=249.67  trailing=248.11  target=234.98  P&L=-57.60
2026-07-06 10:14:41,315  INFO        AMZN [short] price=245.62  stop=249.67  trailing=248.11  target=234.98  P&L=-61.20
2026-07-06 10:15:41,557  INFO        AMZN [short] price=245.71  stop=249.67  trailing=248.11  target=234.98  P&L=-67.32
2026-07-06 10:16:41,780  INFO        AMZN [short] price=245.71  stop=249.67  trailing=248.11  target=234.98  P&L=-67.00
2026-07-06 10:17:42,033  INFO        AMZN [short] price=245.66  stop=249.67  trailing=248.11  target=234.98  P&L=-64.44
2026-07-06 10:18:42,248  INFO        AMZN [short] price=245.73  stop=249.67  trailing=248.11  target=234.98  P&L=-71.28
2026-07-06 10:19:42,463  INFO        AMZN [short] price=245.59  stop=249.67  trailing=248.11  target=234.98  P&L=-59.04
2026-07-06 10:20:42,677  INFO        AMZN [short] price=245.60  stop=249.67  trailing=248.11  target=234.98  P&L=-59.76
2026-07-06 10:21:42,941  INFO        AMZN [short] price=245.59  stop=249.67  trailing=248.11  target=234.98  P&L=-56.52
2026-07-06 10:22:43,207  INFO        AMZN [short] price=245.55  stop=249.67  trailing=248.11  target=234.98  P&L=-54.72
2026-07-06 10:23:43,449  INFO        AMZN [short] price=245.38  stop=249.67  trailing=248.11  target=234.98  P&L=-40.32
2026-07-06 10:24:43,712  INFO        AMZN [short] price=245.33  stop=249.67  trailing=248.11  target=234.98  P&L=-41.03
2026-07-06 10:25:43,941  INFO        AMZN [short] price=245.38  stop=249.67  trailing=248.11  target=234.98  P&L=-42.48
2026-07-06 10:26:44,225  INFO        AMZN [short] price=245.00  stop=249.67  trailing=248.11  target=234.98  P&L=-15.12
2026-07-06 10:27:44,583  INFO        AMZN [short] price=245.01  stop=249.67  trailing=248.11  target=234.98  P&L=-16.56
2026-07-06 10:28:44,797  INFO        AMZN [short] price=244.92  stop=249.67  trailing=248.11  target=234.98  P&L=-10.80
2026-07-06 10:29:44,299  INFO      Bot stopped by user (KeyboardInterrupt)
2026-07-06 10:29:44,302  INFO      [AMZN] Process exiting
2026-07-06 10:30:05,807  INFO      [AMZN] Process started  PID=69872
2026-07-06 10:30:05,810  INFO      [AMZN] Config loaded — max alloc 35%  stop 2.0%
2026-07-06 10:30:05,810  INFO      [BOT] Alpaca GA Trading Bot starting up
2026-07-06 10:30:05,810  INFO         Mode    : PAPER
2026-07-06 10:30:05,810  INFO         Ticker  : AMZN
2026-07-06 10:30:05,810  INFO         Chromosome : AMZN_best_chromosome.csv
2026-07-06 10:30:05,810  INFO      Alpaca clients initialised  [[PAPER] PAPER MODE]
2026-07-06 10:30:05,819  INFO      Chromosome loaded from AMZN_best_chromosome.csv  (24 genes)
2026-07-06 10:30:06,239  INFO      Market open — waiting 300s before first signal...
2026-07-06 10:33:34,806  INFO      Bot stopped by user (KeyboardInterrupt)
2026-07-06 10:33:34,810  INFO      [AMZN] Process exiting
2026-07-06 10:34:04,480  INFO      [AMZN] Process started  PID=60956
2026-07-06 10:34:04,482  INFO      [AMZN] Config loaded — max alloc 35%  stop 2.0%
2026-07-06 10:34:04,482  INFO      [BOT] Alpaca GA Trading Bot starting up
2026-07-06 10:34:04,483  INFO         Mode    : PAPER
2026-07-06 10:34:04,483  INFO         Ticker  : AMZN
2026-07-06 10:34:04,483  INFO         Chromosome : AMZN_best_chromosome.csv
2026-07-06 10:34:04,483  INFO      Alpaca clients initialised  [[PAPER] PAPER MODE]
2026-07-06 10:34:04,484  INFO      Chromosome loaded from AMZN_best_chromosome.csv  (24 genes)
2026-07-06 10:34:04,673  INFO      Market open — waiting 300s before first signal...
2026-07-06 10:39:04,673  INFO      =======================================================
2026-07-06 10:39:04,674  INFO      Daily signal run  [2026-07-06 10:39]
2026-07-06 10:39:04,674  INFO      =======================================================
2026-07-06 10:39:05,216  INFO      Fetched 70 bars for AMZN  (2026-03-25 → 2026-07-06)
2026-07-06 10:39:05,402  INFO      Signal: SELL/HOLD  |  Confidence: 0.422
2026-07-06 10:39:05,533  INFO      Portfolio value : $100,341.74
2026-07-06 10:39:05,533  INFO      Current price   : $244.82
2026-07-06 10:39:05,533  INFO      Open position   : {'qty': 72, 'side': 'short', 'entry_price': 244.77, 'market_value': -17629.2, 'unrealised_pl': -5.76}
2026-07-06 10:39:05,533  INFO      SELL signal — already short, monitoring existing position
2026-07-06 10:39:05,534  INFO      Monitoring AMZN  |  entry=244.77  stop=239.87  target=254.56
2026-07-06 10:40:05,784  INFO        AMZN [short] price=244.73  stop=249.67  trailing=248.40  target=234.98  P&L=+3.24
2026-07-06 10:41:06,052  INFO        AMZN [short] price=244.79  stop=249.67  trailing=248.40  target=234.98  P&L=-0.36
2026-07-06 10:42:06,290  INFO        AMZN [short] price=244.79  stop=249.67  trailing=248.40  target=234.98  P&L=-2.52
2026-07-06 10:43:06,541  INFO        AMZN [short] price=244.85  stop=249.67  trailing=248.40  target=234.98  P&L=-5.74
2026-07-06 10:44:06,801  INFO        AMZN [short] price=244.79  stop=249.67  trailing=248.40  target=234.98  P&L=-1.08
2026-07-06 10:45:07,112  INFO        AMZN [short] price=244.75  stop=249.67  trailing=248.40  target=234.98  P&L=+0.36
2026-07-06 10:46:07,473  INFO        AMZN [short] price=244.70  stop=249.67  trailing=248.37  target=234.98  P&L=+5.40
2026-07-06 10:47:07,728  INFO        AMZN [short] price=244.80  stop=249.67  trailing=248.37  target=234.98  P&L=-2.09
2026-07-06 10:48:07,991  INFO        AMZN [short] price=244.86  stop=249.67  trailing=248.37  target=234.98  P&L=-6.48
2026-07-06 10:49:08,282  INFO        AMZN [short] price=244.76  stop=249.67  trailing=248.37  target=234.98  P&L=+0.72
2026-07-06 10:50:08,535  INFO        AMZN [short] price=244.74  stop=249.67  trailing=248.37  target=234.98  P&L=+2.16
2026-07-06 10:51:08,792  INFO        AMZN [short] price=244.80  stop=249.67  trailing=248.37  target=234.98  P&L=-1.83
2026-07-06 10:52:09,139  INFO        AMZN [short] price=244.79  stop=249.67  trailing=248.37  target=234.98  P&L=-1.44
2026-07-06 10:53:09,386  INFO        AMZN [short] price=244.68  stop=249.67  trailing=248.35  target=234.98  P&L=+6.49
2026-07-06 10:54:09,671  INFO        AMZN [short] price=244.45  stop=249.67  trailing=248.12  target=234.98  P&L=+23.04
2026-07-06 10:55:09,968  INFO        AMZN [short] price=244.76  stop=249.67  trailing=248.12  target=234.98  P&L=+1.08
2026-07-06 10:56:10,210  INFO        AMZN [short] price=244.55  stop=249.67  trailing=248.12  target=234.98  P&L=+15.84
2026-07-06 10:57:10,498  INFO        AMZN [short] price=244.66  stop=249.67  trailing=248.12  target=234.98  P&L=+7.20
2026-07-06 10:58:10,749  INFO        AMZN [short] price=244.74  stop=249.67  trailing=248.12  target=234.98  P&L=+2.52
2026-07-06 10:59:10,998  INFO        AMZN [short] price=244.74  stop=249.67  trailing=248.12  target=234.98  P&L=+3.60
2026-07-06 11:00:11,390  INFO        AMZN [short] price=244.74  stop=249.67  trailing=248.12  target=234.98  P&L=+2.52
2026-07-06 11:01:11,640  INFO        AMZN [short] price=244.79  stop=249.67  trailing=248.12  target=234.98  P&L=-1.44
2026-07-06 11:02:11,896  INFO        AMZN [short] price=244.78  stop=249.67  trailing=248.12  target=234.98  P&L=-0.72
2026-07-06 11:03:12,150  INFO        AMZN [short] price=244.79  stop=249.67  trailing=248.12  target=234.98  P&L=-1.08
2026-07-06 11:04:12,378  INFO        AMZN [short] price=244.93  stop=249.67  trailing=248.12  target=234.98  P&L=-9.00
2026-07-06 11:05:12,610  INFO        AMZN [short] price=244.85  stop=249.67  trailing=248.12  target=234.98  P&L=-6.12
2026-07-06 11:06:12,851  INFO        AMZN [short] price=244.95  stop=249.67  trailing=248.12  target=234.98  P&L=-12.96
2026-07-06 11:07:13,111  INFO        AMZN [short] price=244.81  stop=249.67  trailing=248.12  target=234.98  P&L=-2.17
2026-07-06 11:08:13,356  INFO        AMZN [short] price=244.91  stop=249.67  trailing=248.12  target=234.98  P&L=-10.08
2026-07-06 11:09:13,585  INFO        AMZN [short] price=244.90  stop=249.67  trailing=248.12  target=234.98  P&L=-9.36
2026-07-06 11:10:13,963  INFO        AMZN [short] price=244.93  stop=249.67  trailing=248.12  target=234.98  P&L=-11.53
2026-07-06 11:11:14,172  INFO        AMZN [short] price=245.04  stop=249.67  trailing=248.12  target=234.98  P&L=-19.80
2026-07-06 11:12:14,406  INFO        AMZN [short] price=245.08  stop=249.67  trailing=248.12  target=234.98  P&L=-22.32
2026-07-06 11:13:14,650  INFO        AMZN [short] price=245.16  stop=249.67  trailing=248.12  target=234.98  P&L=-27.36
2026-07-06 11:14:14,878  INFO        AMZN [short] price=245.04  stop=249.67  trailing=248.12  target=234.98  P&L=-20.88
2026-07-06 11:15:15,114  INFO        AMZN [short] price=245.30  stop=249.67  trailing=248.12  target=234.98  P&L=-37.44
2026-07-06 11:16:15,358  INFO        AMZN [short] price=245.35  stop=249.67  trailing=248.12  target=234.98  P&L=-43.20
2026-07-06 11:17:15,595  INFO        AMZN [short] price=245.21  stop=249.67  trailing=248.12  target=234.98  P&L=-30.96
2026-07-06 11:18:07,239  INFO      Bot stopped by user (KeyboardInterrupt)
2026-07-06 11:18:07,244  INFO      [AMZN] Process exiting
2026-07-06 11:32:24,789  INFO      [AMZN] Process started  PID=73028
2026-07-06 11:32:24,791  INFO      [AMZN] Config loaded — max alloc 35%  stop 2.0%
2026-07-06 11:32:24,791  INFO      [BOT] Alpaca GA Trading Bot starting up
2026-07-06 11:32:24,791  INFO         Mode    : PAPER
2026-07-06 11:32:24,791  INFO         Ticker  : AMZN
2026-07-06 11:32:24,792  INFO         Chromosome : AMZN_best_chromosome.csv
2026-07-06 11:32:24,792  INFO      Alpaca clients initialised  [[PAPER] PAPER MODE]
2026-07-06 11:32:24,793  INFO      Chromosome loaded from AMZN_best_chromosome.csv  (24 genes)
2026-07-06 11:32:25,003  INFO      Market open — waiting 300s before first signal...
2026-07-06 11:37:25,004  INFO      =======================================================
2026-07-06 11:37:25,005  INFO      Daily signal run  [2026-07-06 11:37]
2026-07-06 11:37:25,005  INFO      =======================================================
2026-07-06 11:37:25,498  INFO      Fetched 70 bars for AMZN  (2026-03-25 → 2026-07-06)
2026-07-06 11:37:25,670  INFO      Signal: SELL/HOLD  |  Confidence: 0.422
2026-07-06 11:37:25,797  INFO      Portfolio value : $100,292.64
2026-07-06 11:37:25,798  INFO      Current price   : $245.63
2026-07-06 11:37:25,798  INFO      Open position   : {'qty': 72, 'side': 'short', 'entry_price': 244.77, 'market_value': -17685.36, 'unrealised_pl': -61.92}
2026-07-06 11:37:25,798  INFO      SELL signal — already short, monitoring existing position
2026-07-06 11:37:25,798  INFO      Monitoring AMZN  |  entry=244.77  stop=239.87  target=254.56
2026-07-06 11:38:25,997  ERROR     Unexpected error: unsupported format string passed to NoneType.__format__
Traceback (most recent call last):
  File "C:\Users\nickt\alpaca-trading-bot\alpaca_bot.py", line 621, in run_bot
    run_daily_signal(trading_client, data_client, chrom, BOT_CONFIG)
    ~~~~~~~~~~~~~~~~^^^^^^^^^^^^^^^^^^^^^^^^^^^^^^^^^^^^^^^^^^^^^^^^
  File "C:\Users\nickt\alpaca-trading-bot\alpaca_bot.py", line 575, in run_daily_signal
    monitor_position(trading_client, data_client, TICKER,
    ~~~~~~~~~~~~~~~~^^^^^^^^^^^^^^^^^^^^^^^^^^^^^^^^^^^^^
                    position['entry_price'], config, position['side'])
                    ^^^^^^^^^^^^^^^^^^^^^^^^^^^^^^^^^^^^^^^^^^^^^^^^^^
  File "C:\Users\nickt\alpaca-trading-bot\alpaca_bot.py", line 419, in monitor_position
    f"stop={stop_price:.2f}  trailing={trailing_stop:.2f}  "
                                      ^^^^^^^^^^^^^^^^^^^
TypeError: unsupported format string passed to NoneType.__format__
2026-07-06 11:38:25,998  INFO      Retrying in 5 minutes...
2026-07-06 11:43:27,213  INFO      Market open — waiting 300s before first signal...
2026-07-06 11:48:27,214  INFO      =======================================================
2026-07-06 11:48:27,214  INFO      Daily signal run  [2026-07-06 11:48]
2026-07-06 11:48:27,214  INFO      =======================================================
2026-07-06 11:48:27,552  INFO      Fetched 70 bars for AMZN  (2026-03-25 → 2026-07-06)
2026-07-06 11:48:27,714  INFO      Signal: SELL/HOLD  |  Confidence: 0.422
2026-07-06 11:48:27,851  INFO      Portfolio value : $100,336.66
2026-07-06 11:48:27,851  INFO      Current price   : $245.07
2026-07-06 11:48:27,851  INFO      Open position   : {'qty': 72, 'side': 'short', 'entry_price': 244.77, 'market_value': -17645.04, 'unrealised_pl': -21.6}
2026-07-06 11:48:27,851  INFO      SELL signal — already short, monitoring existing position
2026-07-06 11:48:27,851  INFO      Monitoring AMZN  |  entry=244.77  stop=239.87  target=254.56
2026-07-06 11:49:28,253  ERROR     Unexpected error: unsupported format string passed to NoneType.__format__
Traceback (most recent call last):
  File "C:\Users\nickt\alpaca-trading-bot\alpaca_bot.py", line 621, in run_bot
    run_daily_signal(trading_client, data_client, chrom, BOT_CONFIG)
    ~~~~~~~~~~~~~~~~^^^^^^^^^^^^^^^^^^^^^^^^^^^^^^^^^^^^^^^^^^^^^^^^
  File "C:\Users\nickt\alpaca-trading-bot\alpaca_bot.py", line 575, in run_daily_signal
    monitor_position(trading_client, data_client, TICKER,
    ~~~~~~~~~~~~~~~~^^^^^^^^^^^^^^^^^^^^^^^^^^^^^^^^^^^^^
                    position['entry_price'], config, position['side'])
                    ^^^^^^^^^^^^^^^^^^^^^^^^^^^^^^^^^^^^^^^^^^^^^^^^^^
  File "C:\Users\nickt\alpaca-trading-bot\alpaca_bot.py", line 419, in monitor_position
    f"stop={stop_price:.2f}  trailing={trailing_stop:.2f}  "
                                      ^^^^^^^^^^^^^^^^^^^
TypeError: unsupported format string passed to NoneType.__format__
2026-07-06 11:49:28,254  INFO      Retrying in 5 minutes...
2026-07-06 11:54:28,453  INFO      Market open — waiting 300s before first signal...
2026-07-06 11:59:28,454  INFO      =======================================================
2026-07-06 11:59:28,455  INFO      Daily signal run  [2026-07-06 11:59]
2026-07-06 11:59:28,455  INFO      =======================================================
2026-07-06 11:59:28,969  INFO      Fetched 70 bars for AMZN  (2026-03-25 → 2026-07-06)
2026-07-06 11:59:29,241  INFO      Signal: SELL/HOLD  |  Confidence: 0.422
2026-07-06 11:59:29,409  INFO      Portfolio value : $100,329.94
2026-07-06 11:59:29,410  INFO      Current price   : $244.83
2026-07-06 11:59:29,410  INFO      Open position   : {'qty': 72, 'side': 'short', 'entry_price': 244.77, 'market_value': -17628.48, 'unrealised_pl': -5.04}
2026-07-06 11:59:29,410  INFO      SELL signal — already short, monitoring existing position
2026-07-06 11:59:29,410  INFO      Monitoring AMZN  |  entry=244.77  stop=239.87  target=254.56
2026-07-06 12:00:29,698  ERROR     Unexpected error: unsupported format string passed to NoneType.__format__
Traceback (most recent call last):
  File "C:\Users\nickt\alpaca-trading-bot\alpaca_bot.py", line 621, in run_bot
    run_daily_signal(trading_client, data_client, chrom, BOT_CONFIG)
    ~~~~~~~~~~~~~~~~^^^^^^^^^^^^^^^^^^^^^^^^^^^^^^^^^^^^^^^^^^^^^^^^
  File "C:\Users\nickt\alpaca-trading-bot\alpaca_bot.py", line 575, in run_daily_signal
    monitor_position(trading_client, data_client, TICKER,
    ~~~~~~~~~~~~~~~~^^^^^^^^^^^^^^^^^^^^^^^^^^^^^^^^^^^^^
                    position['entry_price'], config, position['side'])
                    ^^^^^^^^^^^^^^^^^^^^^^^^^^^^^^^^^^^^^^^^^^^^^^^^^^
  File "C:\Users\nickt\alpaca-trading-bot\alpaca_bot.py", line 419, in monitor_position
    f"stop={stop_price:.2f}  trailing={trailing_stop:.2f}  "
                                      ^^^^^^^^^^^^^^^^^^^
TypeError: unsupported format string passed to NoneType.__format__
2026-07-06 12:00:29,699  INFO      Retrying in 5 minutes...
2026-07-06 12:05:29,896  INFO      Market open — waiting 300s before first signal...
2026-07-06 12:10:29,896  INFO      =======================================================
2026-07-06 12:10:29,896  INFO      Daily signal run  [2026-07-06 12:10]
2026-07-06 12:10:29,897  INFO      =======================================================
2026-07-06 12:10:30,443  INFO      Fetched 70 bars for AMZN  (2026-03-25 → 2026-07-06)
2026-07-06 12:10:30,624  INFO      Signal: SELL/HOLD  |  Confidence: 0.422
2026-07-06 12:10:30,786  INFO      Portfolio value : $100,356.19
2026-07-06 12:10:30,786  INFO      Current price   : $244.57
2026-07-06 12:10:30,787  INFO      Open position   : {'qty': 72, 'side': 'short', 'entry_price': 244.77, 'market_value': -17608.32, 'unrealised_pl': 15.12}
2026-07-06 12:10:30,787  INFO      SELL signal — already short, monitoring existing position
2026-07-06 12:10:30,787  INFO      Monitoring AMZN  |  entry=244.77  stop=239.87  target=254.56
2026-07-06 12:11:31,058  ERROR     Unexpected error: unsupported format string passed to NoneType.__format__
Traceback (most recent call last):
  File "C:\Users\nickt\alpaca-trading-bot\alpaca_bot.py", line 621, in run_bot
    run_daily_signal(trading_client, data_client, chrom, BOT_CONFIG)
    ~~~~~~~~~~~~~~~~^^^^^^^^^^^^^^^^^^^^^^^^^^^^^^^^^^^^^^^^^^^^^^^^
  File "C:\Users\nickt\alpaca-trading-bot\alpaca_bot.py", line 575, in run_daily_signal
    monitor_position(trading_client, data_client, TICKER,
    ~~~~~~~~~~~~~~~~^^^^^^^^^^^^^^^^^^^^^^^^^^^^^^^^^^^^^
                    position['entry_price'], config, position['side'])
                    ^^^^^^^^^^^^^^^^^^^^^^^^^^^^^^^^^^^^^^^^^^^^^^^^^^
  File "C:\Users\nickt\alpaca-trading-bot\alpaca_bot.py", line 419, in monitor_position
    f"stop={stop_price:.2f}  trailing={trailing_stop:.2f}  "
                                      ^^^^^^^^^^^^^^^^^^^
TypeError: unsupported format string passed to NoneType.__format__
2026-07-06 12:11:31,059  INFO      Retrying in 5 minutes...
2026-07-06 12:16:31,252  INFO      Market open — waiting 300s before first signal...
2026-07-06 12:21:31,254  INFO      =======================================================
2026-07-06 12:21:31,258  INFO      Daily signal run  [2026-07-06 12:21]
2026-07-06 12:21:31,258  INFO      =======================================================
2026-07-06 12:21:31,607  INFO      Fetched 70 bars for AMZN  (2026-03-25 → 2026-07-06)
2026-07-06 12:21:31,810  INFO      Signal: SELL/HOLD  |  Confidence: 0.422
2026-07-06 12:21:31,989  INFO      Portfolio value : $100,335.88
2026-07-06 12:21:31,989  INFO      Current price   : $244.95
2026-07-06 12:21:31,989  INFO      Open position   : {'qty': 72, 'side': 'short', 'entry_price': 244.77, 'market_value': -17634.96, 'unrealised_pl': -11.52}
2026-07-06 12:21:31,989  INFO      SELL signal — already short, monitoring existing position
2026-07-06 12:21:31,989  INFO      Monitoring AMZN  |  entry=244.77  stop=239.87  target=254.56
2026-07-06 12:22:32,217  ERROR     Unexpected error: unsupported format string passed to NoneType.__format__
Traceback (most recent call last):
  File "C:\Users\nickt\alpaca-trading-bot\alpaca_bot.py", line 621, in run_bot
    run_daily_signal(trading_client, data_client, chrom, BOT_CONFIG)
    ~~~~~~~~~~~~~~~~^^^^^^^^^^^^^^^^^^^^^^^^^^^^^^^^^^^^^^^^^^^^^^^^
  File "C:\Users\nickt\alpaca-trading-bot\alpaca_bot.py", line 575, in run_daily_signal
    monitor_position(trading_client, data_client, TICKER,
    ~~~~~~~~~~~~~~~~^^^^^^^^^^^^^^^^^^^^^^^^^^^^^^^^^^^^^
                    position['entry_price'], config, position['side'])
                    ^^^^^^^^^^^^^^^^^^^^^^^^^^^^^^^^^^^^^^^^^^^^^^^^^^
  File "C:\Users\nickt\alpaca-trading-bot\alpaca_bot.py", line 419, in monitor_position
    f"stop={stop_price:.2f}  trailing={trailing_stop:.2f}  "
                                      ^^^^^^^^^^^^^^^^^^^
TypeError: unsupported format string passed to NoneType.__format__
2026-07-06 12:22:32,217  INFO      Retrying in 5 minutes...
2026-07-06 12:27:32,440  INFO      Market open — waiting 300s before first signal...
2026-07-06 12:32:32,441  INFO      =======================================================
2026-07-06 12:32:32,442  INFO      Daily signal run  [2026-07-06 12:32]
2026-07-06 12:32:32,442  INFO      =======================================================
2026-07-06 12:32:32,803  INFO      Fetched 70 bars for AMZN  (2026-03-25 → 2026-07-06)
2026-07-06 12:32:32,996  INFO      Signal: SELL/HOLD  |  Confidence: 0.422
2026-07-06 12:32:33,185  INFO      Portfolio value : $100,203.23
2026-07-06 12:32:33,185  INFO      Current price   : $245.43
2026-07-06 12:32:33,185  INFO      Open position   : {'qty': 72, 'side': 'short', 'entry_price': 244.77, 'market_value': -17671.68, 'unrealised_pl': -48.24}
2026-07-06 12:32:33,186  INFO      SELL signal — already short, monitoring existing position
2026-07-06 12:32:33,186  INFO      Monitoring AMZN  |  entry=244.77  stop=239.87  target=254.56
2026-07-06 12:33:33,528  ERROR     Unexpected error: unsupported format string passed to NoneType.__format__
Traceback (most recent call last):
  File "C:\Users\nickt\alpaca-trading-bot\alpaca_bot.py", line 621, in run_bot
    run_daily_signal(trading_client, data_client, chrom, BOT_CONFIG)
    ~~~~~~~~~~~~~~~~^^^^^^^^^^^^^^^^^^^^^^^^^^^^^^^^^^^^^^^^^^^^^^^^
  File "C:\Users\nickt\alpaca-trading-bot\alpaca_bot.py", line 575, in run_daily_signal
    monitor_position(trading_client, data_client, TICKER,
    ~~~~~~~~~~~~~~~~^^^^^^^^^^^^^^^^^^^^^^^^^^^^^^^^^^^^^
                    position['entry_price'], config, position['side'])
                    ^^^^^^^^^^^^^^^^^^^^^^^^^^^^^^^^^^^^^^^^^^^^^^^^^^
  File "C:\Users\nickt\alpaca-trading-bot\alpaca_bot.py", line 419, in monitor_position
    f"stop={stop_price:.2f}  trailing={trailing_stop:.2f}  "
                                      ^^^^^^^^^^^^^^^^^^^
TypeError: unsupported format string passed to NoneType.__format__
2026-07-06 12:33:33,529  INFO      Retrying in 5 minutes...
2026-07-06 12:38:33,720  INFO      Market open — waiting 300s before first signal...
2026-07-06 12:43:33,721  INFO      =======================================================
2026-07-06 12:43:33,722  INFO      Daily signal run  [2026-07-06 12:43]
2026-07-06 12:43:33,722  INFO      =======================================================
2026-07-06 12:43:34,161  INFO      Fetched 70 bars for AMZN  (2026-03-25 → 2026-07-06)
2026-07-06 12:43:34,333  INFO      Signal: SELL/HOLD  |  Confidence: 0.422
2026-07-06 12:43:34,460  INFO      Portfolio value : $100,253.52
2026-07-06 12:43:34,460  INFO      Current price   : $245.33
2026-07-06 12:43:34,460  INFO      Open position   : {'qty': 72, 'side': 'short', 'entry_price': 244.77, 'market_value': -17664.84, 'unrealised_pl': -41.4}
2026-07-06 12:43:34,460  INFO      SELL signal — already short, monitoring existing position
2026-07-06 12:43:34,460  INFO      Monitoring AMZN  |  entry=244.77  stop=239.87  target=254.56
2026-07-06 12:44:34,734  ERROR     Unexpected error: unsupported format string passed to NoneType.__format__
Traceback (most recent call last):
  File "C:\Users\nickt\alpaca-trading-bot\alpaca_bot.py", line 621, in run_bot
    run_daily_signal(trading_client, data_client, chrom, BOT_CONFIG)
    ~~~~~~~~~~~~~~~~^^^^^^^^^^^^^^^^^^^^^^^^^^^^^^^^^^^^^^^^^^^^^^^^
  File "C:\Users\nickt\alpaca-trading-bot\alpaca_bot.py", line 575, in run_daily_signal
    monitor_position(trading_client, data_client, TICKER,
    ~~~~~~~~~~~~~~~~^^^^^^^^^^^^^^^^^^^^^^^^^^^^^^^^^^^^^
                    position['entry_price'], config, position['side'])
                    ^^^^^^^^^^^^^^^^^^^^^^^^^^^^^^^^^^^^^^^^^^^^^^^^^^
  File "C:\Users\nickt\alpaca-trading-bot\alpaca_bot.py", line 419, in monitor_position
    f"stop={stop_price:.2f}  trailing={trailing_stop:.2f}  "
                                      ^^^^^^^^^^^^^^^^^^^
TypeError: unsupported format string passed to NoneType.__format__
2026-07-06 12:44:34,735  INFO      Retrying in 5 minutes...
2026-07-06 12:49:34,940  INFO      Market open — waiting 300s before first signal...
2026-07-06 12:54:34,941  INFO      =======================================================
2026-07-06 12:54:34,941  INFO      Daily signal run  [2026-07-06 12:54]
2026-07-06 12:54:34,941  INFO      =======================================================
2026-07-06 12:54:35,307  INFO      Fetched 70 bars for AMZN  (2026-03-25 → 2026-07-06)
2026-07-06 12:54:35,574  INFO      Signal: SELL/HOLD  |  Confidence: 0.422
2026-07-06 12:54:35,806  INFO      Portfolio value : $100,203.33
2026-07-06 12:54:35,806  INFO      Current price   : $245.67
2026-07-06 12:54:35,806  INFO      Open position   : {'qty': 72, 'side': 'short', 'entry_price': 244.77, 'market_value': -17688.24, 'unrealised_pl': -64.8}
2026-07-06 12:54:35,807  INFO      SELL signal — already short, monitoring existing position
2026-07-06 12:54:35,807  INFO      Monitoring AMZN  |  entry=244.77  stop=239.87  target=254.56
2026-07-06 12:55:36,105  ERROR     Unexpected error: unsupported format string passed to NoneType.__format__
Traceback (most recent call last):
  File "C:\Users\nickt\alpaca-trading-bot\alpaca_bot.py", line 621, in run_bot
    run_daily_signal(trading_client, data_client, chrom, BOT_CONFIG)
    ~~~~~~~~~~~~~~~~^^^^^^^^^^^^^^^^^^^^^^^^^^^^^^^^^^^^^^^^^^^^^^^^
  File "C:\Users\nickt\alpaca-trading-bot\alpaca_bot.py", line 575, in run_daily_signal
    monitor_position(trading_client, data_client, TICKER,
    ~~~~~~~~~~~~~~~~^^^^^^^^^^^^^^^^^^^^^^^^^^^^^^^^^^^^^
                    position['entry_price'], config, position['side'])
                    ^^^^^^^^^^^^^^^^^^^^^^^^^^^^^^^^^^^^^^^^^^^^^^^^^^
  File "C:\Users\nickt\alpaca-trading-bot\alpaca_bot.py", line 419, in monitor_position
    f"stop={stop_price:.2f}  trailing={trailing_stop:.2f}  "
                                      ^^^^^^^^^^^^^^^^^^^
TypeError: unsupported format string passed to NoneType.__format__
2026-07-06 12:55:36,106  INFO      Retrying in 5 minutes...
2026-07-06 13:00:36,303  INFO      Market open — waiting 300s before first signal...
2026-07-06 13:05:36,303  INFO      =======================================================
2026-07-06 13:05:36,304  INFO      Daily signal run  [2026-07-06 13:05]
2026-07-06 13:05:36,304  INFO      =======================================================
2026-07-06 13:05:36,653  INFO      Fetched 70 bars for AMZN  (2026-03-25 → 2026-07-06)
2026-07-06 13:05:36,805  INFO      Signal: SELL/HOLD  |  Confidence: 0.422
2026-07-06 13:05:36,954  INFO      Portfolio value : $100,233.04
2026-07-06 13:05:36,954  INFO      Current price   : $245.40
2026-07-06 13:05:36,954  INFO      Open position   : {'qty': 72, 'side': 'short', 'entry_price': 244.77, 'market_value': -17668.44, 'unrealised_pl': -45.0}
2026-07-06 13:05:36,955  INFO      SELL signal — already short, monitoring existing position
2026-07-06 13:05:36,955  INFO      Monitoring AMZN  |  entry=244.77  stop=239.87  target=254.56
2026-07-06 13:06:37,216  ERROR     Unexpected error: unsupported format string passed to NoneType.__format__
Traceback (most recent call last):
  File "C:\Users\nickt\alpaca-trading-bot\alpaca_bot.py", line 621, in run_bot
    run_daily_signal(trading_client, data_client, chrom, BOT_CONFIG)
    ~~~~~~~~~~~~~~~~^^^^^^^^^^^^^^^^^^^^^^^^^^^^^^^^^^^^^^^^^^^^^^^^
  File "C:\Users\nickt\alpaca-trading-bot\alpaca_bot.py", line 575, in run_daily_signal
    monitor_position(trading_client, data_client, TICKER,
    ~~~~~~~~~~~~~~~~^^^^^^^^^^^^^^^^^^^^^^^^^^^^^^^^^^^^^
                    position['entry_price'], config, position['side'])
                    ^^^^^^^^^^^^^^^^^^^^^^^^^^^^^^^^^^^^^^^^^^^^^^^^^^
  File "C:\Users\nickt\alpaca-trading-bot\alpaca_bot.py", line 419, in monitor_position
    f"stop={stop_price:.2f}  trailing={trailing_stop:.2f}  "
                                      ^^^^^^^^^^^^^^^^^^^
TypeError: unsupported format string passed to NoneType.__format__
2026-07-06 13:06:37,217  INFO      Retrying in 5 minutes...
2026-07-06 13:11:37,447  INFO      Market open — waiting 300s before first signal...
2026-07-06 13:16:37,447  INFO      =======================================================
2026-07-06 13:16:37,448  INFO      Daily signal run  [2026-07-06 13:16]
2026-07-06 13:16:37,448  INFO      =======================================================
2026-07-06 13:16:37,920  INFO      Fetched 70 bars for AMZN  (2026-03-25 → 2026-07-06)
2026-07-06 13:16:38,105  INFO      Signal: SELL/HOLD  |  Confidence: 0.422
2026-07-06 13:16:38,237  INFO      Portfolio value : $100,197.85
2026-07-06 13:16:38,237  INFO      Current price   : $245.66
2026-07-06 13:16:38,237  INFO      Open position   : {'qty': 72, 'side': 'short', 'entry_price': 244.77, 'market_value': -17687.5344, 'unrealised_pl': -64.0944}
2026-07-06 13:16:38,237  INFO      SELL signal — already short, monitoring existing position
2026-07-06 13:16:38,237  INFO      Monitoring AMZN  |  entry=244.77  stop=239.87  target=254.56
2026-07-06 13:17:38,548  ERROR     Unexpected error: unsupported format string passed to NoneType.__format__
Traceback (most recent call last):
  File "C:\Users\nickt\alpaca-trading-bot\alpaca_bot.py", line 621, in run_bot
    run_daily_signal(trading_client, data_client, chrom, BOT_CONFIG)
    ~~~~~~~~~~~~~~~~^^^^^^^^^^^^^^^^^^^^^^^^^^^^^^^^^^^^^^^^^^^^^^^^
  File "C:\Users\nickt\alpaca-trading-bot\alpaca_bot.py", line 575, in run_daily_signal
    monitor_position(trading_client, data_client, TICKER,
    ~~~~~~~~~~~~~~~~^^^^^^^^^^^^^^^^^^^^^^^^^^^^^^^^^^^^^
                    position['entry_price'], config, position['side'])
                    ^^^^^^^^^^^^^^^^^^^^^^^^^^^^^^^^^^^^^^^^^^^^^^^^^^
  File "C:\Users\nickt\alpaca-trading-bot\alpaca_bot.py", line 419, in monitor_position
    f"stop={stop_price:.2f}  trailing={trailing_stop:.2f}  "
                                      ^^^^^^^^^^^^^^^^^^^
TypeError: unsupported format string passed to NoneType.__format__
2026-07-06 13:17:38,548  INFO      Retrying in 5 minutes...
2026-07-06 13:22:38,766  INFO      Market open — waiting 300s before first signal...
2026-07-06 13:27:38,767  INFO      =======================================================
2026-07-06 13:27:38,768  INFO      Daily signal run  [2026-07-06 13:27]
2026-07-06 13:27:38,768  INFO      =======================================================
2026-07-06 13:27:39,133  INFO      Fetched 70 bars for AMZN  (2026-03-25 → 2026-07-06)
2026-07-06 13:27:39,325  INFO      Signal: SELL/HOLD  |  Confidence: 0.422
2026-07-06 13:27:39,448  INFO      Portfolio value : $100,223.89
2026-07-06 13:27:39,448  INFO      Current price   : $245.58
2026-07-06 13:27:39,448  INFO      Open position   : {'qty': 72, 'side': 'short', 'entry_price': 244.77, 'market_value': -17683.2, 'unrealised_pl': -59.76}
2026-07-06 13:27:39,449  INFO      SELL signal — already short, monitoring existing position
2026-07-06 13:27:39,449  INFO      Monitoring AMZN  |  entry=244.77  stop=239.87  target=254.56
2026-07-06 13:28:39,779  ERROR     Unexpected error: unsupported format string passed to NoneType.__format__
Traceback (most recent call last):
  File "C:\Users\nickt\alpaca-trading-bot\alpaca_bot.py", line 621, in run_bot
    run_daily_signal(trading_client, data_client, chrom, BOT_CONFIG)
    ~~~~~~~~~~~~~~~~^^^^^^^^^^^^^^^^^^^^^^^^^^^^^^^^^^^^^^^^^^^^^^^^
  File "C:\Users\nickt\alpaca-trading-bot\alpaca_bot.py", line 575, in run_daily_signal
    monitor_position(trading_client, data_client, TICKER,
    ~~~~~~~~~~~~~~~~^^^^^^^^^^^^^^^^^^^^^^^^^^^^^^^^^^^^^
                    position['entry_price'], config, position['side'])
                    ^^^^^^^^^^^^^^^^^^^^^^^^^^^^^^^^^^^^^^^^^^^^^^^^^^
  File "C:\Users\nickt\alpaca-trading-bot\alpaca_bot.py", line 419, in monitor_position
    f"stop={stop_price:.2f}  trailing={trailing_stop:.2f}  "
                                      ^^^^^^^^^^^^^^^^^^^
TypeError: unsupported format string passed to NoneType.__format__
2026-07-06 13:28:39,781  INFO      Retrying in 5 minutes...
2026-07-06 13:33:39,986  INFO      Market open — waiting 300s before first signal...
2026-07-06 13:38:39,987  INFO      =======================================================
2026-07-06 13:38:39,987  INFO      Daily signal run  [2026-07-06 13:38]
2026-07-06 13:38:39,987  INFO      =======================================================
2026-07-06 13:38:40,546  INFO      Fetched 70 bars for AMZN  (2026-03-25 → 2026-07-06)
2026-07-06 13:38:40,718  INFO      Signal: SELL/HOLD  |  Confidence: 0.422
2026-07-06 13:38:40,850  INFO      Portfolio value : $100,228.42
2026-07-06 13:38:40,850  INFO      Current price   : $245.26
2026-07-06 13:38:40,850  INFO      Open position   : {'qty': 72, 'side': 'short', 'entry_price': 244.77, 'market_value': -17659.08, 'unrealised_pl': -35.64}
2026-07-06 13:38:40,851  INFO      SELL signal — already short, monitoring existing position
2026-07-06 13:38:40,851  INFO      Monitoring AMZN  |  entry=244.77  stop=239.87  target=254.56
2026-07-06 13:39:41,167  ERROR     Unexpected error: unsupported format string passed to NoneType.__format__
Traceback (most recent call last):
  File "C:\Users\nickt\alpaca-trading-bot\alpaca_bot.py", line 621, in run_bot
    run_daily_signal(trading_client, data_client, chrom, BOT_CONFIG)
    ~~~~~~~~~~~~~~~~^^^^^^^^^^^^^^^^^^^^^^^^^^^^^^^^^^^^^^^^^^^^^^^^
  File "C:\Users\nickt\alpaca-trading-bot\alpaca_bot.py", line 575, in run_daily_signal
    monitor_position(trading_client, data_client, TICKER,
    ~~~~~~~~~~~~~~~~^^^^^^^^^^^^^^^^^^^^^^^^^^^^^^^^^^^^^
                    position['entry_price'], config, position['side'])
                    ^^^^^^^^^^^^^^^^^^^^^^^^^^^^^^^^^^^^^^^^^^^^^^^^^^
  File "C:\Users\nickt\alpaca-trading-bot\alpaca_bot.py", line 419, in monitor_position
    f"stop={stop_price:.2f}  trailing={trailing_stop:.2f}  "
                                      ^^^^^^^^^^^^^^^^^^^
TypeError: unsupported format string passed to NoneType.__format__
2026-07-06 13:39:41,168  INFO      Retrying in 5 minutes...
2026-07-06 13:44:41,360  INFO      Market open — waiting 300s before first signal...
2026-07-06 13:49:41,362  INFO      =======================================================
2026-07-06 13:49:41,362  INFO      Daily signal run  [2026-07-06 13:49]
2026-07-06 13:49:41,362  INFO      =======================================================
2026-07-06 13:49:41,747  INFO      Fetched 70 bars for AMZN  (2026-03-25 → 2026-07-06)
2026-07-06 13:49:41,909  INFO      Signal: SELL/HOLD  |  Confidence: 0.422
2026-07-06 13:49:42,041  INFO      Portfolio value : $100,250.04
2026-07-06 13:49:42,041  INFO      Current price   : $245.04
2026-07-06 13:49:42,041  INFO      Open position   : {'qty': 72, 'side': 'short', 'entry_price': 244.77, 'market_value': -17642.52, 'unrealised_pl': -19.08}
2026-07-06 13:49:42,041  INFO      SELL signal — already short, monitoring existing position
2026-07-06 13:49:42,041  INFO      Monitoring AMZN  |  entry=244.77  stop=239.87  target=254.56
2026-07-06 13:50:42,288  ERROR     Unexpected error: unsupported format string passed to NoneType.__format__
Traceback (most recent call last):
  File "C:\Users\nickt\alpaca-trading-bot\alpaca_bot.py", line 621, in run_bot
    run_daily_signal(trading_client, data_client, chrom, BOT_CONFIG)
    ~~~~~~~~~~~~~~~~^^^^^^^^^^^^^^^^^^^^^^^^^^^^^^^^^^^^^^^^^^^^^^^^
  File "C:\Users\nickt\alpaca-trading-bot\alpaca_bot.py", line 575, in run_daily_signal
    monitor_position(trading_client, data_client, TICKER,
    ~~~~~~~~~~~~~~~~^^^^^^^^^^^^^^^^^^^^^^^^^^^^^^^^^^^^^
                    position['entry_price'], config, position['side'])
                    ^^^^^^^^^^^^^^^^^^^^^^^^^^^^^^^^^^^^^^^^^^^^^^^^^^
  File "C:\Users\nickt\alpaca-trading-bot\alpaca_bot.py", line 419, in monitor_position
    f"stop={stop_price:.2f}  trailing={trailing_stop:.2f}  "
                                      ^^^^^^^^^^^^^^^^^^^
TypeError: unsupported format string passed to NoneType.__format__
2026-07-06 13:50:42,288  INFO      Retrying in 5 minutes...
2026-07-06 13:55:42,481  INFO      Market open — waiting 300s before first signal...
2026-07-06 14:00:42,481  INFO      =======================================================
2026-07-06 14:00:42,482  INFO      Daily signal run  [2026-07-06 14:00]
2026-07-06 14:00:42,482  INFO      =======================================================
2026-07-06 14:00:42,820  INFO      Fetched 70 bars for AMZN  (2026-03-25 → 2026-07-06)
2026-07-06 14:00:43,009  INFO      Signal: SELL/HOLD  |  Confidence: 0.422
2026-07-06 14:00:43,199  INFO      Portfolio value : $100,299.68
2026-07-06 14:00:43,199  INFO      Current price   : $244.16
2026-07-06 14:00:43,200  INFO      Open position   : {'qty': 72, 'side': 'short', 'entry_price': 244.77, 'market_value': -17576.64, 'unrealised_pl': 46.8}
2026-07-06 14:00:43,200  INFO      SELL signal — already short, monitoring existing position
2026-07-06 14:00:43,200  INFO      Monitoring AMZN  |  entry=244.77  stop=239.87  target=254.56
2026-07-06 14:01:43,477  ERROR     Unexpected error: unsupported format string passed to NoneType.__format__
Traceback (most recent call last):
  File "C:\Users\nickt\alpaca-trading-bot\alpaca_bot.py", line 621, in run_bot
    run_daily_signal(trading_client, data_client, chrom, BOT_CONFIG)
    ~~~~~~~~~~~~~~~~^^^^^^^^^^^^^^^^^^^^^^^^^^^^^^^^^^^^^^^^^^^^^^^^
  File "C:\Users\nickt\alpaca-trading-bot\alpaca_bot.py", line 575, in run_daily_signal
    monitor_position(trading_client, data_client, TICKER,
    ~~~~~~~~~~~~~~~~^^^^^^^^^^^^^^^^^^^^^^^^^^^^^^^^^^^^^
                    position['entry_price'], config, position['side'])
                    ^^^^^^^^^^^^^^^^^^^^^^^^^^^^^^^^^^^^^^^^^^^^^^^^^^
  File "C:\Users\nickt\alpaca-trading-bot\alpaca_bot.py", line 419, in monitor_position
    f"stop={stop_price:.2f}  trailing={trailing_stop:.2f}  "
                                      ^^^^^^^^^^^^^^^^^^^
TypeError: unsupported format string passed to NoneType.__format__
2026-07-06 14:01:43,478  INFO      Retrying in 5 minutes...
2026-07-06 14:06:43,672  INFO      Market closed. Next open in 60 min. Sleeping...
2026-07-06 15:06:43,863  INFO      Market closed. Next open in 60 min. Sleeping...
2026-07-06 16:06:44,066  INFO      Market closed. Next open in 60 min. Sleeping...
2026-07-06 17:06:44,262  INFO      Market closed. Next open in 60 min. Sleeping...
2026-07-06 18:06:44,453  INFO      Market closed. Next open in 60 min. Sleeping...
2026-07-06 19:06:44,680  INFO      Market closed. Next open in 60 min. Sleeping...
2026-07-06 20:06:44,865  INFO      Market closed. Next open in 60 min. Sleeping...
2026-07-06 21:06:45,064  INFO      Market closed. Next open in 60 min. Sleeping...
2026-07-06 22:06:45,356  INFO      Market closed. Next open in 60 min. Sleeping...
2026-07-06 23:06:45,544  INFO      Market closed. Next open in 60 min. Sleeping...
2026-07-07 00:06:45,746  INFO      Market closed. Next open in 60 min. Sleeping...
2026-07-07 01:06:45,940  INFO      Market closed. Next open in 60 min. Sleeping...
2026-07-07 02:06:46,142  INFO      Market closed. Next open in 60 min. Sleeping...
