2026-07-06 10:33:52,473  INFO      [FUTURES BOT] Starting: CL (Crude Oil Futures)
2026-07-06 10:33:52,473  INFO        Mode       : PAPER
2026-07-06 10:33:52,473  INFO        Max leverage: 15.0x
2026-07-06 10:33:52,474  INFO        Trading hours: 23h/day (Mon-Fri)
2026-07-06 10:33:52,476  INFO        Evolved leverage: 5.6x
2026-07-06 10:33:52,476  INFO        Stop width: 4.5%
2026-07-06 10:33:52,476  INFO      [CL] Bot running — checking every 10 minutes
2026-07-06 10:33:52,476  INFO      [CL] ── Signal check 10:33 ──
2026-07-06 10:33:52,797  INFO      [CL] Signal: SHORT  |  Confidence: 0.088  |  Leverage: 1.00x
2026-07-06 10:33:53,222  INFO      [CL] Portfolio=$100,330.41  Price=$68.46  Position=None
2026-07-06 10:33:53,222  INFO      Risk guard blocked trade: Confidence 0.09 below futures threshold 0.5
2026-07-06 10:33:53,223  INFO      [CL] Signal complete. Sleeping 600s...
2026-07-06 10:43:53,224  INFO      [CL] ── Signal check 10:43 ──
2026-07-06 10:43:53,503  INFO      [CL] Signal: SHORT  |  Confidence: 0.088  |  Leverage: 1.00x
2026-07-06 10:43:53,946  INFO      [CL] Portfolio=$100,344.88  Price=$68.31  Position=None
2026-07-06 10:43:53,946  INFO      Risk guard blocked trade: Confidence 0.09 below futures threshold 0.5
2026-07-06 10:43:53,946  INFO      [CL] Signal complete. Sleeping 600s...
2026-07-06 10:53:53,947  INFO      [CL] ── Signal check 10:53 ──
2026-07-06 10:53:54,116  INFO      [CL] Signal: SHORT  |  Confidence: 0.088  |  Leverage: 1.00x
2026-07-06 10:53:54,563  INFO      [CL] Portfolio=$100,388.73  Price=$68.32  Position=None
2026-07-06 10:53:54,564  INFO      Risk guard blocked trade: Confidence 0.09 below futures threshold 0.5
2026-07-06 10:53:54,564  INFO      [CL] Signal complete. Sleeping 600s...
2026-07-06 11:03:54,564  INFO      [CL] ── Signal check 11:03 ──
2026-07-06 11:03:54,758  INFO      [CL] Signal: SHORT  |  Confidence: 0.088  |  Leverage: 1.00x
2026-07-06 11:03:55,195  INFO      [CL] Portfolio=$100,349.64  Price=$68.26  Position=None
2026-07-06 11:03:55,195  INFO      Risk guard blocked trade: Confidence 0.09 below futures threshold 0.5
2026-07-06 11:03:55,195  INFO      [CL] Signal complete. Sleeping 600s...
2026-07-06 11:13:55,196  INFO      [CL] ── Signal check 11:13 ──
2026-07-06 11:13:55,396  INFO      [CL] Signal: SHORT  |  Confidence: 0.088  |  Leverage: 1.00x
2026-07-06 11:13:55,822  INFO      [CL] Portfolio=$100,373.82  Price=$68.27  Position=None
2026-07-06 11:13:55,822  INFO      Risk guard blocked trade: Confidence 0.09 below futures threshold 0.5
2026-07-06 11:13:55,822  INFO      [CL] Signal complete. Sleeping 600s...
2026-07-06 11:18:07,240  INFO      [CL] Futures bot stopped by user
2026-07-06 11:32:12,705  INFO      [FUTURES BOT] Starting: CL (Crude Oil Futures)
2026-07-06 11:32:12,705  INFO        Mode       : PAPER
2026-07-06 11:32:12,705  INFO        Max leverage: 15.0x
2026-07-06 11:32:12,705  INFO        Trading hours: 23h/day (Mon-Fri)
2026-07-06 11:32:12,707  INFO        Evolved leverage: 5.6x
2026-07-06 11:32:12,707  INFO        Stop width: 4.5%
2026-07-06 11:32:12,707  INFO      [CL] Bot running — checking every 10 minutes
2026-07-06 11:32:12,707  INFO      [CL] ── Signal check 11:32 ──
2026-07-06 11:32:13,075  INFO      [CL] Signal: SHORT  |  Confidence: 0.088  |  Leverage: 1.00x
2026-07-06 11:32:14,539  INFO      [CL] Portfolio=$100,315.48  Price=$68.29  Position=None
2026-07-06 11:32:14,540  INFO      Risk guard blocked trade: Confidence 0.09 below futures threshold 0.5
2026-07-06 11:32:14,540  INFO      [CL] Signal complete. Sleeping 600s...
2026-07-06 11:42:14,540  INFO      [CL] ── Signal check 11:42 ──
2026-07-06 11:42:14,678  INFO      [CL] Signal: SHORT  |  Confidence: 0.088  |  Leverage: 1.00x
2026-07-06 11:42:15,076  INFO      [CL] Portfolio=$100,294.88  Price=$68.45  Position=None
2026-07-06 11:42:15,076  INFO      Risk guard blocked trade: Confidence 0.09 below futures threshold 0.5
2026-07-06 11:42:15,076  INFO      [CL] Signal complete. Sleeping 600s...
2026-07-06 11:52:15,077  INFO      [CL] ── Signal check 11:52 ──
2026-07-06 11:52:15,269  INFO      [CL] Signal: SHORT  |  Confidence: 0.154  |  Leverage: 1.00x
2026-07-06 11:52:15,760  INFO      [CL] Portfolio=$100,323.34  Price=$68.47  Position=None
2026-07-06 11:52:15,761  INFO      Risk guard blocked trade: Confidence 0.15 below futures threshold 0.5
2026-07-06 11:52:15,761  INFO      [CL] Signal complete. Sleeping 600s...
2026-07-06 12:02:15,761  INFO      [CL] ── Signal check 12:02 ──
2026-07-06 12:02:15,927  INFO      [CL] Signal: SHORT  |  Confidence: 0.088  |  Leverage: 1.00x
2026-07-06 12:02:16,394  INFO      [CL] Portfolio=$100,342.85  Price=$68.49  Position=None
2026-07-06 12:02:16,394  INFO      Risk guard blocked trade: Confidence 0.09 below futures threshold 0.5
2026-07-06 12:02:16,395  INFO      [CL] Signal complete. Sleeping 600s...
2026-07-06 12:12:16,395  INFO      [CL] ── Signal check 12:12 ──
2026-07-06 12:12:16,682  INFO      [CL] Signal: SHORT  |  Confidence: 0.088  |  Leverage: 1.00x
2026-07-06 12:12:17,107  INFO      [CL] Portfolio=$100,363.40  Price=$68.54  Position=None
2026-07-06 12:12:17,107  INFO      Risk guard blocked trade: Confidence 0.09 below futures threshold 0.5
2026-07-06 12:12:17,107  INFO      [CL] Signal complete. Sleeping 600s...
2026-07-06 12:22:17,108  INFO      [CL] ── Signal check 12:22 ──
2026-07-06 12:22:17,269  INFO      [CL] Signal: SHORT  |  Confidence: 0.088  |  Leverage: 1.00x
2026-07-06 12:22:17,693  INFO      [CL] Portfolio=$100,347.22  Price=$68.53  Position=None
2026-07-06 12:22:17,693  INFO      Risk guard blocked trade: Confidence 0.09 below futures threshold 0.5
2026-07-06 12:22:17,693  INFO      [CL] Signal complete. Sleeping 600s...
2026-07-06 12:32:17,694  INFO      [CL] ── Signal check 12:32 ──
2026-07-06 12:32:17,846  INFO      [CL] Signal: SHORT  |  Confidence: 0.088  |  Leverage: 1.00x
2026-07-06 12:32:18,252  INFO      [CL] Portfolio=$100,206.44  Price=$68.53  Position=None
2026-07-06 12:32:18,253  INFO      Risk guard blocked trade: Confidence 0.09 below futures threshold 0.5
2026-07-06 12:32:18,253  INFO      [CL] Signal complete. Sleeping 600s...
2026-07-06 12:42:18,253  INFO      [CL] ── Signal check 12:42 ──
2026-07-06 12:42:18,436  INFO      [CL] Signal: SHORT  |  Confidence: 0.088  |  Leverage: 1.00x
2026-07-06 12:42:18,874  INFO      [CL] Portfolio=$100,250.71  Price=$68.48  Position=None
2026-07-06 12:42:18,874  INFO      Risk guard blocked trade: Confidence 0.09 below futures threshold 0.5
2026-07-06 12:42:18,874  INFO      [CL] Signal complete. Sleeping 600s...
2026-07-06 12:52:18,875  INFO      [CL] ── Signal check 12:52 ──
2026-07-06 12:52:19,101  INFO      [CL] Signal: SHORT  |  Confidence: 0.088  |  Leverage: 1.00x
2026-07-06 12:52:19,515  INFO      [CL] Portfolio=$100,194.53  Price=$68.55  Position=None
2026-07-06 12:52:19,515  INFO      Risk guard blocked trade: Confidence 0.09 below futures threshold 0.5
2026-07-06 12:52:19,515  INFO      [CL] Signal complete. Sleeping 600s...
2026-07-06 13:02:19,516  INFO      [CL] ── Signal check 13:02 ──
2026-07-06 13:02:19,747  INFO      [CL] Signal: SHORT  |  Confidence: 0.088  |  Leverage: 1.00x
2026-07-06 13:02:20,202  INFO      [CL] Portfolio=$100,271.51  Price=$68.58  Position=None
2026-07-06 13:02:20,202  INFO      Risk guard blocked trade: Confidence 0.09 below futures threshold 0.5
2026-07-06 13:02:20,203  INFO      [CL] Signal complete. Sleeping 600s...
2026-07-06 13:12:20,203  INFO      [CL] ── Signal check 13:12 ──
2026-07-06 13:12:20,365  INFO      [CL] Signal: SHORT  |  Confidence: 0.088  |  Leverage: 1.00x
2026-07-06 13:12:20,790  INFO      [CL] Portfolio=$100,207.94  Price=$68.60  Position=None
2026-07-06 13:12:20,790  INFO      Risk guard blocked trade: Confidence 0.09 below futures threshold 0.5
2026-07-06 13:12:20,790  INFO      [CL] Signal complete. Sleeping 600s...
2026-07-06 13:22:20,791  INFO      [CL] ── Signal check 13:22 ──
2026-07-06 13:22:20,955  INFO      [CL] Signal: SHORT  |  Confidence: 0.088  |  Leverage: 1.00x
2026-07-06 13:22:21,402  INFO      [CL] Portfolio=$100,223.25  Price=$68.61  Position=None
2026-07-06 13:22:21,402  INFO      Risk guard blocked trade: Confidence 0.09 below futures threshold 0.5
2026-07-06 13:22:21,402  INFO      [CL] Signal complete. Sleeping 600s...
2026-07-06 13:32:21,402  INFO      [CL] ── Signal check 13:32 ──
2026-07-06 13:32:21,598  INFO      [CL] Signal: SHORT  |  Confidence: 0.088  |  Leverage: 1.00x
2026-07-06 13:32:22,117  INFO      [CL] Portfolio=$100,224.57  Price=$68.73  Position=None
2026-07-06 13:32:22,117  INFO      Risk guard blocked trade: Confidence 0.09 below futures threshold 0.5
2026-07-06 13:32:22,117  INFO      [CL] Signal complete. Sleeping 600s...
2026-07-06 13:42:22,117  INFO      [CL] ── Signal check 13:42 ──
2026-07-06 13:42:22,291  INFO      [CL] Signal: SHORT  |  Confidence: 0.088  |  Leverage: 1.00x
2026-07-06 13:42:22,869  INFO      [CL] Portfolio=$100,205.36  Price=$68.73  Position=None
2026-07-06 13:42:22,869  INFO      Risk guard blocked trade: Confidence 0.09 below futures threshold 0.5
2026-07-06 13:42:22,869  INFO      [CL] Signal complete. Sleeping 600s...
2026-07-06 13:52:22,877  INFO      [CL] ── Signal check 13:52 ──
2026-07-06 13:52:23,101  INFO      [CL] Signal: SHORT  |  Confidence: 0.088  |  Leverage: 1.00x
2026-07-06 13:52:23,535  INFO      [CL] Portfolio=$100,325.75  Price=$68.71  Position=None
2026-07-06 13:52:23,535  INFO      Risk guard blocked trade: Confidence 0.09 below futures threshold 0.5
2026-07-06 13:52:23,535  INFO      [CL] Signal complete. Sleeping 600s...
2026-07-06 14:02:23,535  INFO      [CL] ── Signal check 14:02 ──
2026-07-06 14:02:23,708  INFO      [CL] Signal: SHORT  |  Confidence: 0.088  |  Leverage: 1.00x
2026-07-06 14:02:24,282  INFO      [CL] Portfolio=$100,322.64  Price=$68.73  Position=None
2026-07-06 14:02:24,282  INFO      Risk guard blocked trade: Confidence 0.09 below futures threshold 0.5
2026-07-06 14:02:24,282  INFO      [CL] Signal complete. Sleeping 600s...
2026-07-06 14:12:24,283  INFO      [CL] ── Signal check 14:12 ──
2026-07-06 14:12:24,457  INFO      [CL] Signal: SHORT  |  Confidence: 0.088  |  Leverage: 1.00x
2026-07-06 14:12:24,913  INFO      [CL] Portfolio=$100,313.36  Price=$68.68  Position=None
2026-07-06 14:12:24,914  INFO      Risk guard blocked trade: Confidence 0.09 below futures threshold 0.5
2026-07-06 14:12:24,914  INFO      [CL] Signal complete. Sleeping 600s...
2026-07-06 14:22:24,914  INFO      [CL] ── Signal check 14:22 ──
2026-07-06 14:22:25,087  INFO      [CL] Signal: SHORT  |  Confidence: 0.088  |  Leverage: 1.00x
2026-07-06 14:22:25,539  INFO      [CL] Portfolio=$100,306.77  Price=$68.69  Position=None
2026-07-06 14:22:25,539  INFO      Risk guard blocked trade: Confidence 0.09 below futures threshold 0.5
2026-07-06 14:22:25,540  INFO      [CL] Signal complete. Sleeping 600s...
2026-07-06 14:32:25,541  INFO      [CL] ── Signal check 14:32 ──
2026-07-06 14:32:25,701  INFO      [CL] Signal: SHORT  |  Confidence: 0.088  |  Leverage: 1.00x
2026-07-06 14:32:26,099  INFO      [CL] Portfolio=$100,307.97  Price=$68.69  Position=None
2026-07-06 14:32:26,099  INFO      Risk guard blocked trade: Confidence 0.09 below futures threshold 0.5
2026-07-06 14:32:26,099  INFO      [CL] Signal complete. Sleeping 600s...
2026-07-06 14:42:26,100  INFO      [CL] ── Signal check 14:42 ──
2026-07-06 14:42:26,272  INFO      [CL] Signal: SHORT  |  Confidence: 0.088  |  Leverage: 1.00x
2026-07-06 14:42:26,881  INFO      [CL] Portfolio=$100,318.92  Price=$68.69  Position=None
2026-07-06 14:42:26,882  INFO      Risk guard blocked trade: Confidence 0.09 below futures threshold 0.5
2026-07-06 14:42:26,882  INFO      [CL] Signal complete. Sleeping 600s...
2026-07-06 14:52:26,883  INFO      [CL] ── Signal check 14:52 ──
2026-07-06 14:52:27,024  INFO      [CL] Signal: SHORT  |  Confidence: 0.088  |  Leverage: 1.00x
2026-07-06 14:52:27,494  INFO      [CL] Portfolio=$100,322.60  Price=$68.68  Position=None
2026-07-06 14:52:27,494  INFO      Risk guard blocked trade: Confidence 0.09 below futures threshold 0.5
2026-07-06 14:52:27,494  INFO      [CL] Signal complete. Sleeping 600s...
2026-07-06 15:02:27,494  INFO      [CL] ── Signal check 15:02 ──
2026-07-06 15:02:27,646  INFO      [CL] Signal: SHORT  |  Confidence: 0.088  |  Leverage: 1.00x
2026-07-06 15:02:28,251  INFO      [CL] Portfolio=$100,334.26  Price=$68.67  Position=None
2026-07-06 15:02:28,251  INFO      Risk guard blocked trade: Confidence 0.09 below futures threshold 0.5
2026-07-06 15:02:28,251  INFO      [CL] Signal complete. Sleeping 600s...
2026-07-06 15:12:28,251  INFO      [CL] ── Signal check 15:12 ──
2026-07-06 15:12:28,394  INFO      [CL] Signal: SHORT  |  Confidence: 0.088  |  Leverage: 1.00x
2026-07-06 15:12:28,860  INFO      [CL] Portfolio=$100,315.15  Price=$68.60  Position=None
2026-07-06 15:12:28,860  INFO      Risk guard blocked trade: Confidence 0.09 below futures threshold 0.5
2026-07-06 15:12:28,860  INFO      [CL] Signal complete. Sleeping 600s...
2026-07-06 15:22:28,860  INFO      [CL] ── Signal check 15:22 ──
2026-07-06 15:22:29,024  INFO      [CL] Signal: SHORT  |  Confidence: 0.088  |  Leverage: 1.00x
2026-07-06 15:22:29,462  INFO      [CL] Portfolio=$100,299.78  Price=$68.60  Position=None
2026-07-06 15:22:29,462  INFO      Risk guard blocked trade: Confidence 0.09 below futures threshold 0.5
2026-07-06 15:22:29,462  INFO      [CL] Signal complete. Sleeping 600s...
2026-07-06 15:32:29,463  INFO      [CL] ── Signal check 15:32 ──
2026-07-06 15:32:29,628  INFO      [CL] Signal: SHORT  |  Confidence: 0.088  |  Leverage: 1.00x
2026-07-06 15:32:30,120  INFO      [CL] Portfolio=$100,302.61  Price=$68.78  Position=None
2026-07-06 15:32:30,120  INFO      Risk guard blocked trade: Confidence 0.09 below futures threshold 0.5
2026-07-06 15:32:30,120  INFO      [CL] Signal complete. Sleeping 600s...
2026-07-06 15:42:30,121  INFO      [CL] ── Signal check 15:42 ──
2026-07-06 15:42:30,305  INFO      [CL] Signal: SHORT  |  Confidence: 0.088  |  Leverage: 1.00x
2026-07-06 15:42:30,834  INFO      [CL] Portfolio=$100,294.91  Price=$68.78  Position=None
2026-07-06 15:42:30,834  INFO      Risk guard blocked trade: Confidence 0.09 below futures threshold 0.5
2026-07-06 15:42:30,834  INFO      [CL] Signal complete. Sleeping 600s...
2026-07-06 15:52:30,835  INFO      [CL] ── Signal check 15:52 ──
2026-07-06 15:52:31,017  INFO      [CL] Signal: SHORT  |  Confidence: 0.088  |  Leverage: 1.00x
2026-07-06 15:52:31,447  INFO      [CL] Portfolio=$100,313.65  Price=$68.78  Position=None
2026-07-06 15:52:31,447  INFO      Risk guard blocked trade: Confidence 0.09 below futures threshold 0.5
2026-07-06 15:52:31,447  INFO      [CL] Signal complete. Sleeping 600s...
2026-07-06 16:02:31,448  INFO      [CL] ── Signal check 16:02 ──
2026-07-06 16:02:31,629  INFO      [CL] Signal: SHORT  |  Confidence: 0.088  |  Leverage: 1.00x
2026-07-06 16:02:32,041  INFO      [CL] Portfolio=$100,320.49  Price=$68.78  Position=None
2026-07-06 16:02:32,042  INFO      Risk guard blocked trade: Confidence 0.09 below futures threshold 0.5
2026-07-06 16:02:32,042  INFO      [CL] Signal complete. Sleeping 600s...
2026-07-06 16:12:32,043  INFO      [CL] ── Signal check 16:12 ──
2026-07-06 16:12:32,247  INFO      [CL] Signal: SHORT  |  Confidence: 0.088  |  Leverage: 1.00x
2026-07-06 16:12:32,656  INFO      [CL] Portfolio=$100,317.06  Price=$68.64  Position=None
2026-07-06 16:12:32,656  INFO      Risk guard blocked trade: Confidence 0.09 below futures threshold 0.5
2026-07-06 16:12:32,656  INFO      [CL] Signal complete. Sleeping 600s...
2026-07-06 16:22:32,656  INFO      [CL] ── Signal check 16:22 ──
2026-07-06 16:22:32,824  INFO      [CL] Signal: SHORT  |  Confidence: 0.088  |  Leverage: 1.00x
2026-07-06 16:22:33,294  INFO      [CL] Portfolio=$100,308.58  Price=$68.63  Position=None
2026-07-06 16:22:33,294  INFO      Risk guard blocked trade: Confidence 0.09 below futures threshold 0.5
2026-07-06 16:22:33,294  INFO      [CL] Signal complete. Sleeping 600s...
2026-07-06 16:32:33,295  INFO      [CL] ── Signal check 16:32 ──
2026-07-06 16:32:33,437  INFO      [CL] Signal: SHORT  |  Confidence: 0.088  |  Leverage: 1.00x
2026-07-06 16:32:33,882  INFO      [CL] Portfolio=$100,354.98  Price=$68.67  Position=None
2026-07-06 16:32:33,882  INFO      Risk guard blocked trade: Confidence 0.09 below futures threshold 0.5
2026-07-06 16:32:33,882  INFO      [CL] Signal complete. Sleeping 600s...
2026-07-06 16:42:33,883  INFO      [CL] ── Signal check 16:42 ──
2026-07-06 16:42:34,183  INFO      [CL] Signal: SHORT  |  Confidence: 0.088  |  Leverage: 1.00x
2026-07-06 16:42:35,013  INFO      [CL] Portfolio=$100,317.16  Price=$68.67  Position=None
2026-07-06 16:42:35,013  INFO      Risk guard blocked trade: Confidence 0.09 below futures threshold 0.5
2026-07-06 16:42:35,014  INFO      [CL] Signal complete. Sleeping 600s...
2026-07-06 16:52:35,014  INFO      [CL] ── Signal check 16:52 ──
2026-07-06 16:52:35,186  INFO      [CL] Signal: SHORT  |  Confidence: 0.088  |  Leverage: 1.00x
2026-07-06 16:52:35,637  INFO      [CL] Portfolio=$100,325.02  Price=$68.69  Position=None
2026-07-06 16:52:35,637  INFO      Risk guard blocked trade: Confidence 0.09 below futures threshold 0.5
2026-07-06 16:52:35,637  INFO      [CL] Signal complete. Sleeping 600s...
2026-07-06 17:02:35,638  INFO      [CL] ── Signal check 17:02 ──
2026-07-06 17:02:35,809  INFO      [CL] Signal: SHORT  |  Confidence: 0.088  |  Leverage: 1.00x
2026-07-06 17:02:36,337  INFO      [CL] Portfolio=$100,319.74  Price=$68.72  Position=None
2026-07-06 17:02:36,337  INFO      Risk guard blocked trade: Confidence 0.09 below futures threshold 0.5
2026-07-06 17:02:36,337  INFO      [CL] Signal complete. Sleeping 600s...
2026-07-06 17:12:36,338  INFO      [CL] ── Signal check 17:12 ──
2026-07-06 17:12:36,499  INFO      [CL] Signal: SHORT  |  Confidence: 0.088  |  Leverage: 1.00x
2026-07-06 17:12:36,961  INFO      [CL] Portfolio=$100,327.07  Price=$68.71  Position=None
2026-07-06 17:12:36,961  INFO      Risk guard blocked trade: Confidence 0.09 below futures threshold 0.5
2026-07-06 17:12:36,962  INFO      [CL] Signal complete. Sleeping 600s...
2026-07-06 17:22:36,962  INFO      [CL] ── Signal check 17:22 ──
2026-07-06 17:22:37,137  INFO      [CL] Signal: SHORT  |  Confidence: 0.088  |  Leverage: 1.00x
2026-07-06 17:22:37,596  INFO      [CL] Portfolio=$100,314.53  Price=$68.71  Position=None
2026-07-06 17:22:37,597  INFO      Risk guard blocked trade: Confidence 0.09 below futures threshold 0.5
2026-07-06 17:22:37,597  INFO      [CL] Signal complete. Sleeping 600s...
2026-07-06 17:32:37,598  INFO      [CL] ── Signal check 17:32 ──
2026-07-06 17:32:37,750  INFO      [CL] Signal: SHORT  |  Confidence: 0.088  |  Leverage: 1.00x
2026-07-06 17:32:38,212  INFO      [CL] Portfolio=$100,340.17  Price=$68.84  Position=None
2026-07-06 17:32:38,212  INFO      Risk guard blocked trade: Confidence 0.09 below futures threshold 0.5
2026-07-06 17:32:38,212  INFO      [CL] Signal complete. Sleeping 600s...
2026-07-06 17:42:38,212  INFO      [CL] ── Signal check 17:42 ──
2026-07-06 17:42:38,385  INFO      [CL] Signal: SHORT  |  Confidence: 0.088  |  Leverage: 1.00x
2026-07-06 17:42:38,868  INFO      [CL] Portfolio=$100,323.17  Price=$68.81  Position=None
2026-07-06 17:42:38,868  INFO      Risk guard blocked trade: Confidence 0.09 below futures threshold 0.5
2026-07-06 17:42:38,868  INFO      [CL] Signal complete. Sleeping 600s...
2026-07-06 17:52:38,869  INFO      [CL] ── Signal check 17:52 ──
2026-07-06 17:52:39,058  INFO      [CL] Signal: SHORT  |  Confidence: 0.088  |  Leverage: 1.00x
2026-07-06 17:52:39,473  INFO      [CL] Portfolio=$100,324.13  Price=$68.79  Position=None
2026-07-06 17:52:39,473  INFO      Risk guard blocked trade: Confidence 0.09 below futures threshold 0.5
2026-07-06 17:52:39,473  INFO      [CL] Signal complete. Sleeping 600s...
2026-07-06 18:02:39,474  INFO      [CL] ── Signal check 18:02 ──
2026-07-06 18:02:39,646  INFO      [CL] Signal: SHORT  |  Confidence: 0.088  |  Leverage: 1.00x
2026-07-06 18:02:40,081  INFO      [CL] Portfolio=$100,322.51  Price=$68.79  Position=None
2026-07-06 18:02:40,081  INFO      Risk guard blocked trade: Confidence 0.09 below futures threshold 0.5
2026-07-06 18:02:40,081  INFO      [CL] Signal complete. Sleeping 600s...
2026-07-06 18:12:40,082  INFO      [CL] ── Signal check 18:12 ──
2026-07-06 18:12:40,248  INFO      [CL] Signal: SHORT  |  Confidence: 0.088  |  Leverage: 1.00x
2026-07-06 18:12:40,732  INFO      [CL] Portfolio=$100,320.70  Price=$68.74  Position=None
2026-07-06 18:12:40,733  INFO      Risk guard blocked trade: Confidence 0.09 below futures threshold 0.5
2026-07-06 18:12:40,733  INFO      [CL] Signal complete. Sleeping 600s...
2026-07-06 18:22:40,733  INFO      [CL] ── Signal check 18:22 ──
2026-07-06 18:22:40,929  INFO      [CL] Signal: SHORT  |  Confidence: 0.088  |  Leverage: 1.00x
2026-07-06 18:22:41,416  INFO      [CL] Portfolio=$100,308.12  Price=$68.89  Position=None
2026-07-06 18:22:41,416  INFO      Risk guard blocked trade: Confidence 0.09 below futures threshold 0.5
2026-07-06 18:22:41,417  INFO      [CL] Signal complete. Sleeping 600s...
2026-07-06 18:32:41,417  INFO      [CL] ── Signal check 18:32 ──
2026-07-06 18:32:41,601  INFO      [CL] Signal: SHORT  |  Confidence: 0.088  |  Leverage: 1.00x
2026-07-06 18:32:42,035  INFO      [CL] Portfolio=$100,299.61  Price=$68.85  Position=None
2026-07-06 18:32:42,036  INFO      Risk guard blocked trade: Confidence 0.09 below futures threshold 0.5
2026-07-06 18:32:42,036  INFO      [CL] Signal complete. Sleeping 600s...
2026-07-06 18:42:42,036  INFO      [CL] ── Signal check 18:42 ──
2026-07-06 18:42:42,173  INFO      [CL] Signal: SHORT  |  Confidence: 0.088  |  Leverage: 1.00x
2026-07-06 18:42:42,625  INFO      [CL] Portfolio=$100,301.87  Price=$68.77  Position=None
2026-07-06 18:42:42,625  INFO      Risk guard blocked trade: Confidence 0.09 below futures threshold 0.5
2026-07-06 18:42:42,625  INFO      [CL] Signal complete. Sleeping 600s...
2026-07-06 18:52:42,626  INFO      [CL] ── Signal check 18:52 ──
2026-07-06 18:52:42,770  INFO      [CL] Signal: SHORT  |  Confidence: 0.088  |  Leverage: 1.00x
2026-07-06 18:52:43,262  INFO      [CL] Portfolio=$100,309.21  Price=$68.82  Position=None
2026-07-06 18:52:43,263  INFO      Risk guard blocked trade: Confidence 0.09 below futures threshold 0.5
2026-07-06 18:52:43,263  INFO      [CL] Signal complete. Sleeping 600s...
2026-07-06 19:02:43,263  INFO      [CL] ── Signal check 19:02 ──
2026-07-06 19:02:43,665  INFO      [CL] Signal: SHORT  |  Confidence: 0.088  |  Leverage: 1.00x
2026-07-06 19:02:44,160  INFO      [CL] Portfolio=$100,313.64  Price=$68.80  Position=None
2026-07-06 19:02:44,161  INFO      Risk guard blocked trade: Confidence 0.09 below futures threshold 0.5
2026-07-06 19:02:44,161  INFO      [CL] Signal complete. Sleeping 600s...
2026-07-06 19:12:44,161  INFO      [CL] ── Signal check 19:12 ──
2026-07-06 19:12:44,307  INFO      [CL] Signal: SHORT  |  Confidence: 0.088  |  Leverage: 1.00x
2026-07-06 19:12:44,746  INFO      [CL] Portfolio=$100,295.86  Price=$68.93  Position=None
2026-07-06 19:12:44,747  INFO      Risk guard blocked trade: Confidence 0.09 below futures threshold 0.5
2026-07-06 19:12:44,747  INFO      [CL] Signal complete. Sleeping 600s...
2026-07-06 19:22:44,747  INFO      [CL] ── Signal check 19:22 ──
2026-07-06 19:22:44,940  INFO      [CL] Signal: SHORT  |  Confidence: 0.088  |  Leverage: 1.00x
2026-07-06 19:22:45,471  INFO      [CL] Portfolio=$100,301.70  Price=$68.74  Position=None
2026-07-06 19:22:45,472  INFO      Risk guard blocked trade: Confidence 0.09 below futures threshold 0.5
2026-07-06 19:22:45,472  INFO      [CL] Signal complete. Sleeping 600s...
2026-07-06 19:32:45,472  INFO      [CL] ── Signal check 19:32 ──
2026-07-06 19:32:45,634  INFO      [CL] Signal: SHORT  |  Confidence: 0.088  |  Leverage: 1.00x
2026-07-06 19:32:46,071  INFO      [CL] Portfolio=$100,197.77  Price=$68.66  Position=None
2026-07-06 19:32:46,071  INFO      Risk guard blocked trade: Confidence 0.09 below futures threshold 0.5
2026-07-06 19:32:46,071  INFO      [CL] Signal complete. Sleeping 600s...
2026-07-06 19:42:46,072  INFO      [CL] ── Signal check 19:42 ──
2026-07-06 19:42:46,265  INFO      [CL] Signal: SHORT  |  Confidence: 0.088  |  Leverage: 1.00x
2026-07-06 19:42:46,773  INFO      [CL] Portfolio=$100,215.47  Price=$68.75  Position=None
2026-07-06 19:42:46,773  INFO      Risk guard blocked trade: Confidence 0.09 below futures threshold 0.5
2026-07-06 19:42:46,773  INFO      [CL] Signal complete. Sleeping 600s...
2026-07-06 19:52:46,774  INFO      [CL] ── Signal check 19:52 ──
2026-07-06 19:52:46,908  INFO      [CL] Signal: SHORT  |  Confidence: 0.088  |  Leverage: 1.00x
2026-07-06 19:52:47,462  INFO      [CL] Portfolio=$100,230.95  Price=$68.89  Position=None
2026-07-06 19:52:47,462  INFO      Risk guard blocked trade: Confidence 0.09 below futures threshold 0.5
2026-07-06 19:52:47,462  INFO      [CL] Signal complete. Sleeping 600s...
2026-07-06 20:02:47,462  INFO      [CL] ── Signal check 20:02 ──
2026-07-06 20:02:47,613  INFO      [CL] Signal: SHORT  |  Confidence: 0.088  |  Leverage: 1.00x
2026-07-06 20:02:48,111  INFO      [CL] Portfolio=$100,239.30  Price=$68.99  Position=None
2026-07-06 20:02:48,112  INFO      Risk guard blocked trade: Confidence 0.09 below futures threshold 0.5
2026-07-06 20:02:48,112  INFO      [CL] Signal complete. Sleeping 600s...
2026-07-06 20:12:48,113  INFO      [CL] ── Signal check 20:12 ──
2026-07-06 20:12:48,329  INFO      [CL] Signal: SHORT  |  Confidence: 0.088  |  Leverage: 1.00x
2026-07-06 20:12:48,789  INFO      [CL] Portfolio=$100,262.76  Price=$69.04  Position=None
2026-07-06 20:12:48,789  INFO      Risk guard blocked trade: Confidence 0.09 below futures threshold 0.5
2026-07-06 20:12:48,789  INFO      [CL] Signal complete. Sleeping 600s...
2026-07-06 20:22:48,790  INFO      [CL] ── Signal check 20:22 ──
2026-07-06 20:22:48,970  INFO      [CL] Signal: SHORT  |  Confidence: 0.088  |  Leverage: 1.00x
2026-07-06 20:22:49,432  INFO      [CL] Portfolio=$100,247.50  Price=$69.19  Position=None
2026-07-06 20:22:49,433  INFO      Risk guard blocked trade: Confidence 0.09 below futures threshold 0.5
2026-07-06 20:22:49,433  INFO      [CL] Signal complete. Sleeping 600s...
2026-07-06 20:32:49,433  INFO      [CL] ── Signal check 20:32 ──
2026-07-06 20:32:49,614  INFO      [CL] Signal: SHORT  |  Confidence: 0.088  |  Leverage: 1.00x
2026-07-06 20:32:50,066  INFO      [CL] Portfolio=$100,263.30  Price=$69.21  Position=None
2026-07-06 20:32:50,066  INFO      Risk guard blocked trade: Confidence 0.09 below futures threshold 0.5
2026-07-06 20:32:50,067  INFO      [CL] Signal complete. Sleeping 600s...
2026-07-06 20:42:50,067  INFO      [CL] ── Signal check 20:42 ──
2026-07-06 20:42:50,272  INFO      [CL] Signal: SHORT  |  Confidence: 0.088  |  Leverage: 1.00x
2026-07-06 20:42:50,707  INFO      [CL] Portfolio=$100,266.10  Price=$69.25  Position=None
2026-07-06 20:42:50,708  INFO      Risk guard blocked trade: Confidence 0.09 below futures threshold 0.5
2026-07-06 20:42:50,708  INFO      [CL] Signal complete. Sleeping 600s...
2026-07-06 20:52:50,708  INFO      [CL] ── Signal check 20:52 ──
2026-07-06 20:52:50,871  INFO      [CL] Signal: SHORT  |  Confidence: 0.088  |  Leverage: 1.00x
2026-07-06 20:52:51,452  INFO      [CL] Portfolio=$100,240.41  Price=$69.11  Position=None
2026-07-06 20:52:51,452  INFO      Risk guard blocked trade: Confidence 0.09 below futures threshold 0.5
2026-07-06 20:52:51,452  INFO      [CL] Signal complete. Sleeping 600s...
2026-07-06 21:02:51,455  INFO      [CL] ── Signal check 21:02 ──
2026-07-06 21:02:51,627  INFO      [CL] Signal: SHORT  |  Confidence: 0.088  |  Leverage: 1.00x
2026-07-06 21:02:52,123  INFO      [CL] Portfolio=$100,285.50  Price=$69.09  Position=None
2026-07-06 21:02:52,123  INFO      Risk guard blocked trade: Confidence 0.09 below futures threshold 0.5
2026-07-06 21:02:52,123  INFO      [CL] Signal complete. Sleeping 600s...
2026-07-06 21:12:52,123  INFO      [CL] ── Signal check 21:12 ──
2026-07-06 21:12:52,319  INFO      [CL] Signal: SHORT  |  Confidence: 0.088  |  Leverage: 1.00x
2026-07-06 21:12:52,866  INFO      [CL] Portfolio=$100,287.19  Price=$69.07  Position=None
2026-07-06 21:12:52,866  INFO      Risk guard blocked trade: Confidence 0.09 below futures threshold 0.5
2026-07-06 21:12:52,866  INFO      [CL] Signal complete. Sleeping 600s...
2026-07-06 21:22:52,867  INFO      [CL] ── Signal check 21:22 ──
2026-07-06 21:22:53,044  INFO      [CL] Signal: SHORT  |  Confidence: 0.088  |  Leverage: 1.00x
2026-07-06 21:22:53,605  INFO      [CL] Portfolio=$100,301.10  Price=$69.19  Position=None
2026-07-06 21:22:53,605  INFO      Risk guard blocked trade: Confidence 0.09 below futures threshold 0.5
2026-07-06 21:22:53,605  INFO      [CL] Signal complete. Sleeping 600s...
2026-07-06 21:32:53,606  INFO      [CL] ── Signal check 21:32 ──
2026-07-06 21:32:53,777  INFO      [CL] Signal: SHORT  |  Confidence: 0.088  |  Leverage: 1.00x
2026-07-06 21:32:54,244  INFO      [CL] Portfolio=$100,299.78  Price=$69.05  Position=None
2026-07-06 21:32:54,245  INFO      Risk guard blocked trade: Confidence 0.09 below futures threshold 0.5
2026-07-06 21:32:54,245  INFO      [CL] Signal complete. Sleeping 600s...
2026-07-06 21:42:54,245  INFO      [CL] ── Signal check 21:42 ──
2026-07-06 21:42:54,404  INFO      [CL] Signal: SHORT  |  Confidence: 0.088  |  Leverage: 1.00x
2026-07-06 21:42:54,965  INFO      [CL] Portfolio=$100,253.82  Price=$68.94  Position=None
2026-07-06 21:42:54,965  INFO      Risk guard blocked trade: Confidence 0.09 below futures threshold 0.5
2026-07-06 21:42:54,965  INFO      [CL] Signal complete. Sleeping 600s...
2026-07-06 21:52:54,966  INFO      [CL] ── Signal check 21:52 ──
2026-07-06 21:52:55,142  INFO      [CL] Signal: SHORT  |  Confidence: 0.088  |  Leverage: 1.00x
2026-07-06 21:52:55,703  INFO      [CL] Portfolio=$100,275.71  Price=$68.94  Position=None
2026-07-06 21:52:55,703  INFO      Risk guard blocked trade: Confidence 0.09 below futures threshold 0.5
2026-07-06 21:52:55,703  INFO      [CL] Signal complete. Sleeping 600s...
2026-07-06 22:02:55,704  INFO      [CL] ── Signal check 22:02 ──
2026-07-06 22:02:55,897  INFO      [CL] Signal: SHORT  |  Confidence: 0.088  |  Leverage: 1.00x
2026-07-06 22:02:56,321  WARNING   [CL] Could not get price — skipping
2026-07-06 22:02:56,321  INFO      [CL] Signal complete. Sleeping 600s...
2026-07-06 22:12:56,325  INFO      [CL] ── Signal check 22:12 ──
2026-07-06 22:12:56,499  INFO      [CL] Signal: SHORT  |  Confidence: 0.088  |  Leverage: 1.00x
2026-07-06 22:12:56,934  INFO      [CL] Portfolio=$100,297.75  Price=$68.97  Position=None
2026-07-06 22:12:56,934  INFO      Risk guard blocked trade: Confidence 0.09 below futures threshold 0.5
2026-07-06 22:12:56,934  INFO      [CL] Signal complete. Sleeping 600s...
2026-07-06 22:22:56,935  INFO      [CL] ── Signal check 22:22 ──
2026-07-06 22:22:57,091  INFO      [CL] Signal: SHORT  |  Confidence: 0.088  |  Leverage: 1.00x
2026-07-06 22:22:57,589  INFO      [CL] Portfolio=$100,263.23  Price=$68.98  Position=None
2026-07-06 22:22:57,589  INFO      Risk guard blocked trade: Confidence 0.09 below futures threshold 0.5
2026-07-06 22:22:57,589  INFO      [CL] Signal complete. Sleeping 600s...
2026-07-06 22:32:57,590  INFO      [CL] ── Signal check 22:32 ──
2026-07-06 22:32:57,753  INFO      [CL] Signal: SHORT  |  Confidence: 0.088  |  Leverage: 1.00x
2026-07-06 22:32:58,169  INFO      [CL] Portfolio=$100,249.24  Price=$68.99  Position=None
2026-07-06 22:32:58,169  INFO      Risk guard blocked trade: Confidence 0.09 below futures threshold 0.5
2026-07-06 22:32:58,169  INFO      [CL] Signal complete. Sleeping 600s...
2026-07-06 22:42:58,169  INFO      [CL] ── Signal check 22:42 ──
2026-07-06 22:42:58,321  INFO      [CL] Signal: SHORT  |  Confidence: 0.088  |  Leverage: 1.00x
2026-07-06 22:42:58,726  INFO      [CL] Portfolio=$100,263.93  Price=$69.00  Position=None
2026-07-06 22:42:58,734  INFO      Risk guard blocked trade: Confidence 0.09 below futures threshold 0.5
2026-07-06 22:42:58,734  INFO      [CL] Signal complete. Sleeping 600s...
2026-07-06 22:52:58,747  INFO      [CL] ── Signal check 22:52 ──
2026-07-06 22:52:58,939  INFO      [CL] Signal: SHORT  |  Confidence: 0.088  |  Leverage: 1.00x
2026-07-06 22:52:59,340  INFO      [CL] Portfolio=$100,252.61  Price=$68.99  Position=None
2026-07-06 22:52:59,340  INFO      Risk guard blocked trade: Confidence 0.09 below futures threshold 0.5
2026-07-06 22:52:59,340  INFO      [CL] Signal complete. Sleeping 600s...
2026-07-06 23:02:59,341  INFO      [CL] ── Signal check 23:02 ──
2026-07-06 23:02:59,544  INFO      [CL] Signal: SHORT  |  Confidence: 0.088  |  Leverage: 1.00x
2026-07-06 23:02:59,961  INFO      [CL] Portfolio=$100,197.78  Price=$68.98  Position=None
2026-07-06 23:02:59,962  INFO      Risk guard blocked trade: Confidence 0.09 below futures threshold 0.5
2026-07-06 23:02:59,962  INFO      [CL] Signal complete. Sleeping 600s...
2026-07-06 23:12:59,963  INFO      [CL] ── Signal check 23:12 ──
2026-07-06 23:13:00,122  INFO      [CL] Signal: SHORT  |  Confidence: 0.088  |  Leverage: 1.00x
2026-07-06 23:13:00,527  INFO      [CL] Portfolio=$100,199.79  Price=$69.04  Position=None
2026-07-06 23:13:00,528  INFO      Risk guard blocked trade: Confidence 0.09 below futures threshold 0.5
2026-07-06 23:13:00,528  INFO      [CL] Signal complete. Sleeping 600s...
2026-07-06 23:23:00,528  INFO      [CL] ── Signal check 23:23 ──
2026-07-06 23:23:00,691  INFO      [CL] Signal: SHORT  |  Confidence: 0.088  |  Leverage: 1.00x
2026-07-06 23:23:01,107  INFO      [CL] Portfolio=$100,233.67  Price=$69.02  Position=None
2026-07-06 23:23:01,109  INFO      Risk guard blocked trade: Confidence 0.09 below futures threshold 0.5
2026-07-06 23:23:01,109  INFO      [CL] Signal complete. Sleeping 600s...
2026-07-06 23:33:01,110  INFO      [CL] ── Signal check 23:33 ──
2026-07-06 23:33:01,305  INFO      [CL] Signal: SHORT  |  Confidence: 0.088  |  Leverage: 1.00x
2026-07-06 23:33:01,835  INFO      [CL] Portfolio=$100,280.25  Price=$69.15  Position=None
2026-07-06 23:33:01,835  INFO      Risk guard blocked trade: Confidence 0.09 below futures threshold 0.5
2026-07-06 23:33:01,835  INFO      [CL] Signal complete. Sleeping 600s...
2026-07-06 23:43:01,837  INFO      [CL] ── Signal check 23:43 ──
2026-07-06 23:43:01,990  INFO      [CL] Signal: SHORT  |  Confidence: 0.088  |  Leverage: 1.00x
2026-07-06 23:43:02,437  INFO      [CL] Portfolio=$100,295.99  Price=$69.26  Position=None
2026-07-06 23:43:02,437  INFO      Risk guard blocked trade: Confidence 0.09 below futures threshold 0.5
2026-07-06 23:43:02,437  INFO      [CL] Signal complete. Sleeping 600s...
2026-07-06 23:53:02,438  INFO      [CL] ── Signal check 23:53 ──
2026-07-06 23:53:02,628  INFO      [CL] Signal: SHORT  |  Confidence: 0.088  |  Leverage: 1.00x
2026-07-06 23:53:03,035  INFO      [CL] Portfolio=$100,346.50  Price=$69.26  Position=None
2026-07-06 23:53:03,035  INFO      Risk guard blocked trade: Confidence 0.09 below futures threshold 0.5
2026-07-06 23:53:03,035  INFO      [CL] Signal complete. Sleeping 600s...
2026-07-07 00:03:03,036  INFO      [CL] ── Signal check 00:03 ──
2026-07-07 00:03:03,210  INFO      [CL] Signal: SHORT  |  Confidence: 0.088  |  Leverage: 1.00x
2026-07-07 00:03:03,657  INFO      [CL] Portfolio=$100,335.66  Price=$69.35  Position=None
2026-07-07 00:03:03,657  INFO      Risk guard blocked trade: Confidence 0.09 below futures threshold 0.5
2026-07-07 00:03:03,657  INFO      [CL] Signal complete. Sleeping 600s...
2026-07-07 00:13:03,658  INFO      [CL] ── Signal check 00:13 ──
2026-07-07 00:13:03,802  INFO      [CL] Signal: SHORT  |  Confidence: 0.088  |  Leverage: 1.00x
2026-07-07 00:13:04,216  INFO      [CL] Portfolio=$100,333.50  Price=$69.31  Position=None
2026-07-07 00:13:04,216  INFO      Risk guard blocked trade: Confidence 0.09 below futures threshold 0.5
2026-07-07 00:13:04,216  INFO      [CL] Signal complete. Sleeping 600s...
2026-07-07 00:23:04,217  INFO      [CL] ── Signal check 00:23 ──
2026-07-07 00:23:04,409  INFO      [CL] Signal: SHORT  |  Confidence: 0.088  |  Leverage: 1.00x
2026-07-07 00:23:04,866  INFO      [CL] Portfolio=$100,338.55  Price=$69.29  Position=None
2026-07-07 00:23:04,866  INFO      Risk guard blocked trade: Confidence 0.09 below futures threshold 0.5
2026-07-07 00:23:04,867  INFO      [CL] Signal complete. Sleeping 600s...
2026-07-07 00:33:04,867  INFO      [CL] ── Signal check 00:33 ──
2026-07-07 00:33:05,041  INFO      [CL] Signal: SHORT  |  Confidence: 0.154  |  Leverage: 1.00x
2026-07-07 00:33:05,414  INFO      [CL] Portfolio=$100,351.50  Price=$69.33  Position=None
2026-07-07 00:33:05,414  INFO      Risk guard blocked trade: Confidence 0.15 below futures threshold 0.5
2026-07-07 00:33:05,414  INFO      [CL] Signal complete. Sleeping 600s...
2026-07-07 00:43:05,415  INFO      [CL] ── Signal check 00:43 ──
2026-07-07 00:43:05,557  INFO      [CL] Signal: SHORT  |  Confidence: 0.088  |  Leverage: 1.00x
2026-07-07 00:43:05,999  INFO      [CL] Portfolio=$100,352.67  Price=$69.26  Position=None
2026-07-07 00:43:06,000  INFO      Risk guard blocked trade: Confidence 0.09 below futures threshold 0.5
2026-07-07 00:43:06,000  INFO      [CL] Signal complete. Sleeping 600s...
2026-07-07 00:53:06,000  INFO      [CL] ── Signal check 00:53 ──
2026-07-07 00:53:06,290  INFO      [CL] Signal: SHORT  |  Confidence: 0.088  |  Leverage: 1.00x
2026-07-07 00:53:06,768  INFO      [CL] Portfolio=$100,340.71  Price=$69.28  Position=None
2026-07-07 00:53:06,769  INFO      Risk guard blocked trade: Confidence 0.09 below futures threshold 0.5
2026-07-07 00:53:06,769  INFO      [CL] Signal complete. Sleeping 600s...
2026-07-07 01:03:06,769  INFO      [CL] ── Signal check 01:03 ──
2026-07-07 01:03:06,911  INFO      [CL] Signal: SHORT  |  Confidence: 0.088  |  Leverage: 1.00x
2026-07-07 01:03:07,310  INFO      [CL] Portfolio=$100,337.88  Price=$69.42  Position=None
2026-07-07 01:03:07,310  INFO      Risk guard blocked trade: Confidence 0.09 below futures threshold 0.5
2026-07-07 01:03:07,310  INFO      [CL] Signal complete. Sleeping 600s...
2026-07-07 01:13:07,311  INFO      [CL] ── Signal check 01:13 ──
2026-07-07 01:13:07,462  INFO      [CL] Signal: SHORT  |  Confidence: 0.088  |  Leverage: 1.00x
2026-07-07 01:13:07,914  INFO      [CL] Portfolio=$100,302.45  Price=$69.45  Position=None
2026-07-07 01:13:07,914  INFO      Risk guard blocked trade: Confidence 0.09 below futures threshold 0.5
2026-07-07 01:13:07,914  INFO      [CL] Signal complete. Sleeping 600s...
2026-07-07 01:23:07,915  INFO      [CL] ── Signal check 01:23 ──
2026-07-07 01:23:08,115  INFO      [CL] Signal: SHORT  |  Confidence: 0.088  |  Leverage: 1.00x
2026-07-07 01:23:08,525  INFO      [CL] Portfolio=$100,304.76  Price=$69.36  Position=None
2026-07-07 01:23:08,525  INFO      Risk guard blocked trade: Confidence 0.09 below futures threshold 0.5
2026-07-07 01:23:08,525  INFO      [CL] Signal complete. Sleeping 600s...
2026-07-07 01:33:08,526  INFO      [CL] ── Signal check 01:33 ──
2026-07-07 01:33:08,688  INFO      [CL] Signal: SHORT  |  Confidence: 0.088  |  Leverage: 1.00x
2026-07-07 01:33:09,099  INFO      [CL] Portfolio=$100,321.11  Price=$69.43  Position=None
2026-07-07 01:33:09,099  INFO      Risk guard blocked trade: Confidence 0.09 below futures threshold 0.5
2026-07-07 01:33:09,099  INFO      [CL] Signal complete. Sleeping 600s...
2026-07-07 01:43:09,100  INFO      [CL] ── Signal check 01:43 ──
2026-07-07 01:43:09,262  INFO      [CL] Signal: SHORT  |  Confidence: 0.088  |  Leverage: 1.00x
2026-07-07 01:43:09,645  INFO      [CL] Portfolio=$100,270.39  Price=$69.51  Position=None
2026-07-07 01:43:09,646  INFO      Risk guard blocked trade: Confidence 0.09 below futures threshold 0.5
2026-07-07 01:43:09,646  INFO      [CL] Signal complete. Sleeping 600s...
2026-07-07 01:53:09,646  INFO      [CL] ── Signal check 01:53 ──
2026-07-07 01:53:09,790  INFO      [CL] Signal: SHORT  |  Confidence: 0.088  |  Leverage: 1.00x
2026-07-07 01:53:10,218  INFO      [CL] Portfolio=$100,248.68  Price=$69.42  Position=None
2026-07-07 01:53:10,218  INFO      Risk guard blocked trade: Confidence 0.09 below futures threshold 0.5
2026-07-07 01:53:10,218  INFO      [CL] Signal complete. Sleeping 600s...
2026-07-07 02:03:10,219  INFO      [CL] ── Signal check 02:03 ──
2026-07-07 02:03:10,391  INFO      [CL] Signal: SHORT  |  Confidence: 0.088  |  Leverage: 1.00x
2026-07-07 02:03:10,828  INFO      [CL] Portfolio=$100,279.88  Price=$69.60  Position=None
2026-07-07 02:03:10,828  INFO      Risk guard blocked trade: Confidence 0.09 below futures threshold 0.5
2026-07-07 02:03:10,828  INFO      [CL] Signal complete. Sleeping 600s...
2026-07-07 02:13:10,829  INFO      [CL] ── Signal check 02:13 ──
2026-07-07 02:13:11,034  INFO      [CL] Signal: SHORT  |  Confidence: 0.088  |  Leverage: 1.00x
2026-07-07 02:13:11,464  INFO      [CL] Portfolio=$100,221.49  Price=$69.35  Position=None
2026-07-07 02:13:11,464  INFO      Risk guard blocked trade: Confidence 0.09 below futures threshold 0.5
2026-07-07 02:13:11,464  INFO      [CL] Signal complete. Sleeping 600s...
2026-07-07 02:23:11,465  INFO      [CL] ── Signal check 02:23 ──
2026-07-07 02:23:11,657  INFO      [CL] Signal: SHORT  |  Confidence: 0.088  |  Leverage: 1.00x
2026-07-07 02:23:12,080  INFO      [CL] Portfolio=$100,199.99  Price=$69.39  Position=None
2026-07-07 02:23:12,080  INFO      Risk guard blocked trade: Confidence 0.09 below futures threshold 0.5
2026-07-07 02:23:12,081  INFO      [CL] Signal complete. Sleeping 600s...
2026-07-07 02:33:12,081  INFO      [CL] ── Signal check 02:33 ──
2026-07-07 02:33:12,233  INFO      [CL] Signal: SHORT  |  Confidence: 0.088  |  Leverage: 1.00x
2026-07-07 02:33:12,665  INFO      [CL] Portfolio=$100,128.79  Price=$69.31  Position=None
2026-07-07 02:33:12,665  INFO      Risk guard blocked trade: Confidence 0.09 below futures threshold 0.5
2026-07-07 02:33:12,665  INFO      [CL] Signal complete. Sleeping 600s...
2026-07-07 02:43:12,667  INFO      [CL] ── Signal check 02:43 ──
2026-07-07 02:43:12,799  INFO      [CL] Signal: SHORT  |  Confidence: 0.088  |  Leverage: 1.00x
2026-07-07 02:43:13,223  INFO      [CL] Portfolio=$100,129.11  Price=$69.03  Position=None
2026-07-07 02:43:13,224  INFO      Risk guard blocked trade: Confidence 0.09 below futures threshold 0.5
2026-07-07 02:43:13,224  INFO      [CL] Signal complete. Sleeping 600s...
2026-07-07 02:53:13,224  INFO      [CL] ── Signal check 02:53 ──
2026-07-07 02:53:13,409  INFO      [CL] Signal: SHORT  |  Confidence: 0.088  |  Leverage: 1.00x
2026-07-07 02:53:13,822  INFO      [CL] Portfolio=$100,106.00  Price=$69.31  Position=None
2026-07-07 02:53:13,823  INFO      Risk guard blocked trade: Confidence 0.09 below futures threshold 0.5
2026-07-07 02:53:13,823  INFO      [CL] Signal complete. Sleeping 600s...
2026-07-07 03:03:13,823  INFO      [CL] ── Signal check 03:03 ──
2026-07-07 03:03:14,021  INFO      [CL] Signal: SHORT  |  Confidence: 0.088  |  Leverage: 1.00x
2026-07-07 03:03:14,427  INFO      [CL] Portfolio=$100,107.54  Price=$69.51  Position=None
2026-07-07 03:03:14,427  INFO      Risk guard blocked trade: Confidence 0.09 below futures threshold 0.5
2026-07-07 03:03:14,427  INFO      [CL] Signal complete. Sleeping 600s...
2026-07-07 03:13:14,428  INFO      [CL] ── Signal check 03:13 ──
2026-07-07 03:13:14,560  INFO      [CL] Signal: SHORT  |  Confidence: 0.088  |  Leverage: 1.00x
2026-07-07 03:13:14,935  INFO      [CL] Portfolio=$100,064.21  Price=$69.44  Position=None
2026-07-07 03:13:14,936  INFO      Risk guard blocked trade: Confidence 0.09 below futures threshold 0.5
2026-07-07 03:13:14,936  INFO      [CL] Signal complete. Sleeping 600s...
2026-07-07 03:23:14,936  INFO      [CL] ── Signal check 03:23 ──
2026-07-07 03:23:15,090  INFO      [CL] Signal: SHORT  |  Confidence: 0.088  |  Leverage: 1.00x
2026-07-07 03:23:15,494  INFO      [CL] Portfolio=$100,050.38  Price=$69.67  Position=None
2026-07-07 03:23:15,500  INFO      Risk guard blocked trade: Confidence 0.09 below futures threshold 0.5
2026-07-07 03:23:15,500  INFO      [CL] Signal complete. Sleeping 600s...
2026-07-07 03:33:15,501  INFO      [CL] ── Signal check 03:33 ──
2026-07-07 03:33:15,666  INFO      [CL] Signal: SHORT  |  Confidence: 0.088  |  Leverage: 1.00x
2026-07-07 03:33:16,075  INFO      [CL] Portfolio=$99,965.76  Price=$69.48  Position=None
2026-07-07 03:33:16,075  INFO      Risk guard blocked trade: Confidence 0.09 below futures threshold 0.5
2026-07-07 03:33:16,075  INFO      [CL] Signal complete. Sleeping 600s...
2026-07-07 03:43:16,076  INFO      [CL] ── Signal check 03:43 ──
2026-07-07 03:43:16,264  INFO      [CL] Signal: SHORT  |  Confidence: 0.088  |  Leverage: 1.00x
2026-07-07 03:43:16,709  INFO      [CL] Portfolio=$99,919.16  Price=$69.32  Position=None
2026-07-07 03:43:16,710  INFO      Risk guard blocked trade: Confidence 0.09 below futures threshold 0.5
2026-07-07 03:43:16,710  INFO      [CL] Signal complete. Sleeping 600s...
2026-07-07 03:53:16,711  INFO      [CL] ── Signal check 03:53 ──
2026-07-07 03:53:16,843  INFO      [CL] Signal: SHORT  |  Confidence: 0.088  |  Leverage: 1.00x
2026-07-07 03:53:17,344  INFO      [CL] Portfolio=$99,912.16  Price=$69.19  Position=None
2026-07-07 03:53:17,348  INFO      Risk guard blocked trade: Confidence 0.09 below futures threshold 0.5
2026-07-07 03:53:17,349  INFO      [CL] Signal complete. Sleeping 600s...
2026-07-07 04:03:17,349  INFO      [CL] ── Signal check 04:03 ──
2026-07-07 04:03:17,528  INFO      [CL] Signal: SHORT  |  Confidence: 0.088  |  Leverage: 1.00x
2026-07-07 04:03:17,956  INFO      [CL] Portfolio=$99,949.86  Price=$69.22  Position=None
2026-07-07 04:03:17,956  INFO      Risk guard blocked trade: Confidence 0.09 below futures threshold 0.5
2026-07-07 04:03:17,956  INFO      [CL] Signal complete. Sleeping 600s...
2026-07-07 04:13:17,957  INFO      [CL] ── Signal check 04:13 ──
2026-07-07 04:13:18,170  INFO      [CL] Signal: SHORT  |  Confidence: 0.088  |  Leverage: 1.00x
2026-07-07 04:13:18,589  INFO      [CL] Portfolio=$99,941.95  Price=$69.18  Position=None
2026-07-07 04:13:18,589  INFO      Risk guard blocked trade: Confidence 0.09 below futures threshold 0.5
2026-07-07 04:13:18,589  INFO      [CL] Signal complete. Sleeping 600s...
2026-07-07 04:23:18,590  INFO      [CL] ── Signal check 04:23 ──
2026-07-07 04:23:18,743  INFO      [CL] Signal: SHORT  |  Confidence: 0.088  |  Leverage: 1.00x
2026-07-07 04:23:19,183  INFO      [CL] Portfolio=$99,980.56  Price=$69.18  Position=None
2026-07-07 04:23:19,184  INFO      Risk guard blocked trade: Confidence 0.09 below futures threshold 0.5
2026-07-07 04:23:19,184  INFO      [CL] Signal complete. Sleeping 600s...
2026-07-07 04:33:19,184  INFO      [CL] ── Signal check 04:33 ──
2026-07-07 04:33:19,348  INFO      [CL] Signal: SHORT  |  Confidence: 0.088  |  Leverage: 1.00x
2026-07-07 04:33:19,746  INFO      [CL] Portfolio=$99,999.73  Price=$69.20  Position=None
2026-07-07 04:33:19,746  INFO      Risk guard blocked trade: Confidence 0.09 below futures threshold 0.5
2026-07-07 04:33:19,746  INFO      [CL] Signal complete. Sleeping 600s...
2026-07-07 04:43:19,747  INFO      [CL] ── Signal check 04:43 ──
2026-07-07 04:43:19,913  INFO      [CL] Signal: SHORT  |  Confidence: 0.088  |  Leverage: 1.00x
2026-07-07 04:43:20,353  INFO      [CL] Portfolio=$100,045.38  Price=$69.08  Position=None
2026-07-07 04:43:20,354  INFO      Risk guard blocked trade: Confidence 0.09 below futures threshold 0.5
2026-07-07 04:43:20,354  INFO      [CL] Signal complete. Sleeping 600s...
2026-07-07 04:53:20,354  INFO      [CL] ── Signal check 04:53 ──
2026-07-07 04:53:20,490  INFO      [CL] Signal: SHORT  |  Confidence: 0.088  |  Leverage: 1.00x
2026-07-07 04:53:21,946  INFO      [CL] Portfolio=$100,125.48  Price=$69.25  Position=None
2026-07-07 04:53:21,946  INFO      Risk guard blocked trade: Confidence 0.09 below futures threshold 0.5
2026-07-07 04:53:21,946  INFO      [CL] Signal complete. Sleeping 600s...
2026-07-07 05:03:21,947  INFO      [CL] ── Signal check 05:03 ──
2026-07-07 05:03:22,112  INFO      [CL] Signal: SHORT  |  Confidence: 0.088  |  Leverage: 1.00x
2026-07-07 05:03:22,520  INFO      [CL] Portfolio=$100,137.01  Price=$69.30  Position=None
2026-07-07 05:03:22,520  INFO      Risk guard blocked trade: Confidence 0.09 below futures threshold 0.5
2026-07-07 05:03:22,520  INFO      [CL] Signal complete. Sleeping 600s...
2026-07-07 05:13:22,521  INFO      [CL] ── Signal check 05:13 ──
2026-07-07 05:13:22,699  INFO      [CL] Signal: SHORT  |  Confidence: 0.088  |  Leverage: 1.00x
2026-07-07 05:13:23,094  INFO      [CL] Portfolio=$100,123.89  Price=$69.43  Position=None
2026-07-07 05:13:23,095  INFO      Risk guard blocked trade: Confidence 0.09 below futures threshold 0.5
2026-07-07 05:13:23,095  INFO      [CL] Signal complete. Sleeping 600s...
2026-07-07 05:23:23,095  INFO      [CL] ── Signal check 05:23 ──
2026-07-07 05:23:23,288  INFO      [CL] Signal: SHORT  |  Confidence: 0.088  |  Leverage: 1.00x
2026-07-07 05:23:23,661  INFO      [CL] Portfolio=$100,128.50  Price=$69.29  Position=None
2026-07-07 05:23:23,662  INFO      Risk guard blocked trade: Confidence 0.09 below futures threshold 0.5
2026-07-07 05:23:23,662  INFO      [CL] Signal complete. Sleeping 600s...
2026-07-07 05:33:23,662  INFO      [CL] ── Signal check 05:33 ──
2026-07-07 05:33:23,829  INFO      [CL] Signal: SHORT  |  Confidence: 0.088  |  Leverage: 1.00x
2026-07-07 05:33:24,300  INFO      [CL] Portfolio=$100,120.25  Price=$69.19  Position=None
2026-07-07 05:33:24,300  INFO      Risk guard blocked trade: Confidence 0.09 below futures threshold 0.5
2026-07-07 05:33:24,300  INFO      [CL] Signal complete. Sleeping 600s...
2026-07-07 05:43:24,309  INFO      [CL] ── Signal check 05:43 ──
2026-07-07 05:43:24,519  INFO      [CL] Signal: SHORT  |  Confidence: 0.088  |  Leverage: 1.00x
2026-07-07 05:43:24,915  INFO      [CL] Portfolio=$100,106.24  Price=$69.05  Position=None
2026-07-07 05:43:24,915  INFO      Risk guard blocked trade: Confidence 0.09 below futures threshold 0.5
2026-07-07 05:43:24,916  INFO      [CL] Signal complete. Sleeping 600s...
2026-07-07 05:53:24,916  INFO      [CL] ── Signal check 05:53 ──
2026-07-07 05:53:25,064  INFO      [CL] Signal: SHORT  |  Confidence: 0.088  |  Leverage: 1.00x
2026-07-07 05:53:25,484  INFO      [CL] Portfolio=$100,158.21  Price=$69.15  Position=None
2026-07-07 05:53:25,484  INFO      Risk guard blocked trade: Confidence 0.09 below futures threshold 0.5
2026-07-07 05:53:25,484  INFO      [CL] Signal complete. Sleeping 600s...
2026-07-07 06:03:25,485  INFO      [CL] ── Signal check 06:03 ──
2026-07-07 06:03:25,620  INFO      [CL] Signal: SHORT  |  Confidence: 0.088  |  Leverage: 1.00x
2026-07-07 06:03:26,071  INFO      [CL] Portfolio=$100,231.37  Price=$69.11  Position=None
2026-07-07 06:03:26,071  INFO      Risk guard blocked trade: Confidence 0.09 below futures threshold 0.5
2026-07-07 06:03:26,071  INFO      [CL] Signal complete. Sleeping 600s...
2026-07-07 06:13:26,072  INFO      [CL] ── Signal check 06:13 ──
2026-07-07 06:13:26,232  INFO      [CL] Signal: SHORT  |  Confidence: 0.088  |  Leverage: 1.00x
2026-07-07 06:13:26,658  INFO      [CL] Portfolio=$100,153.88  Price=$69.06  Position=None
2026-07-07 06:13:26,658  INFO      Risk guard blocked trade: Confidence 0.09 below futures threshold 0.5
2026-07-07 06:13:26,659  INFO      [CL] Signal complete. Sleeping 600s...
2026-07-07 06:23:26,659  INFO      [CL] ── Signal check 06:23 ──
2026-07-07 06:23:26,808  INFO      [CL] Signal: SHORT  |  Confidence: 0.088  |  Leverage: 1.00x
2026-07-07 06:23:27,196  INFO      [CL] Portfolio=$100,105.10  Price=$69.02  Position=None
2026-07-07 06:23:27,197  INFO      Risk guard blocked trade: Confidence 0.09 below futures threshold 0.5
2026-07-07 06:23:27,197  INFO      [CL] Signal complete. Sleeping 600s...
2026-07-07 06:33:27,198  INFO      [CL] ── Signal check 06:33 ──
2026-07-07 06:33:27,438  INFO      [CL] Signal: SHORT  |  Confidence: 0.088  |  Leverage: 1.00x
2026-07-07 06:33:27,851  INFO      [CL] Portfolio=$100,128.47  Price=$69.07  Position=None
2026-07-07 06:33:27,852  INFO      Risk guard blocked trade: Confidence 0.09 below futures threshold 0.5
2026-07-07 06:33:27,852  INFO      [CL] Signal complete. Sleeping 600s...
2026-07-07 06:43:27,852  INFO      [CL] ── Signal check 06:43 ──
2026-07-07 06:43:28,015  INFO      [CL] Signal: SHORT  |  Confidence: 0.088  |  Leverage: 1.00x
2026-07-07 06:43:28,439  INFO      [CL] Portfolio=$100,164.33  Price=$68.99  Position=None
2026-07-07 06:43:28,440  INFO      Risk guard blocked trade: Confidence 0.09 below futures threshold 0.5
2026-07-07 06:43:28,440  INFO      [CL] Signal complete. Sleeping 600s...
2026-07-07 06:53:28,441  INFO      [CL] ── Signal check 06:53 ──
2026-07-07 06:53:28,634  INFO      [CL] Signal: SHORT  |  Confidence: 0.088  |  Leverage: 1.00x
2026-07-07 06:53:29,052  INFO      [CL] Portfolio=$100,170.72  Price=$69.22  Position=None
2026-07-07 06:53:29,052  INFO      Risk guard blocked trade: Confidence 0.09 below futures threshold 0.5
2026-07-07 06:53:29,052  INFO      [CL] Signal complete. Sleeping 600s...
2026-07-07 07:03:29,053  INFO      [CL] ── Signal check 07:03 ──
2026-07-07 07:03:29,208  INFO      [CL] Signal: SHORT  |  Confidence: 0.088  |  Leverage: 1.00x
2026-07-07 07:03:29,611  INFO      [CL] Portfolio=$100,083.78  Price=$69.27  Position=None
2026-07-07 07:03:29,611  INFO      Risk guard blocked trade: Confidence 0.09 below futures threshold 0.5
2026-07-07 07:03:29,611  INFO      [CL] Signal complete. Sleeping 600s...
2026-07-07 07:13:29,619  INFO      [CL] ── Signal check 07:13 ──
2026-07-07 07:13:29,815  INFO      [CL] Signal: SHORT  |  Confidence: 0.088  |  Leverage: 1.00x
2026-07-07 07:13:30,340  INFO      [CL] Portfolio=$100,162.86  Price=$69.33  Position=None
2026-07-07 07:13:30,341  INFO      Risk guard blocked trade: Confidence 0.09 below futures threshold 0.5
2026-07-07 07:13:30,341  INFO      [CL] Signal complete. Sleeping 600s...
2026-07-07 07:23:30,341  INFO      [CL] ── Signal check 07:23 ──
2026-07-07 07:23:30,524  INFO      [CL] Signal: SHORT  |  Confidence: 0.088  |  Leverage: 1.00x
2026-07-07 07:23:30,907  INFO      [CL] Portfolio=$100,190.85  Price=$69.36  Position=None
2026-07-07 07:23:30,907  INFO      Risk guard blocked trade: Confidence 0.09 below futures threshold 0.5
2026-07-07 07:23:30,908  INFO      [CL] Signal complete. Sleeping 600s...
2026-07-07 07:33:30,908  INFO      [CL] ── Signal check 07:33 ──
2026-07-07 07:33:31,083  INFO      [CL] Signal: SHORT  |  Confidence: 0.088  |  Leverage: 1.00x
2026-07-07 07:33:31,547  INFO      [CL] Portfolio=$99,969.57  Price=$69.65  Position=None
2026-07-07 07:33:31,548  INFO      Risk guard blocked trade: Confidence 0.09 below futures threshold 0.5
2026-07-07 07:33:31,548  INFO      [CL] Signal complete. Sleeping 600s...
2026-07-07 07:43:31,548  INFO      [CL] ── Signal check 07:43 ──
2026-07-07 07:43:31,706  INFO      [CL] Signal: SHORT  |  Confidence: 0.088  |  Leverage: 1.00x
2026-07-07 07:43:32,120  INFO      [CL] Portfolio=$100,319.61  Price=$69.64  Position=None
2026-07-07 07:43:32,120  INFO      Risk guard blocked trade: Confidence 0.09 below futures threshold 0.5
2026-07-07 07:43:32,120  INFO      [CL] Signal complete. Sleeping 600s...
2026-07-07 07:53:32,121  INFO      [CL] ── Signal check 07:53 ──
2026-07-07 07:53:32,314  INFO      [CL] Signal: SHORT  |  Confidence: 0.088  |  Leverage: 1.00x
2026-07-07 07:53:32,722  INFO      [CL] Portfolio=$100,116.21  Price=$69.83  Position=None
2026-07-07 07:53:32,723  INFO      Risk guard blocked trade: Confidence 0.09 below futures threshold 0.5
2026-07-07 07:53:32,723  INFO      [CL] Signal complete. Sleeping 600s...
2026-07-07 08:03:32,723  INFO      [CL] ── Signal check 08:03 ──
2026-07-07 08:03:32,876  INFO      [CL] Signal: SHORT  |  Confidence: 0.088  |  Leverage: 1.00x
2026-07-07 08:03:33,356  INFO      [CL] Portfolio=$100,117.77  Price=$69.86  Position=None
2026-07-07 08:03:33,356  INFO      Risk guard blocked trade: Confidence 0.09 below futures threshold 0.5
2026-07-07 08:03:33,357  INFO      [CL] Signal complete. Sleeping 600s...
2026-07-07 08:13:33,357  INFO      [CL] ── Signal check 08:13 ──
2026-07-07 08:13:33,532  INFO      [CL] Signal: SHORT  |  Confidence: 0.088  |  Leverage: 1.00x
2026-07-07 08:13:34,003  INFO      [CL] Portfolio=$121,657.73  Price=$70.03  Position=None
2026-07-07 08:13:34,003  INFO      Risk guard blocked trade: Confidence 0.09 below futures threshold 0.5
2026-07-07 08:13:34,003  INFO      [CL] Signal complete. Sleeping 600s...
2026-07-07 08:23:34,004  INFO      [CL] ── Signal check 08:23 ──
2026-07-07 08:23:34,161  INFO      [CL] Signal: SHORT  |  Confidence: 0.088  |  Leverage: 1.00x
2026-07-07 08:23:34,603  INFO      [CL] Portfolio=$121,635.65  Price=$70.29  Position=None
2026-07-07 08:23:34,604  INFO      Risk guard blocked trade: Confidence 0.09 below futures threshold 0.5
2026-07-07 08:23:34,604  INFO      [CL] Signal complete. Sleeping 600s...
2026-07-07 08:33:34,604  INFO      [CL] ── Signal check 08:33 ──
2026-07-07 08:33:34,808  INFO      [CL] Signal: SHORT  |  Confidence: 0.088  |  Leverage: 1.00x
2026-07-07 08:33:35,257  INFO      [CL] Portfolio=$121,627.51  Price=$70.13  Position=None
2026-07-07 08:33:35,258  INFO      Risk guard blocked trade: Confidence 0.09 below futures threshold 0.5
2026-07-07 08:33:35,258  INFO      [CL] Signal complete. Sleeping 600s...
2026-07-07 08:43:35,259  INFO      [CL] ── Signal check 08:43 ──
2026-07-07 08:43:35,441  INFO      [CL] Signal: SHORT  |  Confidence: 0.088  |  Leverage: 1.00x
2026-07-07 08:43:35,830  INFO      [CL] Portfolio=$121,596.29  Price=$70.32  Position=None
2026-07-07 08:43:35,830  INFO      Risk guard blocked trade: Confidence 0.09 below futures threshold 0.5
2026-07-07 08:43:35,830  INFO      [CL] Signal complete. Sleeping 600s...
2026-07-07 08:50:48,191  INFO      [FUTURES BOT] Starting: CL (Crude Oil Futures)
2026-07-07 08:50:48,191  INFO        Mode       : PAPER
2026-07-07 08:50:48,192  INFO        Max leverage: 15.0x
2026-07-07 08:50:48,192  INFO        Trading hours: 23h/day (Mon-Fri)
2026-07-07 08:50:48,199  INFO        Evolved leverage: 5.6x
2026-07-07 08:50:48,199  INFO        Stop width: 4.5%
2026-07-07 08:50:48,200  INFO      [CL] Bot running — checking every 10 minutes
2026-07-07 08:50:48,200  INFO      [CL] ── Signal check 08:50 ──
2026-07-07 08:50:48,535  INFO      [CL] Signal: SHORT  |  Confidence: 0.088  |  Leverage: 1.00x
2026-07-07 08:50:48,956  INFO      [CL] Portfolio=$121,608.74  Price=$70.24  Position=None
2026-07-07 08:50:48,956  INFO      Risk guard blocked trade: Confidence 0.09 below futures threshold 0.5
2026-07-07 08:50:48,956  INFO      [CL] Signal complete. Sleeping 600s...
2026-07-07 08:53:35,831  INFO      [CL] ── Signal check 08:53 ──
2026-07-07 08:53:36,030  INFO      [CL] Signal: SHORT  |  Confidence: 0.088  |  Leverage: 1.00x
2026-07-07 08:53:36,471  INFO      [CL] Portfolio=$121,631.51  Price=$70.10  Position=None
2026-07-07 08:53:36,471  INFO      Risk guard blocked trade: Confidence 0.09 below futures threshold 0.5
2026-07-07 08:53:36,471  INFO      [CL] Signal complete. Sleeping 600s...
2026-07-07 09:00:48,957  INFO      [CL] ── Signal check 09:00 ──
2026-07-07 09:00:49,135  INFO      [CL] Signal: SHORT  |  Confidence: 0.088  |  Leverage: 1.00x
2026-07-07 09:00:49,749  INFO      [CL] Portfolio=$121,555.26  Price=$70.01  Position=None
2026-07-07 09:00:49,749  INFO      Risk guard blocked trade: Confidence 0.09 below futures threshold 0.5
2026-07-07 09:00:49,749  INFO      [CL] Signal complete. Sleeping 600s...
2026-07-07 09:03:36,473  INFO      [CL] ── Signal check 09:03 ──
2026-07-07 09:03:36,627  INFO      [CL] Signal: SHORT  |  Confidence: 0.088  |  Leverage: 1.00x
2026-07-07 09:03:37,116  INFO      [CL] Portfolio=$121,629.02  Price=$70.08  Position=None
2026-07-07 09:03:37,116  INFO      Risk guard blocked trade: Confidence 0.09 below futures threshold 0.5
2026-07-07 09:03:37,117  INFO      [CL] Signal complete. Sleeping 600s...
2026-07-07 09:10:49,750  INFO      [CL] ── Signal check 09:10 ──
2026-07-07 09:10:49,937  INFO      [CL] Signal: SHORT  |  Confidence: 0.088  |  Leverage: 1.00x
2026-07-07 09:10:50,348  INFO      [CL] Portfolio=$121,624.48  Price=$70.23  Position=None
2026-07-07 09:10:50,348  INFO      Risk guard blocked trade: Confidence 0.09 below futures threshold 0.5
2026-07-07 09:10:50,348  INFO      [CL] Signal complete. Sleeping 600s...
2026-07-07 09:13:37,117  INFO      [CL] ── Signal check 09:13 ──
2026-07-07 09:13:37,263  INFO      [CL] Signal: SHORT  |  Confidence: 0.088  |  Leverage: 1.00x
2026-07-07 09:13:37,683  INFO      [CL] Portfolio=$121,638.76  Price=$70.26  Position=None
2026-07-07 09:13:37,684  INFO      Risk guard blocked trade: Confidence 0.09 below futures threshold 0.5
2026-07-07 09:13:37,685  INFO      [CL] Signal complete. Sleeping 600s...
2026-07-07 09:20:50,349  INFO      [CL] ── Signal check 09:20 ──
2026-07-07 09:20:50,494  INFO      [CL] Signal: SHORT  |  Confidence: 0.088  |  Leverage: 1.00x
2026-07-07 09:20:50,886  INFO      [CL] Portfolio=$121,626.86  Price=$70.28  Position=None
2026-07-07 09:20:50,886  INFO      Risk guard blocked trade: Confidence 0.09 below futures threshold 0.5
2026-07-07 09:20:50,887  INFO      [CL] Signal complete. Sleeping 600s...
2026-07-07 09:23:37,685  INFO      [CL] ── Signal check 09:23 ──
2026-07-07 09:23:37,919  INFO      [CL] Signal: SHORT  |  Confidence: 0.088  |  Leverage: 1.00x
2026-07-07 09:23:38,320  INFO      [CL] Portfolio=$121,659.06  Price=$70.31  Position=None
2026-07-07 09:23:38,321  INFO      Risk guard blocked trade: Confidence 0.09 below futures threshold 0.5
2026-07-07 09:23:38,321  INFO      [CL] Signal complete. Sleeping 600s...
2026-07-07 09:30:50,887  INFO      [CL] ── Signal check 09:30 ──
2026-07-07 09:30:51,065  INFO      [CL] Signal: SHORT  |  Confidence: 0.088  |  Leverage: 1.00x
2026-07-07 09:30:51,586  INFO      [CL] Portfolio=$121,673.35  Price=$70.41  Position=None
2026-07-07 09:30:51,586  INFO      Risk guard blocked trade: Confidence 0.09 below futures threshold 0.5
2026-07-07 09:30:51,586  INFO      [CL] Signal complete. Sleeping 600s...
2026-07-07 09:33:38,321  INFO      [CL] ── Signal check 09:33 ──
2026-07-07 09:33:38,474  INFO      [CL] Signal: SHORT  |  Confidence: 0.088  |  Leverage: 1.00x
2026-07-07 09:33:38,927  INFO      [CL] Portfolio=$121,645.18  Price=$70.42  Position=None
2026-07-07 09:33:38,927  INFO      Risk guard blocked trade: Confidence 0.09 below futures threshold 0.5
2026-07-07 09:33:38,927  INFO      [CL] Signal complete. Sleeping 600s...
2026-07-07 09:40:51,587  INFO      [CL] ── Signal check 09:40 ──
2026-07-07 09:40:51,733  INFO      [CL] Signal: SHORT  |  Confidence: 0.088  |  Leverage: 1.00x
2026-07-07 09:40:52,177  INFO      [CL] Portfolio=$121,593.66  Price=$70.16  Position=None
2026-07-07 09:40:52,177  INFO      Risk guard blocked trade: Confidence 0.09 below futures threshold 0.5
2026-07-07 09:40:52,177  INFO      [CL] Signal complete. Sleeping 600s...
2026-07-07 09:43:38,928  INFO      [CL] ── Signal check 09:43 ──
2026-07-07 09:43:39,134  INFO      [CL] Signal: SHORT  |  Confidence: 0.088  |  Leverage: 1.00x
2026-07-07 09:43:39,609  INFO      [CL] Portfolio=$121,600.47  Price=$70.21  Position=None
2026-07-07 09:43:39,610  INFO      Risk guard blocked trade: Confidence 0.09 below futures threshold 0.5
2026-07-07 09:43:39,610  INFO      [CL] Signal complete. Sleeping 600s...
2026-07-07 09:50:52,178  INFO      [CL] ── Signal check 09:50 ──
2026-07-07 09:50:52,354  INFO      [CL] Signal: SHORT  |  Confidence: 0.088  |  Leverage: 1.00x
2026-07-07 09:50:52,834  INFO      [CL] Portfolio=$121,784.62  Price=$70.12  Position=None
2026-07-07 09:50:52,834  INFO      Risk guard blocked trade: Confidence 0.09 below futures threshold 0.5
2026-07-07 09:50:52,834  INFO      [CL] Signal complete. Sleeping 600s...
2026-07-07 09:53:39,610  INFO      [CL] ── Signal check 09:53 ──
2026-07-07 09:53:39,744  INFO      [CL] Signal: SHORT  |  Confidence: 0.088  |  Leverage: 1.00x
2026-07-07 09:53:40,222  INFO      [CL] Portfolio=$121,778.85  Price=$70.23  Position=None
2026-07-07 09:53:40,222  INFO      Risk guard blocked trade: Confidence 0.09 below futures threshold 0.5
2026-07-07 09:53:40,222  INFO      [CL] Signal complete. Sleeping 600s...
2026-07-07 10:00:52,835  INFO      [CL] ── Signal check 10:00 ──
2026-07-07 10:00:53,007  INFO      [CL] Signal: SHORT  |  Confidence: 0.088  |  Leverage: 1.00x
2026-07-07 10:00:53,425  INFO      [CL] Portfolio=$121,869.15  Price=$70.48  Position=None
2026-07-07 10:00:53,425  INFO      Risk guard blocked trade: Confidence 0.09 below futures threshold 0.5
2026-07-07 10:00:53,426  INFO      [CL] Signal complete. Sleeping 600s...
2026-07-07 10:01:53,054  INFO      [CL] Futures bot stopped by user
2026-07-07 10:01:53,055  INFO      [CL] Futures bot stopped by user
2026-07-07 10:02:33,660  INFO      [FUTURES BOT] Starting: CL (Crude Oil Futures)
2026-07-07 10:02:33,660  INFO        Mode       : PAPER
2026-07-07 10:02:33,660  INFO        Max leverage: 15.0x
2026-07-07 10:02:33,661  INFO        Trading hours: 23h/day (Mon-Fri)
2026-07-07 10:02:33,670  INFO      [CL] Process started  PID=86880
2026-07-07 10:02:33,674  ERROR     [CL] Crashed: 'stop_loss_pct'
Traceback (most recent call last):
  File "C:\Users\nickt\alpaca-trading-bot\bot_manager.py", line 279, in run_bot_process
    f"stop {config['risk']['stop_loss_pct']*100:.1f}%")
            ~~~~~~~~~~~~~~^^^^^^^^^^^^^^^^^
KeyError: 'stop_loss_pct'
2026-07-07 10:02:33,675  INFO      [CL] Process exiting
2026-07-07 10:04:55,111  INFO      [FUTURES BOT] Starting: CL (Crude Oil Futures)
2026-07-07 10:04:55,111  INFO        Mode       : PAPER
2026-07-07 10:04:55,112  INFO        Max leverage: 15.0x
2026-07-07 10:04:55,112  INFO        Trading hours: 23h/day (Mon-Fri)
2026-07-07 10:04:55,114  INFO      [CL] Process started  PID=84560
2026-07-07 10:04:55,117  ERROR     [CL] Crashed: 'stop_loss_pct'
Traceback (most recent call last):
  File "C:\Users\nickt\alpaca-trading-bot\bot_manager.py", line 279, in run_bot_process
    f"stop {config['risk']['stop_loss_pct']*100:.1f}%")
            ~~~~~~~~~~~~~~^^^^^^^^^^^^^^^^^
KeyError: 'stop_loss_pct'
2026-07-07 10:04:55,118  INFO      [CL] Process exiting
2026-07-07 10:10:35,479  INFO      [FUTURES BOT] Starting: CL (Crude Oil Futures)
2026-07-07 10:10:35,480  INFO        Mode       : PAPER
2026-07-07 10:10:35,480  INFO        Max leverage: 15.0x
2026-07-07 10:10:35,480  INFO        Trading hours: 23h/day (Mon-Fri)
2026-07-07 10:10:35,482  INFO      [CL] Process started  PID=96928
2026-07-07 10:10:35,485  INFO      [CL] Config loaded — max alloc 10%  stop 5.0%
2026-07-07 10:10:35,485  INFO      [BOT] Alpaca GA Trading Bot starting up
2026-07-07 10:10:35,485  INFO         Mode    : PAPER
2026-07-07 10:10:35,485  INFO         Ticker  : CL
2026-07-07 10:10:35,485  INFO         Chromosome : CL_futures_chromosome.csv
2026-07-07 10:10:35,485  INFO      Alpaca clients initialised  [[PAPER] PAPER MODE]
2026-07-07 10:10:35,486  ERROR     [CL] Crashed: 'weight'
Traceback (most recent call last):
  File "C:\Users\nickt\alpaca-trading-bot\venv\Lib\site-packages\pandas\core\indexes\base.py", line 3641, in get_loc
    return self._engine.get_loc(casted_key)
           ~~~~~~~~~~~~~~~~~~~~^^^^^^^^^^^^
  File "pandas/_libs/index.pyx", line 168, in pandas._libs.index.IndexEngine.get_loc
  File "pandas/_libs/index.pyx", line 197, in pandas._libs.index.IndexEngine.get_loc
  File "pandas/_libs/hashtable_class_helper.pxi", line 7668, in pandas._libs.hashtable.PyObjectHashTable.get_item
  File "pandas/_libs/hashtable_class_helper.pxi", line 7676, in pandas._libs.hashtable.PyObjectHashTable.get_item
KeyError: 'weight'

The above exception was the direct cause of the following exception:

Traceback (most recent call last):
  File "C:\Users\nickt\alpaca-trading-bot\bot_manager.py", line 282, in run_bot_process
    ab.run_bot()
    ~~~~~~~~~~^^
  File "C:\Users\nickt\alpaca-trading-bot\alpaca_bot.py", line 611, in run_bot
    chrom = load_chromosome(CHROMOSOME_FILE)
  File "C:\Users\nickt\alpaca-trading-bot\alpaca_bot.py", line 132, in load_chromosome
    chrom  = np.concatenate([df['weight'].values, df['threshold'].values])
                             ~~^^^^^^^^^^
  File "C:\Users\nickt\alpaca-trading-bot\venv\Lib\site-packages\pandas\core\frame.py", line 4378, in __getitem__
    indexer = self.columns.get_loc(key)
  File "C:\Users\nickt\alpaca-trading-bot\venv\Lib\site-packages\pandas\core\indexes\base.py", line 3648, in get_loc
    raise KeyError(key) from err
KeyError: 'weight'
2026-07-07 10:10:35,490  INFO      [CL] Process exiting
2026-07-07 10:17:07,489  INFO      [FUTURES BOT] Starting: CL (Crude Oil Futures)
2026-07-07 10:17:07,490  INFO        Mode       : PAPER
2026-07-07 10:17:07,490  INFO        Max leverage: 15.0x
2026-07-07 10:17:07,490  INFO        Trading hours: 23h/day (Mon-Fri)
2026-07-07 10:17:07,492  INFO      [CL] Process started  PID=97132
2026-07-07 10:17:07,495  INFO      [CL] Config loaded — max alloc 10%  stop 5.0%
2026-07-07 10:17:07,495  INFO      [BOT] Alpaca GA Trading Bot starting up
2026-07-07 10:17:07,495  INFO         Mode    : PAPER
2026-07-07 10:17:07,495  INFO         Ticker  : CL
2026-07-07 10:17:07,495  INFO         Chromosome : CL_futures_chromosome.csv
2026-07-07 10:17:07,495  INFO      Alpaca clients initialised  [[PAPER] PAPER MODE]
2026-07-07 10:17:07,496  ERROR     [CL] Crashed: 'weight'
Traceback (most recent call last):
  File "C:\Users\nickt\alpaca-trading-bot\venv\Lib\site-packages\pandas\core\indexes\base.py", line 3641, in get_loc
    return self._engine.get_loc(casted_key)
           ~~~~~~~~~~~~~~~~~~~~^^^^^^^^^^^^
  File "pandas/_libs/index.pyx", line 168, in pandas._libs.index.IndexEngine.get_loc
  File "pandas/_libs/index.pyx", line 197, in pandas._libs.index.IndexEngine.get_loc
  File "pandas/_libs/hashtable_class_helper.pxi", line 7668, in pandas._libs.hashtable.PyObjectHashTable.get_item
  File "pandas/_libs/hashtable_class_helper.pxi", line 7676, in pandas._libs.hashtable.PyObjectHashTable.get_item
KeyError: 'weight'

The above exception was the direct cause of the following exception:

Traceback (most recent call last):
  File "C:\Users\nickt\alpaca-trading-bot\bot_manager.py", line 282, in run_bot_process
    ab.run_bot()
    ~~~~~~~~~~^^
  File "C:\Users\nickt\alpaca-trading-bot\alpaca_bot.py", line 611, in run_bot
    chrom = load_chromosome(CHROMOSOME_FILE)
  File "C:\Users\nickt\alpaca-trading-bot\alpaca_bot.py", line 132, in load_chromosome
    chrom  = np.concatenate([df['weight'].values, df['threshold'].values])
                             ~~^^^^^^^^^^
  File "C:\Users\nickt\alpaca-trading-bot\venv\Lib\site-packages\pandas\core\frame.py", line 4378, in __getitem__
    indexer = self.columns.get_loc(key)
  File "C:\Users\nickt\alpaca-trading-bot\venv\Lib\site-packages\pandas\core\indexes\base.py", line 3648, in get_loc
    raise KeyError(key) from err
KeyError: 'weight'
2026-07-07 10:17:07,501  INFO      [CL] Process exiting
2026-07-07 10:24:03,390  INFO      [FUTURES BOT] Starting: CL (Crude Oil Futures)
2026-07-07 10:24:03,390  INFO        Mode       : PAPER
2026-07-07 10:24:03,390  INFO        Max leverage: 15.0x
2026-07-07 10:24:03,390  INFO        Trading hours: 23h/day (Mon-Fri)
2026-07-07 10:24:03,392  INFO      [CL] Process started  PID=57108
2026-07-07 10:24:03,395  INFO      [CL] Config loaded — max alloc 10%  stop 5.0%
2026-07-07 10:24:03,395  INFO      [BOT] Alpaca GA Trading Bot starting up
2026-07-07 10:24:03,396  INFO         Mode    : PAPER
2026-07-07 10:24:03,396  INFO         Ticker  : CL
2026-07-07 10:24:03,396  INFO         Chromosome : CL_futures_chromosome.csv
2026-07-07 10:24:03,396  INFO      Alpaca clients initialised  [[PAPER] PAPER MODE]
2026-07-07 10:24:03,397  ERROR     [CL] Crashed: 'weight'
Traceback (most recent call last):
  File "C:\Users\nickt\alpaca-trading-bot\venv\Lib\site-packages\pandas\core\indexes\base.py", line 3641, in get_loc
    return self._engine.get_loc(casted_key)
           ~~~~~~~~~~~~~~~~~~~~^^^^^^^^^^^^
  File "pandas/_libs/index.pyx", line 168, in pandas._libs.index.IndexEngine.get_loc
  File "pandas/_libs/index.pyx", line 197, in pandas._libs.index.IndexEngine.get_loc
  File "pandas/_libs/hashtable_class_helper.pxi", line 7668, in pandas._libs.hashtable.PyObjectHashTable.get_item
  File "pandas/_libs/hashtable_class_helper.pxi", line 7676, in pandas._libs.hashtable.PyObjectHashTable.get_item
KeyError: 'weight'

The above exception was the direct cause of the following exception:

Traceback (most recent call last):
  File "C:\Users\nickt\alpaca-trading-bot\bot_manager.py", line 282, in run_bot_process
    ab.run_bot()
    ~~~~~~~~~~^^
  File "C:\Users\nickt\alpaca-trading-bot\alpaca_bot.py", line 618, in run_bot
    chrom = load_chromosome(CHROMOSOME_FILE)
  File "C:\Users\nickt\alpaca-trading-bot\alpaca_bot.py", line 132, in load_chromosome
    chrom  = np.concatenate([df['weight'].values, df['threshold'].values])
                             ~~^^^^^^^^^^
  File "C:\Users\nickt\alpaca-trading-bot\venv\Lib\site-packages\pandas\core\frame.py", line 4378, in __getitem__
    indexer = self.columns.get_loc(key)
  File "C:\Users\nickt\alpaca-trading-bot\venv\Lib\site-packages\pandas\core\indexes\base.py", line 3648, in get_loc
    raise KeyError(key) from err
KeyError: 'weight'
2026-07-07 10:24:03,402  INFO      [CL] Process exiting
2026-07-07 10:26:30,636  INFO      [FUTURES BOT] Starting: CL (Crude Oil Futures)
2026-07-07 10:26:30,636  INFO        Mode       : PAPER
2026-07-07 10:26:30,636  INFO        Max leverage: 15.0x
2026-07-07 10:26:30,637  INFO        Trading hours: 23h/day (Mon-Fri)
2026-07-07 10:26:30,639  INFO      [CL] Process started  PID=94184
2026-07-07 10:26:30,641  INFO      [CL] Config loaded — max alloc 10%  stop 5.0%
2026-07-07 10:26:30,642  INFO      [BOT] Alpaca GA Trading Bot starting up
2026-07-07 10:26:30,642  INFO         Mode    : PAPER
2026-07-07 10:26:30,642  INFO         Ticker  : CL
2026-07-07 10:26:30,642  INFO         Chromosome : CL_futures_chromosome.csv
2026-07-07 10:26:30,642  INFO      Alpaca clients initialised  [[PAPER] PAPER MODE]
2026-07-07 10:26:30,643  ERROR     [CL] Crashed: 'weight'
Traceback (most recent call last):
  File "C:\Users\nickt\alpaca-trading-bot\venv\Lib\site-packages\pandas\core\indexes\base.py", line 3641, in get_loc
    return self._engine.get_loc(casted_key)
           ~~~~~~~~~~~~~~~~~~~~^^^^^^^^^^^^
  File "pandas/_libs/index.pyx", line 168, in pandas._libs.index.IndexEngine.get_loc
  File "pandas/_libs/index.pyx", line 197, in pandas._libs.index.IndexEngine.get_loc
  File "pandas/_libs/hashtable_class_helper.pxi", line 7668, in pandas._libs.hashtable.PyObjectHashTable.get_item
  File "pandas/_libs/hashtable_class_helper.pxi", line 7676, in pandas._libs.hashtable.PyObjectHashTable.get_item
KeyError: 'weight'

The above exception was the direct cause of the following exception:

Traceback (most recent call last):
  File "C:\Users\nickt\alpaca-trading-bot\bot_manager.py", line 282, in run_bot_process
    ab.run_bot()
    ~~~~~~~~~~^^
  File "C:\Users\nickt\alpaca-trading-bot\alpaca_bot.py", line 618, in run_bot
    chrom = load_chromosome(CHROMOSOME_FILE)
  File "C:\Users\nickt\alpaca-trading-bot\alpaca_bot.py", line 132, in load_chromosome
    chrom  = np.concatenate([df['weight'].values, df['threshold'].values])
                             ~~^^^^^^^^^^
  File "C:\Users\nickt\alpaca-trading-bot\venv\Lib\site-packages\pandas\core\frame.py", line 4378, in __getitem__
    indexer = self.columns.get_loc(key)
  File "C:\Users\nickt\alpaca-trading-bot\venv\Lib\site-packages\pandas\core\indexes\base.py", line 3648, in get_loc
    raise KeyError(key) from err
KeyError: 'weight'
2026-07-07 10:26:30,648  INFO      [CL] Process exiting
2026-07-07 10:30:26,427  INFO      [FUTURES BOT] Starting: CL (Crude Oil Futures)
2026-07-07 10:30:26,427  INFO        Mode       : PAPER
2026-07-07 10:30:26,427  INFO        Max leverage: 15.0x
2026-07-07 10:30:26,427  INFO        Trading hours: 23h/day (Mon-Fri)
2026-07-07 10:30:26,429  INFO      [CL] Process started  PID=95792
2026-07-07 10:30:26,431  INFO      [CL] Config loaded — max alloc 10%  stop 5.0%
2026-07-07 10:30:26,431  INFO      [BOT] Alpaca GA Trading Bot starting up
2026-07-07 10:30:26,431  INFO         Mode    : PAPER
2026-07-07 10:30:26,431  INFO         Ticker  : CL
2026-07-07 10:30:26,432  INFO         Chromosome : CL_futures_chromosome.csv
2026-07-07 10:30:26,432  INFO      Alpaca clients initialised  [[PAPER] PAPER MODE]
2026-07-07 10:30:26,432  ERROR     [CL] Crashed: 'weight'
Traceback (most recent call last):
  File "C:\Users\nickt\alpaca-trading-bot\venv\Lib\site-packages\pandas\core\indexes\base.py", line 3641, in get_loc
    return self._engine.get_loc(casted_key)
           ~~~~~~~~~~~~~~~~~~~~^^^^^^^^^^^^
  File "pandas/_libs/index.pyx", line 168, in pandas._libs.index.IndexEngine.get_loc
  File "pandas/_libs/index.pyx", line 197, in pandas._libs.index.IndexEngine.get_loc
  File "pandas/_libs/hashtable_class_helper.pxi", line 7668, in pandas._libs.hashtable.PyObjectHashTable.get_item
  File "pandas/_libs/hashtable_class_helper.pxi", line 7676, in pandas._libs.hashtable.PyObjectHashTable.get_item
KeyError: 'weight'

The above exception was the direct cause of the following exception:

Traceback (most recent call last):
  File "C:\Users\nickt\alpaca-trading-bot\bot_manager.py", line 282, in run_bot_process
    ab.run_bot()
    ~~~~~~~~~~^^
  File "C:\Users\nickt\alpaca-trading-bot\alpaca_bot.py", line 618, in run_bot
    chrom = load_chromosome(CHROMOSOME_FILE)
  File "C:\Users\nickt\alpaca-trading-bot\alpaca_bot.py", line 132, in load_chromosome
    chrom  = np.concatenate([df['weight'].values, df['threshold'].values])
                             ~~^^^^^^^^^^
  File "C:\Users\nickt\alpaca-trading-bot\venv\Lib\site-packages\pandas\core\frame.py", line 4378, in __getitem__
    indexer = self.columns.get_loc(key)
  File "C:\Users\nickt\alpaca-trading-bot\venv\Lib\site-packages\pandas\core\indexes\base.py", line 3648, in get_loc
    raise KeyError(key) from err
KeyError: 'weight'
2026-07-07 10:30:26,437  INFO      [CL] Process exiting
2026-07-07 10:35:55,333  INFO      [FUTURES BOT] Starting: CL (Crude Oil Futures)
2026-07-07 10:35:55,334  INFO        Mode       : PAPER
2026-07-07 10:35:55,334  INFO        Max leverage: 15.0x
2026-07-07 10:35:55,334  INFO        Trading hours: 23h/day (Mon-Fri)
2026-07-07 10:35:55,336  INFO      [CL] Process started  PID=78668
2026-07-07 10:35:55,338  INFO      [CL] Config loaded — max alloc 10%  stop 5.0%
2026-07-07 10:35:55,338  INFO      [BOT] Alpaca GA Trading Bot starting up
2026-07-07 10:35:55,338  INFO         Mode    : PAPER
2026-07-07 10:35:55,338  INFO         Ticker  : CL
2026-07-07 10:35:55,338  INFO         Chromosome : CL_futures_chromosome.csv
2026-07-07 10:35:55,339  INFO      Alpaca clients initialised  [[PAPER] PAPER MODE]
2026-07-07 10:35:55,339  ERROR     [CL] Crashed: 'weight'
Traceback (most recent call last):
  File "C:\Users\nickt\alpaca-trading-bot\venv\Lib\site-packages\pandas\core\indexes\base.py", line 3641, in get_loc
    return self._engine.get_loc(casted_key)
           ~~~~~~~~~~~~~~~~~~~~^^^^^^^^^^^^
  File "pandas/_libs/index.pyx", line 168, in pandas._libs.index.IndexEngine.get_loc
  File "pandas/_libs/index.pyx", line 197, in pandas._libs.index.IndexEngine.get_loc
  File "pandas/_libs/hashtable_class_helper.pxi", line 7668, in pandas._libs.hashtable.PyObjectHashTable.get_item
  File "pandas/_libs/hashtable_class_helper.pxi", line 7676, in pandas._libs.hashtable.PyObjectHashTable.get_item
KeyError: 'weight'

The above exception was the direct cause of the following exception:

Traceback (most recent call last):
  File "C:\Users\nickt\alpaca-trading-bot\bot_manager.py", line 282, in run_bot_process
    ab.run_bot()
    ~~~~~~~~~~^^
  File "C:\Users\nickt\alpaca-trading-bot\alpaca_bot.py", line 618, in run_bot
    chrom = load_chromosome(CHROMOSOME_FILE)
  File "C:\Users\nickt\alpaca-trading-bot\alpaca_bot.py", line 132, in load_chromosome
    chrom  = np.concatenate([df['weight'].values, df['threshold'].values])
                             ~~^^^^^^^^^^
  File "C:\Users\nickt\alpaca-trading-bot\venv\Lib\site-packages\pandas\core\frame.py", line 4378, in __getitem__
    indexer = self.columns.get_loc(key)
  File "C:\Users\nickt\alpaca-trading-bot\venv\Lib\site-packages\pandas\core\indexes\base.py", line 3648, in get_loc
    raise KeyError(key) from err
KeyError: 'weight'
2026-07-07 10:35:55,345  INFO      [CL] Process exiting
2026-07-07 10:39:37,101  INFO      [FUTURES BOT] Starting: CL (Crude Oil Futures)
2026-07-07 10:39:37,102  INFO        Mode       : PAPER
2026-07-07 10:39:37,102  INFO        Max leverage: 15.0x
2026-07-07 10:39:37,102  INFO        Trading hours: 23h/day (Mon-Fri)
2026-07-07 10:39:37,104  INFO        Evolved leverage: 3.1x
2026-07-07 10:39:37,104  INFO        Stop width: 3.1%
2026-07-07 10:39:37,104  INFO      [CL] Bot running — checking every 10 minutes
2026-07-07 10:39:37,104  INFO      [CL] ── Signal check 10:39 ──
2026-07-07 10:39:37,426  ERROR     [CL] Error: operands could not be broadcast together with shapes (53,12) (17,) 
Traceback (most recent call last):
  File "C:\Users\nickt\alpaca-trading-bot\futures_trading.py", line 500, in run_futures_bot
    run_futures_signal(trading_client, ticker, chrom, decoded, risk_guard, cfg)
    ~~~~~~~~~~~~~~~~~~^^^^^^^^^^^^^^^^^^^^^^^^^^^^^^^^^^^^^^^^^^^^^^^^^^^^^^^^^
  File "C:\Users\nickt\alpaca-trading-bot\futures_trading.py", line 370, in run_futures_signal
    signal, confidence, leverage = compute_futures_signal_live(ticker, chrom)
                                   ~~~~~~~~~~~~~~~~~~~~~~~~~~~^^^^^^^^^^^^^^^
  File "C:\Users\nickt\alpaca-trading-bot\futures_trading.py", line 164, in compute_futures_signal_live
    condition = (values > thresholds).astype(float)
                 ^^^^^^^^^^^^^^^^^^^
ValueError: operands could not be broadcast together with shapes (53,12) (17,) 
2026-07-07 10:39:37,427  INFO      Retrying in 5 minutes...
2026-07-07 10:44:37,427  INFO      [CL] ── Signal check 10:44 ──
2026-07-07 10:44:37,572  ERROR     [CL] Error: operands could not be broadcast together with shapes (53,12) (17,) 
Traceback (most recent call last):
  File "C:\Users\nickt\alpaca-trading-bot\futures_trading.py", line 500, in run_futures_bot
    run_futures_signal(trading_client, ticker, chrom, decoded, risk_guard, cfg)
    ~~~~~~~~~~~~~~~~~~^^^^^^^^^^^^^^^^^^^^^^^^^^^^^^^^^^^^^^^^^^^^^^^^^^^^^^^^^
  File "C:\Users\nickt\alpaca-trading-bot\futures_trading.py", line 370, in run_futures_signal
    signal, confidence, leverage = compute_futures_signal_live(ticker, chrom)
                                   ~~~~~~~~~~~~~~~~~~~~~~~~~~~^^^^^^^^^^^^^^^
  File "C:\Users\nickt\alpaca-trading-bot\futures_trading.py", line 164, in compute_futures_signal_live
    condition = (values > thresholds).astype(float)
                 ^^^^^^^^^^^^^^^^^^^
ValueError: operands could not be broadcast together with shapes (53,12) (17,) 
2026-07-07 10:44:37,573  INFO      Retrying in 5 minutes...
2026-07-07 10:50:23,818  INFO      [FUTURES BOT] Starting: CL (Crude Oil Futures)
2026-07-07 10:50:23,818  INFO        Mode       : PAPER
2026-07-07 10:50:23,818  INFO        Max leverage: 15.0x
2026-07-07 10:50:23,819  INFO        Trading hours: 23h/day (Mon-Fri)
2026-07-07 10:50:23,820  INFO        Evolved leverage: 3.1x
2026-07-07 10:50:23,820  INFO        Stop width: 3.1%
2026-07-07 10:50:23,820  INFO      [CL] Bot running — checking every 10 minutes
2026-07-07 10:50:23,820  INFO      [CL] ── Signal check 10:50 ──
2026-07-07 10:50:24,238  INFO      [CL] Signal: SHORT  |  Confidence: 0.182  |  Leverage: 1.00x
2026-07-07 10:50:24,717  INFO      [CL] Portfolio=$100,556.89  Price=$70.44  Position=None
2026-07-07 10:50:24,717  INFO      Risk guard blocked trade: Confidence 0.18 below futures threshold 0.5
2026-07-07 10:50:24,717  INFO      [CL] Signal complete. Sleeping 600s...
2026-07-07 11:00:24,718  INFO      [CL] ── Signal check 11:00 ──
2026-07-07 11:00:24,883  INFO      [CL] Signal: SHORT  |  Confidence: 0.182  |  Leverage: 1.00x
2026-07-07 11:00:25,311  INFO      [CL] Portfolio=$100,521.45  Price=$70.47  Position=None
2026-07-07 11:00:25,311  INFO      Risk guard blocked trade: Confidence 0.18 below futures threshold 0.5
2026-07-07 11:00:25,311  INFO      [CL] Signal complete. Sleeping 600s...
2026-07-07 11:10:25,312  INFO      [CL] ── Signal check 11:10 ──
2026-07-07 11:10:25,476  INFO      [CL] Signal: SHORT  |  Confidence: 0.182  |  Leverage: 1.00x
2026-07-07 11:10:25,909  INFO      [CL] Portfolio=$100,551.71  Price=$70.44  Position=None
2026-07-07 11:10:25,909  INFO      Risk guard blocked trade: Confidence 0.18 below futures threshold 0.5
2026-07-07 11:10:25,909  INFO      [CL] Signal complete. Sleeping 600s...
2026-07-07 11:20:25,910  INFO      [CL] ── Signal check 11:20 ──
2026-07-07 11:20:26,075  INFO      [CL] Signal: SHORT  |  Confidence: 0.182  |  Leverage: 1.00x
2026-07-07 11:20:26,609  INFO      [CL] Portfolio=$100,503.37  Price=$70.51  Position=None
2026-07-07 11:20:26,609  INFO      Risk guard blocked trade: Confidence 0.18 below futures threshold 0.5
2026-07-07 11:20:26,609  INFO      [CL] Signal complete. Sleeping 600s...
2026-07-07 11:30:26,610  INFO      [CL] ── Signal check 11:30 ──
2026-07-07 11:30:26,755  INFO      [CL] Signal: SHORT  |  Confidence: 0.182  |  Leverage: 1.00x
2026-07-07 11:30:27,187  INFO      [CL] Portfolio=$100,536.16  Price=$70.56  Position=None
2026-07-07 11:30:27,187  INFO      Risk guard blocked trade: Confidence 0.18 below futures threshold 0.5
2026-07-07 11:30:27,187  INFO      [CL] Signal complete. Sleeping 600s...
2026-07-07 11:40:27,187  INFO      [CL] ── Signal check 11:40 ──
2026-07-07 11:40:27,353  INFO      [CL] Signal: SHORT  |  Confidence: 0.182  |  Leverage: 1.00x
2026-07-07 11:40:27,799  INFO      [CL] Portfolio=$100,643.68  Price=$70.59  Position=None
2026-07-07 11:40:27,800  INFO      Risk guard blocked trade: Confidence 0.18 below futures threshold 0.5
2026-07-07 11:40:27,800  INFO      [CL] Signal complete. Sleeping 600s...
2026-07-07 11:50:27,800  INFO      [CL] ── Signal check 11:50 ──
2026-07-07 11:50:27,960  INFO      [CL] Signal: SHORT  |  Confidence: 0.182  |  Leverage: 1.00x
2026-07-07 11:50:28,370  INFO      [CL] Portfolio=$100,538.85  Price=$70.62  Position=None
2026-07-07 11:50:28,370  INFO      Risk guard blocked trade: Confidence 0.18 below futures threshold 0.5
2026-07-07 11:50:28,370  INFO      [CL] Signal complete. Sleeping 600s...
