2026-07-06 10:33:46,476  INFO      [FUTURES BOT] Starting: ES (E-mini S&P 500 Futures)
2026-07-06 10:33:46,477  INFO        Mode       : PAPER
2026-07-06 10:33:46,477  INFO        Max leverage: 20.0x
2026-07-06 10:33:46,477  INFO        Trading hours: 23h/day (Mon-Fri)
2026-07-06 10:33:46,479  INFO        Evolved leverage: 3.4x
2026-07-06 10:33:46,479  INFO        Stop width: 2.2%
2026-07-06 10:33:46,479  INFO      [ES] Bot running — checking every 10 minutes
2026-07-06 10:33:46,479  INFO      [ES] ── Signal check 10:33 ──
2026-07-06 10:33:46,854  INFO      [ES] Signal: LONG  |  Confidence: 0.720  |  Leverage: 1.44x
2026-07-06 10:33:47,335  INFO      [ES] Portfolio=$100,335.02  Price=$7588.25  Position=None
2026-07-06 10:33:47,336  INFO      Futures position: 1 units  (scale=7.7%, leverage=1.4x, exposure=$11,203)
2026-07-06 10:33:47,402  INFO      [FUTURES] BUY LONG 1x ES  [signal]  id=9895eef5-8264-4aca-baaf-9d000a291821
2026-07-06 10:33:50,463  INFO      [ES] Monitoring LONG  entry=72.93  stop=71.33  target=79.72
2026-07-06 10:35:50,970  INFO      [ES] LONG price=7588.25  stop=7337.84  target=79.72  P&L=+10304.84%
2026-07-06 10:35:51,069  INFO      [FUTURES] SELL TO EXIT 1x ES  [take-profit]  id=49241152-b921-4038-9501-222acea40a2e
2026-07-06 10:35:51,069  INFO      [ES] Signal complete. Sleeping 600s...
2026-07-06 10:45:51,070  INFO      [ES] ── Signal check 10:45 ──
2026-07-06 10:45:51,243  INFO      [ES] Signal: LONG  |  Confidence: 0.720  |  Leverage: 1.44x
2026-07-06 10:45:51,718  INFO      [ES] Portfolio=$100,336.43  Price=$7584.75  Position=None
2026-07-06 10:45:51,719  INFO      Futures position: 1 units  (scale=7.7%, leverage=1.4x, exposure=$11,203)
2026-07-06 10:45:51,791  INFO      [FUTURES] BUY LONG 1x ES  [signal]  id=93cb18c4-d99c-43df-b2aa-64366bd7c81e
2026-07-06 10:45:54,848  INFO      [ES] Monitoring LONG  entry=72.99  stop=71.38  target=79.78
2026-07-06 10:47:55,295  INFO      [ES] LONG price=7585.25  stop=7334.94  target=79.78  P&L=+10292.18%
2026-07-06 10:47:55,399  INFO      [FUTURES] SELL TO EXIT 1x ES  [take-profit]  id=a5c46593-57e2-45f1-bab3-33e4d8c60781
2026-07-06 10:47:55,400  INFO      [ES] Signal complete. Sleeping 600s...
2026-07-06 10:57:55,400  INFO      [ES] ── Signal check 10:57 ──
2026-07-06 10:57:55,594  INFO      [ES] Signal: LONG  |  Confidence: 0.720  |  Leverage: 1.44x
2026-07-06 10:57:56,068  INFO      [ES] Portfolio=$100,362.11  Price=$7589.25  Position=None
2026-07-06 10:57:56,069  INFO      Futures position: 1 units  (scale=7.7%, leverage=1.4x, exposure=$11,206)
2026-07-06 10:57:56,138  INFO      [FUTURES] BUY LONG 1x ES  [signal]  id=7ab6bc5e-b836-4149-972b-1f0aa7ba4c18
2026-07-06 10:57:59,200  INFO      [ES] Monitoring LONG  entry=72.88  stop=71.28  target=79.66
2026-07-06 10:59:59,567  INFO      [ES] LONG price=7589.50  stop=7339.05  target=79.66  P&L=+10313.69%
2026-07-06 10:59:59,637  INFO      [FUTURES] SELL TO EXIT 1x ES  [take-profit]  id=9141ea60-befc-42fb-a915-b351a641befe
2026-07-06 10:59:59,637  INFO      [ES] Signal complete. Sleeping 600s...
2026-07-06 11:09:59,638  INFO      [ES] ── Signal check 11:09 ──
2026-07-06 11:09:59,804  INFO      [ES] Signal: LONG  |  Confidence: 0.720  |  Leverage: 1.44x
2026-07-06 11:10:00,841  INFO      [ES] Portfolio=$100,376.25  Price=$7584.00  Position=None
2026-07-06 11:10:00,841  INFO      Futures position: 1 units  (scale=7.7%, leverage=1.4x, exposure=$11,207)
2026-07-06 11:10:01,014  INFO      [FUTURES] BUY LONG 1x ES  [signal]  id=7cc01a7b-3cd3-4f68-bad1-a904ad0369e7
2026-07-06 11:10:04,091  INFO      [ES] Monitoring LONG  entry=72.98  stop=71.37  target=79.77
2026-07-06 11:12:04,480  INFO      [ES] LONG price=7585.50  stop=7335.18  target=79.77  P&L=+10293.94%
2026-07-06 11:12:04,570  INFO      [FUTURES] SELL TO EXIT 1x ES  [take-profit]  id=618fc5b2-677b-4d0f-bba3-b42c19cd1e4c
2026-07-06 11:12:04,571  INFO      [ES] Signal complete. Sleeping 600s...
2026-07-06 11:18:07,240  INFO      [ES] Futures bot stopped by user
2026-07-06 11:32:06,701  INFO      [FUTURES BOT] Starting: ES (E-mini S&P 500 Futures)
2026-07-06 11:32:06,701  INFO        Mode       : PAPER
2026-07-06 11:32:06,701  INFO        Max leverage: 20.0x
2026-07-06 11:32:06,701  INFO        Trading hours: 23h/day (Mon-Fri)
2026-07-06 11:32:06,703  INFO        Evolved leverage: 3.4x
2026-07-06 11:32:06,703  INFO        Stop width: 2.2%
2026-07-06 11:32:06,703  INFO      [ES] Bot running — checking every 10 minutes
2026-07-06 11:32:06,703  INFO      [ES] ── Signal check 11:32 ──
2026-07-06 11:32:07,079  INFO      [ES] Signal: LONG  |  Confidence: 0.720  |  Leverage: 1.44x
2026-07-06 11:32:07,510  INFO      [ES] Portfolio=$100,323.70  Price=$7588.50  Position=None
2026-07-06 11:32:07,510  INFO      Futures position: 1 units  (scale=7.7%, leverage=1.4x, exposure=$11,201)
2026-07-06 11:32:07,596  INFO      [FUTURES] BUY LONG 1x ES  [signal]  id=2853c156-e90e-44aa-913c-d7ebe358ad2b
2026-07-06 11:32:11,126  INFO      [ES] Monitoring LONG  entry=7588.75  stop=7421.80  target=8294.96
2026-07-06 11:34:11,645  INFO      [ES] LONG price=7588.25  stop=7421.80  target=8294.96  P&L=-0.01%
2026-07-06 11:36:12,197  INFO      [ES] LONG price=7589.50  stop=7339.05  target=8294.96  P&L=+0.01%
2026-07-06 11:38:12,653  INFO      [ES] LONG price=7588.50  stop=7339.05  target=8294.96  P&L=-0.00%
2026-07-06 11:40:13,075  INFO      [ES] LONG price=7585.75  stop=7339.05  target=8294.96  P&L=-0.04%
2026-07-06 11:42:13,584  INFO      [ES] LONG price=7585.75  stop=7339.05  target=8294.96  P&L=-0.04%
2026-07-06 11:44:14,114  INFO      [ES] LONG price=7583.00  stop=7339.05  target=8294.96  P&L=-0.08%
2026-07-06 11:46:14,680  INFO      [ES] LONG price=7582.25  stop=7339.05  target=8294.96  P&L=-0.09%
2026-07-06 11:48:15,257  INFO      [ES] LONG price=7582.75  stop=7339.05  target=8294.96  P&L=-0.08%
2026-07-06 11:50:15,826  INFO      [ES] LONG price=7581.50  stop=7339.05  target=8294.96  P&L=-0.10%
2026-07-06 11:52:16,388  INFO      [ES] LONG price=7580.00  stop=7339.05  target=8294.96  P&L=-0.12%
2026-07-06 11:54:16,943  INFO      [ES] LONG price=7579.50  stop=7339.05  target=8294.96  P&L=-0.12%
2026-07-06 11:56:17,490  INFO      [ES] LONG price=7581.25  stop=7339.05  target=8294.96  P&L=-0.10%
2026-07-06 11:58:18,070  INFO      [ES] LONG price=7581.50  stop=7339.05  target=8294.96  P&L=-0.10%
2026-07-06 12:00:18,618  INFO      [ES] LONG price=7583.00  stop=7339.05  target=8294.96  P&L=-0.08%
2026-07-06 12:02:19,188  INFO      [ES] LONG price=7583.50  stop=7339.05  target=8294.96  P&L=-0.07%
2026-07-06 12:04:19,622  INFO      [ES] LONG price=7581.00  stop=7339.05  target=8294.96  P&L=-0.10%
2026-07-06 12:06:20,191  INFO      [ES] LONG price=7580.25  stop=7339.05  target=8294.96  P&L=-0.11%
2026-07-06 12:08:20,953  INFO      [ES] LONG price=7579.25  stop=7339.05  target=8294.96  P&L=-0.13%
2026-07-06 12:10:21,484  INFO      [ES] LONG price=7581.50  stop=7339.05  target=8294.96  P&L=-0.10%
2026-07-06 12:12:22,034  INFO      [ES] LONG price=7585.75  stop=7339.05  target=8294.96  P&L=-0.04%
2026-07-06 12:14:22,612  INFO      [ES] LONG price=7585.50  stop=7339.05  target=8294.96  P&L=-0.04%
2026-07-06 12:16:23,167  INFO      [ES] LONG price=7585.75  stop=7339.05  target=8294.96  P&L=-0.04%
2026-07-06 12:18:24,119  INFO      [ES] LONG price=7589.00  stop=7339.05  target=8294.96  P&L=+0.00%
2026-07-06 12:20:24,649  INFO      [ES] LONG price=7588.00  stop=7339.05  target=8294.96  P&L=-0.01%
2026-07-06 12:22:25,243  INFO      [ES] LONG price=7587.50  stop=7339.05  target=8294.96  P&L=-0.02%
2026-07-06 12:24:25,771  INFO      [ES] LONG price=7589.25  stop=7339.05  target=8294.96  P&L=+0.01%
2026-07-06 12:26:26,450  INFO      [ES] LONG price=7593.00  stop=7342.43  target=8294.96  P&L=+0.06%
2026-07-06 12:28:27,166  INFO      [ES] LONG price=7590.25  stop=7342.43  target=8294.96  P&L=+0.02%
2026-07-06 12:30:27,730  INFO      [ES] LONG price=7592.00  stop=7342.43  target=8294.96  P&L=+0.04%
2026-07-06 12:32:28,324  INFO      [ES] LONG price=7593.50  stop=7342.91  target=8294.96  P&L=+0.06%
2026-07-06 12:34:29,006  INFO      [ES] LONG price=7593.00  stop=7342.91  target=8294.96  P&L=+0.06%
2026-07-06 12:36:29,569  INFO      [ES] LONG price=7594.25  stop=7343.64  target=8294.96  P&L=+0.07%
2026-07-06 12:38:30,152  INFO      [ES] LONG price=7592.25  stop=7343.64  target=8294.96  P&L=+0.05%
2026-07-06 12:40:30,822  INFO      [ES] LONG price=7592.50  stop=7343.64  target=8294.96  P&L=+0.05%
2026-07-06 12:42:31,380  INFO      [ES] LONG price=7592.50  stop=7343.64  target=8294.96  P&L=+0.05%
2026-07-06 12:44:31,933  INFO      [ES] LONG price=7591.25  stop=7343.64  target=8294.96  P&L=+0.03%
2026-07-06 12:46:32,496  INFO      [ES] LONG price=7589.75  stop=7343.64  target=8294.96  P&L=+0.01%
2026-07-06 12:48:33,067  INFO      [ES] LONG price=7590.75  stop=7343.64  target=8294.96  P&L=+0.03%
2026-07-06 12:50:33,734  INFO      [ES] LONG price=7590.25  stop=7343.64  target=8294.96  P&L=+0.02%
2026-07-06 12:52:34,360  INFO      [ES] LONG price=7592.25  stop=7343.64  target=8294.96  P&L=+0.05%
2026-07-06 12:54:34,846  INFO      [ES] LONG price=7590.25  stop=7343.64  target=8294.96  P&L=+0.02%
2026-07-06 12:56:35,427  INFO      [ES] LONG price=7592.75  stop=7343.64  target=8294.96  P&L=+0.05%
2026-07-06 12:58:35,919  INFO      [ES] LONG price=7594.50  stop=7343.88  target=8294.96  P&L=+0.08%
2026-07-06 13:00:36,536  INFO      [ES] LONG price=7594.75  stop=7344.12  target=8294.96  P&L=+0.08%
2026-07-06 13:02:37,020  INFO      [ES] LONG price=7596.25  stop=7345.57  target=8294.96  P&L=+0.10%
2026-07-06 13:04:37,541  INFO      [ES] LONG price=7596.25  stop=7345.57  target=8294.96  P&L=+0.10%
2026-07-06 13:06:38,154  INFO      [ES] LONG price=7598.25  stop=7347.51  target=8294.96  P&L=+0.13%
2026-07-06 13:08:38,694  INFO      [ES] LONG price=7598.25  stop=7347.51  target=8294.96  P&L=+0.13%
2026-07-06 13:10:39,290  INFO      [ES] LONG price=7597.75  stop=7347.51  target=8294.96  P&L=+0.12%
2026-07-06 13:12:39,851  INFO      [ES] LONG price=7597.25  stop=7347.51  target=8294.96  P&L=+0.11%
2026-07-06 13:14:40,370  INFO      [ES] LONG price=7596.75  stop=7347.51  target=8294.96  P&L=+0.11%
2026-07-06 13:16:40,838  INFO      [ES] LONG price=7597.50  stop=7347.51  target=8294.96  P&L=+0.12%
2026-07-06 13:18:41,398  INFO      [ES] LONG price=7596.25  stop=7347.51  target=8294.96  P&L=+0.10%
2026-07-06 13:20:42,011  INFO      [ES] LONG price=7596.00  stop=7347.51  target=8294.96  P&L=+0.10%
2026-07-06 13:22:42,649  INFO      [ES] LONG price=7596.25  stop=7347.51  target=8294.96  P&L=+0.10%
2026-07-06 13:24:43,154  INFO      [ES] LONG price=7596.00  stop=7347.51  target=8294.96  P&L=+0.10%
2026-07-06 13:26:43,688  INFO      [ES] LONG price=7596.00  stop=7347.51  target=8294.96  P&L=+0.10%
2026-07-06 13:28:44,299  INFO      [ES] LONG price=7599.00  stop=7348.23  target=8294.96  P&L=+0.14%
2026-07-06 13:30:44,860  INFO      [ES] LONG price=7600.25  stop=7349.44  target=8294.96  P&L=+0.15%
2026-07-06 13:32:45,453  INFO      [ES] LONG price=7600.25  stop=7349.44  target=8294.96  P&L=+0.15%
2026-07-06 13:34:45,985  INFO      [ES] LONG price=7601.25  stop=7350.41  target=8294.96  P&L=+0.16%
2026-07-06 13:36:46,500  INFO      [ES] LONG price=7601.00  stop=7350.41  target=8294.96  P&L=+0.16%
2026-07-06 13:38:47,100  INFO      [ES] LONG price=7600.75  stop=7350.41  target=8294.96  P&L=+0.16%
2026-07-06 13:40:47,660  INFO      [ES] LONG price=7600.25  stop=7350.41  target=8294.96  P&L=+0.15%
2026-07-06 13:42:48,204  INFO      [ES] LONG price=7600.25  stop=7350.41  target=8294.96  P&L=+0.15%
2026-07-06 13:44:48,689  INFO      [ES] LONG price=7598.50  stop=7350.41  target=8294.96  P&L=+0.13%
2026-07-06 13:46:49,268  INFO      [ES] LONG price=7596.00  stop=7350.41  target=8294.96  P&L=+0.10%
2026-07-06 13:48:49,779  INFO      [ES] LONG price=7598.25  stop=7350.41  target=8294.96  P&L=+0.13%
2026-07-06 13:50:50,366  INFO      [ES] LONG price=7596.50  stop=7350.41  target=8294.96  P&L=+0.10%
2026-07-06 13:52:50,887  INFO      [ES] LONG price=7597.25  stop=7350.41  target=8294.96  P&L=+0.11%
2026-07-06 13:54:51,538  INFO      [ES] LONG price=7598.25  stop=7350.41  target=8294.96  P&L=+0.13%
2026-07-06 13:56:52,071  INFO      [ES] LONG price=7599.75  stop=7350.41  target=8294.96  P&L=+0.14%
2026-07-06 13:58:52,512  INFO      [ES] LONG price=7598.25  stop=7350.41  target=8294.96  P&L=+0.13%
2026-07-06 14:00:52,988  INFO      [ES] LONG price=7595.00  stop=7350.41  target=8294.96  P&L=+0.08%
2026-07-06 14:02:53,515  INFO      [ES] LONG price=7592.75  stop=7350.41  target=8294.96  P&L=+0.05%
2026-07-06 14:04:54,115  INFO      [ES] LONG price=7591.25  stop=7350.41  target=8294.96  P&L=+0.03%
2026-07-06 14:06:54,655  INFO      [ES] LONG price=7588.75  stop=7350.41  target=8294.96  P&L=+0.00%
2026-07-06 14:08:55,226  INFO      [ES] LONG price=7592.00  stop=7350.41  target=8294.96  P&L=+0.04%
2026-07-06 14:10:55,768  INFO      [ES] LONG price=7594.00  stop=7350.41  target=8294.96  P&L=+0.07%
2026-07-06 14:12:56,407  INFO      [ES] LONG price=7594.50  stop=7350.41  target=8294.96  P&L=+0.08%
2026-07-06 14:14:57,037  INFO      [ES] LONG price=7593.25  stop=7350.41  target=8294.96  P&L=+0.06%
2026-07-06 14:16:57,596  INFO      [ES] LONG price=7593.75  stop=7350.41  target=8294.96  P&L=+0.07%
2026-07-06 14:18:58,097  INFO      [ES] LONG price=7596.25  stop=7350.41  target=8294.96  P&L=+0.10%
2026-07-06 14:20:58,542  INFO      [ES] LONG price=7596.25  stop=7350.41  target=8294.96  P&L=+0.10%
2026-07-06 14:22:59,007  INFO      [ES] LONG price=7596.00  stop=7350.41  target=8294.96  P&L=+0.10%
2026-07-06 14:24:59,526  INFO      [ES] LONG price=7596.25  stop=7350.41  target=8294.96  P&L=+0.10%
2026-07-06 14:27:00,159  INFO      [ES] LONG price=7597.50  stop=7350.41  target=8294.96  P&L=+0.12%
2026-07-06 14:29:00,629  INFO      [ES] LONG price=7597.75  stop=7350.41  target=8294.96  P&L=+0.12%
2026-07-06 14:31:01,269  INFO      [ES] LONG price=7597.00  stop=7350.41  target=8294.96  P&L=+0.11%
2026-07-06 14:33:01,808  INFO      [ES] LONG price=7596.00  stop=7350.41  target=8294.96  P&L=+0.10%
2026-07-06 14:35:02,354  INFO      [ES] LONG price=7596.00  stop=7350.41  target=8294.96  P&L=+0.10%
2026-07-06 14:37:03,022  INFO      [ES] LONG price=7595.00  stop=7350.41  target=8294.96  P&L=+0.08%
2026-07-06 14:39:03,610  INFO      [ES] LONG price=7594.50  stop=7350.41  target=8294.96  P&L=+0.08%
2026-07-06 14:41:04,205  INFO      [ES] LONG price=7595.75  stop=7350.41  target=8294.96  P&L=+0.09%
2026-07-06 14:43:04,752  INFO      [ES] LONG price=7596.50  stop=7350.41  target=8294.96  P&L=+0.10%
2026-07-06 14:45:05,363  INFO      [ES] LONG price=7596.00  stop=7350.41  target=8294.96  P&L=+0.10%
2026-07-06 14:47:05,884  INFO      [ES] LONG price=7595.00  stop=7350.41  target=8294.96  P&L=+0.08%
2026-07-06 14:49:06,502  INFO      [ES] LONG price=7596.25  stop=7350.41  target=8294.96  P&L=+0.10%
2026-07-06 14:51:07,004  INFO      [ES] LONG price=7596.25  stop=7350.41  target=8294.96  P&L=+0.10%
2026-07-06 14:53:07,519  INFO      [ES] LONG price=7596.50  stop=7350.41  target=8294.96  P&L=+0.10%
2026-07-06 14:55:08,131  INFO      [ES] LONG price=7596.50  stop=7350.41  target=8294.96  P&L=+0.10%
2026-07-06 14:57:08,634  INFO      [ES] LONG price=7596.50  stop=7350.41  target=8294.96  P&L=+0.10%
2026-07-06 14:59:09,187  INFO      [ES] LONG price=7594.50  stop=7350.41  target=8294.96  P&L=+0.08%
2026-07-06 15:01:09,735  INFO      [ES] LONG price=7595.00  stop=7350.41  target=8294.96  P&L=+0.08%
2026-07-06 15:03:10,342  INFO      [ES] LONG price=7594.75  stop=7350.41  target=8294.96  P&L=+0.08%
2026-07-06 15:05:10,930  INFO      [ES] LONG price=7596.00  stop=7350.41  target=8294.96  P&L=+0.10%
2026-07-06 15:07:11,599  INFO      [ES] LONG price=7596.25  stop=7350.41  target=8294.96  P&L=+0.10%
2026-07-06 15:09:12,104  INFO      [ES] LONG price=7597.75  stop=7350.41  target=8294.96  P&L=+0.12%
2026-07-06 15:11:12,676  INFO      [ES] LONG price=7596.75  stop=7350.41  target=8294.96  P&L=+0.11%
2026-07-06 15:13:13,149  INFO      [ES] LONG price=7596.75  stop=7350.41  target=8294.96  P&L=+0.11%
2026-07-06 15:15:13,607  INFO      [ES] LONG price=7596.75  stop=7350.41  target=8294.96  P&L=+0.11%
2026-07-06 15:17:14,295  INFO      [ES] LONG price=7596.75  stop=7350.41  target=8294.96  P&L=+0.11%
2026-07-06 15:19:14,815  INFO      [ES] LONG price=7596.75  stop=7350.41  target=8294.96  P&L=+0.11%
2026-07-06 15:21:15,384  INFO      [ES] LONG price=7596.75  stop=7350.41  target=8294.96  P&L=+0.11%
2026-07-06 15:23:15,962  INFO      [ES] LONG price=7596.75  stop=7350.41  target=8294.96  P&L=+0.11%
2026-07-06 15:25:16,565  INFO      [ES] LONG price=7596.75  stop=7350.41  target=8294.96  P&L=+0.11%
2026-07-06 15:27:17,100  INFO      [ES] LONG price=7596.75  stop=7350.41  target=8294.96  P&L=+0.11%
2026-07-06 15:29:17,605  INFO      [ES] LONG price=7596.75  stop=7350.41  target=8294.96  P&L=+0.11%
2026-07-06 15:31:18,140  INFO      [ES] LONG price=7596.75  stop=7350.41  target=8294.96  P&L=+0.11%
2026-07-06 15:33:18,751  INFO      [ES] LONG price=7596.75  stop=7350.41  target=8294.96  P&L=+0.11%
2026-07-06 15:35:19,358  INFO      [ES] LONG price=7596.75  stop=7350.41  target=8294.96  P&L=+0.11%
2026-07-06 15:37:19,971  INFO      [ES] LONG price=7596.75  stop=7350.41  target=8294.96  P&L=+0.11%
2026-07-06 15:39:20,481  INFO      [ES] LONG price=7596.75  stop=7350.41  target=8294.96  P&L=+0.11%
2026-07-06 15:41:21,093  INFO      [ES] LONG price=7596.75  stop=7350.41  target=8294.96  P&L=+0.11%
2026-07-06 15:43:21,673  INFO      [ES] LONG price=7596.75  stop=7350.41  target=8294.96  P&L=+0.11%
2026-07-06 15:45:22,203  INFO      [ES] LONG price=7596.75  stop=7350.41  target=8294.96  P&L=+0.11%
2026-07-06 15:47:22,814  INFO      [ES] LONG price=7596.75  stop=7350.41  target=8294.96  P&L=+0.11%
2026-07-06 15:49:23,526  INFO      [ES] LONG price=7596.75  stop=7350.41  target=8294.96  P&L=+0.11%
2026-07-06 15:51:24,047  INFO      [ES] LONG price=7596.75  stop=7350.41  target=8294.96  P&L=+0.11%
2026-07-06 15:53:24,621  INFO      [ES] LONG price=7596.75  stop=7350.41  target=8294.96  P&L=+0.11%
2026-07-06 15:55:25,217  INFO      [ES] LONG price=7596.75  stop=7350.41  target=8294.96  P&L=+0.11%
2026-07-06 15:57:25,815  INFO      [ES] LONG price=7596.75  stop=7350.41  target=8294.96  P&L=+0.11%
2026-07-06 15:59:26,332  INFO      [ES] LONG price=7596.75  stop=7350.41  target=8294.96  P&L=+0.11%
2026-07-06 16:01:26,914  INFO      [ES] LONG price=7596.75  stop=7350.41  target=8294.96  P&L=+0.11%
2026-07-06 16:03:27,534  INFO      [ES] LONG price=7596.75  stop=7350.41  target=8294.96  P&L=+0.11%
2026-07-06 16:05:28,106  INFO      [ES] LONG price=7596.75  stop=7350.41  target=8294.96  P&L=+0.11%
2026-07-06 16:07:28,725  INFO      [ES] LONG price=7596.75  stop=7350.41  target=8294.96  P&L=+0.11%
2026-07-06 16:09:29,254  INFO      [ES] LONG price=7596.75  stop=7350.41  target=8294.96  P&L=+0.11%
2026-07-06 16:11:29,818  INFO      [ES] LONG price=7598.50  stop=7350.41  target=8294.96  P&L=+0.13%
2026-07-06 16:13:30,337  INFO      [ES] LONG price=7597.50  stop=7350.41  target=8294.96  P&L=+0.12%
2026-07-06 16:15:30,870  INFO      [ES] LONG price=7597.00  stop=7350.41  target=8294.96  P&L=+0.11%
2026-07-06 16:17:31,465  INFO      [ES] LONG price=7596.25  stop=7350.41  target=8294.96  P&L=+0.10%
2026-07-06 16:19:32,131  INFO      [ES] LONG price=7597.00  stop=7350.41  target=8294.96  P&L=+0.11%
2026-07-06 16:21:32,937  INFO      [ES] LONG price=7598.75  stop=7350.41  target=8294.96  P&L=+0.13%
2026-07-06 16:23:33,443  INFO      [ES] LONG price=7599.25  stop=7350.41  target=8294.96  P&L=+0.14%
2026-07-06 16:25:33,987  INFO      [ES] LONG price=7598.75  stop=7350.41  target=8294.96  P&L=+0.13%
2026-07-06 16:27:34,500  INFO      [ES] LONG price=7599.75  stop=7350.41  target=8294.96  P&L=+0.14%
2026-07-06 16:29:35,014  INFO      [ES] LONG price=7600.00  stop=7350.41  target=8294.96  P&L=+0.15%
2026-07-06 16:31:35,615  INFO      [ES] LONG price=7600.00  stop=7350.41  target=8294.96  P&L=+0.15%
2026-07-06 16:33:36,217  INFO      [ES] LONG price=7600.75  stop=7350.41  target=8294.96  P&L=+0.16%
2026-07-06 16:35:36,701  INFO      [ES] LONG price=7599.75  stop=7350.41  target=8294.96  P&L=+0.14%
2026-07-06 16:37:37,282  INFO      [ES] LONG price=7598.50  stop=7350.41  target=8294.96  P&L=+0.13%
2026-07-06 16:39:37,937  INFO      [ES] LONG price=7599.25  stop=7350.41  target=8294.96  P&L=+0.14%
2026-07-06 16:41:38,582  INFO      [ES] LONG price=7599.00  stop=7350.41  target=8294.96  P&L=+0.14%
2026-07-06 16:43:39,173  INFO      [ES] LONG price=7600.00  stop=7350.41  target=8294.96  P&L=+0.15%
2026-07-06 16:45:39,748  INFO      [ES] LONG price=7599.75  stop=7350.41  target=8294.96  P&L=+0.14%
2026-07-06 16:47:40,368  INFO      [ES] LONG price=7599.00  stop=7350.41  target=8294.96  P&L=+0.14%
2026-07-06 16:49:40,971  INFO      [ES] LONG price=7599.25  stop=7350.41  target=8294.96  P&L=+0.14%
2026-07-06 16:51:41,659  INFO      [ES] LONG price=7600.00  stop=7350.41  target=8294.96  P&L=+0.15%
2026-07-06 16:53:42,257  INFO      [ES] LONG price=7598.75  stop=7350.41  target=8294.96  P&L=+0.13%
2026-07-06 16:55:42,749  INFO      [ES] LONG price=7597.25  stop=7350.41  target=8294.96  P&L=+0.11%
2026-07-06 16:57:43,388  INFO      [ES] LONG price=7595.75  stop=7350.41  target=8294.96  P&L=+0.09%
2026-07-06 16:59:43,956  INFO      [ES] LONG price=7596.00  stop=7350.41  target=8294.96  P&L=+0.10%
2026-07-06 17:01:44,551  INFO      [ES] LONG price=7596.00  stop=7350.41  target=8294.96  P&L=+0.10%
2026-07-06 17:03:45,128  INFO      [ES] LONG price=7594.75  stop=7350.41  target=8294.96  P&L=+0.08%
2026-07-06 17:05:45,685  INFO      [ES] LONG price=7594.00  stop=7350.41  target=8294.96  P&L=+0.07%
2026-07-06 17:07:46,302  INFO      [ES] LONG price=7593.50  stop=7350.41  target=8294.96  P&L=+0.06%
2026-07-06 17:09:46,860  INFO      [ES] LONG price=7594.00  stop=7350.41  target=8294.96  P&L=+0.07%
2026-07-06 17:11:47,494  INFO      [ES] LONG price=7596.00  stop=7350.41  target=8294.96  P&L=+0.10%
2026-07-06 17:13:48,252  INFO      [ES] LONG price=7597.00  stop=7350.41  target=8294.96  P&L=+0.11%
2026-07-06 17:15:48,766  INFO      [ES] LONG price=7596.75  stop=7350.41  target=8294.96  P&L=+0.11%
2026-07-06 17:17:49,296  INFO      [ES] LONG price=7597.00  stop=7350.41  target=8294.96  P&L=+0.11%
2026-07-06 17:19:49,764  INFO      [ES] LONG price=7596.25  stop=7350.41  target=8294.96  P&L=+0.10%
2026-07-06 17:21:50,261  INFO      [ES] LONG price=7597.00  stop=7350.41  target=8294.96  P&L=+0.11%
2026-07-06 17:23:51,554  INFO      [ES] LONG price=7596.25  stop=7350.41  target=8294.96  P&L=+0.10%
2026-07-06 17:25:52,127  INFO      [ES] LONG price=7595.50  stop=7350.41  target=8294.96  P&L=+0.09%
2026-07-06 17:27:52,773  INFO      [ES] LONG price=7594.50  stop=7350.41  target=8294.96  P&L=+0.08%
2026-07-06 17:29:53,239  INFO      [ES] LONG price=7592.25  stop=7350.41  target=8294.96  P&L=+0.05%
2026-07-06 17:31:53,747  INFO      [ES] LONG price=7592.25  stop=7350.41  target=8294.96  P&L=+0.05%
2026-07-06 17:33:54,382  INFO      [ES] LONG price=7592.00  stop=7350.41  target=8294.96  P&L=+0.04%
2026-07-06 17:35:55,151  INFO      [ES] LONG price=7592.50  stop=7350.41  target=8294.96  P&L=+0.05%
2026-07-06 17:37:55,717  INFO      [ES] LONG price=7593.50  stop=7350.41  target=8294.96  P&L=+0.06%
2026-07-06 17:39:56,293  INFO      [ES] LONG price=7593.00  stop=7350.41  target=8294.96  P&L=+0.06%
2026-07-06 17:41:56,931  INFO      [ES] LONG price=7593.00  stop=7350.41  target=8294.96  P&L=+0.06%
2026-07-06 17:43:57,430  INFO      [ES] LONG price=7592.00  stop=7350.41  target=8294.96  P&L=+0.04%
2026-07-06 17:45:58,023  INFO      [ES] LONG price=7591.75  stop=7350.41  target=8294.96  P&L=+0.04%
2026-07-06 17:47:58,561  INFO      [ES] LONG price=7592.00  stop=7350.41  target=8294.96  P&L=+0.04%
2026-07-06 17:49:59,129  INFO      [ES] LONG price=7591.50  stop=7350.41  target=8294.96  P&L=+0.04%
2026-07-06 17:51:59,847  INFO      [ES] LONG price=7590.50  stop=7350.41  target=8294.96  P&L=+0.02%
2026-07-06 17:54:00,323  INFO      [ES] LONG price=7591.00  stop=7350.41  target=8294.96  P&L=+0.03%
2026-07-06 17:56:00,977  INFO      [ES] LONG price=7589.00  stop=7350.41  target=8294.96  P&L=+0.00%
2026-07-06 17:58:01,576  INFO      [ES] LONG price=7587.75  stop=7350.41  target=8294.96  P&L=-0.01%
2026-07-06 18:00:02,196  INFO      [ES] LONG price=7587.25  stop=7350.41  target=8294.96  P&L=-0.02%
2026-07-06 18:02:02,783  INFO      [ES] LONG price=7586.00  stop=7350.41  target=8294.96  P&L=-0.04%
2026-07-06 18:04:03,496  INFO      [ES] LONG price=7586.00  stop=7350.41  target=8294.96  P&L=-0.04%
2026-07-06 18:06:04,109  INFO      [ES] LONG price=7585.25  stop=7350.41  target=8294.96  P&L=-0.05%
2026-07-06 18:08:04,845  INFO      [ES] LONG price=7584.75  stop=7350.41  target=8294.96  P&L=-0.05%
2026-07-06 18:10:05,440  INFO      [ES] LONG price=7584.75  stop=7350.41  target=8294.96  P&L=-0.05%
2026-07-06 18:12:06,087  INFO      [ES] LONG price=7587.00  stop=7350.41  target=8294.96  P&L=-0.02%
2026-07-06 18:14:06,728  INFO      [ES] LONG price=7587.50  stop=7350.41  target=8294.96  P&L=-0.02%
2026-07-06 18:16:07,234  INFO      [ES] LONG price=7589.25  stop=7350.41  target=8294.96  P&L=+0.01%
2026-07-06 18:18:07,857  INFO      [ES] LONG price=7589.50  stop=7350.41  target=8294.96  P&L=+0.01%
2026-07-06 18:20:08,508  INFO      [ES] LONG price=7588.75  stop=7350.41  target=8294.96  P&L=+0.00%
2026-07-06 18:22:09,013  INFO      [ES] LONG price=7585.50  stop=7350.41  target=8294.96  P&L=-0.04%
2026-07-06 18:24:09,673  INFO      [ES] LONG price=7586.25  stop=7350.41  target=8294.96  P&L=-0.03%
2026-07-06 18:26:10,270  INFO      [ES] LONG price=7587.25  stop=7350.41  target=8294.96  P&L=-0.02%
2026-07-06 18:28:10,905  INFO      [ES] LONG price=7587.50  stop=7350.41  target=8294.96  P&L=-0.02%
2026-07-06 18:30:11,536  INFO      [ES] LONG price=7590.00  stop=7350.41  target=8294.96  P&L=+0.02%
2026-07-06 18:32:12,038  INFO      [ES] LONG price=7592.50  stop=7350.41  target=8294.96  P&L=+0.05%
2026-07-06 18:34:12,655  INFO      [ES] LONG price=7593.75  stop=7350.41  target=8294.96  P&L=+0.07%
2026-07-06 18:36:13,155  INFO      [ES] LONG price=7594.00  stop=7350.41  target=8294.96  P&L=+0.07%
2026-07-06 18:38:13,803  INFO      [ES] LONG price=7590.50  stop=7350.41  target=8294.96  P&L=+0.02%
2026-07-06 18:40:14,363  INFO      [ES] LONG price=7589.25  stop=7350.41  target=8294.96  P&L=+0.01%
2026-07-06 18:42:14,899  INFO      [ES] LONG price=7590.50  stop=7350.41  target=8294.96  P&L=+0.02%
2026-07-06 18:44:15,497  INFO      [ES] LONG price=7589.25  stop=7350.41  target=8294.96  P&L=+0.01%
2026-07-06 18:46:16,119  INFO      [ES] LONG price=7586.50  stop=7350.41  target=8294.96  P&L=-0.03%
2026-07-06 18:48:16,771  INFO      [ES] LONG price=7583.50  stop=7350.41  target=8294.96  P&L=-0.07%
2026-07-06 18:50:17,394  INFO      [ES] LONG price=7584.75  stop=7350.41  target=8294.96  P&L=-0.05%
2026-07-06 18:52:17,884  INFO      [ES] LONG price=7584.75  stop=7350.41  target=8294.96  P&L=-0.05%
2026-07-06 18:54:18,598  INFO      [ES] LONG price=7587.75  stop=7350.41  target=8294.96  P&L=-0.01%
2026-07-06 18:56:19,130  INFO      [ES] LONG price=7586.50  stop=7350.41  target=8294.96  P&L=-0.03%
2026-07-06 18:58:19,690  INFO      [ES] LONG price=7587.50  stop=7350.41  target=8294.96  P&L=-0.02%
2026-07-06 19:00:20,344  INFO      [ES] LONG price=7587.25  stop=7350.41  target=8294.96  P&L=-0.02%
2026-07-06 19:02:20,950  INFO      [ES] LONG price=7587.75  stop=7350.41  target=8294.96  P&L=-0.01%
2026-07-06 19:04:21,582  INFO      [ES] LONG price=7588.50  stop=7350.41  target=8294.96  P&L=-0.00%
2026-07-06 19:06:22,293  INFO      [ES] LONG price=7588.25  stop=7350.41  target=8294.96  P&L=-0.01%
2026-07-06 19:08:22,851  INFO      [ES] LONG price=7585.50  stop=7350.41  target=8294.96  P&L=-0.04%
2026-07-06 19:10:23,347  INFO      [ES] LONG price=7586.00  stop=7350.41  target=8294.96  P&L=-0.04%
2026-07-06 19:12:23,869  INFO      [ES] LONG price=7584.75  stop=7350.41  target=8294.96  P&L=-0.05%
2026-07-06 19:14:24,372  INFO      [ES] LONG price=7585.00  stop=7350.41  target=8294.96  P&L=-0.05%
2026-07-06 19:16:24,985  INFO      [ES] LONG price=7586.75  stop=7350.41  target=8294.96  P&L=-0.03%
2026-07-06 19:18:25,524  INFO      [ES] LONG price=7586.50  stop=7350.41  target=8294.96  P&L=-0.03%
2026-07-06 19:20:26,363  INFO      [ES] LONG price=7587.25  stop=7350.41  target=8294.96  P&L=-0.02%
2026-07-06 19:22:26,909  INFO      [ES] LONG price=7585.25  stop=7350.41  target=8294.96  P&L=-0.05%
2026-07-06 19:24:27,475  INFO      [ES] LONG price=7585.75  stop=7350.41  target=8294.96  P&L=-0.04%
2026-07-06 19:26:28,026  INFO      [ES] LONG price=7584.25  stop=7350.41  target=8294.96  P&L=-0.06%
2026-07-06 19:28:28,662  INFO      [ES] LONG price=7584.75  stop=7350.41  target=8294.96  P&L=-0.05%
2026-07-06 19:30:29,314  INFO      [ES] LONG price=7584.00  stop=7350.41  target=8294.96  P&L=-0.06%
2026-07-06 19:32:29,945  INFO      [ES] LONG price=7583.00  stop=7350.41  target=8294.96  P&L=-0.08%
2026-07-06 19:34:30,607  INFO      [ES] LONG price=7582.75  stop=7350.41  target=8294.96  P&L=-0.08%
2026-07-06 19:36:31,232  INFO      [ES] LONG price=7582.00  stop=7350.41  target=8294.96  P&L=-0.09%
2026-07-06 19:38:31,737  INFO      [ES] LONG price=7582.00  stop=7350.41  target=8294.96  P&L=-0.09%
2026-07-06 19:40:32,503  INFO      [ES] LONG price=7582.25  stop=7350.41  target=8294.96  P&L=-0.09%
2026-07-06 19:42:33,155  INFO      [ES] LONG price=7579.25  stop=7350.41  target=8294.96  P&L=-0.13%
2026-07-06 19:44:33,825  INFO      [ES] LONG price=7582.75  stop=7350.41  target=8294.96  P&L=-0.08%
2026-07-06 19:46:34,339  INFO      [ES] LONG price=7583.00  stop=7350.41  target=8294.96  P&L=-0.08%
2026-07-06 19:48:34,973  INFO      [ES] LONG price=7584.75  stop=7350.41  target=8294.96  P&L=-0.05%
2026-07-06 19:50:35,571  INFO      [ES] LONG price=7584.50  stop=7350.41  target=8294.96  P&L=-0.06%
2026-07-06 19:52:36,174  INFO      [ES] LONG price=7583.00  stop=7350.41  target=8294.96  P&L=-0.08%
2026-07-06 19:54:36,752  INFO      [ES] LONG price=7586.00  stop=7350.41  target=8294.96  P&L=-0.04%
2026-07-06 19:56:37,434  INFO      [ES] LONG price=7587.00  stop=7350.41  target=8294.96  P&L=-0.02%
2026-07-06 19:58:38,072  INFO      [ES] LONG price=7587.25  stop=7350.41  target=8294.96  P&L=-0.02%
2026-07-06 20:00:38,702  INFO      [ES] LONG price=7587.00  stop=7350.41  target=8294.96  P&L=-0.02%
2026-07-06 20:02:39,263  INFO      [ES] LONG price=7587.00  stop=7350.41  target=8294.96  P&L=-0.02%
2026-07-06 20:04:39,919  INFO      [ES] LONG price=7587.75  stop=7350.41  target=8294.96  P&L=-0.01%
2026-07-06 20:06:40,531  INFO      [ES] LONG price=7586.25  stop=7350.41  target=8294.96  P&L=-0.03%
2026-07-06 20:08:41,219  INFO      [ES] LONG price=7584.00  stop=7350.41  target=8294.96  P&L=-0.06%
2026-07-06 20:10:41,835  INFO      [ES] LONG price=7583.25  stop=7350.41  target=8294.96  P&L=-0.07%
2026-07-06 20:12:42,423  INFO      [ES] LONG price=7584.25  stop=7350.41  target=8294.96  P&L=-0.06%
2026-07-06 20:14:43,134  INFO      [ES] LONG price=7584.75  stop=7350.41  target=8294.96  P&L=-0.05%
2026-07-06 20:16:43,787  INFO      [ES] LONG price=7585.25  stop=7350.41  target=8294.96  P&L=-0.05%
2026-07-06 20:18:44,381  INFO      [ES] LONG price=7586.50  stop=7350.41  target=8294.96  P&L=-0.03%
2026-07-06 20:20:45,179  INFO      [ES] LONG price=7586.00  stop=7350.41  target=8294.96  P&L=-0.04%
2026-07-06 20:22:45,677  INFO      [ES] LONG price=7586.00  stop=7350.41  target=8294.96  P&L=-0.04%
2026-07-06 20:24:46,298  INFO      [ES] LONG price=7586.00  stop=7350.41  target=8294.96  P&L=-0.04%
2026-07-06 20:26:46,896  INFO      [ES] LONG price=7586.75  stop=7350.41  target=8294.96  P&L=-0.03%
2026-07-06 20:28:47,514  INFO      [ES] LONG price=7586.25  stop=7350.41  target=8294.96  P&L=-0.03%
2026-07-06 20:30:48,139  INFO      [ES] LONG price=7585.50  stop=7350.41  target=8294.96  P&L=-0.04%
2026-07-06 20:32:48,750  INFO      [ES] LONG price=7583.25  stop=7350.41  target=8294.96  P&L=-0.07%
2026-07-06 20:34:49,243  INFO      [ES] LONG price=7583.50  stop=7350.41  target=8294.96  P&L=-0.07%
2026-07-06 20:36:49,812  INFO      [ES] LONG price=7583.25  stop=7350.41  target=8294.96  P&L=-0.07%
2026-07-06 20:38:50,495  INFO      [ES] LONG price=7582.75  stop=7350.41  target=8294.96  P&L=-0.08%
2026-07-06 20:40:51,108  INFO      [ES] LONG price=7581.50  stop=7350.41  target=8294.96  P&L=-0.10%
2026-07-06 20:42:51,831  INFO      [ES] LONG price=7580.75  stop=7350.41  target=8294.96  P&L=-0.11%
2026-07-06 20:44:52,413  INFO      [ES] LONG price=7580.00  stop=7350.41  target=8294.96  P&L=-0.12%
2026-07-06 20:46:53,146  INFO      [ES] LONG price=7582.50  stop=7350.41  target=8294.96  P&L=-0.08%
2026-07-06 20:48:53,851  INFO      [ES] LONG price=7580.75  stop=7350.41  target=8294.96  P&L=-0.11%
2026-07-06 20:50:54,573  INFO      [ES] LONG price=7583.00  stop=7350.41  target=8294.96  P&L=-0.08%
2026-07-06 20:52:55,221  INFO      [ES] LONG price=7581.25  stop=7350.41  target=8294.96  P&L=-0.10%
2026-07-06 20:54:55,964  INFO      [ES] LONG price=7582.00  stop=7350.41  target=8294.96  P&L=-0.09%
2026-07-06 20:56:56,506  INFO      [ES] LONG price=7581.50  stop=7350.41  target=8294.96  P&L=-0.10%
2026-07-06 20:58:57,134  INFO      [ES] LONG price=7580.75  stop=7350.41  target=8294.96  P&L=-0.11%
2026-07-06 21:00:57,837  INFO      [ES] LONG price=7580.25  stop=7350.41  target=8294.96  P&L=-0.11%
2026-07-06 21:02:58,439  INFO      [ES] LONG price=7581.25  stop=7350.41  target=8294.96  P&L=-0.10%
2026-07-06 21:04:59,296  INFO      [ES] LONG price=7581.50  stop=7350.41  target=8294.96  P&L=-0.10%
2026-07-06 21:06:59,950  INFO      [ES] LONG price=7581.00  stop=7350.41  target=8294.96  P&L=-0.10%
2026-07-06 21:09:00,502  INFO      [ES] LONG price=7579.25  stop=7350.41  target=8294.96  P&L=-0.13%
2026-07-06 21:11:01,248  INFO      [ES] LONG price=7580.00  stop=7350.41  target=8294.96  P&L=-0.12%
2026-07-06 21:13:01,782  INFO      [ES] LONG price=7581.50  stop=7350.41  target=8294.96  P&L=-0.10%
2026-07-06 21:15:02,395  INFO      [ES] LONG price=7581.75  stop=7350.41  target=8294.96  P&L=-0.09%
2026-07-06 21:17:02,984  INFO      [ES] LONG price=7582.00  stop=7350.41  target=8294.96  P&L=-0.09%
2026-07-06 21:19:03,544  INFO      [ES] LONG price=7583.00  stop=7350.41  target=8294.96  P&L=-0.08%
2026-07-06 21:21:04,195  INFO      [ES] LONG price=7581.75  stop=7350.41  target=8294.96  P&L=-0.09%
2026-07-06 21:23:04,837  INFO      [ES] LONG price=7580.75  stop=7350.41  target=8294.96  P&L=-0.11%
2026-07-06 21:25:05,414  INFO      [ES] LONG price=7579.50  stop=7350.41  target=8294.96  P&L=-0.12%
2026-07-06 21:27:06,036  INFO      [ES] LONG price=7578.50  stop=7350.41  target=8294.96  P&L=-0.14%
2026-07-06 21:29:06,629  INFO      [ES] LONG price=7579.00  stop=7350.41  target=8294.96  P&L=-0.13%
2026-07-06 21:31:07,186  INFO      [ES] LONG price=7578.50  stop=7350.41  target=8294.96  P&L=-0.14%
2026-07-06 21:33:07,752  INFO      [ES] LONG price=7578.75  stop=7350.41  target=8294.96  P&L=-0.13%
2026-07-06 21:35:08,335  INFO      [ES] LONG price=7577.00  stop=7350.41  target=8294.96  P&L=-0.15%
2026-07-06 21:37:08,977  INFO      [ES] LONG price=7577.50  stop=7350.41  target=8294.96  P&L=-0.15%
2026-07-06 21:39:09,595  INFO      [ES] LONG price=7576.50  stop=7350.41  target=8294.96  P&L=-0.16%
2026-07-06 21:41:10,192  INFO      [ES] LONG price=7575.75  stop=7350.41  target=8294.96  P&L=-0.17%
2026-07-06 21:43:10,788  INFO      [ES] LONG price=7576.00  stop=7350.41  target=8294.96  P&L=-0.17%
2026-07-06 21:45:11,369  INFO      [ES] LONG price=7575.75  stop=7350.41  target=8294.96  P&L=-0.17%
2026-07-06 21:47:12,034  INFO      [ES] LONG price=7575.00  stop=7350.41  target=8294.96  P&L=-0.18%
2026-07-06 21:49:12,624  INFO      [ES] LONG price=7576.25  stop=7350.41  target=8294.96  P&L=-0.16%
2026-07-06 21:51:13,167  INFO      [ES] LONG price=7575.25  stop=7350.41  target=8294.96  P&L=-0.18%
2026-07-06 21:53:13,889  INFO      [ES] LONG price=7575.00  stop=7350.41  target=8294.96  P&L=-0.18%
2026-07-06 21:55:14,601  INFO      [ES] LONG price=7573.25  stop=7350.41  target=8294.96  P&L=-0.20%
2026-07-06 21:57:15,162  INFO      [ES] LONG price=7573.25  stop=7350.41  target=8294.96  P&L=-0.20%
2026-07-06 21:59:15,925  INFO      [ES] LONG price=7573.25  stop=7350.41  target=8294.96  P&L=-0.20%
2026-07-06 22:19:22,257  INFO      [ES] LONG price=7574.00  stop=7350.41  target=8294.96  P&L=-0.19%
2026-07-06 22:21:22,725  INFO      [ES] LONG price=7573.50  stop=7350.41  target=8294.96  P&L=-0.20%
2026-07-06 22:23:23,257  INFO      [ES] LONG price=7573.25  stop=7350.41  target=8294.96  P&L=-0.20%
2026-07-06 22:25:23,830  INFO      [ES] LONG price=7572.25  stop=7350.41  target=8294.96  P&L=-0.22%
2026-07-06 22:27:24,381  INFO      [ES] LONG price=7571.00  stop=7350.41  target=8294.96  P&L=-0.23%
2026-07-06 22:29:24,934  INFO      [ES] LONG price=7570.75  stop=7350.41  target=8294.96  P&L=-0.24%
2026-07-06 22:31:25,476  INFO      [ES] LONG price=7570.25  stop=7350.41  target=8294.96  P&L=-0.24%
2026-07-06 22:33:26,082  INFO      [ES] LONG price=7570.25  stop=7350.41  target=8294.96  P&L=-0.24%
2026-07-06 22:35:26,617  INFO      [ES] LONG price=7570.00  stop=7350.41  target=8294.96  P&L=-0.25%
2026-07-06 22:37:27,190  INFO      [ES] LONG price=7570.25  stop=7350.41  target=8294.96  P&L=-0.24%
2026-07-06 22:39:27,785  INFO      [ES] LONG price=7570.75  stop=7350.41  target=8294.96  P&L=-0.24%
2026-07-06 22:41:28,356  INFO      [ES] LONG price=7572.75  stop=7350.41  target=8294.96  P&L=-0.21%
2026-07-06 22:43:28,925  INFO      [ES] LONG price=7571.50  stop=7350.41  target=8294.96  P&L=-0.23%
2026-07-06 22:45:29,898  INFO      [ES] LONG price=7571.00  stop=7350.41  target=8294.96  P&L=-0.23%
2026-07-06 22:47:30,477  INFO      [ES] LONG price=7567.50  stop=7350.41  target=8294.96  P&L=-0.28%
2026-07-06 22:49:30,976  INFO      [ES] LONG price=7569.50  stop=7350.41  target=8294.96  P&L=-0.25%
2026-07-06 22:51:31,489  INFO      [ES] LONG price=7569.75  stop=7350.41  target=8294.96  P&L=-0.25%
2026-07-06 22:53:32,005  INFO      [ES] LONG price=7569.50  stop=7350.41  target=8294.96  P&L=-0.25%
2026-07-06 22:55:32,510  INFO      [ES] LONG price=7569.25  stop=7350.41  target=8294.96  P&L=-0.26%
2026-07-06 22:57:33,068  INFO      [ES] LONG price=7568.25  stop=7350.41  target=8294.96  P&L=-0.27%
2026-07-06 22:59:33,634  INFO      [ES] LONG price=7568.25  stop=7350.41  target=8294.96  P&L=-0.27%
2026-07-06 23:01:34,207  INFO      [ES] LONG price=7568.75  stop=7350.41  target=8294.96  P&L=-0.26%
2026-07-06 23:03:34,927  INFO      [ES] LONG price=7568.50  stop=7350.41  target=8294.96  P&L=-0.27%
2026-07-06 23:05:35,527  INFO      [ES] LONG price=7567.50  stop=7350.41  target=8294.96  P&L=-0.28%
2026-07-06 23:07:36,015  INFO      [ES] LONG price=7567.00  stop=7350.41  target=8294.96  P&L=-0.29%
2026-07-06 23:09:36,465  INFO      [ES] LONG price=7568.50  stop=7350.41  target=8294.96  P&L=-0.27%
2026-07-06 23:11:37,014  INFO      [ES] LONG price=7567.25  stop=7350.41  target=8294.96  P&L=-0.28%
2026-07-06 23:13:37,557  INFO      [ES] LONG price=7567.75  stop=7350.41  target=8294.96  P&L=-0.28%
2026-07-06 23:15:38,087  INFO      [ES] LONG price=7566.75  stop=7350.41  target=8294.96  P&L=-0.29%
2026-07-06 23:17:38,581  INFO      [ES] LONG price=7566.50  stop=7350.41  target=8294.96  P&L=-0.29%
2026-07-06 23:19:39,097  INFO      [ES] LONG price=7565.00  stop=7350.41  target=8294.96  P&L=-0.31%
2026-07-06 23:21:39,913  INFO      [ES] LONG price=7565.25  stop=7350.41  target=8294.96  P&L=-0.31%
2026-07-06 23:23:40,465  INFO      [ES] LONG price=7565.75  stop=7350.41  target=8294.96  P&L=-0.30%
2026-07-06 23:25:40,944  INFO      [ES] LONG price=7565.25  stop=7350.41  target=8294.96  P&L=-0.31%
2026-07-06 23:27:41,502  INFO      [ES] LONG price=7565.75  stop=7350.41  target=8294.96  P&L=-0.30%
2026-07-06 23:29:42,061  INFO      [ES] LONG price=7564.75  stop=7350.41  target=8294.96  P&L=-0.32%
2026-07-06 23:31:42,581  INFO      [ES] LONG price=7564.50  stop=7350.41  target=8294.96  P&L=-0.32%
2026-07-06 23:33:43,115  INFO      [ES] LONG price=7566.00  stop=7350.41  target=8294.96  P&L=-0.30%
2026-07-06 23:35:43,627  INFO      [ES] LONG price=7563.50  stop=7350.41  target=8294.96  P&L=-0.33%
2026-07-06 23:37:44,127  INFO      [ES] LONG price=7564.00  stop=7350.41  target=8294.96  P&L=-0.33%
2026-07-06 23:39:44,741  INFO      [ES] LONG price=7565.25  stop=7350.41  target=8294.96  P&L=-0.31%
2026-07-06 23:41:45,291  INFO      [ES] LONG price=7568.25  stop=7350.41  target=8294.96  P&L=-0.27%
2026-07-06 23:43:45,708  INFO      [ES] LONG price=7569.00  stop=7350.41  target=8294.96  P&L=-0.26%
2026-07-06 23:45:46,215  INFO      [ES] LONG price=7569.50  stop=7350.41  target=8294.96  P&L=-0.25%
2026-07-06 23:47:46,696  INFO      [ES] LONG price=7571.00  stop=7350.41  target=8294.96  P&L=-0.23%
2026-07-06 23:49:47,409  INFO      [ES] LONG price=7570.25  stop=7350.41  target=8294.96  P&L=-0.24%
2026-07-06 23:51:47,907  INFO      [ES] LONG price=7572.00  stop=7350.41  target=8294.96  P&L=-0.22%
2026-07-06 23:53:48,438  INFO      [ES] LONG price=7571.25  stop=7350.41  target=8294.96  P&L=-0.23%
2026-07-06 23:55:48,946  INFO      [ES] LONG price=7571.00  stop=7350.41  target=8294.96  P&L=-0.23%
2026-07-06 23:57:49,455  INFO      [ES] LONG price=7570.25  stop=7350.41  target=8294.96  P&L=-0.24%
2026-07-06 23:59:49,949  INFO      [ES] LONG price=7569.00  stop=7350.41  target=8294.96  P&L=-0.26%
2026-07-07 00:01:50,494  INFO      [ES] LONG price=7571.00  stop=7350.41  target=8294.96  P&L=-0.23%
2026-07-07 00:03:51,002  INFO      [ES] LONG price=7570.50  stop=7350.41  target=8294.96  P&L=-0.24%
2026-07-07 00:05:51,567  INFO      [ES] LONG price=7574.00  stop=7350.41  target=8294.96  P&L=-0.19%
2026-07-07 00:07:52,129  INFO      [ES] LONG price=7574.25  stop=7350.41  target=8294.96  P&L=-0.19%
2026-07-07 00:09:52,578  INFO      [ES] LONG price=7573.25  stop=7350.41  target=8294.96  P&L=-0.20%
2026-07-07 00:11:53,075  INFO      [ES] LONG price=7574.00  stop=7350.41  target=8294.96  P&L=-0.19%
2026-07-07 00:13:53,589  INFO      [ES] LONG price=7573.25  stop=7350.41  target=8294.96  P&L=-0.20%
2026-07-07 00:15:54,109  INFO      [ES] LONG price=7571.25  stop=7350.41  target=8294.96  P&L=-0.23%
2026-07-07 00:17:54,638  INFO      [ES] LONG price=7570.75  stop=7350.41  target=8294.96  P&L=-0.24%
2026-07-07 00:19:55,169  INFO      [ES] LONG price=7569.75  stop=7350.41  target=8294.96  P&L=-0.25%
2026-07-07 00:21:55,592  INFO      [ES] LONG price=7568.00  stop=7350.41  target=8294.96  P&L=-0.27%
2026-07-07 00:23:56,065  INFO      [ES] LONG price=7567.75  stop=7350.41  target=8294.96  P&L=-0.28%
2026-07-07 00:25:56,551  INFO      [ES] LONG price=7569.25  stop=7350.41  target=8294.96  P&L=-0.26%
2026-07-07 00:27:57,130  INFO      [ES] LONG price=7569.25  stop=7350.41  target=8294.96  P&L=-0.26%
2026-07-07 00:29:57,919  INFO      [ES] LONG price=7568.00  stop=7350.41  target=8294.96  P&L=-0.27%
2026-07-07 00:31:58,491  INFO      [ES] LONG price=7570.25  stop=7350.41  target=8294.96  P&L=-0.24%
2026-07-07 00:33:59,045  INFO      [ES] LONG price=7571.25  stop=7350.41  target=8294.96  P&L=-0.23%
