2026-07-06 10:33:44,388  INFO      [FUTURES BOT] Starting: ETH/USD (Ethereum Futures)
2026-07-06 10:33:44,388  INFO        Mode       : PAPER
2026-07-06 10:33:44,388  INFO        Max leverage: 10.0x
2026-07-06 10:33:44,388  INFO        Trading hours: 24/7
2026-07-06 10:33:44,390  INFO        Evolved leverage: 4.1x
2026-07-06 10:33:44,390  INFO        Stop width: 1.3%
2026-07-06 10:33:44,391  INFO      [ETH/USD] Bot running — checking every 10 minutes
2026-07-06 10:33:44,391  INFO      [ETH/USD] ── Signal check 10:33 ──
2026-07-06 10:33:44,771  INFO      [ETH/USD] Signal: FLAT  |  Confidence: 0.375  |  Leverage: 1.00x
2026-07-06 10:33:45,215  INFO      [ETH/USD] Portfolio=$100,334.03  Price=$1796.12  Position=None
2026-07-06 10:33:45,215  INFO      [ETH/USD] FLAT signal — no trade
2026-07-06 10:33:45,215  INFO      [ETH/USD] Signal complete. Sleeping 600s...
2026-07-06 10:43:45,215  INFO      [ETH/USD] ── Signal check 10:43 ──
2026-07-06 10:43:45,448  INFO      [ETH/USD] Signal: FLAT  |  Confidence: 0.375  |  Leverage: 1.00x
2026-07-06 10:43:45,895  INFO      [ETH/USD] Portfolio=$100,344.10  Price=$1792.66  Position=None
2026-07-06 10:43:45,896  INFO      [ETH/USD] FLAT signal — no trade
2026-07-06 10:43:45,897  INFO      [ETH/USD] Signal complete. Sleeping 600s...
2026-07-06 10:53:45,897  INFO      [ETH/USD] ── Signal check 10:53 ──
2026-07-06 10:53:46,116  INFO      [ETH/USD] Signal: FLAT  |  Confidence: 0.375  |  Leverage: 1.00x
2026-07-06 10:53:46,547  INFO      [ETH/USD] Portfolio=$100,392.33  Price=$1792.65  Position=None
2026-07-06 10:53:46,547  INFO      [ETH/USD] FLAT signal — no trade
2026-07-06 10:53:46,547  INFO      [ETH/USD] Signal complete. Sleeping 600s...
2026-07-06 11:03:46,548  INFO      [ETH/USD] ── Signal check 11:03 ──
2026-07-06 11:03:46,754  INFO      [ETH/USD] Signal: FLAT  |  Confidence: 0.375  |  Leverage: 1.00x
2026-07-06 11:03:47,191  INFO      [ETH/USD] Portfolio=$100,347.24  Price=$1792.00  Position=None
2026-07-06 11:03:47,191  INFO      [ETH/USD] FLAT signal — no trade
2026-07-06 11:03:47,191  INFO      [ETH/USD] Signal complete. Sleeping 600s...
2026-07-06 11:13:47,192  INFO      [ETH/USD] ── Signal check 11:13 ──
2026-07-06 11:13:47,469  INFO      [ETH/USD] Signal: FLAT  |  Confidence: 0.375  |  Leverage: 1.00x
2026-07-06 11:13:47,903  INFO      [ETH/USD] Portfolio=$100,364.20  Price=$1792.80  Position=None
2026-07-06 11:13:47,903  INFO      [ETH/USD] FLAT signal — no trade
2026-07-06 11:13:47,904  INFO      [ETH/USD] Signal complete. Sleeping 600s...
2026-07-06 11:18:07,240  INFO      [ETH/USD] Futures bot stopped by user
