2026-07-02 19:49:44,696  INFO      [META] Process started  PID=20616
2026-07-02 19:49:45,893  INFO      [META] Config loaded — max alloc 28%  stop 2.5%
2026-07-02 19:49:45,893  INFO      [BOT] Alpaca GA Trading Bot starting up
2026-07-02 19:49:45,893  INFO         Mode    : PAPER
2026-07-02 19:49:45,893  INFO         Ticker  : META
2026-07-02 19:49:45,893  INFO         Chromosome : META_best_chromosome.csv
2026-07-02 19:49:45,895  INFO      Alpaca clients initialised  [[PAPER] PAPER MODE]
2026-07-02 19:49:45,905  INFO      Chromosome loaded from META_best_chromosome.csv  (24 genes)
2026-07-02 19:49:46,106  INFO      Market closed. Next open in 60 min. Sleeping...
2026-07-02 20:49:46,405  INFO      Market closed. Next open in 60 min. Sleeping...
2026-07-02 21:50:01,710  INFO      Market closed. Next open in 60 min. Sleeping...
2026-07-02 22:50:01,931  INFO      Market closed. Next open in 60 min. Sleeping...
2026-07-02 23:40:27,500  INFO      [META] Process started  PID=21636
2026-07-02 23:40:29,330  INFO      [META] Config loaded — max alloc 28%  stop 2.5%
2026-07-02 23:40:29,330  INFO      [BOT] Alpaca GA Trading Bot starting up
2026-07-02 23:40:29,331  INFO         Mode    : PAPER
2026-07-02 23:40:29,331  INFO         Ticker  : META
2026-07-02 23:40:29,331  INFO         Chromosome : META_best_chromosome.csv
2026-07-02 23:40:29,334  INFO      Alpaca clients initialised  [[PAPER] PAPER MODE]
2026-07-02 23:40:29,345  INFO      Chromosome loaded from META_best_chromosome.csv  (24 genes)
2026-07-02 23:40:29,646  INFO      Market closed. Next open in 60 min. Sleeping...
2026-07-03 00:00:14,537  INFO      [META] Process started  PID=21596
2026-07-03 00:00:15,709  INFO      [META] Config loaded — max alloc 28%  stop 2.5%
2026-07-03 00:00:15,709  INFO      [BOT] Alpaca GA Trading Bot starting up
2026-07-03 00:00:15,709  INFO         Mode    : PAPER
2026-07-03 00:00:15,709  INFO         Ticker  : META
2026-07-03 00:00:15,709  INFO         Chromosome : META_best_chromosome.csv
2026-07-03 00:00:15,711  INFO      Alpaca clients initialised  [[PAPER] PAPER MODE]
2026-07-03 00:00:15,713  INFO      Chromosome loaded from META_best_chromosome.csv  (24 genes)
2026-07-03 00:00:15,931  INFO      Market closed. Next open in 60 min. Sleeping...
2026-07-03 00:12:28,965  INFO      Bot stopped by user (KeyboardInterrupt)
2026-07-03 00:12:28,968  INFO      [META] Process exiting
2026-07-03 00:13:04,952  INFO      [META] Process started  PID=12216
2026-07-03 00:13:06,104  INFO      [META] Config loaded — max alloc 28%  stop 2.5%
2026-07-03 00:13:06,105  INFO      [BOT] Alpaca GA Trading Bot starting up
2026-07-03 00:13:06,105  INFO         Mode    : PAPER
2026-07-03 00:13:06,105  INFO         Ticker  : META
2026-07-03 00:13:06,105  INFO         Chromosome : META_best_chromosome.csv
2026-07-03 00:13:06,107  INFO      Alpaca clients initialised  [[PAPER] PAPER MODE]
2026-07-03 00:13:06,108  INFO      Chromosome loaded from META_best_chromosome.csv  (24 genes)
2026-07-03 00:13:06,372  INFO      Market closed. Next open in 60 min. Sleeping...
2026-07-03 01:17:16,442  INFO      Market closed. Next open in 60 min. Sleeping...
2026-07-03 02:17:16,670  INFO      Market closed. Next open in 60 min. Sleeping...
2026-07-03 03:17:16,864  INFO      Market closed. Next open in 60 min. Sleeping...
2026-07-03 04:17:17,168  INFO      Market closed. Next open in 60 min. Sleeping...
2026-07-03 05:17:18,921  INFO      Market closed. Next open in 60 min. Sleeping...
2026-07-03 06:17:19,144  INFO      Market closed. Next open in 60 min. Sleeping...
2026-07-03 07:17:19,344  INFO      Market closed. Next open in 60 min. Sleeping...
2026-07-03 08:17:19,549  INFO      Market closed. Next open in 60 min. Sleeping...
2026-07-03 09:17:19,757  INFO      Market closed. Next open in 60 min. Sleeping...
2026-07-03 10:17:19,956  INFO      Market closed. Next open in 60 min. Sleeping...
2026-07-03 11:17:20,153  INFO      Market closed. Next open in 60 min. Sleeping...
2026-07-03 12:17:20,361  INFO      Market closed. Next open in 60 min. Sleeping...
2026-07-03 12:25:46,547  INFO      [META] Process started  PID=28968
2026-07-03 12:25:47,677  INFO      [META] Config loaded — max alloc 28%  stop 2.5%
2026-07-03 12:25:47,677  INFO      [BOT] Alpaca GA Trading Bot starting up
2026-07-03 12:25:47,677  INFO         Mode    : PAPER
2026-07-03 12:25:47,677  INFO         Ticker  : META
2026-07-03 12:25:47,677  INFO         Chromosome : META_best_chromosome.csv
2026-07-03 12:25:47,680  INFO      Alpaca clients initialised  [[PAPER] PAPER MODE]
2026-07-03 12:25:47,688  INFO      Chromosome loaded from META_best_chromosome.csv  (24 genes)
2026-07-03 12:25:47,885  INFO      Market closed. Next open in 60 min. Sleeping...
2026-07-03 13:25:48,103  INFO      Market closed. Next open in 60 min. Sleeping...
2026-07-03 14:25:48,302  INFO      Market closed. Next open in 60 min. Sleeping...
2026-07-03 15:25:48,516  INFO      Market closed. Next open in 60 min. Sleeping...
2026-07-03 16:25:48,715  INFO      Market closed. Next open in 60 min. Sleeping...
2026-07-03 17:25:48,926  INFO      Market closed. Next open in 60 min. Sleeping...
2026-07-03 17:56:47,561  INFO      [META] Process started  PID=29176
2026-07-03 17:56:48,735  INFO      [META] Config loaded — max alloc 28%  stop 2.5%
2026-07-03 17:56:48,736  INFO      [BOT] Alpaca GA Trading Bot starting up
2026-07-03 17:56:48,736  INFO         Mode    : PAPER
2026-07-03 17:56:48,736  INFO         Ticker  : META
2026-07-03 17:56:48,736  INFO         Chromosome : META_best_chromosome.csv
2026-07-03 17:56:48,738  INFO      Alpaca clients initialised  [[PAPER] PAPER MODE]
2026-07-03 17:56:48,744  INFO      Chromosome loaded from META_best_chromosome.csv  (24 genes)
2026-07-03 17:56:48,941  INFO      Market closed. Next open in 60 min. Sleeping...
2026-07-04 17:35:31,604  INFO      [META] Process started  PID=40168
2026-07-04 17:35:32,810  INFO      [META] Config loaded — max alloc 28%  stop 2.5%
2026-07-04 17:35:32,811  INFO      [BOT] Alpaca GA Trading Bot starting up
2026-07-04 17:35:32,811  INFO         Mode    : PAPER
2026-07-04 17:35:32,811  INFO         Ticker  : META
2026-07-04 17:35:32,811  INFO         Chromosome : META_best_chromosome.csv
2026-07-04 17:35:32,813  INFO      Alpaca clients initialised  [[PAPER] PAPER MODE]
2026-07-04 17:35:32,821  INFO      Chromosome loaded from META_best_chromosome.csv  (24 genes)
2026-07-04 17:35:33,017  INFO      Market closed. Next open in 60 min. Sleeping...
2026-07-04 17:49:37,313  INFO      Bot stopped by user (KeyboardInterrupt)
2026-07-04 17:49:37,316  INFO      [META] Process exiting
2026-07-04 17:49:55,565  INFO      [META] Process started  PID=39968
2026-07-04 17:49:56,728  INFO      [META] Config loaded — max alloc 28%  stop 2.5%
2026-07-04 17:49:56,729  INFO      [BOT] Alpaca GA Trading Bot starting up
2026-07-04 17:49:56,729  INFO         Mode    : PAPER
2026-07-04 17:49:56,729  INFO         Ticker  : META
2026-07-04 17:49:56,729  INFO         Chromosome : META_best_chromosome.csv
2026-07-04 17:49:56,730  INFO      Alpaca clients initialised  [[PAPER] PAPER MODE]
2026-07-04 17:49:56,732  INFO      Chromosome loaded from META_best_chromosome.csv  (24 genes)
2026-07-04 17:49:56,917  INFO      Market closed. Next open in 60 min. Sleeping...
2026-07-04 18:49:57,105  INFO      Market closed. Next open in 60 min. Sleeping...
2026-07-04 19:49:57,303  INFO      Market closed. Next open in 60 min. Sleeping...
2026-07-04 20:49:57,501  INFO      Market closed. Next open in 60 min. Sleeping...
2026-07-04 21:49:57,698  INFO      Market closed. Next open in 60 min. Sleeping...
2026-07-04 22:50:00,580  INFO      Market closed. Next open in 60 min. Sleeping...
2026-07-04 23:50:00,774  INFO      Market closed. Next open in 60 min. Sleeping...
2026-07-05 00:50:00,967  INFO      Market closed. Next open in 60 min. Sleeping...
2026-07-05 01:50:01,163  INFO      Market closed. Next open in 60 min. Sleeping...
2026-07-05 02:50:01,352  INFO      Market closed. Next open in 60 min. Sleeping...
2026-07-05 03:50:01,542  INFO      Market closed. Next open in 60 min. Sleeping...
2026-07-05 04:50:01,743  INFO      Market closed. Next open in 60 min. Sleeping...
2026-07-05 05:50:01,948  INFO      Market closed. Next open in 60 min. Sleeping...
2026-07-05 06:50:02,161  INFO      Market closed. Next open in 60 min. Sleeping...
2026-07-05 07:50:02,361  INFO      Market closed. Next open in 60 min. Sleeping...
2026-07-05 08:50:02,553  INFO      Market closed. Next open in 60 min. Sleeping...
2026-07-05 09:50:02,741  INFO      Market closed. Next open in 60 min. Sleeping...
2026-07-05 10:50:02,933  INFO      Market closed. Next open in 60 min. Sleeping...
2026-07-05 11:50:03,127  INFO      Market closed. Next open in 60 min. Sleeping...
2026-07-05 12:50:03,316  INFO      Market closed. Next open in 60 min. Sleeping...
2026-07-05 13:50:03,518  INFO      Market closed. Next open in 60 min. Sleeping...
2026-07-05 14:50:03,720  INFO      Market closed. Next open in 60 min. Sleeping...
2026-07-05 15:50:03,910  INFO      Market closed. Next open in 60 min. Sleeping...
2026-07-05 16:50:04,166  INFO      Market closed. Next open in 60 min. Sleeping...
2026-07-05 17:14:41,993  INFO      [META] Process started  PID=50828
2026-07-05 17:14:43,165  INFO      [META] Config loaded — max alloc 28%  stop 2.5%
2026-07-05 17:14:43,165  INFO      [BOT] Alpaca GA Trading Bot starting up
2026-07-05 17:14:43,165  INFO         Mode    : PAPER
2026-07-05 17:14:43,165  INFO         Ticker  : META
2026-07-05 17:14:43,165  INFO         Chromosome : META_best_chromosome.csv
2026-07-05 17:14:43,167  INFO      Alpaca clients initialised  [[PAPER] PAPER MODE]
2026-07-05 17:14:43,175  INFO      Chromosome loaded from META_best_chromosome.csv  (24 genes)
2026-07-05 17:14:43,426  INFO      Market closed. Next open in 60 min. Sleeping...
2026-07-05 17:17:25,021  INFO      Bot stopped by user (KeyboardInterrupt)
2026-07-05 17:17:25,025  INFO      [META] Process exiting
2026-07-05 17:19:05,099  INFO      [META] Process started  PID=38832
2026-07-05 17:19:06,302  INFO      [META] Config loaded — max alloc 28%  stop 2.5%
2026-07-05 17:19:06,302  INFO      [BOT] Alpaca GA Trading Bot starting up
2026-07-05 17:19:06,302  INFO         Mode    : PAPER
2026-07-05 17:19:06,302  INFO         Ticker  : META
2026-07-05 17:19:06,302  INFO         Chromosome : META_best_chromosome.csv
2026-07-05 17:19:06,304  INFO      Alpaca clients initialised  [[PAPER] PAPER MODE]
2026-07-05 17:19:06,306  INFO      Chromosome loaded from META_best_chromosome.csv  (24 genes)
2026-07-05 17:19:06,538  INFO      Market closed. Next open in 60 min. Sleeping...
2026-07-05 18:19:06,729  INFO      Market closed. Next open in 60 min. Sleeping...
2026-07-05 18:26:43,844  INFO      [META] Process started  PID=32472
2026-07-05 18:26:45,016  INFO      [META] Config loaded — max alloc 28%  stop 2.5%
2026-07-05 18:26:45,016  INFO      [BOT] Alpaca GA Trading Bot starting up
2026-07-05 18:26:45,016  INFO         Mode    : PAPER
2026-07-05 18:26:45,016  INFO         Ticker  : META
2026-07-05 18:26:45,016  INFO         Chromosome : META_best_chromosome.csv
2026-07-05 18:26:45,018  INFO      Alpaca clients initialised  [[PAPER] PAPER MODE]
2026-07-05 18:26:45,020  INFO      Chromosome loaded from META_best_chromosome.csv  (24 genes)
2026-07-05 18:26:45,204  INFO      Market closed. Next open in 60 min. Sleeping...
2026-07-05 18:35:32,100  INFO      [META] Process started  PID=29520
2026-07-05 18:35:33,230  INFO      [META] Config loaded — max alloc 28%  stop 2.5%
2026-07-05 18:35:33,230  INFO      [BOT] Alpaca GA Trading Bot starting up
2026-07-05 18:35:33,230  INFO         Mode    : PAPER
2026-07-05 18:35:33,230  INFO         Ticker  : META
2026-07-05 18:35:33,230  INFO         Chromosome : META_best_chromosome.csv
2026-07-05 18:35:33,232  INFO      Alpaca clients initialised  [[PAPER] PAPER MODE]
2026-07-05 18:35:33,234  INFO      Chromosome loaded from META_best_chromosome.csv  (24 genes)
2026-07-05 18:35:33,431  INFO      Market closed. Next open in 60 min. Sleeping...
2026-07-05 19:35:33,639  INFO      Market closed. Next open in 60 min. Sleeping...
2026-07-05 20:35:33,827  INFO      Market closed. Next open in 60 min. Sleeping...
2026-07-05 21:35:34,164  INFO      Market closed. Next open in 60 min. Sleeping...
2026-07-05 22:35:34,362  INFO      Market closed. Next open in 60 min. Sleeping...
2026-07-05 23:35:34,564  INFO      Market closed. Next open in 60 min. Sleeping...
2026-07-05 23:46:37,596  INFO      [META] Process started  PID=27636
2026-07-05 23:46:38,755  INFO      [META] Config loaded — max alloc 28%  stop 2.5%
2026-07-05 23:46:38,755  INFO      [BOT] Alpaca GA Trading Bot starting up
2026-07-05 23:46:38,755  INFO         Mode    : PAPER
2026-07-05 23:46:38,755  INFO         Ticker  : META
2026-07-05 23:46:38,755  INFO         Chromosome : META_best_chromosome.csv
2026-07-05 23:46:38,757  INFO      Alpaca clients initialised  [[PAPER] PAPER MODE]
2026-07-05 23:46:38,765  INFO      Chromosome loaded from META_best_chromosome.csv  (24 genes)
2026-07-05 23:46:38,956  INFO      Market closed. Next open in 60 min. Sleeping...
2026-07-06 00:46:39,166  INFO      Market closed. Next open in 60 min. Sleeping...
2026-07-06 01:46:39,357  INFO      Market closed. Next open in 60 min. Sleeping...
2026-07-06 02:46:39,547  INFO      Market closed. Next open in 60 min. Sleeping...
2026-07-06 03:46:39,733  INFO      Market closed. Next open in 60 min. Sleeping...
2026-07-06 04:46:41,085  INFO      Market closed. Next open in 60 min. Sleeping...
2026-07-06 05:46:41,270  INFO      Market closed. Next open in 60 min. Sleeping...
2026-07-06 06:46:41,454  INFO      Market closed. Next open in 43 min. Sleeping...
2026-07-06 07:30:05,646  INFO      Market open — waiting 300s before first signal...
2026-07-06 07:35:05,646  INFO      =======================================================
2026-07-06 07:35:05,646  INFO      Daily signal run  [2026-07-06 07:35]
2026-07-06 07:35:05,646  INFO      =======================================================
2026-07-06 07:35:07,556  INFO      Fetched 70 bars for META  (2026-03-25 → 2026-07-06)
2026-07-06 07:35:07,915  INFO      Signal: SELL/HOLD  |  Confidence: 0.128
2026-07-06 07:35:08,208  INFO      Portfolio value : $100,408.78
2026-07-06 07:35:08,208  INFO      Current price   : $591.71
2026-07-06 07:35:08,208  INFO      Open position   : None
2026-07-06 07:35:08,208  INFO      Confidence 0.128 below threshold 0.33 — skipping trade
2026-07-06 07:35:08,208  INFO      Signal check complete. Sleeping 5 minutes until next check.
2026-07-06 07:40:08,409  INFO      Market open — waiting 300s before first signal...
2026-07-06 07:45:08,412  INFO      =======================================================
2026-07-06 07:45:08,413  INFO      Daily signal run  [2026-07-06 07:45]
2026-07-06 07:45:08,413  INFO      =======================================================
2026-07-06 07:45:08,819  INFO      Fetched 70 bars for META  (2026-03-25 → 2026-07-06)
2026-07-06 07:45:09,001  INFO      Signal: SELL/HOLD  |  Confidence: 0.128
2026-07-06 07:45:09,139  INFO      Portfolio value : $100,411.37
2026-07-06 07:45:09,139  INFO      Current price   : $587.53
2026-07-06 07:45:09,139  INFO      Open position   : None
2026-07-06 07:45:09,139  INFO      Confidence 0.128 below threshold 0.33 — skipping trade
2026-07-06 07:45:09,139  INFO      Signal check complete. Sleeping 5 minutes until next check.
2026-07-06 07:50:09,451  INFO      Market open — waiting 300s before first signal...
2026-07-06 07:55:09,451  INFO      =======================================================
2026-07-06 07:55:09,452  INFO      Daily signal run  [2026-07-06 07:55]
2026-07-06 07:55:09,452  INFO      =======================================================
2026-07-06 07:55:09,922  INFO      Fetched 70 bars for META  (2026-03-25 → 2026-07-06)
2026-07-06 07:55:10,132  INFO      Signal: SELL/HOLD  |  Confidence: 0.128
2026-07-06 07:55:10,318  INFO      Portfolio value : $100,375.08
2026-07-06 07:55:10,326  INFO      Current price   : $585.96
2026-07-06 07:55:10,327  INFO      Open position   : None
2026-07-06 07:55:10,327  INFO      Confidence 0.128 below threshold 0.33 — skipping trade
2026-07-06 07:55:10,327  INFO      Signal check complete. Sleeping 5 minutes until next check.
2026-07-06 08:00:10,945  INFO      Market open — waiting 300s before first signal...
2026-07-06 08:05:10,945  INFO      =======================================================
2026-07-06 08:05:10,946  INFO      Daily signal run  [2026-07-06 08:05]
2026-07-06 08:05:10,946  INFO      =======================================================
2026-07-06 08:05:11,291  INFO      Fetched 70 bars for META  (2026-03-25 → 2026-07-06)
2026-07-06 08:05:11,494  INFO      Signal: SELL/HOLD  |  Confidence: 0.128
2026-07-06 08:05:11,623  INFO      Portfolio value : $100,307.62
2026-07-06 08:05:11,624  INFO      Current price   : $585.41
2026-07-06 08:05:11,624  INFO      Open position   : None
2026-07-06 08:05:11,624  INFO      Confidence 0.128 below threshold 0.33 — skipping trade
2026-07-06 08:05:11,624  INFO      Signal check complete. Sleeping 5 minutes until next check.
2026-07-06 08:10:11,833  INFO      Market open — waiting 300s before first signal...
2026-07-06 08:15:11,833  INFO      =======================================================
2026-07-06 08:15:11,834  INFO      Daily signal run  [2026-07-06 08:15]
2026-07-06 08:15:11,834  INFO      =======================================================
2026-07-06 08:15:12,188  INFO      Fetched 70 bars for META  (2026-03-25 → 2026-07-06)
2026-07-06 08:15:12,350  INFO      Signal: SELL/HOLD  |  Confidence: 0.128
2026-07-06 08:15:12,475  INFO      Portfolio value : $100,378.79
2026-07-06 08:15:12,475  INFO      Current price   : $587.18
2026-07-06 08:15:12,476  INFO      Open position   : None
2026-07-06 08:15:12,476  INFO      Confidence 0.128 below threshold 0.33 — skipping trade
2026-07-06 08:15:12,476  INFO      Signal check complete. Sleeping 5 minutes until next check.
2026-07-06 08:20:12,663  INFO      Market open — waiting 300s before first signal...
2026-07-06 08:25:12,664  INFO      =======================================================
2026-07-06 08:25:12,665  INFO      Daily signal run  [2026-07-06 08:25]
2026-07-06 08:25:12,665  INFO      =======================================================
2026-07-06 08:25:13,017  INFO      Fetched 70 bars for META  (2026-03-25 → 2026-07-06)
2026-07-06 08:25:13,201  INFO      Signal: SELL/HOLD  |  Confidence: 0.128
2026-07-06 08:25:13,320  INFO      Portfolio value : $100,385.49
2026-07-06 08:25:13,320  INFO      Current price   : $587.06
2026-07-06 08:25:13,320  INFO      Open position   : None
2026-07-06 08:25:13,320  INFO      Confidence 0.128 below threshold 0.33 — skipping trade
2026-07-06 08:25:13,320  INFO      Signal check complete. Sleeping 5 minutes until next check.
2026-07-06 08:30:13,604  INFO      Market open — waiting 300s before first signal...
2026-07-06 08:35:13,605  INFO      =======================================================
2026-07-06 08:35:13,605  INFO      Daily signal run  [2026-07-06 08:35]
2026-07-06 08:35:13,605  INFO      =======================================================
2026-07-06 08:35:13,953  INFO      Fetched 70 bars for META  (2026-03-25 → 2026-07-06)
2026-07-06 08:35:14,124  INFO      Signal: SELL/HOLD  |  Confidence: 0.128
2026-07-06 08:35:14,250  INFO      Portfolio value : $100,400.75
2026-07-06 08:35:14,250  INFO      Current price   : $587.52
2026-07-06 08:35:14,250  INFO      Open position   : None
2026-07-06 08:35:14,250  INFO      Confidence 0.128 below threshold 0.33 — skipping trade
2026-07-06 08:35:14,250  INFO      Signal check complete. Sleeping 5 minutes until next check.
2026-07-06 08:40:14,456  INFO      Market open — waiting 300s before first signal...
2026-07-06 08:45:14,457  INFO      =======================================================
2026-07-06 08:45:14,457  INFO      Daily signal run  [2026-07-06 08:45]
2026-07-06 08:45:14,458  INFO      =======================================================
2026-07-06 08:45:14,806  INFO      Fetched 70 bars for META  (2026-03-25 → 2026-07-06)
2026-07-06 08:45:14,971  INFO      Signal: SELL/HOLD  |  Confidence: 0.128
2026-07-06 08:45:15,151  INFO      Portfolio value : $100,407.09
2026-07-06 08:45:15,152  INFO      Current price   : $587.19
2026-07-06 08:45:15,152  INFO      Open position   : None
2026-07-06 08:45:15,152  INFO      Confidence 0.128 below threshold 0.33 — skipping trade
2026-07-06 08:45:15,152  INFO      Signal check complete. Sleeping 5 minutes until next check.
2026-07-06 08:50:15,342  INFO      Market open — waiting 300s before first signal...
2026-07-06 08:55:15,343  INFO      =======================================================
2026-07-06 08:55:15,344  INFO      Daily signal run  [2026-07-06 08:55]
2026-07-06 08:55:15,344  INFO      =======================================================
2026-07-06 08:55:15,844  INFO      Fetched 70 bars for META  (2026-03-25 → 2026-07-06)
2026-07-06 08:55:16,018  INFO      Signal: SELL/HOLD  |  Confidence: 0.128
2026-07-06 08:55:16,145  INFO      Portfolio value : $100,391.90
2026-07-06 08:55:16,145  INFO      Current price   : $589.33
2026-07-06 08:55:16,145  INFO      Open position   : None
2026-07-06 08:55:16,145  INFO      Confidence 0.128 below threshold 0.33 — skipping trade
2026-07-06 08:55:16,145  INFO      Signal check complete. Sleeping 5 minutes until next check.
2026-07-06 09:00:16,357  INFO      Market open — waiting 300s before first signal...
2026-07-06 09:05:16,358  INFO      =======================================================
2026-07-06 09:05:16,359  INFO      Daily signal run  [2026-07-06 09:05]
2026-07-06 09:05:16,359  INFO      =======================================================
2026-07-06 09:05:16,720  INFO      Fetched 70 bars for META  (2026-03-25 → 2026-07-06)
2026-07-06 09:05:16,869  INFO      Signal: SELL/HOLD  |  Confidence: 0.128
2026-07-06 09:05:16,986  INFO      Portfolio value : $100,387.59
2026-07-06 09:05:16,986  INFO      Current price   : $588.97
2026-07-06 09:05:16,986  INFO      Open position   : None
2026-07-06 09:05:16,987  INFO      Confidence 0.128 below threshold 0.33 — skipping trade
2026-07-06 09:05:16,987  INFO      Signal check complete. Sleeping 5 minutes until next check.
2026-07-06 09:10:17,177  INFO      Market open — waiting 300s before first signal...
2026-07-06 09:15:17,178  INFO      =======================================================
2026-07-06 09:15:17,178  INFO      Daily signal run  [2026-07-06 09:15]
2026-07-06 09:15:17,178  INFO      =======================================================
2026-07-06 09:15:17,659  INFO      Fetched 70 bars for META  (2026-03-25 → 2026-07-06)
2026-07-06 09:15:17,832  INFO      Signal: SELL/HOLD  |  Confidence: 0.128
2026-07-06 09:15:17,970  INFO      Portfolio value : $100,355.44
2026-07-06 09:15:17,971  INFO      Current price   : $589.98
2026-07-06 09:15:17,971  INFO      Open position   : None
2026-07-06 09:15:17,971  INFO      Confidence 0.128 below threshold 0.33 — skipping trade
2026-07-06 09:15:17,971  INFO      Signal check complete. Sleeping 5 minutes until next check.
2026-07-06 09:20:18,160  INFO      Market open — waiting 300s before first signal...
2026-07-06 09:25:18,161  INFO      =======================================================
2026-07-06 09:25:18,161  INFO      Daily signal run  [2026-07-06 09:25]
2026-07-06 09:25:18,161  INFO      =======================================================
2026-07-06 09:25:18,541  INFO      Fetched 70 bars for META  (2026-03-25 → 2026-07-06)
2026-07-06 09:25:18,703  INFO      Signal: SELL/HOLD  |  Confidence: 0.128
2026-07-06 09:25:18,824  INFO      Portfolio value : $100,341.88
2026-07-06 09:25:18,824  INFO      Current price   : $590.99
2026-07-06 09:25:18,824  INFO      Open position   : None
2026-07-06 09:25:18,824  INFO      Confidence 0.128 below threshold 0.33 — skipping trade
2026-07-06 09:25:18,824  INFO      Signal check complete. Sleeping 5 minutes until next check.
2026-07-06 09:30:19,016  INFO      Market open — waiting 300s before first signal...
2026-07-06 09:35:19,017  INFO      =======================================================
2026-07-06 09:35:19,017  INFO      Daily signal run  [2026-07-06 09:35]
2026-07-06 09:35:19,018  INFO      =======================================================
2026-07-06 09:35:19,358  INFO      Fetched 70 bars for META  (2026-03-25 → 2026-07-06)
2026-07-06 09:35:19,534  INFO      Signal: SELL/HOLD  |  Confidence: 0.128
2026-07-06 09:35:19,751  INFO      Portfolio value : $100,302.27
2026-07-06 09:35:19,751  INFO      Current price   : $591.48
2026-07-06 09:35:19,751  INFO      Open position   : None
2026-07-06 09:35:19,751  INFO      Confidence 0.128 below threshold 0.33 — skipping trade
2026-07-06 09:35:19,752  INFO      Signal check complete. Sleeping 5 minutes until next check.
2026-07-06 09:40:19,945  INFO      Market open — waiting 300s before first signal...
2026-07-06 09:45:19,946  INFO      =======================================================
2026-07-06 09:45:19,946  INFO      Daily signal run  [2026-07-06 09:45]
2026-07-06 09:45:19,947  INFO      =======================================================
2026-07-06 09:45:20,307  INFO      Fetched 70 bars for META  (2026-03-25 → 2026-07-06)
2026-07-06 09:45:20,495  INFO      Signal: SELL/HOLD  |  Confidence: 0.128
2026-07-06 09:45:20,670  INFO      Portfolio value : $100,266.49
2026-07-06 09:45:20,670  INFO      Current price   : $592.20
2026-07-06 09:45:20,671  INFO      Open position   : None
2026-07-06 09:45:20,671  INFO      Confidence 0.128 below threshold 0.33 — skipping trade
2026-07-06 09:45:20,671  INFO      Signal check complete. Sleeping 5 minutes until next check.
2026-07-06 09:50:20,869  INFO      Market open — waiting 300s before first signal...
2026-07-06 09:55:20,870  INFO      =======================================================
2026-07-06 09:55:20,871  INFO      Daily signal run  [2026-07-06 09:55]
2026-07-06 09:55:20,871  INFO      =======================================================
2026-07-06 09:55:21,211  INFO      Fetched 70 bars for META  (2026-03-25 → 2026-07-06)
2026-07-06 09:55:21,393  INFO      Signal: SELL/HOLD  |  Confidence: 0.128
2026-07-06 09:55:21,517  INFO      Portfolio value : $100,293.11
2026-07-06 09:55:21,517  INFO      Current price   : $592.15
2026-07-06 09:55:21,517  INFO      Open position   : None
2026-07-06 09:55:21,517  INFO      Confidence 0.128 below threshold 0.33 — skipping trade
2026-07-06 09:55:21,517  INFO      Signal check complete. Sleeping 5 minutes until next check.
2026-07-06 10:00:21,741  INFO      Market open — waiting 300s before first signal...
2026-07-06 10:05:21,742  INFO      =======================================================
2026-07-06 10:05:21,742  INFO      Daily signal run  [2026-07-06 10:05]
2026-07-06 10:05:21,742  INFO      =======================================================
2026-07-06 10:05:22,140  INFO      Fetched 70 bars for META  (2026-03-25 → 2026-07-06)
2026-07-06 10:05:22,315  INFO      Signal: SELL/HOLD  |  Confidence: 0.128
2026-07-06 10:05:22,436  INFO      Portfolio value : $100,259.56
2026-07-06 10:05:22,436  INFO      Current price   : $592.65
2026-07-06 10:05:22,436  INFO      Open position   : None
2026-07-06 10:05:22,436  INFO      Confidence 0.128 below threshold 0.33 — skipping trade
2026-07-06 10:05:22,436  INFO      Signal check complete. Sleeping 5 minutes until next check.
2026-07-06 10:10:22,630  INFO      Market open — waiting 300s before first signal...
2026-07-06 10:15:22,630  INFO      =======================================================
2026-07-06 10:15:22,630  INFO      Daily signal run  [2026-07-06 10:15]
2026-07-06 10:15:22,630  INFO      =======================================================
2026-07-06 10:15:23,050  INFO      Fetched 70 bars for META  (2026-03-25 → 2026-07-06)
2026-07-06 10:15:23,244  INFO      Signal: SELL/HOLD  |  Confidence: 0.128
2026-07-06 10:15:23,365  INFO      Portfolio value : $100,242.95
2026-07-06 10:15:23,366  INFO      Current price   : $593.76
2026-07-06 10:15:23,366  INFO      Open position   : None
2026-07-06 10:15:23,366  INFO      Confidence 0.128 below threshold 0.33 — skipping trade
2026-07-06 10:15:23,366  INFO      Signal check complete. Sleeping 5 minutes until next check.
2026-07-06 10:20:23,558  INFO      Market open — waiting 300s before first signal...
2026-07-06 10:25:23,559  INFO      =======================================================
2026-07-06 10:25:23,559  INFO      Daily signal run  [2026-07-06 10:25]
2026-07-06 10:25:23,559  INFO      =======================================================
2026-07-06 10:25:23,927  INFO      Fetched 70 bars for META  (2026-03-25 → 2026-07-06)
2026-07-06 10:25:24,131  INFO      Signal: SELL/HOLD  |  Confidence: 0.128
2026-07-06 10:25:24,383  INFO      Portfolio value : $100,283.59
2026-07-06 10:25:24,385  INFO      Current price   : $593.78
2026-07-06 10:25:24,385  INFO      Open position   : None
2026-07-06 10:25:24,385  INFO      Confidence 0.128 below threshold 0.33 — skipping trade
2026-07-06 10:25:24,386  INFO      Signal check complete. Sleeping 5 minutes until next check.
2026-07-06 10:29:44,300  INFO      Bot stopped by user (KeyboardInterrupt)
2026-07-06 10:29:44,302  INFO      [META] Process exiting
2026-07-06 10:30:07,760  INFO      [META] Process started  PID=58224
2026-07-06 10:30:07,762  INFO      [META] Config loaded — max alloc 28%  stop 2.5%
2026-07-06 10:30:07,762  INFO      [BOT] Alpaca GA Trading Bot starting up
2026-07-06 10:30:07,762  INFO         Mode    : PAPER
2026-07-06 10:30:07,762  INFO         Ticker  : META
2026-07-06 10:30:07,763  INFO         Chromosome : META_best_chromosome.csv
2026-07-06 10:30:07,763  INFO      Alpaca clients initialised  [[PAPER] PAPER MODE]
2026-07-06 10:30:07,770  INFO      Chromosome loaded from META_best_chromosome.csv  (24 genes)
2026-07-06 10:30:07,984  INFO      Market open — waiting 300s before first signal...
2026-07-06 10:33:34,806  INFO      Bot stopped by user (KeyboardInterrupt)
2026-07-06 10:33:34,810  INFO      [META] Process exiting
2026-07-06 10:34:06,504  INFO      [META] Process started  PID=68248
2026-07-06 10:34:06,507  INFO      [META] Config loaded — max alloc 28%  stop 2.5%
2026-07-06 10:34:06,507  INFO      [BOT] Alpaca GA Trading Bot starting up
2026-07-06 10:34:06,507  INFO         Mode    : PAPER
2026-07-06 10:34:06,507  INFO         Ticker  : META
2026-07-06 10:34:06,507  INFO         Chromosome : META_best_chromosome.csv
2026-07-06 10:34:06,507  INFO      Alpaca clients initialised  [[PAPER] PAPER MODE]
2026-07-06 10:34:06,509  INFO      Chromosome loaded from META_best_chromosome.csv  (24 genes)
2026-07-06 10:34:06,708  INFO      Market open — waiting 300s before first signal...
2026-07-06 10:39:06,709  INFO      =======================================================
2026-07-06 10:39:06,709  INFO      Daily signal run  [2026-07-06 10:39]
2026-07-06 10:39:06,709  INFO      =======================================================
2026-07-06 10:39:07,341  INFO      Fetched 70 bars for META  (2026-03-25 → 2026-07-06)
2026-07-06 10:39:07,549  INFO      Signal: SELL/HOLD  |  Confidence: 0.128
2026-07-06 10:39:07,673  INFO      Portfolio value : $100,346.23
2026-07-06 10:39:07,673  INFO      Current price   : $592.06
2026-07-06 10:39:07,674  INFO      Open position   : None
2026-07-06 10:39:07,674  INFO      Confidence 0.128 below threshold 0.33 — skipping trade
2026-07-06 10:39:07,674  INFO      Signal check complete. Sleeping 5 minutes until next check.
2026-07-06 10:44:07,867  INFO      Market open — waiting 300s before first signal...
2026-07-06 10:49:07,867  INFO      =======================================================
2026-07-06 10:49:07,868  INFO      Daily signal run  [2026-07-06 10:49]
2026-07-06 10:49:07,868  INFO      =======================================================
2026-07-06 10:49:08,305  INFO      Fetched 70 bars for META  (2026-03-25 → 2026-07-06)
2026-07-06 10:49:08,508  INFO      Signal: SELL/HOLD  |  Confidence: 0.128
2026-07-06 10:49:08,653  INFO      Portfolio value : $100,355.31
2026-07-06 10:49:08,653  INFO      Current price   : $592.30
2026-07-06 10:49:08,653  INFO      Open position   : None
2026-07-06 10:49:08,653  INFO      Confidence 0.128 below threshold 0.33 — skipping trade
2026-07-06 10:49:08,653  INFO      Signal check complete. Sleeping 5 minutes until next check.
2026-07-06 10:54:08,842  INFO      Market open — waiting 300s before first signal...
2026-07-06 10:59:08,843  INFO      =======================================================
2026-07-06 10:59:08,844  INFO      Daily signal run  [2026-07-06 10:59]
2026-07-06 10:59:08,844  INFO      =======================================================
2026-07-06 10:59:09,254  INFO      Fetched 70 bars for META  (2026-03-25 → 2026-07-06)
2026-07-06 10:59:09,423  INFO      Signal: SELL/HOLD  |  Confidence: 0.128
2026-07-06 10:59:09,541  INFO      Portfolio value : $100,357.03
2026-07-06 10:59:09,541  INFO      Current price   : $592.09
2026-07-06 10:59:09,541  INFO      Open position   : None
2026-07-06 10:59:09,541  INFO      Confidence 0.128 below threshold 0.33 — skipping trade
2026-07-06 10:59:09,541  INFO      Signal check complete. Sleeping 5 minutes until next check.
2026-07-06 11:04:09,733  INFO      Market open — waiting 300s before first signal...
2026-07-06 11:09:09,734  INFO      =======================================================
2026-07-06 11:09:09,734  INFO      Daily signal run  [2026-07-06 11:09]
2026-07-06 11:09:09,734  INFO      =======================================================
2026-07-06 11:09:10,116  INFO      Fetched 70 bars for META  (2026-03-25 → 2026-07-06)
2026-07-06 11:09:10,262  INFO      Signal: SELL/HOLD  |  Confidence: 0.128
2026-07-06 11:09:10,386  INFO      Portfolio value : $100,387.14
2026-07-06 11:09:10,386  INFO      Current price   : $594.00
2026-07-06 11:09:10,387  INFO      Open position   : None
2026-07-06 11:09:10,387  INFO      Confidence 0.128 below threshold 0.33 — skipping trade
2026-07-06 11:09:10,387  INFO      Signal check complete. Sleeping 5 minutes until next check.
2026-07-06 11:14:10,574  INFO      Market open — waiting 300s before first signal...
2026-07-06 11:18:07,240  INFO      Bot stopped by user (KeyboardInterrupt)
2026-07-06 11:18:07,243  INFO      [META] Process exiting
2026-07-06 11:32:26,772  INFO      [META] Process started  PID=44100
2026-07-06 11:32:26,775  INFO      [META] Config loaded — max alloc 28%  stop 2.5%
2026-07-06 11:32:26,775  INFO      [BOT] Alpaca GA Trading Bot starting up
2026-07-06 11:32:26,775  INFO         Mode    : PAPER
2026-07-06 11:32:26,775  INFO         Ticker  : META
2026-07-06 11:32:26,775  INFO         Chromosome : META_best_chromosome.csv
2026-07-06 11:32:26,775  INFO      Alpaca clients initialised  [[PAPER] PAPER MODE]
2026-07-06 11:32:26,777  INFO      Chromosome loaded from META_best_chromosome.csv  (24 genes)
2026-07-06 11:32:27,089  INFO      Market open — waiting 300s before first signal...
2026-07-06 11:37:27,090  INFO      =======================================================
2026-07-06 11:37:27,090  INFO      Daily signal run  [2026-07-06 11:37]
2026-07-06 11:37:27,090  INFO      =======================================================
2026-07-06 11:37:27,598  INFO      Fetched 70 bars for META  (2026-03-25 → 2026-07-06)
2026-07-06 11:37:27,793  INFO      Signal: SELL/HOLD  |  Confidence: 0.128
2026-07-06 11:37:27,922  INFO      Portfolio value : $100,292.52
2026-07-06 11:37:27,922  INFO      Current price   : $593.60
2026-07-06 11:37:27,923  INFO      Open position   : None
2026-07-06 11:37:27,923  INFO      Confidence 0.128 below threshold 0.33 — skipping trade
2026-07-06 11:37:27,923  INFO      Signal check complete. Sleeping 5 minutes until next check.
2026-07-06 11:42:28,116  INFO      Market open — waiting 300s before first signal...
2026-07-06 11:47:28,117  INFO      =======================================================
2026-07-06 11:47:28,118  INFO      Daily signal run  [2026-07-06 11:47]
2026-07-06 11:47:28,118  INFO      =======================================================
2026-07-06 11:47:28,511  INFO      Fetched 70 bars for META  (2026-03-25 → 2026-07-06)
2026-07-06 11:47:28,704  INFO      Signal: SELL/HOLD  |  Confidence: 0.128
2026-07-06 11:47:28,823  INFO      Portfolio value : $100,308.22
2026-07-06 11:47:28,823  INFO      Current price   : $593.78
2026-07-06 11:47:28,823  INFO      Open position   : None
2026-07-06 11:47:28,823  INFO      Confidence 0.128 below threshold 0.33 — skipping trade
2026-07-06 11:47:28,824  INFO      Signal check complete. Sleeping 5 minutes until next check.
2026-07-06 11:52:29,006  INFO      Market open — waiting 300s before first signal...
2026-07-06 11:57:29,007  INFO      =======================================================
2026-07-06 11:57:29,008  INFO      Daily signal run  [2026-07-06 11:57]
2026-07-06 11:57:29,008  INFO      =======================================================
2026-07-06 11:57:29,448  INFO      Fetched 70 bars for META  (2026-03-25 → 2026-07-06)
2026-07-06 11:57:29,650  INFO      Signal: SELL/HOLD  |  Confidence: 0.128
2026-07-06 11:57:29,819  INFO      Portfolio value : $100,345.49
2026-07-06 11:57:29,819  INFO      Current price   : $593.42
2026-07-06 11:57:29,819  INFO      Open position   : None
2026-07-06 11:57:29,819  INFO      Confidence 0.128 below threshold 0.33 — skipping trade
2026-07-06 11:57:29,819  INFO      Signal check complete. Sleeping 5 minutes until next check.
2026-07-06 12:02:30,007  INFO      Market open — waiting 300s before first signal...
2026-07-06 12:07:30,007  INFO      =======================================================
2026-07-06 12:07:30,008  INFO      Daily signal run  [2026-07-06 12:07]
2026-07-06 12:07:30,008  INFO      =======================================================
2026-07-06 12:07:30,369  INFO      Fetched 70 bars for META  (2026-03-25 → 2026-07-06)
2026-07-06 12:07:30,565  INFO      Signal: SELL/HOLD  |  Confidence: 0.128
2026-07-06 12:07:30,690  INFO      Portfolio value : $100,327.62
2026-07-06 12:07:30,691  INFO      Current price   : $594.11
2026-07-06 12:07:30,691  INFO      Open position   : None
2026-07-06 12:07:30,691  INFO      Confidence 0.128 below threshold 0.33 — skipping trade
2026-07-06 12:07:30,691  INFO      Signal check complete. Sleeping 5 minutes until next check.
2026-07-06 12:12:30,909  INFO      Market open — waiting 300s before first signal...
2026-07-06 12:17:30,910  INFO      =======================================================
2026-07-06 12:17:30,910  INFO      Daily signal run  [2026-07-06 12:17]
2026-07-06 12:17:30,910  INFO      =======================================================
2026-07-06 12:17:31,287  INFO      Fetched 70 bars for META  (2026-03-25 → 2026-07-06)
2026-07-06 12:17:31,459  INFO      Signal: SELL/HOLD  |  Confidence: 0.128
2026-07-06 12:17:31,578  INFO      Portfolio value : $100,326.63
2026-07-06 12:17:31,578  INFO      Current price   : $597.40
2026-07-06 12:17:31,578  INFO      Open position   : None
2026-07-06 12:17:31,579  INFO      Confidence 0.128 below threshold 0.33 — skipping trade
2026-07-06 12:17:31,579  INFO      Signal check complete. Sleeping 5 minutes until next check.
2026-07-06 12:22:31,767  INFO      Market open — waiting 300s before first signal...
2026-07-06 12:27:31,768  INFO      =======================================================
2026-07-06 12:27:31,768  INFO      Daily signal run  [2026-07-06 12:27]
2026-07-06 12:27:31,768  INFO      =======================================================
2026-07-06 12:27:32,145  INFO      Fetched 70 bars for META  (2026-03-25 → 2026-07-06)
2026-07-06 12:27:32,319  INFO      Signal: SELL/HOLD  |  Confidence: 0.128
2026-07-06 12:27:32,457  INFO      Portfolio value : $100,268.27
2026-07-06 12:27:32,457  INFO      Current price   : $600.50
2026-07-06 12:27:32,458  INFO      Open position   : None
2026-07-06 12:27:32,458  INFO      Confidence 0.128 below threshold 0.33 — skipping trade
2026-07-06 12:27:32,458  INFO      Signal check complete. Sleeping 5 minutes until next check.
2026-07-06 12:32:32,650  INFO      Market open — waiting 300s before first signal...
2026-07-06 12:37:32,653  INFO      =======================================================
2026-07-06 12:37:32,653  INFO      Daily signal run  [2026-07-06 12:37]
2026-07-06 12:37:32,653  INFO      =======================================================
2026-07-06 12:37:32,989  INFO      Fetched 70 bars for META  (2026-03-25 → 2026-07-06)
2026-07-06 12:37:33,423  INFO      Signal: SELL/HOLD  |  Confidence: 0.128
2026-07-06 12:37:33,546  INFO      Portfolio value : $100,243.18
2026-07-06 12:37:33,547  INFO      Current price   : $601.78
2026-07-06 12:37:33,547  INFO      Open position   : None
2026-07-06 12:37:33,547  INFO      Confidence 0.128 below threshold 0.33 — skipping trade
2026-07-06 12:37:33,547  INFO      Signal check complete. Sleeping 5 minutes until next check.
2026-07-06 12:42:33,733  INFO      Market open — waiting 300s before first signal...
2026-07-06 12:47:33,734  INFO      =======================================================
2026-07-06 12:47:33,734  INFO      Daily signal run  [2026-07-06 12:47]
2026-07-06 12:47:33,734  INFO      =======================================================
2026-07-06 12:47:34,122  INFO      Fetched 70 bars for META  (2026-03-25 → 2026-07-06)
2026-07-06 12:47:34,284  INFO      Signal: SELL/HOLD  |  Confidence: 0.128
2026-07-06 12:47:34,408  INFO      Portfolio value : $100,228.68
2026-07-06 12:47:34,408  INFO      Current price   : $599.57
2026-07-06 12:47:34,409  INFO      Open position   : None
2026-07-06 12:47:34,409  INFO      Confidence 0.128 below threshold 0.33 — skipping trade
2026-07-06 12:47:34,409  INFO      Signal check complete. Sleeping 5 minutes until next check.
2026-07-06 12:52:34,598  INFO      Market open — waiting 300s before first signal...
2026-07-06 12:57:34,598  INFO      =======================================================
2026-07-06 12:57:34,598  INFO      Daily signal run  [2026-07-06 12:57]
2026-07-06 12:57:34,598  INFO      =======================================================
2026-07-06 12:57:34,991  INFO      Fetched 70 bars for META  (2026-03-25 → 2026-07-06)
2026-07-06 12:57:35,164  INFO      Signal: SELL/HOLD  |  Confidence: 0.128
2026-07-06 12:57:35,333  INFO      Portfolio value : $100,223.39
2026-07-06 12:57:35,333  INFO      Current price   : $600.42
2026-07-06 12:57:35,333  INFO      Open position   : None
2026-07-06 12:57:35,334  INFO      Confidence 0.128 below threshold 0.33 — skipping trade
2026-07-06 12:57:35,334  INFO      Signal check complete. Sleeping 5 minutes until next check.
2026-07-06 13:02:35,536  INFO      Market open — waiting 300s before first signal...
2026-07-06 13:07:35,537  INFO      =======================================================
2026-07-06 13:07:35,537  INFO      Daily signal run  [2026-07-06 13:07]
2026-07-06 13:07:35,537  INFO      =======================================================
2026-07-06 13:07:35,886  INFO      Fetched 70 bars for META  (2026-03-25 → 2026-07-06)
2026-07-06 13:07:36,059  INFO      Signal: SELL/HOLD  |  Confidence: 0.128
2026-07-06 13:07:36,180  INFO      Portfolio value : $100,229.77
2026-07-06 13:07:36,180  INFO      Current price   : $600.84
2026-07-06 13:07:36,181  INFO      Open position   : None
2026-07-06 13:07:36,181  INFO      Confidence 0.128 below threshold 0.33 — skipping trade
2026-07-06 13:07:36,181  INFO      Signal check complete. Sleeping 5 minutes until next check.
2026-07-06 13:12:36,381  INFO      Market open — waiting 300s before first signal...
2026-07-06 13:17:36,381  INFO      =======================================================
2026-07-06 13:17:36,382  INFO      Daily signal run  [2026-07-06 13:17]
2026-07-06 13:17:36,382  INFO      =======================================================
2026-07-06 13:17:36,771  INFO      Fetched 70 bars for META  (2026-03-25 → 2026-07-06)
2026-07-06 13:17:36,961  INFO      Signal: SELL/HOLD  |  Confidence: 0.128
2026-07-06 13:17:37,264  INFO      Portfolio value : $100,206.64
2026-07-06 13:17:37,264  INFO      Current price   : $600.23
2026-07-06 13:17:37,264  INFO      Open position   : None
2026-07-06 13:17:37,264  INFO      Confidence 0.128 below threshold 0.33 — skipping trade
2026-07-06 13:17:37,264  INFO      Signal check complete. Sleeping 5 minutes until next check.
2026-07-06 13:22:37,454  INFO      Market open — waiting 300s before first signal...
2026-07-06 13:27:37,454  INFO      =======================================================
2026-07-06 13:27:37,455  INFO      Daily signal run  [2026-07-06 13:27]
2026-07-06 13:27:37,455  INFO      =======================================================
2026-07-06 13:27:37,822  INFO      Fetched 70 bars for META  (2026-03-25 → 2026-07-06)
2026-07-06 13:27:38,015  INFO      Signal: SELL/HOLD  |  Confidence: 0.128
2026-07-06 13:27:38,142  INFO      Portfolio value : $100,222.01
2026-07-06 13:27:38,142  INFO      Current price   : $600.14
2026-07-06 13:27:38,142  INFO      Open position   : None
2026-07-06 13:27:38,142  INFO      Confidence 0.128 below threshold 0.33 — skipping trade
2026-07-06 13:27:38,142  INFO      Signal check complete. Sleeping 5 minutes until next check.
2026-07-06 13:32:38,330  INFO      Market open — waiting 300s before first signal...
2026-07-06 13:37:38,330  INFO      =======================================================
2026-07-06 13:37:38,331  INFO      Daily signal run  [2026-07-06 13:37]
2026-07-06 13:37:38,331  INFO      =======================================================
2026-07-06 13:37:38,740  INFO      Fetched 70 bars for META  (2026-03-25 → 2026-07-06)
2026-07-06 13:37:38,913  INFO      Signal: SELL/HOLD  |  Confidence: 0.128
2026-07-06 13:37:39,042  INFO      Portfolio value : $100,226.77
2026-07-06 13:37:39,043  INFO      Current price   : $601.62
2026-07-06 13:37:39,043  INFO      Open position   : None
2026-07-06 13:37:39,043  INFO      Confidence 0.128 below threshold 0.33 — skipping trade
2026-07-06 13:37:39,043  INFO      Signal check complete. Sleeping 5 minutes until next check.
2026-07-06 13:42:39,228  INFO      Market open — waiting 300s before first signal...
2026-07-06 13:47:39,228  INFO      =======================================================
2026-07-06 13:47:39,228  INFO      Daily signal run  [2026-07-06 13:47]
2026-07-06 13:47:39,228  INFO      =======================================================
2026-07-06 13:47:39,593  INFO      Fetched 70 bars for META  (2026-03-25 → 2026-07-06)
2026-07-06 13:47:39,787  INFO      Signal: SELL/HOLD  |  Confidence: 0.128
2026-07-06 13:47:39,947  INFO      Portfolio value : $100,254.53
2026-07-06 13:47:39,947  INFO      Current price   : $602.72
2026-07-06 13:47:39,948  INFO      Open position   : None
2026-07-06 13:47:39,948  INFO      Confidence 0.128 below threshold 0.33 — skipping trade
2026-07-06 13:47:39,948  INFO      Signal check complete. Sleeping 5 minutes until next check.
2026-07-06 13:52:41,166  INFO      Market open — waiting 300s before first signal...
2026-07-06 13:57:41,166  INFO      =======================================================
2026-07-06 13:57:41,167  INFO      Daily signal run  [2026-07-06 13:57]
2026-07-06 13:57:41,167  INFO      =======================================================
2026-07-06 13:57:41,530  INFO      Fetched 70 bars for META  (2026-03-25 → 2026-07-06)
2026-07-06 13:57:41,742  INFO      Signal: SELL/HOLD  |  Confidence: 0.128
2026-07-06 13:57:41,867  INFO      Portfolio value : $100,285.55
2026-07-06 13:57:41,868  INFO      Current price   : $601.21
2026-07-06 13:57:41,868  INFO      Open position   : None
2026-07-06 13:57:41,868  INFO      Confidence 0.128 below threshold 0.33 — skipping trade
2026-07-06 13:57:41,868  INFO      Signal check complete. Sleeping 5 minutes until next check.
2026-07-06 14:02:42,065  INFO      Market closed. Next open in 60 min. Sleeping...
2026-07-06 15:02:42,247  INFO      Market closed. Next open in 60 min. Sleeping...
2026-07-06 16:02:42,451  INFO      Market closed. Next open in 60 min. Sleeping...
2026-07-06 17:02:42,718  INFO      Market closed. Next open in 60 min. Sleeping...
2026-07-06 18:02:42,908  INFO      Market closed. Next open in 60 min. Sleeping...
2026-07-06 19:02:43,099  INFO      Market closed. Next open in 60 min. Sleeping...
2026-07-06 20:02:43,291  INFO      Market closed. Next open in 60 min. Sleeping...
2026-07-06 21:02:43,477  INFO      Market closed. Next open in 60 min. Sleeping...
2026-07-06 22:02:43,716  INFO      Market closed. Next open in 60 min. Sleeping...
2026-07-06 23:02:43,910  INFO      Market closed. Next open in 60 min. Sleeping...
2026-07-07 00:02:44,145  INFO      Market closed. Next open in 60 min. Sleeping...
2026-07-07 01:02:44,377  INFO      Market closed. Next open in 60 min. Sleeping...
2026-07-07 02:02:44,577  INFO      Market closed. Next open in 60 min. Sleeping...
2026-07-07 08:50:32,208  INFO      [META] Process started  PID=95092
2026-07-07 08:50:32,211  INFO      [META] Config loaded — max alloc 28%  stop 2.5%
2026-07-07 08:50:32,211  INFO      [BOT] Alpaca GA Trading Bot starting up
2026-07-07 08:50:32,211  INFO         Mode    : PAPER
2026-07-07 08:50:32,211  INFO         Ticker  : META
2026-07-07 08:50:32,211  INFO         Chromosome : META_best_chromosome.csv
2026-07-07 08:50:32,211  INFO      Alpaca clients initialised  [[PAPER] PAPER MODE]
2026-07-07 08:50:32,219  INFO      Chromosome loaded from META_best_chromosome.csv  (34 genes)
2026-07-07 08:50:32,634  INFO      Market open — waiting 300s before first signal...
2026-07-07 08:55:32,634  INFO      =======================================================
2026-07-07 08:55:32,635  INFO      Daily signal run  [2026-07-07 08:55]
2026-07-07 08:55:32,635  INFO      =======================================================
2026-07-07 08:55:33,230  INFO      Fetched 70 bars for META  (2026-03-26 → 2026-07-07)
2026-07-07 08:55:33,429  INFO      Signal: SELL/HOLD  |  Confidence: 0.336
2026-07-07 08:55:33,632  INFO      Portfolio value : $121,631.94
2026-07-07 08:55:33,633  INFO      Current price   : $607.22
2026-07-07 08:55:33,633  INFO      Open position   : None
2026-07-07 08:55:33,633  INFO      Signal check complete. Sleeping 5 minutes until next check.
2026-07-07 09:00:33,911  INFO      Market open — waiting 300s before first signal...
2026-07-07 09:05:33,912  INFO      =======================================================
2026-07-07 09:05:33,912  INFO      Daily signal run  [2026-07-07 09:05]
2026-07-07 09:05:33,912  INFO      =======================================================
2026-07-07 09:05:34,459  INFO      Fetched 70 bars for META  (2026-03-26 → 2026-07-07)
2026-07-07 09:05:34,674  INFO      Signal: SELL/HOLD  |  Confidence: 0.336
2026-07-07 09:05:34,936  INFO      Portfolio value : $121,687.89
2026-07-07 09:05:34,936  INFO      Current price   : $605.55
2026-07-07 09:05:34,936  INFO      Open position   : None
2026-07-07 09:05:34,936  INFO      Signal check complete. Sleeping 5 minutes until next check.
2026-07-07 09:10:35,162  INFO      Market open — waiting 300s before first signal...
2026-07-07 09:15:35,163  INFO      =======================================================
2026-07-07 09:15:35,163  INFO      Daily signal run  [2026-07-07 09:15]
2026-07-07 09:15:35,164  INFO      =======================================================
2026-07-07 09:15:35,558  INFO      Fetched 70 bars for META  (2026-03-26 → 2026-07-07)
2026-07-07 09:15:35,815  INFO      Signal: SELL/HOLD  |  Confidence: 0.336
2026-07-07 09:15:36,033  INFO      Portfolio value : $121,546.41
2026-07-07 09:15:36,033  INFO      Current price   : $604.09
2026-07-07 09:15:36,033  INFO      Open position   : None
2026-07-07 09:15:36,033  INFO      Signal check complete. Sleeping 5 minutes until next check.
2026-07-07 09:20:36,225  INFO      Market open — waiting 300s before first signal...
2026-07-07 09:25:36,226  INFO      =======================================================
2026-07-07 09:25:36,226  INFO      Daily signal run  [2026-07-07 09:25]
2026-07-07 09:25:36,227  INFO      =======================================================
2026-07-07 09:25:36,657  INFO      Fetched 70 bars for META  (2026-03-26 → 2026-07-07)
2026-07-07 09:25:36,857  INFO      Signal: SELL/HOLD  |  Confidence: 0.336
2026-07-07 09:25:37,071  INFO      Portfolio value : $121,615.66
2026-07-07 09:25:37,071  INFO      Current price   : $606.66
2026-07-07 09:25:37,071  INFO      Open position   : None
2026-07-07 09:25:37,072  INFO      Signal check complete. Sleeping 5 minutes until next check.
