2026-07-06 10:33:48,459  INFO      [FUTURES BOT] Starting: NQ (E-mini Nasdaq Futures)
2026-07-06 10:33:48,459  INFO        Mode       : PAPER
2026-07-06 10:33:48,459  INFO        Max leverage: 20.0x
2026-07-06 10:33:48,460  INFO        Trading hours: 23h/day (Mon-Fri)
2026-07-06 10:33:48,461  INFO        Evolved leverage: 2.7x
2026-07-06 10:33:48,462  INFO        Stop width: 1.0%
2026-07-06 10:33:48,462  INFO      [NQ] Bot running — checking every 10 minutes
2026-07-06 10:33:48,462  INFO      [NQ] ── Signal check 10:33 ──
2026-07-06 10:33:48,882  INFO      [NQ] Signal: LONG  |  Confidence: 0.808  |  Leverage: 1.26x
2026-07-06 10:33:49,329  INFO      [NQ] Portfolio=$100,333.91  Price=$30048.25  Position=None
2026-07-06 10:33:49,330  INFO      Futures position: 0 units  (scale=5.0%, leverage=1.3x, exposure=$6,331)
2026-07-06 10:33:49,330  INFO      [NQ] Signal complete. Sleeping 600s...
2026-07-06 10:43:49,330  INFO      [NQ] ── Signal check 10:43 ──
2026-07-06 10:43:49,485  INFO      [NQ] Signal: LONG  |  Confidence: 0.808  |  Leverage: 1.26x
2026-07-06 10:43:49,944  INFO      [NQ] Portfolio=$100,347.26  Price=$30031.75  Position=None
2026-07-06 10:43:49,944  INFO      Futures position: 0 units  (scale=5.0%, leverage=1.3x, exposure=$6,332)
2026-07-06 10:43:49,945  INFO      [NQ] Signal complete. Sleeping 600s...
2026-07-06 10:53:49,946  INFO      [NQ] ── Signal check 10:53 ──
2026-07-06 10:53:50,109  INFO      [NQ] Signal: LONG  |  Confidence: 0.808  |  Leverage: 1.26x
2026-07-06 10:53:50,513  INFO      [NQ] Portfolio=$100,396.32  Price=$30019.75  Position=None
2026-07-06 10:53:50,513  INFO      Futures position: 0 units  (scale=5.0%, leverage=1.3x, exposure=$6,335)
2026-07-06 10:53:50,513  INFO      [NQ] Signal complete. Sleeping 600s...
2026-07-06 11:03:50,514  INFO      [NQ] ── Signal check 11:03 ──
2026-07-06 11:03:50,722  INFO      [NQ] Signal: LONG  |  Confidence: 0.808  |  Leverage: 1.26x
2026-07-06 11:03:51,151  INFO      [NQ] Portfolio=$100,346.39  Price=$30006.75  Position=None
2026-07-06 11:03:51,151  INFO      Futures position: 0 units  (scale=5.0%, leverage=1.3x, exposure=$6,332)
2026-07-06 11:03:51,152  INFO      [NQ] Signal complete. Sleeping 600s...
2026-07-06 11:13:51,152  INFO      [NQ] ── Signal check 11:13 ──
2026-07-06 11:13:51,343  INFO      [NQ] Signal: LONG  |  Confidence: 0.808  |  Leverage: 1.26x
2026-07-06 11:13:51,896  INFO      [NQ] Portfolio=$100,371.35  Price=$29997.25  Position=None
2026-07-06 11:13:51,896  INFO      Futures position: 0 units  (scale=5.0%, leverage=1.3x, exposure=$6,334)
2026-07-06 11:13:51,896  INFO      [NQ] Signal complete. Sleeping 600s...
2026-07-06 11:18:07,240  INFO      [NQ] Futures bot stopped by user
2026-07-06 11:32:08,699  INFO      [FUTURES BOT] Starting: NQ (E-mini Nasdaq Futures)
2026-07-06 11:32:08,699  INFO        Mode       : PAPER
2026-07-06 11:32:08,699  INFO        Max leverage: 20.0x
2026-07-06 11:32:08,699  INFO        Trading hours: 23h/day (Mon-Fri)
2026-07-06 11:32:08,701  INFO        Evolved leverage: 2.7x
2026-07-06 11:32:08,701  INFO        Stop width: 1.0%
2026-07-06 11:32:08,701  INFO      [NQ] Bot running — checking every 10 minutes
2026-07-06 11:32:08,702  INFO      [NQ] ── Signal check 11:32 ──
2026-07-06 11:32:09,053  INFO      [NQ] Signal: LONG  |  Confidence: 0.808  |  Leverage: 1.26x
2026-07-06 11:32:09,520  INFO      [NQ] Portfolio=$100,323.11  Price=$29974.75  Position=None
2026-07-06 11:32:09,520  INFO      Futures position: 0 units  (scale=5.0%, leverage=1.3x, exposure=$6,331)
2026-07-06 11:32:09,520  INFO      [NQ] Signal complete. Sleeping 600s...
