2026-07-02 19:45:24,755  INFO      [NVDA] Process started  PID=45488
2026-07-02 19:45:25,918  INFO      [NVDA] Config loaded — max alloc 35%  stop 2.0%
2026-07-02 19:45:25,918  INFO      [BOT] Alpaca GA Trading Bot starting up
2026-07-02 19:45:25,918  INFO         Mode    : PAPER
2026-07-02 19:45:25,919  INFO         Ticker  : NVDA
2026-07-02 19:45:25,919  INFO         Chromosome : NVDA_best_chromosome.csv
2026-07-02 19:45:25,921  INFO      Alpaca clients initialised  [[PAPER] PAPER MODE]
2026-07-02 19:45:25,929  INFO      Chromosome loaded from NVDA_best_chromosome.csv  (24 genes)
2026-07-02 19:45:26,165  INFO      Market closed. Next open in 60 min. Sleeping...
2026-07-02 19:49:25,358  INFO      Bot stopped by user (KeyboardInterrupt)
2026-07-02 19:49:25,360  INFO      [NVDA] Process exiting
2026-07-02 19:49:32,664  INFO      [NVDA] Process started  PID=43880
2026-07-02 19:49:33,863  INFO      [NVDA] Config loaded — max alloc 35%  stop 2.0%
2026-07-02 19:49:33,864  INFO      [BOT] Alpaca GA Trading Bot starting up
2026-07-02 19:49:33,864  INFO         Mode    : PAPER
2026-07-02 19:49:33,864  INFO         Ticker  : NVDA
2026-07-02 19:49:33,864  INFO         Chromosome : NVDA_best_chromosome.csv
2026-07-02 19:49:33,866  INFO      Alpaca clients initialised  [[PAPER] PAPER MODE]
2026-07-02 19:49:33,868  INFO      Chromosome loaded from NVDA_best_chromosome.csv  (24 genes)
2026-07-02 19:49:34,090  INFO      Market closed. Next open in 60 min. Sleeping...
2026-07-02 20:49:34,525  INFO      Market closed. Next open in 60 min. Sleeping...
2026-07-02 21:49:55,573  ERROR     Unexpected error: HTTPSConnectionPool(host='paper-api.alpaca.markets', port=443): Max retries exceeded with url: /v2/clock (Caused by ConnectTimeoutError(<urllib3.connection.HTTPSConnection object at 0x000001DDDF8FA3C0>, 'Connection to paper-api.alpaca.markets timed out. (connect timeout=None)'))
Traceback (most recent call last):
  File "C:\Users\nickt\alpaca-trading-bot\venv\Lib\site-packages\urllib3\connection.py", line 174, in _new_conn
    conn = connection.create_connection(
        (self._dns_host, self.port), self.timeout, **extra_kw
    )
  File "C:\Users\nickt\alpaca-trading-bot\venv\Lib\site-packages\urllib3\util\connection.py", line 95, in create_connection
    raise err
  File "C:\Users\nickt\alpaca-trading-bot\venv\Lib\site-packages\urllib3\util\connection.py", line 85, in create_connection
    sock.connect(sa)
    ~~~~~~~~~~~~^^^^
TimeoutError: [WinError 10060] A connection attempt failed because the connected party did not properly respond after a period of time, or established connection failed because connected host has failed to respond

During handling of the above exception, another exception occurred:

Traceback (most recent call last):
  File "C:\Users\nickt\alpaca-trading-bot\venv\Lib\site-packages\urllib3\connectionpool.py", line 716, in urlopen
    httplib_response = self._make_request(
        conn,
    ...<5 lines>...
        chunked=chunked,
    )
  File "C:\Users\nickt\alpaca-trading-bot\venv\Lib\site-packages\urllib3\connectionpool.py", line 404, in _make_request
    self._validate_conn(conn)
    ~~~~~~~~~~~~~~~~~~~^^^^^^
  File "C:\Users\nickt\alpaca-trading-bot\venv\Lib\site-packages\urllib3\connectionpool.py", line 1061, in _validate_conn
    conn.connect()
    ~~~~~~~~~~~~^^
  File "C:\Users\nickt\alpaca-trading-bot\venv\Lib\site-packages\urllib3\connection.py", line 363, in connect
    self.sock = conn = self._new_conn()
                       ~~~~~~~~~~~~~~^^
  File "C:\Users\nickt\alpaca-trading-bot\venv\Lib\site-packages\urllib3\connection.py", line 179, in _new_conn
    raise ConnectTimeoutError(
    ...<3 lines>...
    )
urllib3.exceptions.ConnectTimeoutError: (<urllib3.connection.HTTPSConnection object at 0x000001DDDF8FA3C0>, 'Connection to paper-api.alpaca.markets timed out. (connect timeout=None)')

During handling of the above exception, another exception occurred:

Traceback (most recent call last):
  File "C:\Users\nickt\alpaca-trading-bot\venv\Lib\site-packages\requests\adapters.py", line 696, in send
    resp = conn.urlopen(
        method=request.method,
    ...<9 lines>...
        chunked=chunked,
    )
  File "C:\Users\nickt\alpaca-trading-bot\venv\Lib\site-packages\urllib3\connectionpool.py", line 802, in urlopen
    retries = retries.increment(
        method, url, error=e, _pool=self, _stacktrace=sys.exc_info()[2]
    )
  File "C:\Users\nickt\alpaca-trading-bot\venv\Lib\site-packages\urllib3\util\retry.py", line 594, in increment
    raise MaxRetryError(_pool, url, error or ResponseError(cause))
urllib3.exceptions.MaxRetryError: HTTPSConnectionPool(host='paper-api.alpaca.markets', port=443): Max retries exceeded with url: /v2/clock (Caused by ConnectTimeoutError(<urllib3.connection.HTTPSConnection object at 0x000001DDDF8FA3C0>, 'Connection to paper-api.alpaca.markets timed out. (connect timeout=None)'))

During handling of the above exception, another exception occurred:

Traceback (most recent call last):
  File "C:\Users\nickt\alpaca-trading-bot\alpaca_bot.py", line 610, in run_bot
    wait_for_market_open(trading_client)
    ~~~~~~~~~~~~~~~~~~~~^^^^^^^^^^^^^^^^
  File "C:\Users\nickt\alpaca-trading-bot\alpaca_bot.py", line 475, in wait_for_market_open
    clock = trading_client.get_clock()
  File "C:\Users\nickt\alpaca-trading-bot\venv\Lib\site-packages\alpaca\trading\client.py", line 431, in get_clock
    response = self.get("/clock")
  File "C:\Users\nickt\alpaca-trading-bot\venv\Lib\site-packages\alpaca\common\rest.py", line 225, in get
    return self._request("GET", path, data, **kwargs)
           ~~~~~~~~~~~~~^^^^^^^^^^^^^^^^^^^^^^^^^^^^^
  File "C:\Users\nickt\alpaca-trading-bot\venv\Lib\site-packages\alpaca\common\rest.py", line 131, in _request
    return self._one_request(method, url, opts, retry)
           ~~~~~~~~~~~~~~~~~^^^^^^^^^^^^^^^^^^^^^^^^^^
  File "C:\Users\nickt\alpaca-trading-bot\venv\Lib\site-packages\alpaca\common\rest.py", line 195, in _one_request
    response = self._session.request(method, url, **opts)
  File "C:\Users\nickt\alpaca-trading-bot\venv\Lib\site-packages\requests\sessions.py", line 651, in request
    resp = self.send(prep, **send_kwargs)
  File "C:\Users\nickt\alpaca-trading-bot\venv\Lib\site-packages\requests\sessions.py", line 784, in send
    r = adapter.send(request, **kwargs)
  File "C:\Users\nickt\alpaca-trading-bot\venv\Lib\site-packages\requests\adapters.py", line 717, in send
    raise ConnectTimeout(e, request=request)
requests.exceptions.ConnectTimeout: HTTPSConnectionPool(host='paper-api.alpaca.markets', port=443): Max retries exceeded with url: /v2/clock (Caused by ConnectTimeoutError(<urllib3.connection.HTTPSConnection object at 0x000001DDDF8FA3C0>, 'Connection to paper-api.alpaca.markets timed out. (connect timeout=None)'))
2026-07-02 21:49:55,733  INFO      Retrying in 5 minutes...
2026-07-02 21:54:55,941  INFO      Market closed. Next open in 60 min. Sleeping...
2026-07-02 22:54:56,306  INFO      Market closed. Next open in 60 min. Sleeping...
2026-07-02 23:40:15,459  INFO      [NVDA] Process started  PID=28032
2026-07-02 23:40:16,674  INFO      [NVDA] Config loaded — max alloc 35%  stop 2.0%
2026-07-02 23:40:16,674  INFO      [BOT] Alpaca GA Trading Bot starting up
2026-07-02 23:40:16,674  INFO         Mode    : PAPER
2026-07-02 23:40:16,674  INFO         Ticker  : NVDA
2026-07-02 23:40:16,674  INFO         Chromosome : NVDA_best_chromosome.csv
2026-07-02 23:40:16,676  INFO      Alpaca clients initialised  [[PAPER] PAPER MODE]
2026-07-02 23:40:16,687  INFO      Chromosome loaded from NVDA_best_chromosome.csv  (24 genes)
2026-07-02 23:40:16,885  INFO      Market closed. Next open in 60 min. Sleeping...
2026-07-03 00:00:02,511  INFO      [NVDA] Process started  PID=5464
2026-07-03 00:00:03,684  INFO      [NVDA] Config loaded — max alloc 35%  stop 2.0%
2026-07-03 00:00:03,684  INFO      [BOT] Alpaca GA Trading Bot starting up
2026-07-03 00:00:03,684  INFO         Mode    : PAPER
2026-07-03 00:00:03,684  INFO         Ticker  : NVDA
2026-07-03 00:00:03,684  INFO         Chromosome : NVDA_best_chromosome.csv
2026-07-03 00:00:03,687  INFO      Alpaca clients initialised  [[PAPER] PAPER MODE]
2026-07-03 00:00:03,688  INFO      Chromosome loaded from NVDA_best_chromosome.csv  (24 genes)
2026-07-03 00:00:03,893  INFO      Market closed. Next open in 60 min. Sleeping...
2026-07-03 00:12:28,966  INFO      Bot stopped by user (KeyboardInterrupt)
2026-07-03 00:12:28,970  INFO      [NVDA] Process exiting
2026-07-03 00:12:52,923  INFO      [NVDA] Process started  PID=27220
2026-07-03 00:12:54,084  INFO      [NVDA] Config loaded — max alloc 35%  stop 2.0%
2026-07-03 00:12:54,084  INFO      [BOT] Alpaca GA Trading Bot starting up
2026-07-03 00:12:54,084  INFO         Mode    : PAPER
2026-07-03 00:12:54,084  INFO         Ticker  : NVDA
2026-07-03 00:12:54,084  INFO         Chromosome : NVDA_best_chromosome.csv
2026-07-03 00:12:54,086  INFO      Alpaca clients initialised  [[PAPER] PAPER MODE]
2026-07-03 00:12:54,088  INFO      Chromosome loaded from NVDA_best_chromosome.csv  (24 genes)
2026-07-03 00:12:54,306  INFO      Market closed. Next open in 60 min. Sleeping...
2026-07-03 01:17:04,384  INFO      Market closed. Next open in 60 min. Sleeping...
2026-07-03 02:17:04,606  INFO      Market closed. Next open in 60 min. Sleeping...
2026-07-03 03:17:04,810  INFO      Market closed. Next open in 60 min. Sleeping...
2026-07-03 04:17:05,017  INFO      Market closed. Next open in 60 min. Sleeping...
2026-07-03 05:17:06,736  INFO      Market closed. Next open in 60 min. Sleeping...
2026-07-03 06:17:06,935  INFO      Market closed. Next open in 60 min. Sleeping...
2026-07-03 07:17:07,132  INFO      Market closed. Next open in 60 min. Sleeping...
2026-07-03 08:17:07,338  INFO      Market closed. Next open in 60 min. Sleeping...
2026-07-03 09:17:07,609  INFO      Market closed. Next open in 60 min. Sleeping...
2026-07-03 10:17:07,869  INFO      Market closed. Next open in 60 min. Sleeping...
2026-07-03 11:17:08,061  INFO      Market closed. Next open in 60 min. Sleeping...
2026-07-03 12:17:08,261  INFO      Market closed. Next open in 60 min. Sleeping...
2026-07-03 12:25:34,519  INFO      [NVDA] Process started  PID=27916
2026-07-03 12:25:35,695  INFO      [NVDA] Config loaded — max alloc 35%  stop 2.0%
2026-07-03 12:25:35,695  INFO      [BOT] Alpaca GA Trading Bot starting up
2026-07-03 12:25:35,695  INFO         Mode    : PAPER
2026-07-03 12:25:35,695  INFO         Ticker  : NVDA
2026-07-03 12:25:35,695  INFO         Chromosome : NVDA_best_chromosome.csv
2026-07-03 12:25:35,698  INFO      Alpaca clients initialised  [[PAPER] PAPER MODE]
2026-07-03 12:25:35,705  INFO      Chromosome loaded from NVDA_best_chromosome.csv  (24 genes)
2026-07-03 12:25:35,929  INFO      Market closed. Next open in 60 min. Sleeping...
2026-07-03 13:25:36,130  INFO      Market closed. Next open in 60 min. Sleeping...
2026-07-03 14:25:36,332  INFO      Market closed. Next open in 60 min. Sleeping...
2026-07-03 15:25:36,533  INFO      Market closed. Next open in 60 min. Sleeping...
2026-07-03 16:25:36,727  INFO      Market closed. Next open in 60 min. Sleeping...
2026-07-03 17:25:36,926  INFO      Market closed. Next open in 60 min. Sleeping...
2026-07-03 17:56:35,527  INFO      [NVDA] Process started  PID=18204
2026-07-03 17:56:36,678  INFO      [NVDA] Config loaded — max alloc 35%  stop 2.0%
2026-07-03 17:56:36,678  INFO      [BOT] Alpaca GA Trading Bot starting up
2026-07-03 17:56:36,679  INFO         Mode    : PAPER
2026-07-03 17:56:36,679  INFO         Ticker  : NVDA
2026-07-03 17:56:36,679  INFO         Chromosome : NVDA_best_chromosome.csv
2026-07-03 17:56:36,681  INFO      Alpaca clients initialised  [[PAPER] PAPER MODE]
2026-07-03 17:56:36,688  INFO      Chromosome loaded from NVDA_best_chromosome.csv  (24 genes)
2026-07-03 17:56:36,882  INFO      Market closed. Next open in 60 min. Sleeping...
2026-07-04 17:35:19,570  INFO      [NVDA] Process started  PID=35344
2026-07-04 17:35:20,718  INFO      [NVDA] Config loaded — max alloc 35%  stop 2.0%
2026-07-04 17:35:20,718  INFO      [BOT] Alpaca GA Trading Bot starting up
2026-07-04 17:35:20,718  INFO         Mode    : PAPER
2026-07-04 17:35:20,719  INFO         Ticker  : NVDA
2026-07-04 17:35:20,719  INFO         Chromosome : NVDA_best_chromosome.csv
2026-07-04 17:35:20,721  INFO      Alpaca clients initialised  [[PAPER] PAPER MODE]
2026-07-04 17:35:20,730  INFO      Chromosome loaded from NVDA_best_chromosome.csv  (24 genes)
2026-07-04 17:35:20,917  INFO      Market closed. Next open in 60 min. Sleeping...
2026-07-04 17:49:37,314  INFO      Bot stopped by user (KeyboardInterrupt)
2026-07-04 17:49:37,317  INFO      [NVDA] Process exiting
2026-07-04 17:49:43,532  INFO      [NVDA] Process started  PID=37752
2026-07-04 17:49:44,744  INFO      [NVDA] Config loaded — max alloc 35%  stop 2.0%
2026-07-04 17:49:44,744  INFO      [BOT] Alpaca GA Trading Bot starting up
2026-07-04 17:49:44,744  INFO         Mode    : PAPER
2026-07-04 17:49:44,745  INFO         Ticker  : NVDA
2026-07-04 17:49:44,745  INFO         Chromosome : NVDA_best_chromosome.csv
2026-07-04 17:49:44,747  INFO      Alpaca clients initialised  [[PAPER] PAPER MODE]
2026-07-04 17:49:44,748  INFO      Chromosome loaded from NVDA_best_chromosome.csv  (24 genes)
2026-07-04 17:49:45,946  INFO      Market closed. Next open in 60 min. Sleeping...
2026-07-04 18:49:46,139  INFO      Market closed. Next open in 60 min. Sleeping...
2026-07-04 19:49:46,331  INFO      Market closed. Next open in 60 min. Sleeping...
2026-07-04 20:49:46,521  INFO      Market closed. Next open in 60 min. Sleeping...
2026-07-04 21:49:46,717  INFO      Market closed. Next open in 60 min. Sleeping...
2026-07-04 22:49:49,603  INFO      Market closed. Next open in 60 min. Sleeping...
2026-07-04 23:49:49,968  INFO      Market closed. Next open in 60 min. Sleeping...
2026-07-05 00:49:50,160  INFO      Market closed. Next open in 60 min. Sleeping...
2026-07-05 01:49:50,445  INFO      Market closed. Next open in 60 min. Sleeping...
2026-07-05 02:49:50,634  INFO      Market closed. Next open in 60 min. Sleeping...
2026-07-05 03:49:50,824  INFO      Market closed. Next open in 60 min. Sleeping...
2026-07-05 04:49:51,030  INFO      Market closed. Next open in 60 min. Sleeping...
2026-07-05 05:49:51,222  INFO      Market closed. Next open in 60 min. Sleeping...
2026-07-05 06:49:51,530  INFO      Market closed. Next open in 60 min. Sleeping...
2026-07-05 07:49:51,715  INFO      Market closed. Next open in 60 min. Sleeping...
2026-07-05 08:49:51,900  INFO      Market closed. Next open in 60 min. Sleeping...
2026-07-05 09:49:52,094  INFO      Market closed. Next open in 60 min. Sleeping...
2026-07-05 10:49:52,290  INFO      Market closed. Next open in 60 min. Sleeping...
2026-07-05 11:49:52,505  INFO      Market closed. Next open in 60 min. Sleeping...
2026-07-05 12:49:52,696  INFO      Market closed. Next open in 60 min. Sleeping...
2026-07-05 13:49:52,882  INFO      Market closed. Next open in 60 min. Sleeping...
2026-07-05 14:49:53,070  INFO      Market closed. Next open in 60 min. Sleeping...
2026-07-05 15:49:53,263  INFO      Market closed. Next open in 60 min. Sleeping...
2026-07-05 16:49:53,467  INFO      Market closed. Next open in 60 min. Sleeping...
2026-07-05 17:14:29,966  INFO      [NVDA] Process started  PID=40304
2026-07-05 17:14:31,092  INFO      [NVDA] Config loaded — max alloc 35%  stop 2.0%
2026-07-05 17:14:31,092  INFO      [BOT] Alpaca GA Trading Bot starting up
2026-07-05 17:14:31,093  INFO         Mode    : PAPER
2026-07-05 17:14:31,093  INFO         Ticker  : NVDA
2026-07-05 17:14:31,093  INFO         Chromosome : NVDA_best_chromosome.csv
2026-07-05 17:14:31,094  INFO      Alpaca clients initialised  [[PAPER] PAPER MODE]
2026-07-05 17:14:31,103  INFO      Chromosome loaded from NVDA_best_chromosome.csv  (24 genes)
2026-07-05 17:14:31,298  INFO      Market closed. Next open in 60 min. Sleeping...
2026-07-05 17:17:25,021  INFO      Bot stopped by user (KeyboardInterrupt)
2026-07-05 17:17:25,025  INFO      [NVDA] Process exiting
2026-07-05 17:18:53,069  INFO      [NVDA] Process started  PID=56132
2026-07-05 17:18:54,192  INFO      [NVDA] Config loaded — max alloc 35%  stop 2.0%
2026-07-05 17:18:54,192  INFO      [BOT] Alpaca GA Trading Bot starting up
2026-07-05 17:18:54,193  INFO         Mode    : PAPER
2026-07-05 17:18:54,193  INFO         Ticker  : NVDA
2026-07-05 17:18:54,193  INFO         Chromosome : NVDA_best_chromosome.csv
2026-07-05 17:18:54,194  INFO      Alpaca clients initialised  [[PAPER] PAPER MODE]
2026-07-05 17:18:54,196  INFO      Chromosome loaded from NVDA_best_chromosome.csv  (24 genes)
2026-07-05 17:18:54,391  INFO      Market closed. Next open in 60 min. Sleeping...
2026-07-05 18:18:54,598  INFO      Market closed. Next open in 60 min. Sleeping...
2026-07-05 18:26:31,808  INFO      [NVDA] Process started  PID=41032
2026-07-05 18:26:32,920  INFO      [NVDA] Config loaded — max alloc 35%  stop 2.0%
2026-07-05 18:26:32,920  INFO      [BOT] Alpaca GA Trading Bot starting up
2026-07-05 18:26:32,920  INFO         Mode    : PAPER
2026-07-05 18:26:32,920  INFO         Ticker  : NVDA
2026-07-05 18:26:32,920  INFO         Chromosome : NVDA_best_chromosome.csv
2026-07-05 18:26:32,922  INFO      Alpaca clients initialised  [[PAPER] PAPER MODE]
2026-07-05 18:26:32,924  INFO      Chromosome loaded from NVDA_best_chromosome.csv  (24 genes)
2026-07-05 18:26:33,114  INFO      Market closed. Next open in 60 min. Sleeping...
2026-07-05 18:35:20,073  INFO      [NVDA] Process started  PID=56900
2026-07-05 18:35:21,288  INFO      [NVDA] Config loaded — max alloc 35%  stop 2.0%
2026-07-05 18:35:21,289  INFO      [BOT] Alpaca GA Trading Bot starting up
2026-07-05 18:35:21,289  INFO         Mode    : PAPER
2026-07-05 18:35:21,289  INFO         Ticker  : NVDA
2026-07-05 18:35:21,289  INFO         Chromosome : NVDA_best_chromosome.csv
2026-07-05 18:35:21,291  INFO      Alpaca clients initialised  [[PAPER] PAPER MODE]
2026-07-05 18:35:21,292  INFO      Chromosome loaded from NVDA_best_chromosome.csv  (24 genes)
2026-07-05 18:35:21,477  INFO      Market closed. Next open in 60 min. Sleeping...
2026-07-05 19:35:21,682  INFO      Market closed. Next open in 60 min. Sleeping...
2026-07-05 20:35:21,869  INFO      Market closed. Next open in 60 min. Sleeping...
2026-07-05 21:35:22,050  INFO      Market closed. Next open in 60 min. Sleeping...
2026-07-05 22:35:22,240  INFO      Market closed. Next open in 60 min. Sleeping...
2026-07-05 23:35:22,433  INFO      Market closed. Next open in 60 min. Sleeping...
2026-07-05 23:46:25,562  INFO      [NVDA] Process started  PID=61452
2026-07-05 23:46:26,706  INFO      [NVDA] Config loaded — max alloc 35%  stop 2.0%
2026-07-05 23:46:26,707  INFO      [BOT] Alpaca GA Trading Bot starting up
2026-07-05 23:46:26,707  INFO         Mode    : PAPER
2026-07-05 23:46:26,707  INFO         Ticker  : NVDA
2026-07-05 23:46:26,707  INFO         Chromosome : NVDA_best_chromosome.csv
2026-07-05 23:46:26,709  INFO      Alpaca clients initialised  [[PAPER] PAPER MODE]
2026-07-05 23:46:26,718  INFO      Chromosome loaded from NVDA_best_chromosome.csv  (24 genes)
2026-07-05 23:46:26,915  INFO      Market closed. Next open in 60 min. Sleeping...
2026-07-06 00:46:27,125  INFO      Market closed. Next open in 60 min. Sleeping...
2026-07-06 01:46:27,313  INFO      Market closed. Next open in 60 min. Sleeping...
2026-07-06 02:46:27,511  INFO      Market closed. Next open in 60 min. Sleeping...
2026-07-06 03:46:27,698  INFO      Market closed. Next open in 60 min. Sleeping...
2026-07-06 04:46:29,100  INFO      Market closed. Next open in 60 min. Sleeping...
2026-07-06 05:46:29,315  INFO      Market closed. Next open in 60 min. Sleeping...
2026-07-06 06:46:29,500  INFO      Market closed. Next open in 44 min. Sleeping...
2026-07-06 07:30:05,653  INFO      Market open — waiting 300s before first signal...
2026-07-06 07:35:05,653  INFO      =======================================================
2026-07-06 07:35:05,659  INFO      Daily signal run  [2026-07-06 07:35]
2026-07-06 07:35:05,659  INFO      =======================================================
2026-07-06 07:35:07,552  INFO      Fetched 70 bars for NVDA  (2026-03-25 → 2026-07-06)
2026-07-06 07:35:07,915  INFO      Signal: SELL/HOLD  |  Confidence: 0.259
2026-07-06 07:35:08,238  INFO      Portfolio value : $100,408.78
2026-07-06 07:35:08,238  INFO      Current price   : $194.75
2026-07-06 07:35:08,238  INFO      Open position   : None
2026-07-06 07:35:08,239  INFO      Confidence 0.259 below threshold 0.3 — skipping trade
2026-07-06 07:35:08,239  INFO      Signal check complete. Sleeping 5 minutes until next check.
2026-07-06 07:40:08,441  INFO      Market open — waiting 300s before first signal...
2026-07-06 07:45:08,443  INFO      =======================================================
2026-07-06 07:45:08,450  INFO      Daily signal run  [2026-07-06 07:45]
2026-07-06 07:45:08,450  INFO      =======================================================
2026-07-06 07:45:08,896  INFO      Fetched 70 bars for NVDA  (2026-03-25 → 2026-07-06)
2026-07-06 07:45:09,106  INFO      Signal: SELL/HOLD  |  Confidence: 0.328
2026-07-06 07:45:09,236  INFO      Portfolio value : $100,411.37
2026-07-06 07:45:09,237  INFO      Current price   : $195.45
2026-07-06 07:45:09,237  INFO      Open position   : None
2026-07-06 07:45:09,237  INFO      Position size: 76 shares  (confidence=0.328, alloc=14.8%, $14,906 of $100,411)
2026-07-06 07:45:09,237  INFO      Opening SHORT position: 76 x NVDA
2026-07-06 07:45:09,309  INFO      [OK] SELL SHORT order submitted: 76 x NVDA  [id=ca274555-3350-4010-92f7-1620a0facc88]
2026-07-06 07:45:14,381  INFO      Monitoring NVDA  |  entry=195.34  stop=191.43  target=203.15
2026-07-06 07:46:14,623  INFO        NVDA [short] price=195.08  stop=199.25  trailing=198.01  target=187.53  P&L=+17.48
2026-07-06 07:47:15,028  INFO        NVDA [short] price=194.70  stop=199.25  trailing=197.62  target=187.53  P&L=+50.92
2026-07-06 07:48:15,317  INFO        NVDA [short] price=194.90  stop=199.25  trailing=197.62  target=187.53  P&L=+33.78
2026-07-06 07:49:15,547  INFO        NVDA [short] price=195.17  stop=199.25  trailing=197.62  target=187.53  P&L=+14.54
2026-07-06 07:50:15,745  INFO        NVDA [short] price=195.01  stop=199.25  trailing=197.62  target=187.53  P&L=+23.56
2026-07-06 07:51:15,955  INFO        NVDA [short] price=195.48  stop=199.25  trailing=197.62  target=187.53  P&L=-11.40
2026-07-06 07:52:16,169  INFO        NVDA [short] price=195.23  stop=199.25  trailing=197.62  target=187.53  P&L=+7.60
2026-07-06 07:53:16,377  INFO        NVDA [short] price=195.48  stop=199.25  trailing=197.62  target=187.53  P&L=-9.50
2026-07-06 07:54:16,608  INFO        NVDA [short] price=195.65  stop=199.25  trailing=197.62  target=187.53  P&L=-26.22
2026-07-06 07:55:16,903  INFO        NVDA [short] price=196.03  stop=199.25  trailing=197.62  target=187.53  P&L=-55.69
2026-07-06 07:56:17,230  INFO        NVDA [short] price=196.46  stop=199.25  trailing=197.62  target=187.53  P&L=-86.62
2026-07-06 07:57:17,479  INFO        NVDA [short] price=196.27  stop=199.25  trailing=197.62  target=187.53  P&L=-73.34
2026-07-06 07:58:17,735  INFO        NVDA [short] price=196.28  stop=199.25  trailing=197.62  target=187.53  P&L=-70.68
2026-07-06 07:59:17,931  INFO        NVDA [short] price=196.31  stop=199.25  trailing=197.62  target=187.53  P&L=-73.72
2026-07-06 08:00:18,146  INFO        NVDA [short] price=196.33  stop=199.25  trailing=197.62  target=187.53  P&L=-68.40
2026-07-06 08:01:18,373  INFO        NVDA [short] price=196.59  stop=199.25  trailing=197.62  target=187.53  P&L=-95.76
2026-07-06 08:02:18,581  INFO        NVDA [short] price=196.40  stop=199.25  trailing=197.62  target=187.53  P&L=-81.70
2026-07-06 08:03:18,831  INFO        NVDA [short] price=196.33  stop=199.25  trailing=197.62  target=187.53  P&L=-71.43
2026-07-06 08:04:19,047  INFO        NVDA [short] price=196.16  stop=199.25  trailing=197.62  target=187.53  P&L=-64.22
2026-07-06 08:05:19,305  INFO        NVDA [short] price=196.29  stop=199.25  trailing=197.62  target=187.53  P&L=-75.62
2026-07-06 08:06:19,534  INFO        NVDA [short] price=196.90  stop=199.25  trailing=197.62  target=187.53  P&L=-119.32
2026-07-06 08:07:19,778  INFO        NVDA [short] price=196.16  stop=199.25  trailing=197.62  target=187.53  P&L=-60.80
2026-07-06 08:08:20,013  INFO        NVDA [short] price=196.52  stop=199.25  trailing=197.62  target=187.53  P&L=-88.92
2026-07-06 08:09:20,221  INFO        NVDA [short] price=197.18  stop=199.25  trailing=197.62  target=187.53  P&L=-141.36
2026-07-06 08:10:20,440  INFO        NVDA [short] price=197.01  stop=199.25  trailing=197.62  target=187.53  P&L=-123.12
2026-07-06 08:11:20,686  INFO        NVDA [short] price=196.98  stop=199.25  trailing=197.62  target=187.53  P&L=-122.37
2026-07-06 08:12:20,940  INFO        NVDA [short] price=196.73  stop=199.25  trailing=197.62  target=187.53  P&L=-104.12
2026-07-06 08:13:21,161  INFO        NVDA [short] price=196.53  stop=199.25  trailing=197.62  target=187.53  P&L=-90.44
2026-07-06 08:14:21,412  INFO        NVDA [short] price=196.82  stop=199.25  trailing=197.62  target=187.53  P&L=-110.97
2026-07-06 08:15:21,638  INFO        NVDA [short] price=196.65  stop=199.25  trailing=197.62  target=187.53  P&L=-99.56
2026-07-06 08:16:21,903  INFO        NVDA [short] price=196.62  stop=199.25  trailing=197.62  target=187.53  P&L=-96.90
2026-07-06 08:17:22,117  INFO        NVDA [short] price=196.57  stop=199.25  trailing=197.62  target=187.53  P&L=-93.48
2026-07-06 08:18:22,330  INFO        NVDA [short] price=196.56  stop=199.25  trailing=197.62  target=187.53  P&L=-93.82
2026-07-06 08:19:22,557  INFO        NVDA [short] price=196.43  stop=199.25  trailing=197.62  target=187.53  P&L=-83.60
2026-07-06 08:20:22,802  INFO        NVDA [short] price=196.34  stop=199.25  trailing=197.62  target=187.53  P&L=-74.87
2026-07-06 08:21:23,146  INFO        NVDA [short] price=196.25  stop=199.25  trailing=197.62  target=187.53  P&L=-68.40
2026-07-06 08:22:23,381  INFO        NVDA [short] price=196.24  stop=199.25  trailing=197.62  target=187.53  P&L=-69.91
2026-07-06 08:23:23,587  INFO        NVDA [short] price=196.34  stop=199.25  trailing=197.62  target=187.53  P&L=-75.24
2026-07-06 08:24:23,842  INFO        NVDA [short] price=196.33  stop=199.25  trailing=197.62  target=187.53  P&L=-75.24
2026-07-06 08:25:24,104  INFO        NVDA [short] price=196.58  stop=199.25  trailing=197.62  target=187.53  P&L=-93.48
2026-07-06 08:26:24,394  INFO        NVDA [short] price=196.46  stop=199.25  trailing=197.62  target=187.53  P&L=-84.36
2026-07-06 08:27:24,649  INFO        NVDA [short] price=196.43  stop=199.25  trailing=197.62  target=187.53  P&L=-82.46
2026-07-06 08:28:24,930  INFO        NVDA [short] price=196.47  stop=199.25  trailing=197.62  target=187.53  P&L=-85.80
2026-07-06 08:29:25,184  INFO        NVDA [short] price=196.47  stop=199.25  trailing=197.62  target=187.53  P&L=-84.74
2026-07-06 08:30:25,441  INFO        NVDA [short] price=196.60  stop=199.25  trailing=197.62  target=187.53  P&L=-96.14
2026-07-06 08:31:25,776  INFO        NVDA [short] price=196.49  stop=199.25  trailing=197.62  target=187.53  P&L=-83.60
2026-07-06 08:32:26,038  INFO        NVDA [short] price=196.43  stop=199.25  trailing=197.62  target=187.53  P&L=-82.84
2026-07-06 08:33:26,267  INFO        NVDA [short] price=196.43  stop=199.25  trailing=197.62  target=187.53  P&L=-81.38
2026-07-06 08:34:26,483  INFO        NVDA [short] price=196.46  stop=199.25  trailing=197.62  target=187.53  P&L=-83.98
2026-07-06 08:35:26,726  INFO        NVDA [short] price=196.54  stop=199.25  trailing=197.62  target=187.53  P&L=-89.68
2026-07-06 08:36:26,954  INFO        NVDA [short] price=196.72  stop=199.25  trailing=197.62  target=187.53  P&L=-104.88
2026-07-06 08:37:27,203  INFO        NVDA [short] price=196.40  stop=199.25  trailing=197.62  target=187.53  P&L=-80.56
2026-07-06 08:38:27,446  INFO        NVDA [short] price=196.43  stop=199.25  trailing=197.62  target=187.53  P&L=-84.36
2026-07-06 08:39:27,707  INFO        NVDA [short] price=196.41  stop=199.25  trailing=197.62  target=187.53  P&L=-81.53
2026-07-06 08:40:27,967  INFO        NVDA [short] price=196.21  stop=199.25  trailing=197.62  target=187.53  P&L=-66.11
2026-07-06 08:41:28,252  INFO        NVDA [short] price=196.18  stop=199.25  trailing=197.62  target=187.53  P&L=-63.84
2026-07-06 08:42:28,531  INFO        NVDA [short] price=196.01  stop=199.25  trailing=197.62  target=187.53  P&L=-52.06
2026-07-06 08:43:28,766  INFO        NVDA [short] price=196.26  stop=199.25  trailing=197.62  target=187.53  P&L=-69.92
2026-07-06 08:44:28,986  INFO        NVDA [short] price=196.59  stop=199.25  trailing=197.62  target=187.53  P&L=-95.00
2026-07-06 08:45:29,344  INFO        NVDA [short] price=196.61  stop=199.25  trailing=197.62  target=187.53  P&L=-96.52
2026-07-06 08:46:29,745  INFO        NVDA [short] price=196.55  stop=199.25  trailing=197.62  target=187.53  P&L=-90.44
2026-07-06 08:47:29,992  INFO        NVDA [short] price=196.35  stop=199.25  trailing=197.62  target=187.53  P&L=-76.76
2026-07-06 08:48:30,213  INFO        NVDA [short] price=196.16  stop=199.25  trailing=197.62  target=187.53  P&L=-62.32
2026-07-06 08:49:30,476  INFO        NVDA [short] price=196.16  stop=199.25  trailing=197.62  target=187.53  P&L=-62.32
2026-07-06 08:50:30,722  INFO        NVDA [short] price=196.13  stop=199.25  trailing=197.62  target=187.53  P&L=-60.04
2026-07-06 08:51:30,983  INFO        NVDA [short] price=196.23  stop=199.25  trailing=197.62  target=187.53  P&L=-67.26
2026-07-06 08:52:31,239  INFO        NVDA [short] price=196.11  stop=199.25  trailing=197.62  target=187.53  P&L=-59.28
2026-07-06 08:53:31,441  INFO        NVDA [short] price=196.05  stop=199.25  trailing=197.62  target=187.53  P&L=-54.72
2026-07-06 08:54:31,668  INFO        NVDA [short] price=196.19  stop=199.25  trailing=197.62  target=187.53  P&L=-65.64
2026-07-06 08:55:31,898  INFO        NVDA [short] price=195.96  stop=199.25  trailing=197.62  target=187.53  P&L=-48.64
2026-07-06 08:56:32,142  INFO        NVDA [short] price=195.78  stop=199.25  trailing=197.62  target=187.53  P&L=-33.44
2026-07-06 08:57:32,400  INFO        NVDA [short] price=195.80  stop=199.25  trailing=197.62  target=187.53  P&L=-34.96
2026-07-06 08:58:32,679  INFO        NVDA [short] price=195.84  stop=199.25  trailing=197.62  target=187.53  P&L=-38.00
2026-07-06 08:59:32,911  INFO        NVDA [short] price=195.95  stop=199.25  trailing=197.62  target=187.53  P&L=-45.60
2026-07-06 09:00:33,220  INFO        NVDA [short] price=195.81  stop=199.25  trailing=197.62  target=187.53  P&L=-35.72
2026-07-06 09:01:33,448  INFO        NVDA [short] price=195.89  stop=199.25  trailing=197.62  target=187.53  P&L=-42.56
2026-07-06 09:02:33,696  INFO        NVDA [short] price=195.90  stop=199.25  trailing=197.62  target=187.53  P&L=-43.32
2026-07-06 09:03:33,931  INFO        NVDA [short] price=195.86  stop=199.25  trailing=197.62  target=187.53  P&L=-39.52
2026-07-06 09:04:34,156  INFO        NVDA [short] price=195.96  stop=199.25  trailing=197.62  target=187.53  P&L=-47.87
2026-07-06 09:05:34,411  INFO        NVDA [short] price=195.74  stop=199.25  trailing=197.62  target=187.53  P&L=-31.16
2026-07-06 09:06:34,621  INFO        NVDA [short] price=195.96  stop=199.25  trailing=197.62  target=187.53  P&L=-47.12
2026-07-06 09:07:34,839  INFO        NVDA [short] price=195.93  stop=199.25  trailing=197.62  target=187.53  P&L=-48.64
2026-07-06 09:08:35,099  INFO        NVDA [short] price=195.64  stop=199.25  trailing=197.62  target=187.53  P&L=-22.04
2026-07-06 09:09:35,355  INFO        NVDA [short] price=195.92  stop=199.25  trailing=197.62  target=187.53  P&L=-44.08
2026-07-06 09:10:35,566  INFO        NVDA [short] price=195.87  stop=199.25  trailing=197.62  target=187.53  P&L=-40.28
2026-07-06 09:11:35,798  INFO        NVDA [short] price=195.80  stop=199.25  trailing=197.62  target=187.53  P&L=-33.44
2026-07-06 09:12:36,044  INFO        NVDA [short] price=195.80  stop=199.25  trailing=197.62  target=187.53  P&L=-34.20
2026-07-06 09:13:36,286  INFO        NVDA [short] price=195.66  stop=199.25  trailing=197.62  target=187.53  P&L=-25.08
2026-07-06 09:14:36,515  INFO        NVDA [short] price=195.73  stop=199.25  trailing=197.62  target=187.53  P&L=-29.64
2026-07-06 09:15:36,768  INFO        NVDA [short] price=195.68  stop=199.25  trailing=197.62  target=187.53  P&L=-26.60
2026-07-06 09:16:37,019  INFO        NVDA [short] price=195.54  stop=199.25  trailing=197.62  target=187.53  P&L=-14.44
2026-07-06 09:17:37,264  INFO        NVDA [short] price=195.47  stop=199.25  trailing=197.62  target=187.53  P&L=-12.16
2026-07-06 09:18:37,506  INFO        NVDA [short] price=195.47  stop=199.25  trailing=197.62  target=187.53  P&L=-9.88
2026-07-06 09:19:37,751  INFO        NVDA [short] price=195.58  stop=199.25  trailing=197.62  target=187.53  P&L=-18.24
2026-07-06 09:20:38,046  INFO        NVDA [short] price=195.72  stop=199.25  trailing=197.62  target=187.53  P&L=-30.02
2026-07-06 09:21:38,302  INFO        NVDA [short] price=195.71  stop=199.25  trailing=197.62  target=187.53  P&L=-28.88
2026-07-06 09:22:38,541  INFO        NVDA [short] price=195.77  stop=199.25  trailing=197.62  target=187.53  P&L=-31.91
2026-07-06 09:23:38,781  INFO        NVDA [short] price=195.71  stop=199.25  trailing=197.62  target=187.53  P&L=-29.64
2026-07-06 09:24:39,098  INFO        NVDA [short] price=195.91  stop=199.25  trailing=197.62  target=187.53  P&L=-42.56
2026-07-06 09:25:39,316  INFO        NVDA [short] price=195.90  stop=199.25  trailing=197.62  target=187.53  P&L=-44.08
2026-07-06 09:26:39,534  INFO        NVDA [short] price=196.21  stop=199.25  trailing=197.62  target=187.53  P&L=-66.88
2026-07-06 09:27:39,763  INFO        NVDA [short] price=196.35  stop=199.25  trailing=197.62  target=187.53  P&L=-76.76
2026-07-06 09:28:40,012  INFO        NVDA [short] price=196.34  stop=199.25  trailing=197.62  target=187.53  P&L=-75.24
2026-07-06 09:29:40,233  INFO        NVDA [short] price=196.49  stop=199.25  trailing=197.62  target=187.53  P&L=-87.40
2026-07-06 09:30:40,474  INFO        NVDA [short] price=196.44  stop=199.25  trailing=197.62  target=187.53  P&L=-82.84
2026-07-06 09:31:40,865  INFO        NVDA [short] price=196.32  stop=199.25  trailing=197.62  target=187.53  P&L=-73.72
2026-07-06 09:32:41,116  INFO        NVDA [short] price=196.30  stop=199.25  trailing=197.62  target=187.53  P&L=-72.96
2026-07-06 09:33:41,356  INFO        NVDA [short] price=196.34  stop=199.25  trailing=197.62  target=187.53  P&L=-75.24
2026-07-06 09:34:41,620  INFO        NVDA [short] price=196.34  stop=199.25  trailing=197.62  target=187.53  P&L=-75.62
2026-07-06 09:35:41,882  INFO        NVDA [short] price=196.33  stop=199.25  trailing=197.62  target=187.53  P&L=-75.24
2026-07-06 09:36:42,133  INFO        NVDA [short] price=196.37  stop=199.25  trailing=197.62  target=187.53  P&L=-78.66
2026-07-06 09:37:42,333  INFO        NVDA [short] price=196.47  stop=199.25  trailing=197.62  target=187.53  P&L=-86.64
2026-07-06 09:38:42,589  INFO        NVDA [short] price=196.43  stop=199.25  trailing=197.62  target=187.53  P&L=-82.46
2026-07-06 09:39:42,824  INFO        NVDA [short] price=196.41  stop=199.25  trailing=197.62  target=187.53  P&L=-80.56
2026-07-06 09:40:43,050  INFO        NVDA [short] price=196.21  stop=199.25  trailing=197.62  target=187.53  P&L=-67.26
2026-07-06 09:41:43,303  INFO        NVDA [short] price=196.32  stop=199.25  trailing=197.62  target=187.53  P&L=-74.49
2026-07-06 09:42:43,736  INFO        NVDA [short] price=196.24  stop=199.25  trailing=197.62  target=187.53  P&L=-68.40
2026-07-06 09:43:43,945  INFO        NVDA [short] price=196.26  stop=199.25  trailing=197.62  target=187.53  P&L=-70.30
2026-07-06 09:44:44,258  INFO        NVDA [short] price=196.18  stop=199.25  trailing=197.62  target=187.53  P&L=-63.84
2026-07-06 09:45:44,521  INFO        NVDA [short] price=196.20  stop=199.25  trailing=197.62  target=187.53  P&L=-66.88
2026-07-06 09:46:44,758  INFO        NVDA [short] price=196.24  stop=199.25  trailing=197.62  target=187.53  P&L=-68.40
2026-07-06 09:47:45,112  INFO        NVDA [short] price=196.28  stop=199.25  trailing=197.62  target=187.53  P&L=-71.45
2026-07-06 09:48:45,342  INFO        NVDA [short] price=196.21  stop=199.25  trailing=197.62  target=187.53  P&L=-67.26
2026-07-06 09:49:45,575  INFO        NVDA [short] price=196.28  stop=199.25  trailing=197.62  target=187.53  P&L=-73.72
2026-07-06 09:50:45,790  INFO        NVDA [short] price=196.42  stop=199.25  trailing=197.62  target=187.53  P&L=-82.08
2026-07-06 09:51:46,053  INFO        NVDA [short] price=196.28  stop=199.25  trailing=197.62  target=187.53  P&L=-70.30
2026-07-06 09:52:46,311  INFO        NVDA [short] price=196.15  stop=199.25  trailing=197.62  target=187.53  P&L=-61.94
2026-07-06 09:53:46,543  INFO        NVDA [short] price=196.15  stop=199.25  trailing=197.62  target=187.53  P&L=-62.70
2026-07-06 09:54:46,752  INFO        NVDA [short] price=196.17  stop=199.25  trailing=197.62  target=187.53  P&L=-63.84
2026-07-06 09:55:47,039  INFO        NVDA [short] price=196.23  stop=199.25  trailing=197.62  target=187.53  P&L=-65.36
2026-07-06 09:56:47,243  INFO        NVDA [short] price=196.29  stop=199.25  trailing=197.62  target=187.53  P&L=-71.97
2026-07-06 09:57:47,503  INFO        NVDA [short] price=196.26  stop=199.25  trailing=197.62  target=187.53  P&L=-69.92
2026-07-06 09:58:47,745  INFO        NVDA [short] price=196.33  stop=199.25  trailing=197.62  target=187.53  P&L=-73.72
2026-07-06 09:59:47,956  INFO        NVDA [short] price=196.36  stop=199.25  trailing=197.62  target=187.53  P&L=-77.52
2026-07-06 10:00:48,230  INFO        NVDA [short] price=196.43  stop=199.25  trailing=197.62  target=187.53  P&L=-82.09
2026-07-06 10:01:48,494  INFO        NVDA [short] price=196.49  stop=199.25  trailing=197.62  target=187.53  P&L=-87.78
2026-07-06 10:02:48,800  INFO        NVDA [short] price=196.46  stop=199.25  trailing=197.62  target=187.53  P&L=-85.12
2026-07-06 10:03:49,029  INFO        NVDA [short] price=196.43  stop=199.25  trailing=197.62  target=187.53  P&L=-82.84
2026-07-06 10:04:49,248  INFO        NVDA [short] price=196.41  stop=199.25  trailing=197.62  target=187.53  P&L=-80.91
2026-07-06 10:05:49,494  INFO        NVDA [short] price=196.44  stop=199.25  trailing=197.62  target=187.53  P&L=-83.98
2026-07-06 10:06:49,758  INFO        NVDA [short] price=196.57  stop=199.25  trailing=197.62  target=187.53  P&L=-93.48
2026-07-06 10:07:50,085  INFO        NVDA [short] price=196.64  stop=199.25  trailing=197.62  target=187.53  P&L=-98.04
2026-07-06 10:08:50,356  INFO        NVDA [short] price=196.49  stop=199.25  trailing=197.62  target=187.53  P&L=-88.92
2026-07-06 10:09:50,599  INFO        NVDA [short] price=196.61  stop=199.25  trailing=197.62  target=187.53  P&L=-95.76
2026-07-06 10:10:50,840  INFO        NVDA [short] price=197.03  stop=199.25  trailing=197.62  target=187.53  P&L=-128.44
2026-07-06 10:11:51,091  INFO        NVDA [short] price=196.94  stop=199.25  trailing=197.62  target=187.53  P&L=-121.60
2026-07-06 10:12:51,635  INFO        NVDA [short] price=197.11  stop=199.25  trailing=197.62  target=187.53  P&L=-134.31
2026-07-06 10:13:51,911  INFO        NVDA [short] price=197.27  stop=199.25  trailing=197.62  target=187.53  P&L=-148.96
2026-07-06 10:14:52,119  INFO        NVDA [short] price=197.24  stop=199.25  trailing=197.62  target=187.53  P&L=-144.40
2026-07-06 10:15:52,386  INFO        NVDA [short] price=197.30  stop=199.25  trailing=197.62  target=187.53  P&L=-152.38
2026-07-06 10:16:52,640  INFO        NVDA [short] price=197.30  stop=199.25  trailing=197.62  target=187.53  P&L=-148.96
2026-07-06 10:17:52,904  INFO        NVDA [short] price=197.16  stop=199.25  trailing=197.62  target=187.53  P&L=-139.08
2026-07-06 10:18:53,403  INFO        NVDA [short] price=197.21  stop=199.25  trailing=197.62  target=187.53  P&L=-142.12
2026-07-06 10:19:53,645  INFO        NVDA [short] price=197.16  stop=199.25  trailing=197.62  target=187.53  P&L=-138.32
2026-07-06 10:20:53,852  INFO        NVDA [short] price=197.30  stop=199.25  trailing=197.62  target=187.53  P&L=-148.92
2026-07-06 10:21:54,101  INFO        NVDA [short] price=197.22  stop=199.25  trailing=197.62  target=187.53  P&L=-143.63
2026-07-06 10:22:54,338  INFO        NVDA [short] price=197.20  stop=199.25  trailing=197.62  target=187.53  P&L=-142.87
2026-07-06 10:23:54,575  INFO        NVDA [short] price=197.06  stop=199.25  trailing=197.62  target=187.53  P&L=-130.72
2026-07-06 10:24:54,823  INFO        NVDA [short] price=197.12  stop=199.25  trailing=197.62  target=187.53  P&L=-138.32
2026-07-06 10:25:55,054  INFO        NVDA [short] price=197.12  stop=199.25  trailing=197.62  target=187.53  P&L=-136.80
2026-07-06 10:26:55,314  INFO        NVDA [short] price=197.03  stop=199.25  trailing=197.62  target=187.53  P&L=-126.92
2026-07-06 10:27:55,560  INFO        NVDA [short] price=197.05  stop=199.25  trailing=197.62  target=187.53  P&L=-131.48
2026-07-06 10:28:55,798  INFO        NVDA [short] price=196.96  stop=199.25  trailing=197.62  target=187.53  P&L=-122.36
2026-07-06 10:29:44,299  INFO      Bot stopped by user (KeyboardInterrupt)
2026-07-06 10:29:44,303  INFO      [NVDA] Process exiting
2026-07-06 10:29:55,608  INFO      [NVDA] Process started  PID=69416
2026-07-06 10:29:55,610  INFO      [NVDA] Config loaded — max alloc 35%  stop 2.0%
2026-07-06 10:29:55,611  INFO      [BOT] Alpaca GA Trading Bot starting up
2026-07-06 10:29:55,611  INFO         Mode    : PAPER
2026-07-06 10:29:55,611  INFO         Ticker  : NVDA
2026-07-06 10:29:55,611  INFO         Chromosome : NVDA_best_chromosome.csv
2026-07-06 10:29:55,611  INFO      Alpaca clients initialised  [[PAPER] PAPER MODE]
2026-07-06 10:29:55,623  INFO      Chromosome loaded from NVDA_best_chromosome.csv  (24 genes)
2026-07-06 10:29:55,922  INFO      Market open — waiting 300s before first signal...
2026-07-06 10:33:34,806  INFO      Bot stopped by user (KeyboardInterrupt)
2026-07-06 10:33:34,810  INFO      [NVDA] Process exiting
2026-07-06 10:33:54,495  INFO      [NVDA] Process started  PID=64408
2026-07-06 10:33:54,497  INFO      [NVDA] Config loaded — max alloc 35%  stop 2.0%
2026-07-06 10:33:54,497  INFO      [BOT] Alpaca GA Trading Bot starting up
2026-07-06 10:33:54,497  INFO         Mode    : PAPER
2026-07-06 10:33:54,497  INFO         Ticker  : NVDA
2026-07-06 10:33:54,497  INFO         Chromosome : NVDA_best_chromosome.csv
2026-07-06 10:33:54,498  INFO      Alpaca clients initialised  [[PAPER] PAPER MODE]
2026-07-06 10:33:54,499  INFO      Chromosome loaded from NVDA_best_chromosome.csv  (24 genes)
2026-07-06 10:33:54,683  INFO      Market open — waiting 300s before first signal...
2026-07-06 10:38:54,684  INFO      =======================================================
2026-07-06 10:38:54,684  INFO      Daily signal run  [2026-07-06 10:38]
2026-07-06 10:38:54,684  INFO      =======================================================
2026-07-06 10:38:55,261  INFO      Fetched 70 bars for NVDA  (2026-03-25 → 2026-07-06)
2026-07-06 10:38:55,456  INFO      Signal: SELL/HOLD  |  Confidence: 0.328
2026-07-06 10:38:55,595  INFO      Portfolio value : $100,340.30
2026-07-06 10:38:55,595  INFO      Current price   : $196.65
2026-07-06 10:38:55,596  INFO      Open position   : {'qty': 76, 'side': 'short', 'entry_price': 195.34, 'market_value': -14949.58, 'unrealised_pl': -103.74}
2026-07-06 10:38:55,596  INFO      SELL signal — already short, monitoring existing position
2026-07-06 10:38:55,596  INFO      Monitoring NVDA  |  entry=195.34  stop=191.43  target=203.15
2026-07-06 10:39:55,868  INFO        NVDA [short] price=196.88  stop=199.25  trailing=195.34  target=187.53  P&L=-115.52
2026-07-06 10:39:55,869  WARNING   [STOP] SHORT TRAILING STOP at 196.88
2026-07-06 10:39:55,943  INFO      [CLOSE] BUY TO COVER (trailing-stop): 76 x NVDA  [id=61220792-5aa4-4879-a2b9-8990356e1150]
2026-07-06 10:39:55,943  INFO      Signal check complete. Sleeping 5 minutes until next check.
2026-07-06 10:44:56,145  INFO      Market open — waiting 300s before first signal...
2026-07-06 10:49:56,146  INFO      =======================================================
2026-07-06 10:49:56,146  INFO      Daily signal run  [2026-07-06 10:49]
2026-07-06 10:49:56,147  INFO      =======================================================
2026-07-06 10:49:56,667  INFO      Fetched 70 bars for NVDA  (2026-03-25 → 2026-07-06)
2026-07-06 10:49:56,897  INFO      Signal: SELL/HOLD  |  Confidence: 0.328
2026-07-06 10:49:57,022  INFO      Portfolio value : $100,365.84
2026-07-06 10:49:57,022  INFO      Current price   : $196.69
2026-07-06 10:49:57,022  INFO      Open position   : None
2026-07-06 10:49:57,022  INFO      Position size: 75 shares  (confidence=0.328, alloc=14.8%, $14,899 of $100,366)
2026-07-06 10:49:57,022  INFO      Opening SHORT position: 75 x NVDA
2026-07-06 10:49:57,091  INFO      [OK] SELL SHORT order submitted: 75 x NVDA  [id=c4cfcc97-1a99-4658-bc59-ea4aa5b9835b]
2026-07-06 10:50:02,185  INFO      Monitoring NVDA  |  entry=196.69  stop=192.76  target=204.56
2026-07-06 10:51:02,406  INFO        NVDA [short] price=196.63  stop=200.62  trailing=199.58  target=188.82  P&L=+4.50
2026-07-06 10:52:02,726  INFO        NVDA [short] price=196.53  stop=200.62  trailing=199.48  target=188.82  P&L=+11.95
2026-07-06 10:53:03,010  INFO        NVDA [short] price=196.51  stop=200.62  trailing=199.46  target=188.82  P&L=+14.25
2026-07-06 10:54:03,274  INFO        NVDA [short] price=196.46  stop=200.62  trailing=199.41  target=188.82  P&L=+16.50
2026-07-06 10:55:03,852  INFO        NVDA [short] price=196.40  stop=200.62  trailing=199.35  target=188.82  P&L=+21.75
2026-07-06 10:56:04,127  INFO        NVDA [short] price=196.35  stop=200.62  trailing=199.30  target=188.82  P&L=+25.88
2026-07-06 10:57:04,362  INFO        NVDA [short] price=196.47  stop=200.62  trailing=199.30  target=188.82  P&L=+17.25
2026-07-06 10:58:04,636  INFO        NVDA [short] price=196.51  stop=200.62  trailing=199.30  target=188.82  P&L=+14.60
2026-07-06 10:59:04,881  INFO        NVDA [short] price=196.40  stop=200.62  trailing=199.30  target=188.82  P&L=+21.38
2026-07-06 11:00:05,374  INFO        NVDA [short] price=196.44  stop=200.62  trailing=199.30  target=188.82  P&L=+19.50
2026-07-06 11:01:05,633  INFO        NVDA [short] price=196.45  stop=200.62  trailing=199.30  target=188.82  P&L=+17.62
2026-07-06 11:02:05,872  INFO        NVDA [short] price=196.54  stop=200.62  trailing=199.30  target=188.82  P&L=+11.62
2026-07-06 11:03:06,146  INFO        NVDA [short] price=196.57  stop=200.62  trailing=199.30  target=188.82  P&L=+9.75
2026-07-06 11:04:06,390  INFO        NVDA [short] price=196.63  stop=200.62  trailing=199.30  target=188.82  P&L=+1.12
2026-07-06 11:05:06,621  INFO        NVDA [short] price=196.51  stop=200.62  trailing=199.30  target=188.82  P&L=+13.12
2026-07-06 11:06:06,829  INFO        NVDA [short] price=196.77  stop=200.62  trailing=199.30  target=188.82  P&L=-6.00
2026-07-06 11:07:07,108  INFO        NVDA [short] price=196.86  stop=200.62  trailing=199.30  target=188.82  P&L=-12.47
2026-07-06 11:08:07,380  INFO        NVDA [short] price=196.76  stop=200.62  trailing=199.30  target=188.82  P&L=-4.88
2026-07-06 11:09:07,617  INFO        NVDA [short] price=196.79  stop=200.62  trailing=199.30  target=188.82  P&L=-8.62
2026-07-06 11:10:07,859  INFO        NVDA [short] price=196.80  stop=200.62  trailing=199.30  target=188.82  P&L=-7.88
2026-07-06 11:11:08,132  INFO        NVDA [short] price=196.76  stop=200.62  trailing=199.30  target=188.82  P&L=-4.88
2026-07-06 11:12:08,421  INFO        NVDA [short] price=196.74  stop=200.62  trailing=199.30  target=188.82  P&L=-5.25
2026-07-06 11:13:08,675  INFO        NVDA [short] price=196.61  stop=200.62  trailing=199.30  target=188.82  P&L=+6.00
2026-07-06 11:14:08,892  INFO        NVDA [short] price=196.52  stop=200.62  trailing=199.30  target=188.82  P&L=+12.75
2026-07-06 11:15:09,147  INFO        NVDA [short] price=196.52  stop=200.62  trailing=199.30  target=188.82  P&L=+12.75
2026-07-06 11:16:09,387  INFO        NVDA [short] price=196.44  stop=200.62  trailing=199.30  target=188.82  P&L=+18.75
2026-07-06 11:17:09,650  INFO        NVDA [short] price=196.53  stop=200.62  trailing=199.30  target=188.82  P&L=+12.00
2026-07-06 11:18:07,240  INFO      Bot stopped by user (KeyboardInterrupt)
2026-07-06 11:18:07,244  INFO      [NVDA] Process exiting
2026-07-06 11:32:14,711  INFO      [NVDA] Process started  PID=45740
2026-07-06 11:32:14,713  INFO      [NVDA] Config loaded — max alloc 35%  stop 2.0%
2026-07-06 11:32:14,713  INFO      [BOT] Alpaca GA Trading Bot starting up
2026-07-06 11:32:14,713  INFO         Mode    : PAPER
2026-07-06 11:32:14,714  INFO         Ticker  : NVDA
2026-07-06 11:32:14,714  INFO         Chromosome : NVDA_best_chromosome.csv
2026-07-06 11:32:14,714  INFO      Alpaca clients initialised  [[PAPER] PAPER MODE]
2026-07-06 11:32:14,715  INFO      Chromosome loaded from NVDA_best_chromosome.csv  (24 genes)
2026-07-06 11:32:14,902  INFO      Market open — waiting 300s before first signal...
2026-07-06 11:37:14,903  INFO      =======================================================
2026-07-06 11:37:14,904  INFO      Daily signal run  [2026-07-06 11:37]
2026-07-06 11:37:14,904  INFO      =======================================================
2026-07-06 11:37:15,503  INFO      Fetched 70 bars for NVDA  (2026-03-25 → 2026-07-06)
2026-07-06 11:37:15,719  INFO      Signal: SELL/HOLD  |  Confidence: 0.328
2026-07-06 11:37:15,855  INFO      Portfolio value : $100,297.82
2026-07-06 11:37:15,855  INFO      Current price   : $195.96
2026-07-06 11:37:15,855  INFO      Open position   : {'qty': 75, 'side': 'short', 'entry_price': 196.69, 'market_value': -14695.5, 'unrealised_pl': 56.25}
2026-07-06 11:37:15,855  INFO      SELL signal — already short, monitoring existing position
2026-07-06 11:37:15,855  INFO      Monitoring NVDA  |  entry=196.69  stop=192.76  target=204.56
2026-07-06 11:38:16,079  ERROR     Unexpected error: unsupported format string passed to NoneType.__format__
Traceback (most recent call last):
  File "C:\Users\nickt\alpaca-trading-bot\alpaca_bot.py", line 621, in run_bot
    run_daily_signal(trading_client, data_client, chrom, BOT_CONFIG)
    ~~~~~~~~~~~~~~~~^^^^^^^^^^^^^^^^^^^^^^^^^^^^^^^^^^^^^^^^^^^^^^^^
  File "C:\Users\nickt\alpaca-trading-bot\alpaca_bot.py", line 575, in run_daily_signal
    monitor_position(trading_client, data_client, TICKER,
    ~~~~~~~~~~~~~~~~^^^^^^^^^^^^^^^^^^^^^^^^^^^^^^^^^^^^^
                    position['entry_price'], config, position['side'])
                    ^^^^^^^^^^^^^^^^^^^^^^^^^^^^^^^^^^^^^^^^^^^^^^^^^^
  File "C:\Users\nickt\alpaca-trading-bot\alpaca_bot.py", line 419, in monitor_position
    f"stop={stop_price:.2f}  trailing={trailing_stop:.2f}  "
                                      ^^^^^^^^^^^^^^^^^^^
TypeError: unsupported format string passed to NoneType.__format__
2026-07-06 11:38:16,080  INFO      Retrying in 5 minutes...
2026-07-06 11:43:16,385  INFO      Market open — waiting 300s before first signal...
2026-07-06 11:48:16,386  INFO      =======================================================
2026-07-06 11:48:16,387  INFO      Daily signal run  [2026-07-06 11:48]
2026-07-06 11:48:16,387  INFO      =======================================================
2026-07-06 11:48:16,774  INFO      Fetched 70 bars for NVDA  (2026-03-25 → 2026-07-06)
2026-07-06 11:48:16,982  INFO      Signal: SELL/HOLD  |  Confidence: 0.328
2026-07-06 11:48:17,111  INFO      Portfolio value : $100,344.67
2026-07-06 11:48:17,111  INFO      Current price   : $195.95
2026-07-06 11:48:17,111  INFO      Open position   : {'qty': 75, 'side': 'short', 'entry_price': 196.69, 'market_value': -14695.5, 'unrealised_pl': 56.25}
2026-07-06 11:48:17,111  INFO      SELL signal — already short, monitoring existing position
2026-07-06 11:48:17,111  INFO      Monitoring NVDA  |  entry=196.69  stop=192.76  target=204.56
2026-07-06 11:49:17,749  ERROR     Unexpected error: unsupported format string passed to NoneType.__format__
Traceback (most recent call last):
  File "C:\Users\nickt\alpaca-trading-bot\alpaca_bot.py", line 621, in run_bot
    run_daily_signal(trading_client, data_client, chrom, BOT_CONFIG)
    ~~~~~~~~~~~~~~~~^^^^^^^^^^^^^^^^^^^^^^^^^^^^^^^^^^^^^^^^^^^^^^^^
  File "C:\Users\nickt\alpaca-trading-bot\alpaca_bot.py", line 575, in run_daily_signal
    monitor_position(trading_client, data_client, TICKER,
    ~~~~~~~~~~~~~~~~^^^^^^^^^^^^^^^^^^^^^^^^^^^^^^^^^^^^^
                    position['entry_price'], config, position['side'])
                    ^^^^^^^^^^^^^^^^^^^^^^^^^^^^^^^^^^^^^^^^^^^^^^^^^^
  File "C:\Users\nickt\alpaca-trading-bot\alpaca_bot.py", line 419, in monitor_position
    f"stop={stop_price:.2f}  trailing={trailing_stop:.2f}  "
                                      ^^^^^^^^^^^^^^^^^^^
TypeError: unsupported format string passed to NoneType.__format__
2026-07-06 11:49:17,750  INFO      Retrying in 5 minutes...
2026-07-06 11:54:17,989  INFO      Market open — waiting 300s before first signal...
2026-07-06 11:59:17,989  INFO      =======================================================
2026-07-06 11:59:17,989  INFO      Daily signal run  [2026-07-06 11:59]
2026-07-06 11:59:17,989  INFO      =======================================================
2026-07-06 11:59:18,357  INFO      Fetched 70 bars for NVDA  (2026-03-25 → 2026-07-06)
2026-07-06 11:59:18,559  INFO      Signal: SELL/HOLD  |  Confidence: 0.328
2026-07-06 11:59:18,688  INFO      Portfolio value : $100,340.07
2026-07-06 11:59:18,688  INFO      Current price   : $195.77
2026-07-06 11:59:18,688  INFO      Open position   : {'qty': 75, 'side': 'short', 'entry_price': 196.69, 'market_value': -14681.25, 'unrealised_pl': 70.5}
2026-07-06 11:59:18,688  INFO      SELL signal — already short, monitoring existing position
2026-07-06 11:59:18,688  INFO      Monitoring NVDA  |  entry=196.69  stop=192.76  target=204.56
2026-07-06 12:00:18,945  ERROR     Unexpected error: unsupported format string passed to NoneType.__format__
Traceback (most recent call last):
  File "C:\Users\nickt\alpaca-trading-bot\alpaca_bot.py", line 621, in run_bot
    run_daily_signal(trading_client, data_client, chrom, BOT_CONFIG)
    ~~~~~~~~~~~~~~~~^^^^^^^^^^^^^^^^^^^^^^^^^^^^^^^^^^^^^^^^^^^^^^^^
  File "C:\Users\nickt\alpaca-trading-bot\alpaca_bot.py", line 575, in run_daily_signal
    monitor_position(trading_client, data_client, TICKER,
    ~~~~~~~~~~~~~~~~^^^^^^^^^^^^^^^^^^^^^^^^^^^^^^^^^^^^^
                    position['entry_price'], config, position['side'])
                    ^^^^^^^^^^^^^^^^^^^^^^^^^^^^^^^^^^^^^^^^^^^^^^^^^^
  File "C:\Users\nickt\alpaca-trading-bot\alpaca_bot.py", line 419, in monitor_position
    f"stop={stop_price:.2f}  trailing={trailing_stop:.2f}  "
                                      ^^^^^^^^^^^^^^^^^^^
TypeError: unsupported format string passed to NoneType.__format__
2026-07-06 12:00:18,945  INFO      Retrying in 5 minutes...
2026-07-06 12:05:19,130  INFO      Market open — waiting 300s before first signal...
2026-07-06 12:10:19,130  INFO      =======================================================
2026-07-06 12:10:19,131  INFO      Daily signal run  [2026-07-06 12:10]
2026-07-06 12:10:19,131  INFO      =======================================================
2026-07-06 12:10:19,519  INFO      Fetched 70 bars for NVDA  (2026-03-25 → 2026-07-06)
2026-07-06 12:10:19,713  INFO      Signal: SELL/HOLD  |  Confidence: 0.328
2026-07-06 12:10:19,846  INFO      Portfolio value : $100,356.03
2026-07-06 12:10:19,847  INFO      Current price   : $196.39
2026-07-06 12:10:19,847  INFO      Open position   : {'qty': 75, 'side': 'short', 'entry_price': 196.69, 'market_value': -14728.875, 'unrealised_pl': 22.875}
2026-07-06 12:10:19,847  INFO      SELL signal — already short, monitoring existing position
2026-07-06 12:10:19,847  INFO      Monitoring NVDA  |  entry=196.69  stop=192.76  target=204.56
2026-07-06 12:11:20,076  ERROR     Unexpected error: unsupported format string passed to NoneType.__format__
Traceback (most recent call last):
  File "C:\Users\nickt\alpaca-trading-bot\alpaca_bot.py", line 621, in run_bot
    run_daily_signal(trading_client, data_client, chrom, BOT_CONFIG)
    ~~~~~~~~~~~~~~~~^^^^^^^^^^^^^^^^^^^^^^^^^^^^^^^^^^^^^^^^^^^^^^^^
  File "C:\Users\nickt\alpaca-trading-bot\alpaca_bot.py", line 575, in run_daily_signal
    monitor_position(trading_client, data_client, TICKER,
    ~~~~~~~~~~~~~~~~^^^^^^^^^^^^^^^^^^^^^^^^^^^^^^^^^^^^^
                    position['entry_price'], config, position['side'])
                    ^^^^^^^^^^^^^^^^^^^^^^^^^^^^^^^^^^^^^^^^^^^^^^^^^^
  File "C:\Users\nickt\alpaca-trading-bot\alpaca_bot.py", line 419, in monitor_position
    f"stop={stop_price:.2f}  trailing={trailing_stop:.2f}  "
                                      ^^^^^^^^^^^^^^^^^^^
TypeError: unsupported format string passed to NoneType.__format__
2026-07-06 12:11:20,077  INFO      Retrying in 5 minutes...
2026-07-06 12:16:20,267  INFO      Market open — waiting 300s before first signal...
2026-07-06 12:21:20,268  INFO      =======================================================
2026-07-06 12:21:20,268  INFO      Daily signal run  [2026-07-06 12:21]
2026-07-06 12:21:20,268  INFO      =======================================================
2026-07-06 12:21:20,688  INFO      Fetched 70 bars for NVDA  (2026-03-25 → 2026-07-06)
2026-07-06 12:21:20,871  INFO      Signal: SELL/HOLD  |  Confidence: 0.328
2026-07-06 12:21:21,001  INFO      Portfolio value : $100,334.32
2026-07-06 12:21:21,001  INFO      Current price   : $196.46
2026-07-06 12:21:21,001  INFO      Open position   : {'qty': 75, 'side': 'short', 'entry_price': 196.69, 'market_value': -14735.715, 'unrealised_pl': 16.035}
2026-07-06 12:21:21,001  INFO      SELL signal — already short, monitoring existing position
2026-07-06 12:21:21,001  INFO      Monitoring NVDA  |  entry=196.69  stop=192.76  target=204.56
2026-07-06 12:22:21,251  ERROR     Unexpected error: unsupported format string passed to NoneType.__format__
Traceback (most recent call last):
  File "C:\Users\nickt\alpaca-trading-bot\alpaca_bot.py", line 621, in run_bot
    run_daily_signal(trading_client, data_client, chrom, BOT_CONFIG)
    ~~~~~~~~~~~~~~~~^^^^^^^^^^^^^^^^^^^^^^^^^^^^^^^^^^^^^^^^^^^^^^^^
  File "C:\Users\nickt\alpaca-trading-bot\alpaca_bot.py", line 575, in run_daily_signal
    monitor_position(trading_client, data_client, TICKER,
    ~~~~~~~~~~~~~~~~^^^^^^^^^^^^^^^^^^^^^^^^^^^^^^^^^^^^^
                    position['entry_price'], config, position['side'])
                    ^^^^^^^^^^^^^^^^^^^^^^^^^^^^^^^^^^^^^^^^^^^^^^^^^^
  File "C:\Users\nickt\alpaca-trading-bot\alpaca_bot.py", line 419, in monitor_position
    f"stop={stop_price:.2f}  trailing={trailing_stop:.2f}  "
                                      ^^^^^^^^^^^^^^^^^^^
TypeError: unsupported format string passed to NoneType.__format__
2026-07-06 12:22:21,251  INFO      Retrying in 5 minutes...
2026-07-06 12:27:21,456  INFO      Market open — waiting 300s before first signal...
2026-07-06 12:32:21,457  INFO      =======================================================
2026-07-06 12:32:21,458  INFO      Daily signal run  [2026-07-06 12:32]
2026-07-06 12:32:21,458  INFO      =======================================================
2026-07-06 12:32:22,108  INFO      Fetched 70 bars for NVDA  (2026-03-25 → 2026-07-06)
2026-07-06 12:32:22,414  INFO      Signal: SELL/HOLD  |  Confidence: 0.328
2026-07-06 12:32:22,537  INFO      Portfolio value : $100,202.88
2026-07-06 12:32:22,538  INFO      Current price   : $196.30
2026-07-06 12:32:22,538  INFO      Open position   : {'qty': 75, 'side': 'short', 'entry_price': 196.69, 'market_value': -14722.5, 'unrealised_pl': 29.25}
2026-07-06 12:32:22,538  INFO      SELL signal — already short, monitoring existing position
2026-07-06 12:32:22,538  INFO      Monitoring NVDA  |  entry=196.69  stop=192.76  target=204.56
2026-07-06 12:33:22,831  ERROR     Unexpected error: unsupported format string passed to NoneType.__format__
Traceback (most recent call last):
  File "C:\Users\nickt\alpaca-trading-bot\alpaca_bot.py", line 621, in run_bot
    run_daily_signal(trading_client, data_client, chrom, BOT_CONFIG)
    ~~~~~~~~~~~~~~~~^^^^^^^^^^^^^^^^^^^^^^^^^^^^^^^^^^^^^^^^^^^^^^^^
  File "C:\Users\nickt\alpaca-trading-bot\alpaca_bot.py", line 575, in run_daily_signal
    monitor_position(trading_client, data_client, TICKER,
    ~~~~~~~~~~~~~~~~^^^^^^^^^^^^^^^^^^^^^^^^^^^^^^^^^^^^^
                    position['entry_price'], config, position['side'])
                    ^^^^^^^^^^^^^^^^^^^^^^^^^^^^^^^^^^^^^^^^^^^^^^^^^^
  File "C:\Users\nickt\alpaca-trading-bot\alpaca_bot.py", line 419, in monitor_position
    f"stop={stop_price:.2f}  trailing={trailing_stop:.2f}  "
                                      ^^^^^^^^^^^^^^^^^^^
TypeError: unsupported format string passed to NoneType.__format__
2026-07-06 12:33:22,831  INFO      Retrying in 5 minutes...
2026-07-06 12:38:23,193  INFO      Market open — waiting 300s before first signal...
2026-07-06 12:43:23,193  INFO      =======================================================
2026-07-06 12:43:23,193  INFO      Daily signal run  [2026-07-06 12:43]
2026-07-06 12:43:23,194  INFO      =======================================================
2026-07-06 12:43:23,598  INFO      Fetched 70 bars for NVDA  (2026-03-25 → 2026-07-06)
2026-07-06 12:43:23,817  INFO      Signal: SELL/HOLD  |  Confidence: 0.328
2026-07-06 12:43:23,975  INFO      Portfolio value : $100,252.36
2026-07-06 12:43:23,976  INFO      Current price   : $196.21
2026-07-06 12:43:23,976  INFO      Open position   : {'qty': 75, 'side': 'short', 'entry_price': 196.69, 'market_value': -14715.375, 'unrealised_pl': 36.375}
2026-07-06 12:43:23,976  INFO      SELL signal — already short, monitoring existing position
2026-07-06 12:43:23,976  INFO      Monitoring NVDA  |  entry=196.69  stop=192.76  target=204.56
2026-07-06 12:44:24,342  ERROR     Unexpected error: unsupported format string passed to NoneType.__format__
Traceback (most recent call last):
  File "C:\Users\nickt\alpaca-trading-bot\alpaca_bot.py", line 621, in run_bot
    run_daily_signal(trading_client, data_client, chrom, BOT_CONFIG)
    ~~~~~~~~~~~~~~~~^^^^^^^^^^^^^^^^^^^^^^^^^^^^^^^^^^^^^^^^^^^^^^^^
  File "C:\Users\nickt\alpaca-trading-bot\alpaca_bot.py", line 575, in run_daily_signal
    monitor_position(trading_client, data_client, TICKER,
    ~~~~~~~~~~~~~~~~^^^^^^^^^^^^^^^^^^^^^^^^^^^^^^^^^^^^^
                    position['entry_price'], config, position['side'])
                    ^^^^^^^^^^^^^^^^^^^^^^^^^^^^^^^^^^^^^^^^^^^^^^^^^^
  File "C:\Users\nickt\alpaca-trading-bot\alpaca_bot.py", line 419, in monitor_position
    f"stop={stop_price:.2f}  trailing={trailing_stop:.2f}  "
                                      ^^^^^^^^^^^^^^^^^^^
TypeError: unsupported format string passed to NoneType.__format__
2026-07-06 12:44:24,343  INFO      Retrying in 5 minutes...
2026-07-06 12:49:24,546  INFO      Market open — waiting 300s before first signal...
2026-07-06 12:54:24,547  INFO      =======================================================
2026-07-06 12:54:24,547  INFO      Daily signal run  [2026-07-06 12:54]
2026-07-06 12:54:24,547  INFO      =======================================================
2026-07-06 12:54:24,967  INFO      Fetched 70 bars for NVDA  (2026-03-25 → 2026-07-06)
2026-07-06 12:54:25,150  INFO      Signal: SELL/HOLD  |  Confidence: 0.328
2026-07-06 12:54:25,271  INFO      Portfolio value : $100,200.74
2026-07-06 12:54:25,271  INFO      Current price   : $196.48
2026-07-06 12:54:25,272  INFO      Open position   : {'qty': 75, 'side': 'short', 'entry_price': 196.69, 'market_value': -14736.75, 'unrealised_pl': 15.0}
2026-07-06 12:54:25,272  INFO      SELL signal — already short, monitoring existing position
2026-07-06 12:54:25,272  INFO      Monitoring NVDA  |  entry=196.69  stop=192.76  target=204.56
2026-07-06 12:55:25,502  ERROR     Unexpected error: unsupported format string passed to NoneType.__format__
Traceback (most recent call last):
  File "C:\Users\nickt\alpaca-trading-bot\alpaca_bot.py", line 621, in run_bot
    run_daily_signal(trading_client, data_client, chrom, BOT_CONFIG)
    ~~~~~~~~~~~~~~~~^^^^^^^^^^^^^^^^^^^^^^^^^^^^^^^^^^^^^^^^^^^^^^^^
  File "C:\Users\nickt\alpaca-trading-bot\alpaca_bot.py", line 575, in run_daily_signal
    monitor_position(trading_client, data_client, TICKER,
    ~~~~~~~~~~~~~~~~^^^^^^^^^^^^^^^^^^^^^^^^^^^^^^^^^^^^^
                    position['entry_price'], config, position['side'])
                    ^^^^^^^^^^^^^^^^^^^^^^^^^^^^^^^^^^^^^^^^^^^^^^^^^^
  File "C:\Users\nickt\alpaca-trading-bot\alpaca_bot.py", line 419, in monitor_position
    f"stop={stop_price:.2f}  trailing={trailing_stop:.2f}  "
                                      ^^^^^^^^^^^^^^^^^^^
TypeError: unsupported format string passed to NoneType.__format__
2026-07-06 12:55:25,503  INFO      Retrying in 5 minutes...
2026-07-06 13:00:25,698  INFO      Market open — waiting 300s before first signal...
2026-07-06 13:05:25,699  INFO      =======================================================
2026-07-06 13:05:25,700  INFO      Daily signal run  [2026-07-06 13:05]
2026-07-06 13:05:25,700  INFO      =======================================================
2026-07-06 13:05:26,072  INFO      Fetched 70 bars for NVDA  (2026-03-25 → 2026-07-06)
2026-07-06 13:05:26,409  INFO      Signal: SELL/HOLD  |  Confidence: 0.328
2026-07-06 13:05:26,549  INFO      Portfolio value : $100,236.74
2026-07-06 13:05:26,549  INFO      Current price   : $196.63
2026-07-06 13:05:26,549  INFO      Open position   : {'qty': 75, 'side': 'short', 'entry_price': 196.69, 'market_value': -14747.25, 'unrealised_pl': 4.5}
2026-07-06 13:05:26,549  INFO      SELL signal — already short, monitoring existing position
2026-07-06 13:05:26,550  INFO      Monitoring NVDA  |  entry=196.69  stop=192.76  target=204.56
2026-07-06 13:06:27,028  ERROR     Unexpected error: unsupported format string passed to NoneType.__format__
Traceback (most recent call last):
  File "C:\Users\nickt\alpaca-trading-bot\alpaca_bot.py", line 621, in run_bot
    run_daily_signal(trading_client, data_client, chrom, BOT_CONFIG)
    ~~~~~~~~~~~~~~~~^^^^^^^^^^^^^^^^^^^^^^^^^^^^^^^^^^^^^^^^^^^^^^^^
  File "C:\Users\nickt\alpaca-trading-bot\alpaca_bot.py", line 575, in run_daily_signal
    monitor_position(trading_client, data_client, TICKER,
    ~~~~~~~~~~~~~~~~^^^^^^^^^^^^^^^^^^^^^^^^^^^^^^^^^^^^^
                    position['entry_price'], config, position['side'])
                    ^^^^^^^^^^^^^^^^^^^^^^^^^^^^^^^^^^^^^^^^^^^^^^^^^^
  File "C:\Users\nickt\alpaca-trading-bot\alpaca_bot.py", line 419, in monitor_position
    f"stop={stop_price:.2f}  trailing={trailing_stop:.2f}  "
                                      ^^^^^^^^^^^^^^^^^^^
TypeError: unsupported format string passed to NoneType.__format__
2026-07-06 13:06:27,029  INFO      Retrying in 5 minutes...
2026-07-06 13:11:27,230  INFO      Market open — waiting 300s before first signal...
2026-07-06 13:16:27,231  INFO      =======================================================
2026-07-06 13:16:27,231  INFO      Daily signal run  [2026-07-06 13:16]
2026-07-06 13:16:27,231  INFO      =======================================================
2026-07-06 13:16:27,612  INFO      Fetched 70 bars for NVDA  (2026-03-25 → 2026-07-06)
2026-07-06 13:16:27,809  INFO      Signal: SELL/HOLD  |  Confidence: 0.328
2026-07-06 13:16:27,947  INFO      Portfolio value : $100,198.91
2026-07-06 13:16:27,947  INFO      Current price   : $197.05
2026-07-06 13:16:27,947  INFO      Open position   : {'qty': 75, 'side': 'short', 'entry_price': 196.69, 'market_value': -14778.435, 'unrealised_pl': -26.685}
2026-07-06 13:16:27,948  INFO      SELL signal — already short, monitoring existing position
2026-07-06 13:16:27,948  INFO      Monitoring NVDA  |  entry=196.69  stop=192.76  target=204.56
2026-07-06 13:17:28,197  ERROR     Unexpected error: unsupported format string passed to NoneType.__format__
Traceback (most recent call last):
  File "C:\Users\nickt\alpaca-trading-bot\alpaca_bot.py", line 621, in run_bot
    run_daily_signal(trading_client, data_client, chrom, BOT_CONFIG)
    ~~~~~~~~~~~~~~~~^^^^^^^^^^^^^^^^^^^^^^^^^^^^^^^^^^^^^^^^^^^^^^^^
  File "C:\Users\nickt\alpaca-trading-bot\alpaca_bot.py", line 575, in run_daily_signal
    monitor_position(trading_client, data_client, TICKER,
    ~~~~~~~~~~~~~~~~^^^^^^^^^^^^^^^^^^^^^^^^^^^^^^^^^^^^^
                    position['entry_price'], config, position['side'])
                    ^^^^^^^^^^^^^^^^^^^^^^^^^^^^^^^^^^^^^^^^^^^^^^^^^^
  File "C:\Users\nickt\alpaca-trading-bot\alpaca_bot.py", line 419, in monitor_position
    f"stop={stop_price:.2f}  trailing={trailing_stop:.2f}  "
                                      ^^^^^^^^^^^^^^^^^^^
TypeError: unsupported format string passed to NoneType.__format__
2026-07-06 13:17:28,198  INFO      Retrying in 5 minutes...
2026-07-06 13:22:28,404  INFO      Market open — waiting 300s before first signal...
2026-07-06 13:27:28,405  INFO      =======================================================
2026-07-06 13:27:28,405  INFO      Daily signal run  [2026-07-06 13:27]
2026-07-06 13:27:28,405  INFO      =======================================================
2026-07-06 13:27:28,884  INFO      Fetched 70 bars for NVDA  (2026-03-25 → 2026-07-06)
2026-07-06 13:27:29,077  INFO      Signal: SELL/HOLD  |  Confidence: 0.328
2026-07-06 13:27:29,201  INFO      Portfolio value : $100,218.65
2026-07-06 13:27:29,201  INFO      Current price   : $196.92
2026-07-06 13:27:29,201  INFO      Open position   : {'qty': 75, 'side': 'short', 'entry_price': 196.69, 'market_value': -14769.0, 'unrealised_pl': -17.25}
2026-07-06 13:27:29,201  INFO      SELL signal — already short, monitoring existing position
2026-07-06 13:27:29,201  INFO      Monitoring NVDA  |  entry=196.69  stop=192.76  target=204.56
2026-07-06 13:28:29,474  ERROR     Unexpected error: unsupported format string passed to NoneType.__format__
Traceback (most recent call last):
  File "C:\Users\nickt\alpaca-trading-bot\alpaca_bot.py", line 621, in run_bot
    run_daily_signal(trading_client, data_client, chrom, BOT_CONFIG)
    ~~~~~~~~~~~~~~~~^^^^^^^^^^^^^^^^^^^^^^^^^^^^^^^^^^^^^^^^^^^^^^^^
  File "C:\Users\nickt\alpaca-trading-bot\alpaca_bot.py", line 575, in run_daily_signal
    monitor_position(trading_client, data_client, TICKER,
    ~~~~~~~~~~~~~~~~^^^^^^^^^^^^^^^^^^^^^^^^^^^^^^^^^^^^^
                    position['entry_price'], config, position['side'])
                    ^^^^^^^^^^^^^^^^^^^^^^^^^^^^^^^^^^^^^^^^^^^^^^^^^^
  File "C:\Users\nickt\alpaca-trading-bot\alpaca_bot.py", line 419, in monitor_position
    f"stop={stop_price:.2f}  trailing={trailing_stop:.2f}  "
                                      ^^^^^^^^^^^^^^^^^^^
TypeError: unsupported format string passed to NoneType.__format__
2026-07-06 13:28:29,476  INFO      Retrying in 5 minutes...
2026-07-06 13:33:29,663  INFO      Market open — waiting 300s before first signal...
2026-07-06 13:38:29,664  INFO      =======================================================
2026-07-06 13:38:29,665  INFO      Daily signal run  [2026-07-06 13:38]
2026-07-06 13:38:29,665  INFO      =======================================================
2026-07-06 13:38:30,080  INFO      Fetched 70 bars for NVDA  (2026-03-25 → 2026-07-06)
2026-07-06 13:38:30,290  INFO      Signal: SELL/HOLD  |  Confidence: 0.328
2026-07-06 13:38:30,422  INFO      Portfolio value : $100,227.45
2026-07-06 13:38:30,422  INFO      Current price   : $196.68
2026-07-06 13:38:30,423  INFO      Open position   : {'qty': 75, 'side': 'short', 'entry_price': 196.69, 'market_value': -14751.375, 'unrealised_pl': 0.375}
2026-07-06 13:38:30,423  INFO      SELL signal — already short, monitoring existing position
2026-07-06 13:38:30,423  INFO      Monitoring NVDA  |  entry=196.69  stop=192.76  target=204.56
2026-07-06 13:39:30,663  ERROR     Unexpected error: unsupported format string passed to NoneType.__format__
Traceback (most recent call last):
  File "C:\Users\nickt\alpaca-trading-bot\alpaca_bot.py", line 621, in run_bot
    run_daily_signal(trading_client, data_client, chrom, BOT_CONFIG)
    ~~~~~~~~~~~~~~~~^^^^^^^^^^^^^^^^^^^^^^^^^^^^^^^^^^^^^^^^^^^^^^^^
  File "C:\Users\nickt\alpaca-trading-bot\alpaca_bot.py", line 575, in run_daily_signal
    monitor_position(trading_client, data_client, TICKER,
    ~~~~~~~~~~~~~~~~^^^^^^^^^^^^^^^^^^^^^^^^^^^^^^^^^^^^^
                    position['entry_price'], config, position['side'])
                    ^^^^^^^^^^^^^^^^^^^^^^^^^^^^^^^^^^^^^^^^^^^^^^^^^^
  File "C:\Users\nickt\alpaca-trading-bot\alpaca_bot.py", line 419, in monitor_position
    f"stop={stop_price:.2f}  trailing={trailing_stop:.2f}  "
                                      ^^^^^^^^^^^^^^^^^^^
TypeError: unsupported format string passed to NoneType.__format__
2026-07-06 13:39:30,664  INFO      Retrying in 5 minutes...
2026-07-06 13:44:30,848  INFO      Market open — waiting 300s before first signal...
2026-07-06 13:49:30,849  INFO      =======================================================
2026-07-06 13:49:30,850  INFO      Daily signal run  [2026-07-06 13:49]
2026-07-06 13:49:30,850  INFO      =======================================================
2026-07-06 13:49:31,227  INFO      Fetched 70 bars for NVDA  (2026-03-25 → 2026-07-06)
2026-07-06 13:49:31,439  INFO      Signal: SELL/HOLD  |  Confidence: 0.328
2026-07-06 13:49:31,566  INFO      Portfolio value : $100,249.14
2026-07-06 13:49:31,566  INFO      Current price   : $196.94
2026-07-06 13:49:31,566  INFO      Open position   : {'qty': 75, 'side': 'short', 'entry_price': 196.69, 'market_value': -14770.5, 'unrealised_pl': -18.75}
2026-07-06 13:49:31,566  INFO      SELL signal — already short, monitoring existing position
2026-07-06 13:49:31,566  INFO      Monitoring NVDA  |  entry=196.69  stop=192.76  target=204.56
2026-07-06 13:50:31,810  ERROR     Unexpected error: unsupported format string passed to NoneType.__format__
Traceback (most recent call last):
  File "C:\Users\nickt\alpaca-trading-bot\alpaca_bot.py", line 621, in run_bot
    run_daily_signal(trading_client, data_client, chrom, BOT_CONFIG)
    ~~~~~~~~~~~~~~~~^^^^^^^^^^^^^^^^^^^^^^^^^^^^^^^^^^^^^^^^^^^^^^^^
  File "C:\Users\nickt\alpaca-trading-bot\alpaca_bot.py", line 575, in run_daily_signal
    monitor_position(trading_client, data_client, TICKER,
    ~~~~~~~~~~~~~~~~^^^^^^^^^^^^^^^^^^^^^^^^^^^^^^^^^^^^^
                    position['entry_price'], config, position['side'])
                    ^^^^^^^^^^^^^^^^^^^^^^^^^^^^^^^^^^^^^^^^^^^^^^^^^^
  File "C:\Users\nickt\alpaca-trading-bot\alpaca_bot.py", line 419, in monitor_position
    f"stop={stop_price:.2f}  trailing={trailing_stop:.2f}  "
                                      ^^^^^^^^^^^^^^^^^^^
TypeError: unsupported format string passed to NoneType.__format__
2026-07-06 13:50:31,810  INFO      Retrying in 5 minutes...
2026-07-06 13:55:32,004  INFO      Market open — waiting 300s before first signal...
2026-07-06 14:00:32,005  INFO      =======================================================
2026-07-06 14:00:32,005  INFO      Daily signal run  [2026-07-06 14:00]
2026-07-06 14:00:32,006  INFO      =======================================================
2026-07-06 14:00:32,453  INFO      Fetched 70 bars for NVDA  (2026-03-25 → 2026-07-06)
2026-07-06 14:00:32,698  INFO      Signal: SELL/HOLD  |  Confidence: 0.328
2026-07-06 14:00:32,833  INFO      Portfolio value : $100,297.37
2026-07-06 14:00:32,834  INFO      Current price   : $195.55
2026-07-06 14:00:32,834  INFO      Open position   : {'qty': 75, 'side': 'short', 'entry_price': 196.69, 'market_value': -14663.25, 'unrealised_pl': 88.5}
2026-07-06 14:00:32,834  INFO      SELL signal — already short, monitoring existing position
2026-07-06 14:00:32,834  INFO      Monitoring NVDA  |  entry=196.69  stop=192.76  target=204.56
2026-07-06 14:01:33,076  ERROR     Unexpected error: unsupported format string passed to NoneType.__format__
Traceback (most recent call last):
  File "C:\Users\nickt\alpaca-trading-bot\alpaca_bot.py", line 621, in run_bot
    run_daily_signal(trading_client, data_client, chrom, BOT_CONFIG)
    ~~~~~~~~~~~~~~~~^^^^^^^^^^^^^^^^^^^^^^^^^^^^^^^^^^^^^^^^^^^^^^^^
  File "C:\Users\nickt\alpaca-trading-bot\alpaca_bot.py", line 575, in run_daily_signal
    monitor_position(trading_client, data_client, TICKER,
    ~~~~~~~~~~~~~~~~^^^^^^^^^^^^^^^^^^^^^^^^^^^^^^^^^^^^^
                    position['entry_price'], config, position['side'])
                    ^^^^^^^^^^^^^^^^^^^^^^^^^^^^^^^^^^^^^^^^^^^^^^^^^^
  File "C:\Users\nickt\alpaca-trading-bot\alpaca_bot.py", line 419, in monitor_position
    f"stop={stop_price:.2f}  trailing={trailing_stop:.2f}  "
                                      ^^^^^^^^^^^^^^^^^^^
TypeError: unsupported format string passed to NoneType.__format__
2026-07-06 14:01:33,078  INFO      Retrying in 5 minutes...
2026-07-06 14:06:33,269  INFO      Market closed. Next open in 60 min. Sleeping...
2026-07-06 15:06:33,478  INFO      Market closed. Next open in 60 min. Sleeping...
2026-07-06 16:06:33,667  INFO      Market closed. Next open in 60 min. Sleeping...
2026-07-06 17:06:33,856  INFO      Market closed. Next open in 60 min. Sleeping...
2026-07-06 18:06:34,050  INFO      Market closed. Next open in 60 min. Sleeping...
2026-07-06 19:06:34,250  INFO      Market closed. Next open in 60 min. Sleeping...
2026-07-06 20:06:34,437  INFO      Market closed. Next open in 60 min. Sleeping...
2026-07-06 21:06:34,628  INFO      Market closed. Next open in 60 min. Sleeping...
2026-07-06 22:06:34,920  INFO      Market closed. Next open in 60 min. Sleeping...
2026-07-06 23:06:35,138  INFO      Market closed. Next open in 60 min. Sleeping...
